[ 2017-08-25T11:44:19+08:00 ] 127.0.0.1 /ybplant/ybplant/center.php/index/center
INFO: [ app_init ] --START--
INFO: Run Behavior\BuildLiteBehavior [ RunTime:0.000020s ]
INFO: [ app_init ] --END-- [ RunTime:0.000452s ]
INFO: [ app_begin ] --START--
INFO: Run Behavior\ReadHtmlCacheBehavior [ RunTime:0.000427s ]
INFO: [ app_begin ] --END-- [ RunTime:0.000516s ]
NOTIC: [8] Use of undefined constant isuser - assumed 'isuser' E:\webprog\environment\1\thinkphp\wamp\www\ybplant\ybplant\Application\center\Controller\IndexController.class.php 第 77 行.
NOTIC: [8] Use of undefined constant user - assumed 'user' E:\webprog\environment\1\thinkphp\wamp\www\ybplant\ybplant\Application\center\Controller\IndexController.class.php 第 7 行.
NOTIC: [8] Use of undefined constant username - assumed 'username' E:\webprog\environment\1\thinkphp\wamp\www\ybplant\ybplant\Application\center\Controller\IndexController.class.php 第 7 行.
SQL: SHOW COLUMNS FROM `chip_set` [ RunTime:0.0036s ]
SQL: SELECT * FROM `chip_set` WHERE ( username = "yibu"  )  [ RunTime:0.0005s ]
INFO: [ view_parse ] --START--
INFO: [ template_filter ] --START--
INFO: Run Behavior\ContentReplaceBehavior [ RunTime:0.000132s ]
INFO: [ template_filter ] --END-- [ RunTime:0.000233s ]
NOTIC: [8] Use of undefined constant isuser - assumed 'isuser' E:\webprog\environment\1\thinkphp\wamp\www\ybplant\ybplant\Application\Runtime\Cache\center\9d213bf067cd19d8521997830e951f64.php 第 57 行.
NOTIC: [8] Use of undefined constant isuser - assumed 'isuser' E:\webprog\environment\1\thinkphp\wamp\www\ybplant\ybplant\Application\Runtime\Cache\center\9d213bf067cd19d8521997830e951f64.php 第 59 行.
NOTIC: [8] Use of undefined constant user - assumed 'user' E:\webprog\environment\1\thinkphp\wamp\www\ybplant\ybplant\Application\Runtime\Cache\center\9d213bf067cd19d8521997830e951f64.php 第 59 行.
NOTIC: [8] Use of undefined constant username - assumed 'username' E:\webprog\environment\1\thinkphp\wamp\www\ybplant\ybplant\Application\Runtime\Cache\center\9d213bf067cd19d8521997830e951f64.php 第 59 行.
INFO: Run Behavior\ParseTemplateBehavior [ RunTime:0.012660s ]
INFO: [ view_parse ] --END-- [ RunTime:0.012745s ]
INFO: [ view_filter ] --START--
INFO: Run Behavior\WriteHtmlCacheBehavior [ RunTime:0.000291s ]
INFO: [ view_filter ] --END-- [ RunTime:0.000368s ]
INFO: [ app_end ] --START--
INFO: Run Behavior\ShowPageTraceBehavior [ RunTime:0.000470s ]
INFO: [ app_end ] --END-- [ RunTime:0.000616s ]

[ 2017-08-25T11:44:20+08:00 ] 127.0.0.1 /ybplant/ybplant/center.php/Data/return_data.html?chip_id=123
INFO: [ app_init ] --START--
INFO: Run Behavior\BuildLiteBehavior [ RunTime:0.000024s ]
INFO: [ app_init ] --END-- [ RunTime:0.000639s ]
INFO: [ app_begin ] --START--
INFO: Run Behavior\ReadHtmlCacheBehavior [ RunTime:0.000986s ]
INFO: [ app_begin ] --END-- [ RunTime:0.001135s ]
NOTIC: [8] Use of undefined constant chip_id - assumed 'chip_id' E:\webprog\environment\1\thinkphp\wamp\www\ybplant\ybplant\Application\center\Controller\DataController.class.php 第 6 行.
NOTIC: [8] Use of undefined constant start_time - assumed 'start_time' E:\webprog\environment\1\thinkphp\wamp\www\ybplant\ybplant\Application\center\Controller\DataController.class.php 第 7 行.
NOTIC: [8] Undefined index: start_time E:\webprog\environment\1\thinkphp\wamp\www\ybplant\ybplant\Application\center\Controller\DataController.class.php 第 7 行.
SQL: SHOW COLUMNS FROM `chip_data` [ RunTime:0.0043s ]
SQL: SELECT * FROM `chip_data` WHERE ( chip_id = "123" and unix_timestamp(time)>1503027860 and unix_timestamp(time)<1503632660  )  [ RunTime:0.0011s ]
INFO: [ app_end ] --START--
INFO: Run Behavior\ShowPageTraceBehavior [ RunTime:0.000643s ]
INFO: [ app_end ] --END-- [ RunTime:0.000740s ]

[ 2017-08-25T11:44:59+08:00 ] 127.0.0.1 /ybplant/ybplant/center.php/index/bindChip.html
INFO: [ app_init ] --START--
INFO: Run Behavior\BuildLiteBehavior [ RunTime:0.000024s ]
INFO: [ app_init ] --END-- [ RunTime:0.000428s ]
INFO: [ app_begin ] --START--
INFO: Run Behavior\ReadHtmlCacheBehavior [ RunTime:0.000530s ]
INFO: [ app_begin ] --END-- [ RunTime:0.000647s ]
NOTIC: [8] Use of undefined constant isuser - assumed 'isuser' E:\webprog\environment\1\thinkphp\wamp\www\ybplant\ybplant\Application\center\Controller\IndexController.class.php 第 77 行.
NOTIC: [8] Use of undefined constant user - assumed 'user' E:\webprog\environment\1\thinkphp\wamp\www\ybplant\ybplant\Application\center\Controller\IndexController.class.php 第 51 行.
NOTIC: [8] Use of undefined constant username - assumed 'username' E:\webprog\environment\1\thinkphp\wamp\www\ybplant\ybplant\Application\center\Controller\IndexController.class.php 第 51 行.
SQL: SHOW COLUMNS FROM `chip_set` [ RunTime:0.0035s ]
SQL: SELECT * FROM `chip_set` WHERE ( username = "yibu"  )  [ RunTime:0.0006s ]
INFO: [ view_parse ] --START--
INFO: [ template_filter ] --START--
INFO: Run Behavior\ContentReplaceBehavior [ RunTime:0.000069s ]
INFO: [ template_filter ] --END-- [ RunTime:0.000165s ]
NOTIC: [8] Use of undefined constant isuser - assumed 'isuser' E:\webprog\environment\1\thinkphp\wamp\www\ybplant\ybplant\Application\Runtime\Cache\center\665b0d6e38964483d91d0b4b33ee6bc8.php 第 57 行.
NOTIC: [8] Use of undefined constant isuser - assumed 'isuser' E:\webprog\environment\1\thinkphp\wamp\www\ybplant\ybplant\Application\Runtime\Cache\center\665b0d6e38964483d91d0b4b33ee6bc8.php 第 59 行.
NOTIC: [8] Use of undefined constant user - assumed 'user' E:\webprog\environment\1\thinkphp\wamp\www\ybplant\ybplant\Application\Runtime\Cache\center\665b0d6e38964483d91d0b4b33ee6bc8.php 第 59 行.
NOTIC: [8] Use of undefined constant username - assumed 'username' E:\webprog\environment\1\thinkphp\wamp\www\ybplant\ybplant\Application\Runtime\Cache\center\665b0d6e38964483d91d0b4b33ee6bc8.php 第 59 行.
INFO: Run Behavior\ParseTemplateBehavior [ RunTime:0.012890s ]
INFO: [ view_parse ] --END-- [ RunTime:0.012988s ]
INFO: [ view_filter ] --START--
INFO: Run Behavior\WriteHtmlCacheBehavior [ RunTime:0.000214s ]
INFO: [ view_filter ] --END-- [ RunTime:0.000287s ]
INFO: [ app_end ] --START--
INFO: Run Behavior\ShowPageTraceBehavior [ RunTime:0.000440s ]
INFO: [ app_end ] --END-- [ RunTime:0.000531s ]

[ 2017-08-25T11:50:57+08:00 ] 127.0.0.1 /ybplant/ybplant/center.php/index/allData.html
INFO: [ app_init ] --START--
INFO: Run Behavior\BuildLiteBehavior [ RunTime:0.000019s ]
INFO: [ app_init ] --END-- [ RunTime:0.000405s ]
INFO: [ app_begin ] --START--
INFO: Run Behavior\ReadHtmlCacheBehavior [ RunTime:0.000712s ]
INFO: [ app_begin ] --END-- [ RunTime:0.000836s ]
NOTIC: [8] Use of undefined constant isuser - assumed 'isuser' E:\webprog\environment\1\thinkphp\wamp\www\ybplant\ybplant\Application\center\Controller\IndexController.class.php 第 77 行.
NOTIC: [8] Use of undefined constant user - assumed 'user' E:\webprog\environment\1\thinkphp\wamp\www\ybplant\ybplant\Application\center\Controller\IndexController.class.php 第 65 行.
NOTIC: [8] Use of undefined constant username - assumed 'username' E:\webprog\environment\1\thinkphp\wamp\www\ybplant\ybplant\Application\center\Controller\IndexController.class.php 第 65 行.
SQL: SHOW COLUMNS FROM `chip_set` [ RunTime:0.0035s ]
SQL: SELECT * FROM `chip_set` WHERE ( username = "yibu"  )  [ RunTime:0.0005s ]
INFO: [ view_parse ] --START--
INFO: [ template_filter ] --START--
INFO: Run Behavior\ContentReplaceBehavior [ RunTime:0.000098s ]
INFO: [ template_filter ] --END-- [ RunTime:0.000194s ]
NOTIC: [8] Use of undefined constant isuser - assumed 'isuser' E:\webprog\environment\1\thinkphp\wamp\www\ybplant\ybplant\Application\Runtime\Cache\center\01219490d900f8beb22a73a3db4c0b9e.php 第 57 行.
NOTIC: [8] Use of undefined constant isuser - assumed 'isuser' E:\webprog\environment\1\thinkphp\wamp\www\ybplant\ybplant\Application\Runtime\Cache\center\01219490d900f8beb22a73a3db4c0b9e.php 第 59 行.
NOTIC: [8] Use of undefined constant user - assumed 'user' E:\webprog\environment\1\thinkphp\wamp\www\ybplant\ybplant\Application\Runtime\Cache\center\01219490d900f8beb22a73a3db4c0b9e.php 第 59 行.
NOTIC: [8] Use of undefined constant username - assumed 'username' E:\webprog\environment\1\thinkphp\wamp\www\ybplant\ybplant\Application\Runtime\Cache\center\01219490d900f8beb22a73a3db4c0b9e.php 第 59 行.
INFO: Run Behavior\ParseTemplateBehavior [ RunTime:0.013835s ]
INFO: [ view_parse ] --END-- [ RunTime:0.013924s ]
INFO: [ view_filter ] --START--
INFO: Run Behavior\WriteHtmlCacheBehavior [ RunTime:0.000361s ]
INFO: [ view_filter ] --END-- [ RunTime:0.000438s ]
INFO: [ app_end ] --START--
INFO: Run Behavior\ShowPageTraceBehavior [ RunTime:0.000564s ]
INFO: [ app_end ] --END-- [ RunTime:0.000664s ]

[ 2017-08-25T11:50:58+08:00 ] 127.0.0.1 /ybplant/ybplant/center.php/Data/return_last_time.html?chip_id=123
INFO: [ app_init ] --START--
INFO: Run Behavior\BuildLiteBehavior [ RunTime:0.000032s ]
INFO: [ app_init ] --END-- [ RunTime:0.000401s ]
INFO: [ app_begin ] --START--
INFO: Run Behavior\ReadHtmlCacheBehavior [ RunTime:0.000612s ]
INFO: [ app_begin ] --END-- [ RunTime:0.000734s ]
NOTIC: [8] Use of undefined constant chip_id - assumed 'chip_id' E:\webprog\environment\1\thinkphp\wamp\www\ybplant\ybplant\Application\center\Controller\DataController.class.php 第 36 行.
SQL: SHOW COLUMNS FROM `chip_set` [ RunTime:0.0047s ]
SQL: SELECT * FROM `chip_set` WHERE ( chip_id = "123"  )  [ RunTime:0.0005s ]
INFO: [ app_end ] --START--
INFO: Run Behavior\ShowPageTraceBehavior [ RunTime:0.000589s ]
INFO: [ app_end ] --END-- [ RunTime:0.000671s ]

[ 2017-08-25T11:50:58+08:00 ] 127.0.0.1 /ybplant/ybplant/center.php/Data/return_data.html?chip_id=123
INFO: [ app_init ] --START--
INFO: Run Behavior\BuildLiteBehavior [ RunTime:0.000037s ]
INFO: [ app_init ] --END-- [ RunTime:0.000511s ]
INFO: [ app_begin ] --START--
INFO: Run Behavior\ReadHtmlCacheBehavior [ RunTime:0.000668s ]
INFO: [ app_begin ] --END-- [ RunTime:0.000793s ]
NOTIC: [8] Use of undefined constant chip_id - assumed 'chip_id' E:\webprog\environment\1\thinkphp\wamp\www\ybplant\ybplant\Application\center\Controller\DataController.class.php 第 6 行.
NOTIC: [8] Use of undefined constant start_time - assumed 'start_time' E:\webprog\environment\1\thinkphp\wamp\www\ybplant\ybplant\Application\center\Controller\DataController.class.php 第 7 行.
NOTIC: [8] Undefined index: start_time E:\webprog\environment\1\thinkphp\wamp\www\ybplant\ybplant\Application\center\Controller\DataController.class.php 第 7 行.
SQL: SHOW COLUMNS FROM `chip_data` [ RunTime:0.0038s ]
SQL: SELECT * FROM `chip_data` WHERE ( chip_id = "123" and unix_timestamp(time)>1503028258 and unix_timestamp(time)<1503633058  )  [ RunTime:0.0014s ]
INFO: [ app_end ] --START--
INFO: Run Behavior\ShowPageTraceBehavior [ RunTime:0.002463s ]
INFO: [ app_end ] --END-- [ RunTime:0.002691s ]

[ 2017-08-25T11:51:00+08:00 ] 127.0.0.1 /ybplant/ybplant/center.php/Data/return_last_time.html?chip_id=test
INFO: [ app_init ] --START--
INFO: Run Behavior\BuildLiteBehavior [ RunTime:0.000037s ]
INFO: [ app_init ] --END-- [ RunTime:0.000691s ]
INFO: [ app_begin ] --START--
INFO: Run Behavior\ReadHtmlCacheBehavior [ RunTime:0.000498s ]
INFO: [ app_begin ] --END-- [ RunTime:0.000606s ]
NOTIC: [8] Use of undefined constant chip_id - assumed 'chip_id' E:\webprog\environment\1\thinkphp\wamp\www\ybplant\ybplant\Application\center\Controller\DataController.class.php 第 36 行.
SQL: SHOW COLUMNS FROM `chip_set` [ RunTime:0.0059s ]
SQL: SELECT * FROM `chip_set` WHERE ( chip_id = "test"  )  [ RunTime:0.0005s ]
INFO: [ app_end ] --START--
INFO: Run Behavior\ShowPageTraceBehavior [ RunTime:0.001100s ]
INFO: [ app_end ] --END-- [ RunTime:0.001178s ]

[ 2017-08-25T11:51:01+08:00 ] 127.0.0.1 /ybplant/ybplant/center.php/Data/return_data.html?chip_id=test
INFO: [ app_init ] --START--
INFO: Run Behavior\BuildLiteBehavior [ RunTime:0.000024s ]
INFO: [ app_init ] --END-- [ RunTime:0.000425s ]
INFO: [ app_begin ] --START--
INFO: Run Behavior\ReadHtmlCacheBehavior [ RunTime:0.000476s ]
INFO: [ app_begin ] --END-- [ RunTime:0.000598s ]
NOTIC: [8] Use of undefined constant chip_id - assumed 'chip_id' E:\webprog\environment\1\thinkphp\wamp\www\ybplant\ybplant\Application\center\Controller\DataController.class.php 第 6 行.
NOTIC: [8] Use of undefined constant start_time - assumed 'start_time' E:\webprog\environment\1\thinkphp\wamp\www\ybplant\ybplant\Application\center\Controller\DataController.class.php 第 7 行.
NOTIC: [8] Undefined index: start_time E:\webprog\environment\1\thinkphp\wamp\www\ybplant\ybplant\Application\center\Controller\DataController.class.php 第 7 行.
SQL: SHOW COLUMNS FROM `chip_data` [ RunTime:0.0052s ]
SQL: SELECT * FROM `chip_data` WHERE ( chip_id = "test" and unix_timestamp(time)>1503028260 and unix_timestamp(time)<1503633060  )  [ RunTime:0.0010s ]
INFO: [ app_end ] --START--
INFO: Run Behavior\ShowPageTraceBehavior [ RunTime:0.000614s ]
INFO: [ app_end ] --END-- [ RunTime:0.000979s ]

[ 2017-08-25T11:57:19+08:00 ] 127.0.0.1 /ybplant/ybplant/center.php/index/autoWater.html
INFO: [ app_init ] --START--
INFO: Run Behavior\BuildLiteBehavior [ RunTime:0.000019s ]
INFO: [ app_init ] --END-- [ RunTime:0.000419s ]
INFO: [ app_begin ] --START--
INFO: Run Behavior\ReadHtmlCacheBehavior [ RunTime:0.000964s ]
INFO: [ app_begin ] --END-- [ RunTime:0.001064s ]
NOTIC: [8] Use of undefined constant isuser - assumed 'isuser' E:\webprog\environment\1\thinkphp\wamp\www\ybplant\ybplant\Application\center\Controller\IndexController.class.php 第 77 行.
NOTIC: [8] Use of undefined constant user - assumed 'user' E:\webprog\environment\1\thinkphp\wamp\www\ybplant\ybplant\Application\center\Controller\IndexController.class.php 第 44 行.
NOTIC: [8] Use of undefined constant username - assumed 'username' E:\webprog\environment\1\thinkphp\wamp\www\ybplant\ybplant\Application\center\Controller\IndexController.class.php 第 44 行.
SQL: SHOW COLUMNS FROM `chip_set` [ RunTime:0.0031s ]
SQL: SELECT * FROM `chip_set` WHERE ( username = "yibu"  )  [ RunTime:0.0004s ]
INFO: [ view_parse ] --START--
INFO: [ template_filter ] --START--
INFO: Run Behavior\ContentReplaceBehavior [ RunTime:0.000087s ]
INFO: [ template_filter ] --END-- [ RunTime:0.000179s ]
NOTIC: [8] Use of undefined constant isuser - assumed 'isuser' E:\webprog\environment\1\thinkphp\wamp\www\ybplant\ybplant\Application\Runtime\Cache\center\8ce1a0c4f165da22c003458bdf1eeaf3.php 第 57 行.
NOTIC: [8] Use of undefined constant isuser - assumed 'isuser' E:\webprog\environment\1\thinkphp\wamp\www\ybplant\ybplant\Application\Runtime\Cache\center\8ce1a0c4f165da22c003458bdf1eeaf3.php 第 59 行.
NOTIC: [8] Use of undefined constant user - assumed 'user' E:\webprog\environment\1\thinkphp\wamp\www\ybplant\ybplant\Application\Runtime\Cache\center\8ce1a0c4f165da22c003458bdf1eeaf3.php 第 59 行.
NOTIC: [8] Use of undefined constant username - assumed 'username' E:\webprog\environment\1\thinkphp\wamp\www\ybplant\ybplant\Application\Runtime\Cache\center\8ce1a0c4f165da22c003458bdf1eeaf3.php 第 59 行.
NOTIC: [8] Uninitialized string offset: 0 E:\webprog\environment\1\thinkphp\wamp\www\ybplant\ybplant\Application\Runtime\Cache\center\8ce1a0c4f165da22c003458bdf1eeaf3.php 第 147 行.
NOTIC: [8] Uninitialized string offset: 0 E:\webprog\environment\1\thinkphp\wamp\www\ybplant\ybplant\Application\Runtime\Cache\center\8ce1a0c4f165da22c003458bdf1eeaf3.php 第 148 行.
NOTIC: [8] Uninitialized string offset: 0 E:\webprog\environment\1\thinkphp\wamp\www\ybplant\ybplant\Application\Runtime\Cache\center\8ce1a0c4f165da22c003458bdf1eeaf3.php 第 147 行.
NOTIC: [8] Uninitialized string offset: 0 E:\webprog\environment\1\thinkphp\wamp\www\ybplant\ybplant\Application\Runtime\Cache\center\8ce1a0c4f165da22c003458bdf1eeaf3.php 第 148 行.
NOTIC: [8] Uninitialized string offset: 0 E:\webprog\environment\1\thinkphp\wamp\www\ybplant\ybplant\Application\Runtime\Cache\center\8ce1a0c4f165da22c003458bdf1eeaf3.php 第 147 行.
NOTIC: [8] Uninitialized string offset: 0 E:\webprog\environment\1\thinkphp\wamp\www\ybplant\ybplant\Application\Runtime\Cache\center\8ce1a0c4f165da22c003458bdf1eeaf3.php 第 148 行.
INFO: Run Behavior\ParseTemplateBehavior [ RunTime:0.017450s ]
INFO: [ view_parse ] --END-- [ RunTime:0.017593s ]
INFO: [ view_filter ] --START--
INFO: Run Behavior\WriteHtmlCacheBehavior [ RunTime:0.000331s ]
INFO: [ view_filter ] --END-- [ RunTime:0.000406s ]
INFO: [ app_end ] --START--
INFO: Run Behavior\ShowPageTraceBehavior [ RunTime:0.000570s ]
INFO: [ app_end ] --END-- [ RunTime:0.000648s ]

