[ 2017-08-27T11:11:39+08:00 ] 127.0.0.1 /ybplant/ybplant/center.php/index/center
INFO: [ app_init ] --START--
INFO: Run Behavior\BuildLiteBehavior [ RunTime:0.000041s ]
INFO: [ app_init ] --END-- [ RunTime:0.000709s ]
INFO: [ app_begin ] --START--
INFO: Run Behavior\ReadHtmlCacheBehavior [ RunTime:0.001020s ]
INFO: [ app_begin ] --END-- [ RunTime:0.001231s ]
NOTIC: [8] Use of undefined constant isuser - assumed 'isuser' E:\webprog\environment\1\thinkphp\wamp\www\ybplant\ybplant\Application\center\Controller\IndexController.class.php 第 77 行.
NOTIC: [8] Use of undefined constant user - assumed 'user' E:\webprog\environment\1\thinkphp\wamp\www\ybplant\ybplant\Application\center\Controller\IndexController.class.php 第 7 行.
NOTIC: [8] Use of undefined constant username - assumed 'username' E:\webprog\environment\1\thinkphp\wamp\www\ybplant\ybplant\Application\center\Controller\IndexController.class.php 第 7 行.
SQL: SHOW COLUMNS FROM `chip_set` [ RunTime:0.0213s ]
SQL: SELECT * FROM `chip_set` WHERE ( username = "yibu"  )  [ RunTime:0.0006s ]
INFO: [ view_parse ] --START--
INFO: [ template_filter ] --START--
INFO: Run Behavior\ContentReplaceBehavior [ RunTime:0.000252s ]
INFO: [ template_filter ] --END-- [ RunTime:0.000470s ]
NOTIC: [8] Use of undefined constant isuser - assumed 'isuser' E:\webprog\environment\1\thinkphp\wamp\www\ybplant\ybplant\Application\Runtime\Cache\center\9d213bf067cd19d8521997830e951f64.php 第 57 行.
NOTIC: [8] Use of undefined constant isuser - assumed 'isuser' E:\webprog\environment\1\thinkphp\wamp\www\ybplant\ybplant\Application\Runtime\Cache\center\9d213bf067cd19d8521997830e951f64.php 第 59 行.
NOTIC: [8] Use of undefined constant user - assumed 'user' E:\webprog\environment\1\thinkphp\wamp\www\ybplant\ybplant\Application\Runtime\Cache\center\9d213bf067cd19d8521997830e951f64.php 第 59 行.
NOTIC: [8] Use of undefined constant username - assumed 'username' E:\webprog\environment\1\thinkphp\wamp\www\ybplant\ybplant\Application\Runtime\Cache\center\9d213bf067cd19d8521997830e951f64.php 第 59 行.
INFO: Run Behavior\ParseTemplateBehavior [ RunTime:0.061040s ]
INFO: [ view_parse ] --END-- [ RunTime:0.061224s ]
INFO: [ view_filter ] --START--
INFO: Run Behavior\WriteHtmlCacheBehavior [ RunTime:0.000890s ]
INFO: [ view_filter ] --END-- [ RunTime:0.001050s ]
INFO: [ app_end ] --START--
INFO: Run Behavior\ShowPageTraceBehavior [ RunTime:0.001389s ]
INFO: [ app_end ] --END-- [ RunTime:0.001563s ]

[ 2017-08-27T11:11:41+08:00 ] 127.0.0.1 /ybplant/ybplant/center.php/Data/return_data.html?chip_id=123
INFO: [ app_init ] --START--
INFO: Run Behavior\BuildLiteBehavior [ RunTime:0.000036s ]
INFO: [ app_init ] --END-- [ RunTime:0.000704s ]
INFO: [ app_begin ] --START--
INFO: Run Behavior\ReadHtmlCacheBehavior [ RunTime:0.000831s ]
INFO: [ app_begin ] --END-- [ RunTime:0.000972s ]
NOTIC: [8] Use of undefined constant chip_id - assumed 'chip_id' E:\webprog\environment\1\thinkphp\wamp\www\ybplant\ybplant\Application\center\Controller\DataController.class.php 第 6 行.
NOTIC: [8] Use of undefined constant start_time - assumed 'start_time' E:\webprog\environment\1\thinkphp\wamp\www\ybplant\ybplant\Application\center\Controller\DataController.class.php 第 7 行.
NOTIC: [8] Undefined index: start_time E:\webprog\environment\1\thinkphp\wamp\www\ybplant\ybplant\Application\center\Controller\DataController.class.php 第 7 行.
SQL: SHOW COLUMNS FROM `chip_data` [ RunTime:0.0252s ]
SQL: SELECT * FROM `chip_data` WHERE ( chip_id = "123" and unix_timestamp(time)>1503198701 and unix_timestamp(time)<1503803501  )  [ RunTime:0.0021s ]
INFO: [ app_end ] --START--
INFO: Run Behavior\ShowPageTraceBehavior [ RunTime:0.001670s ]
INFO: [ app_end ] --END-- [ RunTime:0.001846s ]

[ 2017-08-27T11:11:46+08:00 ] 127.0.0.1 /ybplant/ybplant/center.php/Data/return_data.html?chip_id=test
INFO: [ app_init ] --START--
INFO: Run Behavior\BuildLiteBehavior [ RunTime:0.000063s ]
INFO: [ app_init ] --END-- [ RunTime:0.001324s ]
INFO: [ app_begin ] --START--
INFO: Run Behavior\ReadHtmlCacheBehavior [ RunTime:0.001869s ]
INFO: [ app_begin ] --END-- [ RunTime:0.002179s ]
NOTIC: [8] Use of undefined constant chip_id - assumed 'chip_id' E:\webprog\environment\1\thinkphp\wamp\www\ybplant\ybplant\Application\center\Controller\DataController.class.php 第 6 行.
NOTIC: [8] Use of undefined constant start_time - assumed 'start_time' E:\webprog\environment\1\thinkphp\wamp\www\ybplant\ybplant\Application\center\Controller\DataController.class.php 第 7 行.
NOTIC: [8] Undefined index: start_time E:\webprog\environment\1\thinkphp\wamp\www\ybplant\ybplant\Application\center\Controller\DataController.class.php 第 7 行.
SQL: SHOW COLUMNS FROM `chip_data` [ RunTime:0.0101s ]
SQL: SELECT * FROM `chip_data` WHERE ( chip_id = "test" and unix_timestamp(time)>1503198706 and unix_timestamp(time)<1503803506  )  [ RunTime:0.0027s ]
INFO: [ app_end ] --START--
INFO: Run Behavior\ShowPageTraceBehavior [ RunTime:0.002624s ]
INFO: [ app_end ] --END-- [ RunTime:0.002960s ]

[ 2017-08-27T11:11:48+08:00 ] 127.0.0.1 /ybplant/ybplant/center.php/index/allData.html
INFO: [ app_init ] --START--
INFO: Run Behavior\BuildLiteBehavior [ RunTime:0.000035s ]
INFO: [ app_init ] --END-- [ RunTime:0.000659s ]
INFO: [ app_begin ] --START--
INFO: Run Behavior\ReadHtmlCacheBehavior [ RunTime:0.000862s ]
INFO: [ app_begin ] --END-- [ RunTime:0.001032s ]
NOTIC: [8] Use of undefined constant isuser - assumed 'isuser' E:\webprog\environment\1\thinkphp\wamp\www\ybplant\ybplant\Application\center\Controller\IndexController.class.php 第 77 行.
NOTIC: [8] Use of undefined constant user - assumed 'user' E:\webprog\environment\1\thinkphp\wamp\www\ybplant\ybplant\Application\center\Controller\IndexController.class.php 第 65 行.
NOTIC: [8] Use of undefined constant username - assumed 'username' E:\webprog\environment\1\thinkphp\wamp\www\ybplant\ybplant\Application\center\Controller\IndexController.class.php 第 65 行.
SQL: SHOW COLUMNS FROM `chip_set` [ RunTime:0.0053s ]
SQL: SELECT * FROM `chip_set` WHERE ( username = "yibu"  )  [ RunTime:0.0008s ]
INFO: [ view_parse ] --START--
INFO: [ template_filter ] --START--
INFO: Run Behavior\ContentReplaceBehavior [ RunTime:0.000277s ]
INFO: [ template_filter ] --END-- [ RunTime:0.000532s ]
NOTIC: [8] Use of undefined constant isuser - assumed 'isuser' E:\webprog\environment\1\thinkphp\wamp\www\ybplant\ybplant\Application\Runtime\Cache\center\01219490d900f8beb22a73a3db4c0b9e.php 第 57 行.
NOTIC: [8] Use of undefined constant isuser - assumed 'isuser' E:\webprog\environment\1\thinkphp\wamp\www\ybplant\ybplant\Application\Runtime\Cache\center\01219490d900f8beb22a73a3db4c0b9e.php 第 59 行.
NOTIC: [8] Use of undefined constant user - assumed 'user' E:\webprog\environment\1\thinkphp\wamp\www\ybplant\ybplant\Application\Runtime\Cache\center\01219490d900f8beb22a73a3db4c0b9e.php 第 59 行.
NOTIC: [8] Use of undefined constant username - assumed 'username' E:\webprog\environment\1\thinkphp\wamp\www\ybplant\ybplant\Application\Runtime\Cache\center\01219490d900f8beb22a73a3db4c0b9e.php 第 59 行.
INFO: Run Behavior\ParseTemplateBehavior [ RunTime:0.065510s ]
INFO: [ view_parse ] --END-- [ RunTime:0.065803s ]
INFO: [ view_filter ] --START--
INFO: Run Behavior\WriteHtmlCacheBehavior [ RunTime:0.001169s ]
INFO: [ view_filter ] --END-- [ RunTime:0.001396s ]
INFO: [ app_end ] --START--
INFO: Run Behavior\ShowPageTraceBehavior [ RunTime:0.001852s ]
INFO: [ app_end ] --END-- [ RunTime:0.002091s ]

[ 2017-08-27T11:11:49+08:00 ] 127.0.0.1 /ybplant/ybplant/center.php/Data/return_data.html?chip_id=123
INFO: [ app_init ] --START--
INFO: Run Behavior\BuildLiteBehavior [ RunTime:0.000038s ]
INFO: [ app_init ] --END-- [ RunTime:0.000677s ]
INFO: [ app_begin ] --START--
INFO: Run Behavior\ReadHtmlCacheBehavior [ RunTime:0.000951s ]
INFO: [ app_begin ] --END-- [ RunTime:0.001112s ]
NOTIC: [8] Use of undefined constant chip_id - assumed 'chip_id' E:\webprog\environment\1\thinkphp\wamp\www\ybplant\ybplant\Application\center\Controller\DataController.class.php 第 6 行.
NOTIC: [8] Use of undefined constant start_time - assumed 'start_time' E:\webprog\environment\1\thinkphp\wamp\www\ybplant\ybplant\Application\center\Controller\DataController.class.php 第 7 行.
NOTIC: [8] Undefined index: start_time E:\webprog\environment\1\thinkphp\wamp\www\ybplant\ybplant\Application\center\Controller\DataController.class.php 第 7 行.
SQL: SHOW COLUMNS FROM `chip_data` [ RunTime:0.0092s ]
SQL: SELECT * FROM `chip_data` WHERE ( chip_id = "123" and unix_timestamp(time)>1503198709 and unix_timestamp(time)<1503803509  )  [ RunTime:0.0017s ]
INFO: [ app_end ] --START--
INFO: Run Behavior\ShowPageTraceBehavior [ RunTime:0.001369s ]
INFO: [ app_end ] --END-- [ RunTime:0.001527s ]

[ 2017-08-27T11:11:49+08:00 ] 127.0.0.1 /ybplant/ybplant/center.php/Data/return_last_time.html?chip_id=123
INFO: [ app_init ] --START--
INFO: Run Behavior\BuildLiteBehavior [ RunTime:0.000067s ]
INFO: [ app_init ] --END-- [ RunTime:0.001292s ]
INFO: [ app_begin ] --START--
INFO: Run Behavior\ReadHtmlCacheBehavior [ RunTime:0.002004s ]
INFO: [ app_begin ] --END-- [ RunTime:0.002310s ]
NOTIC: [8] Use of undefined constant chip_id - assumed 'chip_id' E:\webprog\environment\1\thinkphp\wamp\www\ybplant\ybplant\Application\center\Controller\DataController.class.php 第 36 行.
SQL: SHOW COLUMNS FROM `chip_set` [ RunTime:0.0084s ]
SQL: SELECT * FROM `chip_set` WHERE ( chip_id = "123"  )  [ RunTime:0.0007s ]
INFO: [ app_end ] --START--
INFO: Run Behavior\ShowPageTraceBehavior [ RunTime:0.001164s ]
INFO: [ app_end ] --END-- [ RunTime:0.001318s ]

[ 2017-08-27T11:12:37+08:00 ] 127.0.0.1 /ybplant/ybplant/center.php/Data/return_last_time.html?chip_id=test
INFO: [ app_init ] --START--
INFO: Run Behavior\BuildLiteBehavior [ RunTime:0.000042s ]
INFO: [ app_init ] --END-- [ RunTime:0.000793s ]
INFO: [ app_begin ] --START--
INFO: Run Behavior\ReadHtmlCacheBehavior [ RunTime:0.000897s ]
INFO: [ app_begin ] --END-- [ RunTime:0.001067s ]
NOTIC: [8] Use of undefined constant chip_id - assumed 'chip_id' E:\webprog\environment\1\thinkphp\wamp\www\ybplant\ybplant\Application\center\Controller\DataController.class.php 第 36 行.
SQL: SHOW COLUMNS FROM `chip_set` [ RunTime:0.0075s ]
SQL: SELECT * FROM `chip_set` WHERE ( chip_id = "test"  )  [ RunTime:0.0008s ]
INFO: [ app_end ] --START--
INFO: Run Behavior\ShowPageTraceBehavior [ RunTime:0.000915s ]
INFO: [ app_end ] --END-- [ RunTime:0.001061s ]

[ 2017-08-27T11:12:38+08:00 ] 127.0.0.1 /ybplant/ybplant/center.php/Data/return_data.html?chip_id=test
INFO: [ app_init ] --START--
INFO: Run Behavior\BuildLiteBehavior [ RunTime:0.000043s ]
INFO: [ app_init ] --END-- [ RunTime:0.000738s ]
INFO: [ app_begin ] --START--
INFO: Run Behavior\ReadHtmlCacheBehavior [ RunTime:0.000936s ]
INFO: [ app_begin ] --END-- [ RunTime:0.001102s ]
NOTIC: [8] Use of undefined constant chip_id - assumed 'chip_id' E:\webprog\environment\1\thinkphp\wamp\www\ybplant\ybplant\Application\center\Controller\DataController.class.php 第 6 行.
NOTIC: [8] Use of undefined constant start_time - assumed 'start_time' E:\webprog\environment\1\thinkphp\wamp\www\ybplant\ybplant\Application\center\Controller\DataController.class.php 第 7 行.
NOTIC: [8] Undefined index: start_time E:\webprog\environment\1\thinkphp\wamp\www\ybplant\ybplant\Application\center\Controller\DataController.class.php 第 7 行.
SQL: SHOW COLUMNS FROM `chip_data` [ RunTime:0.0059s ]
SQL: SELECT * FROM `chip_data` WHERE ( chip_id = "test" and unix_timestamp(time)>1503198757 and unix_timestamp(time)<1503803557  )  [ RunTime:0.0016s ]
INFO: [ app_end ] --START--
INFO: Run Behavior\ShowPageTraceBehavior [ RunTime:0.001428s ]
INFO: [ app_end ] --END-- [ RunTime:0.001583s ]

[ 2017-08-27T11:12:53+08:00 ] 127.0.0.1 /ybplant/ybplant/center.php/index/alarm.html
INFO: [ app_init ] --START--
INFO: Run Behavior\BuildLiteBehavior [ RunTime:0.000036s ]
INFO: [ app_init ] --END-- [ RunTime:0.000683s ]
INFO: [ app_begin ] --START--
INFO: Run Behavior\ReadHtmlCacheBehavior [ RunTime:0.000834s ]
INFO: [ app_begin ] --END-- [ RunTime:0.001014s ]
NOTIC: [8] Use of undefined constant isuser - assumed 'isuser' E:\webprog\environment\1\thinkphp\wamp\www\ybplant\ybplant\Application\center\Controller\IndexController.class.php 第 77 行.
NOTIC: [8] Use of undefined constant user - assumed 'user' E:\webprog\environment\1\thinkphp\wamp\www\ybplant\ybplant\Application\center\Controller\IndexController.class.php 第 58 行.
NOTIC: [8] Use of undefined constant username - assumed 'username' E:\webprog\environment\1\thinkphp\wamp\www\ybplant\ybplant\Application\center\Controller\IndexController.class.php 第 58 行.
SQL: SHOW COLUMNS FROM `alarm` [ RunTime:0.0680s ]
SQL: SELECT * FROM `alarm` WHERE ( username = "yibu"  )  [ RunTime:0.0010s ]
INFO: [ view_parse ] --START--
INFO: [ template_filter ] --START--
INFO: Run Behavior\ContentReplaceBehavior [ RunTime:0.000195s ]
INFO: [ template_filter ] --END-- [ RunTime:0.000467s ]
NOTIC: [8] Use of undefined constant isuser - assumed 'isuser' E:\webprog\environment\1\thinkphp\wamp\www\ybplant\ybplant\Application\Runtime\Cache\center\212d08ee451e151c330f2df2aa119fc8.php 第 57 行.
NOTIC: [8] Use of undefined constant isuser - assumed 'isuser' E:\webprog\environment\1\thinkphp\wamp\www\ybplant\ybplant\Application\Runtime\Cache\center\212d08ee451e151c330f2df2aa119fc8.php 第 59 行.
NOTIC: [8] Use of undefined constant user - assumed 'user' E:\webprog\environment\1\thinkphp\wamp\www\ybplant\ybplant\Application\Runtime\Cache\center\212d08ee451e151c330f2df2aa119fc8.php 第 59 行.
NOTIC: [8] Use of undefined constant username - assumed 'username' E:\webprog\environment\1\thinkphp\wamp\www\ybplant\ybplant\Application\Runtime\Cache\center\212d08ee451e151c330f2df2aa119fc8.php 第 59 行.
INFO: Run Behavior\ParseTemplateBehavior [ RunTime:0.052315s ]
INFO: [ view_parse ] --END-- [ RunTime:0.052595s ]
INFO: [ view_filter ] --START--
INFO: Run Behavior\WriteHtmlCacheBehavior [ RunTime:0.001185s ]
INFO: [ view_filter ] --END-- [ RunTime:0.001416s ]
INFO: [ app_end ] --START--
INFO: Run Behavior\ShowPageTraceBehavior [ RunTime:0.001794s ]
INFO: [ app_end ] --END-- [ RunTime:0.002027s ]

