[ 2017-10-20T13:09:06+08:00 ] 127.0.0.1 /center.php/index/center
INFO: [ app_init ] --START--
INFO: Run Behavior\BuildLiteBehavior [ RunTime:0.000048s ]
INFO: [ app_init ] --END-- [ RunTime:0.000838s ]
INFO: [ app_begin ] --START--
INFO: Run Behavior\ReadHtmlCacheBehavior [ RunTime:0.000435s ]
INFO: [ app_begin ] --END-- [ RunTime:0.000526s ]
NOTIC: [8] Use of undefined constant isuser - assumed 'isuser' D:\wamp\www\ybplant\Application\center\Controller\IndexController.class.php 第 77 行.
NOTIC: [8] Use of undefined constant user - assumed 'user' D:\wamp\www\ybplant\Application\center\Controller\IndexController.class.php 第 7 行.
NOTIC: [8] Use of undefined constant username - assumed 'username' D:\wamp\www\ybplant\Application\center\Controller\IndexController.class.php 第 7 行.
SQL: SHOW COLUMNS FROM `chip_set` [ RunTime:0.2120s ]
SQL: SELECT * FROM `chip_set` WHERE ( username = "yibu"  )  [ RunTime:0.0012s ]
INFO: [ view_parse ] --START--
INFO: [ template_filter ] --START--
INFO: Run Behavior\ContentReplaceBehavior [ RunTime:0.000243s ]
INFO: [ template_filter ] --END-- [ RunTime:0.000445s ]
NOTIC: [8] Use of undefined constant isuser - assumed 'isuser' D:\wamp\www\ybplant\Application\Runtime\Cache\center\9d213bf067cd19d8521997830e951f64.php 第 78 行.
NOTIC: [8] Use of undefined constant isuser - assumed 'isuser' D:\wamp\www\ybplant\Application\Runtime\Cache\center\9d213bf067cd19d8521997830e951f64.php 第 80 行.
NOTIC: [8] Use of undefined constant user - assumed 'user' D:\wamp\www\ybplant\Application\Runtime\Cache\center\9d213bf067cd19d8521997830e951f64.php 第 80 行.
NOTIC: [8] Use of undefined constant username - assumed 'username' D:\wamp\www\ybplant\Application\Runtime\Cache\center\9d213bf067cd19d8521997830e951f64.php 第 80 行.
INFO: Run Behavior\ParseTemplateBehavior [ RunTime:0.031140s ]
INFO: [ view_parse ] --END-- [ RunTime:0.031392s ]
INFO: [ view_filter ] --START--
INFO: Run Behavior\WriteHtmlCacheBehavior [ RunTime:0.000434s ]
INFO: [ view_filter ] --END-- [ RunTime:0.000611s ]
INFO: [ app_end ] --START--
INFO: Run Behavior\ShowPageTraceBehavior [ RunTime:0.000962s ]
INFO: [ app_end ] --END-- [ RunTime:0.001243s ]

[ 2017-10-20T13:09:06+08:00 ] 127.0.0.1 /center.php/Data/return_data.html?chip_id=1
INFO: [ app_init ] --START--
INFO: Run Behavior\BuildLiteBehavior [ RunTime:0.000017s ]
INFO: [ app_init ] --END-- [ RunTime:0.000294s ]
INFO: [ app_begin ] --START--
INFO: Run Behavior\ReadHtmlCacheBehavior [ RunTime:0.000357s ]
INFO: [ app_begin ] --END-- [ RunTime:0.000421s ]
NOTIC: [8] Use of undefined constant chip_id - assumed 'chip_id' D:\wamp\www\ybplant\Application\center\Controller\DataController.class.php 第 6 行.
NOTIC: [8] Use of undefined constant start_time - assumed 'start_time' D:\wamp\www\ybplant\Application\center\Controller\DataController.class.php 第 7 行.
NOTIC: [8] Undefined index: start_time D:\wamp\www\ybplant\Application\center\Controller\DataController.class.php 第 7 行.
SQL: SHOW COLUMNS FROM `chip_data` [ RunTime:0.0034s ]
SQL: SELECT * FROM `chip_data` WHERE ( chip_id = "1" and unix_timestamp(time)>1507871346 and unix_timestamp(time)<1508476146  )  [ RunTime:0.0008s ]
INFO: [ app_end ] --START--
INFO: Run Behavior\ShowPageTraceBehavior [ RunTime:0.000462s ]
INFO: [ app_end ] --END-- [ RunTime:0.000534s ]

[ 2017-10-20T13:09:07+08:00 ] 127.0.0.1 /center.php/index/bindChip.html
INFO: [ app_init ] --START--
INFO: Run Behavior\BuildLiteBehavior [ RunTime:0.000058s ]
INFO: [ app_init ] --END-- [ RunTime:0.000983s ]
INFO: [ app_begin ] --START--
INFO: Run Behavior\ReadHtmlCacheBehavior [ RunTime:0.000991s ]
INFO: [ app_begin ] --END-- [ RunTime:0.001161s ]
NOTIC: [8] Use of undefined constant isuser - assumed 'isuser' D:\wamp\www\ybplant\Application\center\Controller\IndexController.class.php 第 77 行.
NOTIC: [8] Use of undefined constant user - assumed 'user' D:\wamp\www\ybplant\Application\center\Controller\IndexController.class.php 第 51 行.
NOTIC: [8] Use of undefined constant username - assumed 'username' D:\wamp\www\ybplant\Application\center\Controller\IndexController.class.php 第 51 行.
SQL: SHOW COLUMNS FROM `chip_set` [ RunTime:0.0030s ]
SQL: SELECT * FROM `chip_set` WHERE ( username = "yibu"  )  [ RunTime:0.0003s ]
INFO: [ view_parse ] --START--
INFO: [ template_filter ] --START--
INFO: Run Behavior\ContentReplaceBehavior [ RunTime:0.000105s ]
INFO: [ template_filter ] --END-- [ RunTime:0.000208s ]
NOTIC: [8] Use of undefined constant isuser - assumed 'isuser' D:\wamp\www\ybplant\Application\Runtime\Cache\center\665b0d6e38964483d91d0b4b33ee6bc8.php 第 78 行.
NOTIC: [8] Use of undefined constant isuser - assumed 'isuser' D:\wamp\www\ybplant\Application\Runtime\Cache\center\665b0d6e38964483d91d0b4b33ee6bc8.php 第 80 行.
NOTIC: [8] Use of undefined constant user - assumed 'user' D:\wamp\www\ybplant\Application\Runtime\Cache\center\665b0d6e38964483d91d0b4b33ee6bc8.php 第 80 行.
NOTIC: [8] Use of undefined constant username - assumed 'username' D:\wamp\www\ybplant\Application\Runtime\Cache\center\665b0d6e38964483d91d0b4b33ee6bc8.php 第 80 行.
INFO: Run Behavior\ParseTemplateBehavior [ RunTime:0.012762s ]
INFO: [ view_parse ] --END-- [ RunTime:0.012867s ]
INFO: [ view_filter ] --START--
INFO: Run Behavior\WriteHtmlCacheBehavior [ RunTime:0.000237s ]
INFO: [ view_filter ] --END-- [ RunTime:0.000328s ]
INFO: [ app_end ] --START--
INFO: Run Behavior\ShowPageTraceBehavior [ RunTime:0.000500s ]
INFO: [ app_end ] --END-- [ RunTime:0.000596s ]

[ 2017-10-20T13:09:08+08:00 ] 127.0.0.1 /center.php/index/allData.html
INFO: [ app_init ] --START--
INFO: Run Behavior\BuildLiteBehavior [ RunTime:0.000030s ]
INFO: [ app_init ] --END-- [ RunTime:0.000579s ]
INFO: [ app_begin ] --START--
INFO: Run Behavior\ReadHtmlCacheBehavior [ RunTime:0.000619s ]
INFO: [ app_begin ] --END-- [ RunTime:0.000748s ]
NOTIC: [8] Use of undefined constant isuser - assumed 'isuser' D:\wamp\www\ybplant\Application\center\Controller\IndexController.class.php 第 77 行.
NOTIC: [8] Use of undefined constant user - assumed 'user' D:\wamp\www\ybplant\Application\center\Controller\IndexController.class.php 第 65 行.
NOTIC: [8] Use of undefined constant username - assumed 'username' D:\wamp\www\ybplant\Application\center\Controller\IndexController.class.php 第 65 行.
SQL: SHOW COLUMNS FROM `chip_set` [ RunTime:0.0037s ]
SQL: SELECT * FROM `chip_set` WHERE ( username = "yibu"  )  [ RunTime:0.0005s ]
INFO: [ view_parse ] --START--
INFO: [ template_filter ] --START--
INFO: Run Behavior\ContentReplaceBehavior [ RunTime:0.000169s ]
INFO: [ template_filter ] --END-- [ RunTime:0.000298s ]
NOTIC: [8] Use of undefined constant isuser - assumed 'isuser' D:\wamp\www\ybplant\Application\Runtime\Cache\center\01219490d900f8beb22a73a3db4c0b9e.php 第 78 行.
NOTIC: [8] Use of undefined constant isuser - assumed 'isuser' D:\wamp\www\ybplant\Application\Runtime\Cache\center\01219490d900f8beb22a73a3db4c0b9e.php 第 80 行.
NOTIC: [8] Use of undefined constant user - assumed 'user' D:\wamp\www\ybplant\Application\Runtime\Cache\center\01219490d900f8beb22a73a3db4c0b9e.php 第 80 行.
NOTIC: [8] Use of undefined constant username - assumed 'username' D:\wamp\www\ybplant\Application\Runtime\Cache\center\01219490d900f8beb22a73a3db4c0b9e.php 第 80 行.
INFO: Run Behavior\ParseTemplateBehavior [ RunTime:0.016955s ]
INFO: [ view_parse ] --END-- [ RunTime:0.017091s ]
INFO: [ view_filter ] --START--
INFO: Run Behavior\WriteHtmlCacheBehavior [ RunTime:0.000299s ]
INFO: [ view_filter ] --END-- [ RunTime:0.000414s ]
INFO: [ app_end ] --START--
INFO: Run Behavior\ShowPageTraceBehavior [ RunTime:0.000639s ]
INFO: [ app_end ] --END-- [ RunTime:0.000761s ]

[ 2017-10-20T13:09:08+08:00 ] 127.0.0.1 /center.php/Data/return_data.html?chip_id=1
INFO: [ app_init ] --START--
INFO: Run Behavior\BuildLiteBehavior [ RunTime:0.000023s ]
INFO: [ app_init ] --END-- [ RunTime:0.000325s ]
INFO: [ app_begin ] --START--
INFO: Run Behavior\ReadHtmlCacheBehavior [ RunTime:0.000461s ]
INFO: [ app_begin ] --END-- [ RunTime:0.000571s ]
NOTIC: [8] Use of undefined constant chip_id - assumed 'chip_id' D:\wamp\www\ybplant\Application\center\Controller\DataController.class.php 第 6 行.
NOTIC: [8] Use of undefined constant start_time - assumed 'start_time' D:\wamp\www\ybplant\Application\center\Controller\DataController.class.php 第 7 行.
NOTIC: [8] Undefined index: start_time D:\wamp\www\ybplant\Application\center\Controller\DataController.class.php 第 7 行.
SQL: SHOW COLUMNS FROM `chip_data` [ RunTime:0.0023s ]
SQL: SELECT * FROM `chip_data` WHERE ( chip_id = "1" and unix_timestamp(time)>1507871348 and unix_timestamp(time)<1508476148  )  [ RunTime:0.0006s ]
INFO: [ app_end ] --START--
INFO: Run Behavior\ShowPageTraceBehavior [ RunTime:0.000469s ]
INFO: [ app_end ] --END-- [ RunTime:0.000539s ]

[ 2017-10-20T13:09:08+08:00 ] 127.0.0.1 /center.php/Data/return_last_time.html?chip_id=1
INFO: [ app_init ] --START--
INFO: Run Behavior\BuildLiteBehavior [ RunTime:0.000024s ]
INFO: [ app_init ] --END-- [ RunTime:0.000432s ]
INFO: [ app_begin ] --START--
INFO: Run Behavior\ReadHtmlCacheBehavior [ RunTime:0.000615s ]
INFO: [ app_begin ] --END-- [ RunTime:0.000723s ]
NOTIC: [8] Use of undefined constant chip_id - assumed 'chip_id' D:\wamp\www\ybplant\Application\center\Controller\DataController.class.php 第 36 行.
SQL: SHOW COLUMNS FROM `chip_set` [ RunTime:0.0024s ]
SQL: SELECT * FROM `chip_set` WHERE ( chip_id = "1"  )  [ RunTime:0.0003s ]
INFO: [ app_end ] --START--
INFO: Run Behavior\ShowPageTraceBehavior [ RunTime:0.000674s ]
INFO: [ app_end ] --END-- [ RunTime:0.000756s ]

[ 2017-10-20T13:09:08+08:00 ] 127.0.0.1 /center.php/Data/return_last_time.html?chip_id=1
INFO: [ app_init ] --START--
INFO: Run Behavior\BuildLiteBehavior [ RunTime:0.000025s ]
INFO: [ app_init ] --END-- [ RunTime:0.000359s ]
INFO: [ app_begin ] --START--
INFO: Run Behavior\ReadHtmlCacheBehavior [ RunTime:0.000626s ]
INFO: [ app_begin ] --END-- [ RunTime:0.000716s ]
NOTIC: [8] Use of undefined constant chip_id - assumed 'chip_id' D:\wamp\www\ybplant\Application\center\Controller\DataController.class.php 第 36 行.
SQL: SHOW COLUMNS FROM `chip_set` [ RunTime:0.0025s ]
SQL: SELECT * FROM `chip_set` WHERE ( chip_id = "1"  )  [ RunTime:0.0004s ]
INFO: [ app_end ] --START--
INFO: Run Behavior\ShowPageTraceBehavior [ RunTime:0.000453s ]
INFO: [ app_end ] --END-- [ RunTime:0.000530s ]

[ 2017-10-20T13:09:09+08:00 ] 127.0.0.1 /center.php/index/center.html
INFO: [ app_init ] --START--
INFO: Run Behavior\BuildLiteBehavior [ RunTime:0.000034s ]
INFO: [ app_init ] --END-- [ RunTime:0.000585s ]
INFO: [ app_begin ] --START--
INFO: Run Behavior\ReadHtmlCacheBehavior [ RunTime:0.000758s ]
INFO: [ app_begin ] --END-- [ RunTime:0.000930s ]
NOTIC: [8] Use of undefined constant isuser - assumed 'isuser' D:\wamp\www\ybplant\Application\center\Controller\IndexController.class.php 第 77 行.
NOTIC: [8] Use of undefined constant user - assumed 'user' D:\wamp\www\ybplant\Application\center\Controller\IndexController.class.php 第 7 行.
NOTIC: [8] Use of undefined constant username - assumed 'username' D:\wamp\www\ybplant\Application\center\Controller\IndexController.class.php 第 7 行.
SQL: SHOW COLUMNS FROM `chip_set` [ RunTime:0.0023s ]
SQL: SELECT * FROM `chip_set` WHERE ( username = "yibu"  )  [ RunTime:0.0003s ]
INFO: [ view_parse ] --START--
INFO: [ template_filter ] --START--
INFO: Run Behavior\ContentReplaceBehavior [ RunTime:0.000090s ]
INFO: [ template_filter ] --END-- [ RunTime:0.000169s ]
NOTIC: [8] Use of undefined constant isuser - assumed 'isuser' D:\wamp\www\ybplant\Application\Runtime\Cache\center\9d213bf067cd19d8521997830e951f64.php 第 78 行.
NOTIC: [8] Use of undefined constant isuser - assumed 'isuser' D:\wamp\www\ybplant\Application\Runtime\Cache\center\9d213bf067cd19d8521997830e951f64.php 第 80 行.
NOTIC: [8] Use of undefined constant user - assumed 'user' D:\wamp\www\ybplant\Application\Runtime\Cache\center\9d213bf067cd19d8521997830e951f64.php 第 80 行.
NOTIC: [8] Use of undefined constant username - assumed 'username' D:\wamp\www\ybplant\Application\Runtime\Cache\center\9d213bf067cd19d8521997830e951f64.php 第 80 行.
INFO: Run Behavior\ParseTemplateBehavior [ RunTime:0.014201s ]
INFO: [ view_parse ] --END-- [ RunTime:0.014295s ]
INFO: [ view_filter ] --START--
INFO: Run Behavior\WriteHtmlCacheBehavior [ RunTime:0.000279s ]
INFO: [ view_filter ] --END-- [ RunTime:0.000376s ]
INFO: [ app_end ] --START--
INFO: Run Behavior\ShowPageTraceBehavior [ RunTime:0.000347s ]
INFO: [ app_end ] --END-- [ RunTime:0.000415s ]

[ 2017-10-20T13:09:09+08:00 ] 127.0.0.1 /center.php/Data/return_data.html?chip_id=1
INFO: [ app_init ] --START--
INFO: Run Behavior\BuildLiteBehavior [ RunTime:0.000033s ]
INFO: [ app_init ] --END-- [ RunTime:0.000463s ]
INFO: [ app_begin ] --START--
INFO: Run Behavior\ReadHtmlCacheBehavior [ RunTime:0.000553s ]
INFO: [ app_begin ] --END-- [ RunTime:0.000673s ]
NOTIC: [8] Use of undefined constant chip_id - assumed 'chip_id' D:\wamp\www\ybplant\Application\center\Controller\DataController.class.php 第 6 行.
NOTIC: [8] Use of undefined constant start_time - assumed 'start_time' D:\wamp\www\ybplant\Application\center\Controller\DataController.class.php 第 7 行.
NOTIC: [8] Undefined index: start_time D:\wamp\www\ybplant\Application\center\Controller\DataController.class.php 第 7 行.
SQL: SHOW COLUMNS FROM `chip_data` [ RunTime:0.0028s ]
SQL: SELECT * FROM `chip_data` WHERE ( chip_id = "1" and unix_timestamp(time)>1507871349 and unix_timestamp(time)<1508476149  )  [ RunTime:0.0007s ]
INFO: [ app_end ] --START--
INFO: Run Behavior\ShowPageTraceBehavior [ RunTime:0.000554s ]
INFO: [ app_end ] --END-- [ RunTime:0.000639s ]

[ 2017-10-20T13:10:43+08:00 ] 127.0.0.1 /center.php/index/center
INFO: [ app_init ] --START--
INFO: Run Behavior\BuildLiteBehavior [ RunTime:0.000036s ]
INFO: [ app_init ] --END-- [ RunTime:0.000662s ]
INFO: [ app_begin ] --START--
INFO: Run Behavior\ReadHtmlCacheBehavior [ RunTime:0.000890s ]
INFO: [ app_begin ] --END-- [ RunTime:0.001047s ]
NOTIC: [8] Use of undefined constant isuser - assumed 'isuser' D:\wamp\www\ybplant\Application\center\Controller\IndexController.class.php 第 77 行.
NOTIC: [8] Use of undefined constant user - assumed 'user' D:\wamp\www\ybplant\Application\center\Controller\IndexController.class.php 第 7 行.
NOTIC: [8] Use of undefined constant username - assumed 'username' D:\wamp\www\ybplant\Application\center\Controller\IndexController.class.php 第 7 行.
SQL: SHOW COLUMNS FROM `chip_set` [ RunTime:0.0024s ]
SQL: SELECT * FROM `chip_set` WHERE ( username = "yibu"  )  [ RunTime:0.0003s ]
INFO: [ view_parse ] --START--
INFO: [ template_filter ] --START--
INFO: Run Behavior\ContentReplaceBehavior [ RunTime:0.000091s ]
INFO: [ template_filter ] --END-- [ RunTime:0.000173s ]
NOTIC: [8] Use of undefined constant isuser - assumed 'isuser' D:\wamp\www\ybplant\Application\Runtime\Cache\center\9d213bf067cd19d8521997830e951f64.php 第 78 行.
NOTIC: [8] Use of undefined constant isuser - assumed 'isuser' D:\wamp\www\ybplant\Application\Runtime\Cache\center\9d213bf067cd19d8521997830e951f64.php 第 80 行.
NOTIC: [8] Use of undefined constant user - assumed 'user' D:\wamp\www\ybplant\Application\Runtime\Cache\center\9d213bf067cd19d8521997830e951f64.php 第 80 行.
NOTIC: [8] Use of undefined constant username - assumed 'username' D:\wamp\www\ybplant\Application\Runtime\Cache\center\9d213bf067cd19d8521997830e951f64.php 第 80 行.
INFO: Run Behavior\ParseTemplateBehavior [ RunTime:0.014161s ]
INFO: [ view_parse ] --END-- [ RunTime:0.014238s ]
INFO: [ view_filter ] --START--
INFO: Run Behavior\WriteHtmlCacheBehavior [ RunTime:0.000226s ]
INFO: [ view_filter ] --END-- [ RunTime:0.000291s ]
INFO: [ app_end ] --START--
INFO: Run Behavior\ShowPageTraceBehavior [ RunTime:0.000411s ]
INFO: [ app_end ] --END-- [ RunTime:0.000481s ]

[ 2017-10-20T13:10:44+08:00 ] 127.0.0.1 /center.php/Data/return_data.html?chip_id=1
INFO: [ app_init ] --START--
INFO: Run Behavior\BuildLiteBehavior [ RunTime:0.000021s ]
INFO: [ app_init ] --END-- [ RunTime:0.000379s ]
INFO: [ app_begin ] --START--
INFO: Run Behavior\ReadHtmlCacheBehavior [ RunTime:0.000537s ]
INFO: [ app_begin ] --END-- [ RunTime:0.000631s ]
NOTIC: [8] Use of undefined constant chip_id - assumed 'chip_id' D:\wamp\www\ybplant\Application\center\Controller\DataController.class.php 第 6 行.
NOTIC: [8] Use of undefined constant start_time - assumed 'start_time' D:\wamp\www\ybplant\Application\center\Controller\DataController.class.php 第 7 行.
NOTIC: [8] Undefined index: start_time D:\wamp\www\ybplant\Application\center\Controller\DataController.class.php 第 7 行.
SQL: SHOW COLUMNS FROM `chip_data` [ RunTime:0.0027s ]
SQL: SELECT * FROM `chip_data` WHERE ( chip_id = "1" and unix_timestamp(time)>1507871444 and unix_timestamp(time)<1508476244  )  [ RunTime:0.0006s ]
INFO: [ app_end ] --START--
INFO: Run Behavior\ShowPageTraceBehavior [ RunTime:0.000473s ]
INFO: [ app_end ] --END-- [ RunTime:0.000543s ]

[ 2017-10-20T13:10:46+08:00 ] 127.0.0.1 /center.php/index/bindChip.html
INFO: [ app_init ] --START--
INFO: Run Behavior\BuildLiteBehavior [ RunTime:0.000039s ]
INFO: [ app_init ] --END-- [ RunTime:0.000662s ]
INFO: [ app_begin ] --START--
INFO: Run Behavior\ReadHtmlCacheBehavior [ RunTime:0.000826s ]
INFO: [ app_begin ] --END-- [ RunTime:0.001000s ]
NOTIC: [8] Use of undefined constant isuser - assumed 'isuser' D:\wamp\www\ybplant\Application\center\Controller\IndexController.class.php 第 77 行.
NOTIC: [8] Use of undefined constant user - assumed 'user' D:\wamp\www\ybplant\Application\center\Controller\IndexController.class.php 第 51 行.
NOTIC: [8] Use of undefined constant username - assumed 'username' D:\wamp\www\ybplant\Application\center\Controller\IndexController.class.php 第 51 行.
SQL: SHOW COLUMNS FROM `chip_set` [ RunTime:0.0024s ]
SQL: SELECT * FROM `chip_set` WHERE ( username = "yibu"  )  [ RunTime:0.0002s ]
INFO: [ view_parse ] --START--
INFO: [ template_filter ] --START--
INFO: Run Behavior\ContentReplaceBehavior [ RunTime:0.000075s ]
INFO: [ template_filter ] --END-- [ RunTime:0.000150s ]
NOTIC: [8] Use of undefined constant isuser - assumed 'isuser' D:\wamp\www\ybplant\Application\Runtime\Cache\center\665b0d6e38964483d91d0b4b33ee6bc8.php 第 78 行.
NOTIC: [8] Use of undefined constant isuser - assumed 'isuser' D:\wamp\www\ybplant\Application\Runtime\Cache\center\665b0d6e38964483d91d0b4b33ee6bc8.php 第 80 行.
NOTIC: [8] Use of undefined constant user - assumed 'user' D:\wamp\www\ybplant\Application\Runtime\Cache\center\665b0d6e38964483d91d0b4b33ee6bc8.php 第 80 行.
NOTIC: [8] Use of undefined constant username - assumed 'username' D:\wamp\www\ybplant\Application\Runtime\Cache\center\665b0d6e38964483d91d0b4b33ee6bc8.php 第 80 行.
INFO: Run Behavior\ParseTemplateBehavior [ RunTime:0.009383s ]
INFO: [ view_parse ] --END-- [ RunTime:0.009457s ]
INFO: [ view_filter ] --START--
INFO: Run Behavior\WriteHtmlCacheBehavior [ RunTime:0.000152s ]
INFO: [ view_filter ] --END-- [ RunTime:0.000215s ]
INFO: [ app_end ] --START--
INFO: Run Behavior\ShowPageTraceBehavior [ RunTime:0.000487s ]
INFO: [ app_end ] --END-- [ RunTime:0.000569s ]

[ 2017-10-20T13:10:46+08:00 ] 127.0.0.1 /center.php/index/allData.html
INFO: [ app_init ] --START--
INFO: Run Behavior\BuildLiteBehavior [ RunTime:0.000030s ]
INFO: [ app_init ] --END-- [ RunTime:0.000530s ]
INFO: [ app_begin ] --START--
INFO: Run Behavior\ReadHtmlCacheBehavior [ RunTime:0.000661s ]
INFO: [ app_begin ] --END-- [ RunTime:0.000801s ]
NOTIC: [8] Use of undefined constant isuser - assumed 'isuser' D:\wamp\www\ybplant\Application\center\Controller\IndexController.class.php 第 77 行.
NOTIC: [8] Use of undefined constant user - assumed 'user' D:\wamp\www\ybplant\Application\center\Controller\IndexController.class.php 第 65 行.
NOTIC: [8] Use of undefined constant username - assumed 'username' D:\wamp\www\ybplant\Application\center\Controller\IndexController.class.php 第 65 行.
SQL: SHOW COLUMNS FROM `chip_set` [ RunTime:0.0039s ]
SQL: SELECT * FROM `chip_set` WHERE ( username = "yibu"  )  [ RunTime:0.0005s ]
INFO: [ view_parse ] --START--
INFO: [ template_filter ] --START--
INFO: Run Behavior\ContentReplaceBehavior [ RunTime:0.000181s ]
INFO: [ template_filter ] --END-- [ RunTime:0.000323s ]
NOTIC: [8] Use of undefined constant isuser - assumed 'isuser' D:\wamp\www\ybplant\Application\Runtime\Cache\center\01219490d900f8beb22a73a3db4c0b9e.php 第 78 行.
NOTIC: [8] Use of undefined constant isuser - assumed 'isuser' D:\wamp\www\ybplant\Application\Runtime\Cache\center\01219490d900f8beb22a73a3db4c0b9e.php 第 80 行.
NOTIC: [8] Use of undefined constant user - assumed 'user' D:\wamp\www\ybplant\Application\Runtime\Cache\center\01219490d900f8beb22a73a3db4c0b9e.php 第 80 行.
NOTIC: [8] Use of undefined constant username - assumed 'username' D:\wamp\www\ybplant\Application\Runtime\Cache\center\01219490d900f8beb22a73a3db4c0b9e.php 第 80 行.
INFO: Run Behavior\ParseTemplateBehavior [ RunTime:0.017643s ]
INFO: [ view_parse ] --END-- [ RunTime:0.017780s ]
INFO: [ view_filter ] --START--
INFO: Run Behavior\WriteHtmlCacheBehavior [ RunTime:0.000298s ]
INFO: [ view_filter ] --END-- [ RunTime:0.000421s ]
INFO: [ app_end ] --START--
INFO: Run Behavior\ShowPageTraceBehavior [ RunTime:0.000667s ]
INFO: [ app_end ] --END-- [ RunTime:0.000797s ]

[ 2017-10-20T13:10:47+08:00 ] 127.0.0.1 /center.php/Data/return_last_time.html?chip_id=1
INFO: [ app_init ] --START--
INFO: Run Behavior\BuildLiteBehavior [ RunTime:0.000040s ]
INFO: [ app_init ] --END-- [ RunTime:0.000457s ]
INFO: [ app_begin ] --START--
INFO: Run Behavior\ReadHtmlCacheBehavior [ RunTime:0.000427s ]
INFO: [ app_begin ] --END-- [ RunTime:0.000505s ]
NOTIC: [8] Use of undefined constant chip_id - assumed 'chip_id' D:\wamp\www\ybplant\Application\center\Controller\DataController.class.php 第 36 行.
SQL: SHOW COLUMNS FROM `chip_set` [ RunTime:0.0024s ]
SQL: SELECT * FROM `chip_set` WHERE ( chip_id = "1"  )  [ RunTime:0.0002s ]
INFO: [ app_end ] --START--
INFO: Run Behavior\ShowPageTraceBehavior [ RunTime:0.000446s ]
INFO: [ app_end ] --END-- [ RunTime:0.000523s ]

[ 2017-10-20T13:10:47+08:00 ] 127.0.0.1 /center.php/Data/return_data.html?chip_id=1
INFO: [ app_init ] --START--
INFO: Run Behavior\BuildLiteBehavior [ RunTime:0.000020s ]
INFO: [ app_init ] --END-- [ RunTime:0.000367s ]
INFO: [ app_begin ] --START--
INFO: Run Behavior\ReadHtmlCacheBehavior [ RunTime:0.000555s ]
INFO: [ app_begin ] --END-- [ RunTime:0.000683s ]
NOTIC: [8] Use of undefined constant chip_id - assumed 'chip_id' D:\wamp\www\ybplant\Application\center\Controller\DataController.class.php 第 6 行.
NOTIC: [8] Use of undefined constant start_time - assumed 'start_time' D:\wamp\www\ybplant\Application\center\Controller\DataController.class.php 第 7 行.
NOTIC: [8] Undefined index: start_time D:\wamp\www\ybplant\Application\center\Controller\DataController.class.php 第 7 行.
SQL: SHOW COLUMNS FROM `chip_data` [ RunTime:0.0025s ]
SQL: SELECT * FROM `chip_data` WHERE ( chip_id = "1" and unix_timestamp(time)>1507871447 and unix_timestamp(time)<1508476247  )  [ RunTime:0.0008s ]
INFO: [ app_end ] --START--
INFO: Run Behavior\ShowPageTraceBehavior [ RunTime:0.000507s ]
INFO: [ app_end ] --END-- [ RunTime:0.000602s ]

[ 2017-10-20T13:10:47+08:00 ] 127.0.0.1 /center.php/Data/return_last_time.html?chip_id=1
INFO: [ app_init ] --START--
INFO: Run Behavior\BuildLiteBehavior [ RunTime:0.000025s ]
INFO: [ app_init ] --END-- [ RunTime:0.000475s ]
INFO: [ app_begin ] --START--
INFO: Run Behavior\ReadHtmlCacheBehavior [ RunTime:0.000386s ]
INFO: [ app_begin ] --END-- [ RunTime:0.000451s ]
NOTIC: [8] Use of undefined constant chip_id - assumed 'chip_id' D:\wamp\www\ybplant\Application\center\Controller\DataController.class.php 第 36 行.
SQL: SHOW COLUMNS FROM `chip_set` [ RunTime:0.0024s ]
SQL: SELECT * FROM `chip_set` WHERE ( chip_id = "1"  )  [ RunTime:0.0003s ]
INFO: [ app_end ] --START--
INFO: Run Behavior\ShowPageTraceBehavior [ RunTime:0.000433s ]
INFO: [ app_end ] --END-- [ RunTime:0.000503s ]

[ 2017-10-20T13:10:47+08:00 ] 127.0.0.1 /center.php/index/bindChip.html
INFO: [ app_init ] --START--
INFO: Run Behavior\BuildLiteBehavior [ RunTime:0.000024s ]
INFO: [ app_init ] --END-- [ RunTime:0.000416s ]
INFO: [ app_begin ] --START--
INFO: Run Behavior\ReadHtmlCacheBehavior [ RunTime:0.000518s ]
INFO: [ app_begin ] --END-- [ RunTime:0.000626s ]
NOTIC: [8] Use of undefined constant isuser - assumed 'isuser' D:\wamp\www\ybplant\Application\center\Controller\IndexController.class.php 第 77 行.
NOTIC: [8] Use of undefined constant user - assumed 'user' D:\wamp\www\ybplant\Application\center\Controller\IndexController.class.php 第 51 行.
NOTIC: [8] Use of undefined constant username - assumed 'username' D:\wamp\www\ybplant\Application\center\Controller\IndexController.class.php 第 51 行.
SQL: SHOW COLUMNS FROM `chip_set` [ RunTime:0.0033s ]
SQL: SELECT * FROM `chip_set` WHERE ( username = "yibu"  )  [ RunTime:0.0004s ]
INFO: [ view_parse ] --START--
INFO: [ template_filter ] --START--
INFO: Run Behavior\ContentReplaceBehavior [ RunTime:0.000111s ]
INFO: [ template_filter ] --END-- [ RunTime:0.000217s ]
NOTIC: [8] Use of undefined constant isuser - assumed 'isuser' D:\wamp\www\ybplant\Application\Runtime\Cache\center\665b0d6e38964483d91d0b4b33ee6bc8.php 第 78 行.
NOTIC: [8] Use of undefined constant isuser - assumed 'isuser' D:\wamp\www\ybplant\Application\Runtime\Cache\center\665b0d6e38964483d91d0b4b33ee6bc8.php 第 80 行.
NOTIC: [8] Use of undefined constant user - assumed 'user' D:\wamp\www\ybplant\Application\Runtime\Cache\center\665b0d6e38964483d91d0b4b33ee6bc8.php 第 80 行.
NOTIC: [8] Use of undefined constant username - assumed 'username' D:\wamp\www\ybplant\Application\Runtime\Cache\center\665b0d6e38964483d91d0b4b33ee6bc8.php 第 80 行.
INFO: Run Behavior\ParseTemplateBehavior [ RunTime:0.013317s ]
INFO: [ view_parse ] --END-- [ RunTime:0.013423s ]
INFO: [ view_filter ] --START--
INFO: Run Behavior\WriteHtmlCacheBehavior [ RunTime:0.000230s ]
INFO: [ view_filter ] --END-- [ RunTime:0.000328s ]
INFO: [ app_end ] --START--
INFO: Run Behavior\ShowPageTraceBehavior [ RunTime:0.000609s ]
INFO: [ app_end ] --END-- [ RunTime:0.000722s ]

[ 2017-10-20T13:10:51+08:00 ] 127.0.0.1 /center.php/Data/delete_chip.html?chip_id=1
INFO: [ app_init ] --START--
INFO: Run Behavior\BuildLiteBehavior [ RunTime:0.000051s ]
INFO: [ app_init ] --END-- [ RunTime:0.000958s ]
INFO: [ app_begin ] --START--
INFO: Run Behavior\ReadHtmlCacheBehavior [ RunTime:0.000408s ]
INFO: [ app_begin ] --END-- [ RunTime:0.000491s ]
SQL: SHOW COLUMNS FROM `chip_set` [ RunTime:0.0024s ]
SQL: DELETE FROM `chip_set` WHERE ( chip_id = "1"  ) [ RunTime:0.0377s ]
SQL: SHOW COLUMNS FROM `chip_temp` [ RunTime:0.0295s ]
SQL: DELETE FROM `chip_temp` WHERE ( chip_id = "1"  ) [ RunTime:0.0006s ]
SQL: SHOW COLUMNS FROM `chip_data` [ RunTime:0.0042s ]
SQL: DELETE FROM `chip_data` WHERE ( chip_id = "1"  ) [ RunTime:0.0479s ]
INFO: [ view_parse ] --START--
INFO: [ template_filter ] --START--
INFO: Run Behavior\ContentReplaceBehavior [ RunTime:0.000143s ]
INFO: [ template_filter ] --END-- [ RunTime:0.000293s ]
NOTIC: [8] Use of undefined constant isuser - assumed 'isuser' D:\wamp\www\ybplant\Application\Runtime\Cache\center\f47a73710cbd3a8e4d353cbb2c5ff0f6.php 第 78 行.
NOTIC: [8] Use of undefined constant isuser - assumed 'isuser' D:\wamp\www\ybplant\Application\Runtime\Cache\center\f47a73710cbd3a8e4d353cbb2c5ff0f6.php 第 80 行.
NOTIC: [8] Use of undefined constant user - assumed 'user' D:\wamp\www\ybplant\Application\Runtime\Cache\center\f47a73710cbd3a8e4d353cbb2c5ff0f6.php 第 80 行.
NOTIC: [8] Use of undefined constant username - assumed 'username' D:\wamp\www\ybplant\Application\Runtime\Cache\center\f47a73710cbd3a8e4d353cbb2c5ff0f6.php 第 80 行.
INFO: Run Behavior\ParseTemplateBehavior [ RunTime:0.013498s ]
INFO: [ view_parse ] --END-- [ RunTime:0.013652s ]
INFO: [ view_filter ] --START--
INFO: Run Behavior\WriteHtmlCacheBehavior [ RunTime:0.000333s ]
INFO: [ view_filter ] --END-- [ RunTime:0.000470s ]
INFO: [ app_end ] --START--
INFO: Run Behavior\ShowPageTraceBehavior [ RunTime:0.000749s ]
INFO: [ app_end ] --END-- [ RunTime:0.000893s ]

[ 2017-10-20T13:10:52+08:00 ] 127.0.0.1 /center.php/index/bindChip.html
INFO: [ app_init ] --START--
INFO: Run Behavior\BuildLiteBehavior [ RunTime:0.000028s ]
INFO: [ app_init ] --END-- [ RunTime:0.000458s ]
INFO: [ app_begin ] --START--
INFO: Run Behavior\ReadHtmlCacheBehavior [ RunTime:0.000566s ]
INFO: [ app_begin ] --END-- [ RunTime:0.000684s ]
NOTIC: [8] Use of undefined constant isuser - assumed 'isuser' D:\wamp\www\ybplant\Application\center\Controller\IndexController.class.php 第 77 行.
NOTIC: [8] Use of undefined constant user - assumed 'user' D:\wamp\www\ybplant\Application\center\Controller\IndexController.class.php 第 51 行.
NOTIC: [8] Use of undefined constant username - assumed 'username' D:\wamp\www\ybplant\Application\center\Controller\IndexController.class.php 第 51 行.
SQL: SHOW COLUMNS FROM `chip_set` [ RunTime:0.0025s ]
SQL: SELECT * FROM `chip_set` WHERE ( username = "yibu"  )  [ RunTime:0.0003s ]
INFO: [ view_parse ] --START--
INFO: [ template_filter ] --START--
INFO: Run Behavior\ContentReplaceBehavior [ RunTime:0.000075s ]
INFO: [ template_filter ] --END-- [ RunTime:0.000149s ]
NOTIC: [8] Use of undefined constant isuser - assumed 'isuser' D:\wamp\www\ybplant\Application\Runtime\Cache\center\665b0d6e38964483d91d0b4b33ee6bc8.php 第 78 行.
NOTIC: [8] Use of undefined constant isuser - assumed 'isuser' D:\wamp\www\ybplant\Application\Runtime\Cache\center\665b0d6e38964483d91d0b4b33ee6bc8.php 第 80 行.
NOTIC: [8] Use of undefined constant user - assumed 'user' D:\wamp\www\ybplant\Application\Runtime\Cache\center\665b0d6e38964483d91d0b4b33ee6bc8.php 第 80 行.
NOTIC: [8] Use of undefined constant username - assumed 'username' D:\wamp\www\ybplant\Application\Runtime\Cache\center\665b0d6e38964483d91d0b4b33ee6bc8.php 第 80 行.
INFO: Run Behavior\ParseTemplateBehavior [ RunTime:0.009709s ]
INFO: [ view_parse ] --END-- [ RunTime:0.009779s ]
INFO: [ view_filter ] --START--
INFO: Run Behavior\WriteHtmlCacheBehavior [ RunTime:0.000150s ]
INFO: [ view_filter ] --END-- [ RunTime:0.000213s ]
INFO: [ app_end ] --START--
INFO: Run Behavior\ShowPageTraceBehavior [ RunTime:0.000374s ]
INFO: [ app_end ] --END-- [ RunTime:0.000441s ]

[ 2017-10-20T13:10:54+08:00 ] 127.0.0.1 /center.php/index/bindChip.html
INFO: [ app_init ] --START--
INFO: Run Behavior\BuildLiteBehavior [ RunTime:0.000030s ]
INFO: [ app_init ] --END-- [ RunTime:0.000534s ]
INFO: [ app_begin ] --START--
INFO: Run Behavior\ReadHtmlCacheBehavior [ RunTime:0.000640s ]
INFO: [ app_begin ] --END-- [ RunTime:0.000775s ]
NOTIC: [8] Use of undefined constant isuser - assumed 'isuser' D:\wamp\www\ybplant\Application\center\Controller\IndexController.class.php 第 77 行.
NOTIC: [8] Use of undefined constant user - assumed 'user' D:\wamp\www\ybplant\Application\center\Controller\IndexController.class.php 第 51 行.
NOTIC: [8] Use of undefined constant username - assumed 'username' D:\wamp\www\ybplant\Application\center\Controller\IndexController.class.php 第 51 行.
SQL: SHOW COLUMNS FROM `chip_set` [ RunTime:0.0030s ]
SQL: SELECT * FROM `chip_set` WHERE ( username = "yibu"  )  [ RunTime:0.0004s ]
INFO: [ view_parse ] --START--
INFO: [ template_filter ] --START--
INFO: Run Behavior\ContentReplaceBehavior [ RunTime:0.000081s ]
INFO: [ template_filter ] --END-- [ RunTime:0.000167s ]
NOTIC: [8] Use of undefined constant isuser - assumed 'isuser' D:\wamp\www\ybplant\Application\Runtime\Cache\center\665b0d6e38964483d91d0b4b33ee6bc8.php 第 78 行.
NOTIC: [8] Use of undefined constant isuser - assumed 'isuser' D:\wamp\www\ybplant\Application\Runtime\Cache\center\665b0d6e38964483d91d0b4b33ee6bc8.php 第 80 行.
NOTIC: [8] Use of undefined constant user - assumed 'user' D:\wamp\www\ybplant\Application\Runtime\Cache\center\665b0d6e38964483d91d0b4b33ee6bc8.php 第 80 行.
NOTIC: [8] Use of undefined constant username - assumed 'username' D:\wamp\www\ybplant\Application\Runtime\Cache\center\665b0d6e38964483d91d0b4b33ee6bc8.php 第 80 行.
INFO: Run Behavior\ParseTemplateBehavior [ RunTime:0.009886s ]
INFO: [ view_parse ] --END-- [ RunTime:0.009965s ]
INFO: [ view_filter ] --START--
INFO: Run Behavior\WriteHtmlCacheBehavior [ RunTime:0.000184s ]
INFO: [ view_filter ] --END-- [ RunTime:0.000277s ]
INFO: [ app_end ] --START--
INFO: Run Behavior\ShowPageTraceBehavior [ RunTime:0.000381s ]
INFO: [ app_end ] --END-- [ RunTime:0.000450s ]

[ 2017-10-20T13:10:55+08:00 ] 127.0.0.1 /center.php/index/allData.html
INFO: [ app_init ] --START--
INFO: Run Behavior\BuildLiteBehavior [ RunTime:0.000031s ]
INFO: [ app_init ] --END-- [ RunTime:0.000527s ]
INFO: [ app_begin ] --START--
INFO: Run Behavior\ReadHtmlCacheBehavior [ RunTime:0.000659s ]
INFO: [ app_begin ] --END-- [ RunTime:0.000797s ]
NOTIC: [8] Use of undefined constant isuser - assumed 'isuser' D:\wamp\www\ybplant\Application\center\Controller\IndexController.class.php 第 77 行.
NOTIC: [8] Use of undefined constant user - assumed 'user' D:\wamp\www\ybplant\Application\center\Controller\IndexController.class.php 第 65 行.
NOTIC: [8] Use of undefined constant username - assumed 'username' D:\wamp\www\ybplant\Application\center\Controller\IndexController.class.php 第 65 行.
SQL: SHOW COLUMNS FROM `chip_set` [ RunTime:0.0023s ]
SQL: SELECT * FROM `chip_set` WHERE ( username = "yibu"  )  [ RunTime:0.0003s ]
INFO: [ view_parse ] --START--
INFO: [ template_filter ] --START--
INFO: Run Behavior\ContentReplaceBehavior [ RunTime:0.000106s ]
INFO: [ template_filter ] --END-- [ RunTime:0.000194s ]
NOTIC: [8] Use of undefined constant isuser - assumed 'isuser' D:\wamp\www\ybplant\Application\Runtime\Cache\center\01219490d900f8beb22a73a3db4c0b9e.php 第 78 行.
NOTIC: [8] Use of undefined constant isuser - assumed 'isuser' D:\wamp\www\ybplant\Application\Runtime\Cache\center\01219490d900f8beb22a73a3db4c0b9e.php 第 80 行.
NOTIC: [8] Use of undefined constant user - assumed 'user' D:\wamp\www\ybplant\Application\Runtime\Cache\center\01219490d900f8beb22a73a3db4c0b9e.php 第 80 行.
NOTIC: [8] Use of undefined constant username - assumed 'username' D:\wamp\www\ybplant\Application\Runtime\Cache\center\01219490d900f8beb22a73a3db4c0b9e.php 第 80 行.
INFO: Run Behavior\ParseTemplateBehavior [ RunTime:0.010375s ]
INFO: [ view_parse ] --END-- [ RunTime:0.010456s ]
INFO: [ view_filter ] --START--
INFO: Run Behavior\WriteHtmlCacheBehavior [ RunTime:0.000175s ]
INFO: [ view_filter ] --END-- [ RunTime:0.000246s ]
INFO: [ app_end ] --START--
INFO: Run Behavior\ShowPageTraceBehavior [ RunTime:0.000441s ]
INFO: [ app_end ] --END-- [ RunTime:0.000518s ]

[ 2017-10-20T13:10:55+08:00 ] 127.0.0.1 /center.php/Data/return_last_time.html?chip_id=123
INFO: [ app_init ] --START--
INFO: Run Behavior\BuildLiteBehavior [ RunTime:0.000033s ]
INFO: [ app_init ] --END-- [ RunTime:0.000439s ]
INFO: [ app_begin ] --START--
INFO: Run Behavior\ReadHtmlCacheBehavior [ RunTime:0.000490s ]
INFO: [ app_begin ] --END-- [ RunTime:0.000592s ]
NOTIC: [8] Use of undefined constant chip_id - assumed 'chip_id' D:\wamp\www\ybplant\Application\center\Controller\DataController.class.php 第 36 行.
SQL: SHOW COLUMNS FROM `chip_set` [ RunTime:0.0025s ]
SQL: SELECT * FROM `chip_set` WHERE ( chip_id = "123"  )  [ RunTime:0.0002s ]
INFO: [ app_end ] --START--
INFO: Run Behavior\ShowPageTraceBehavior [ RunTime:0.000424s ]
INFO: [ app_end ] --END-- [ RunTime:0.000492s ]

[ 2017-10-20T13:10:55+08:00 ] 127.0.0.1 /center.php/Data/return_data.html?chip_id=123
INFO: [ app_init ] --START--
INFO: Run Behavior\BuildLiteBehavior [ RunTime:0.000034s ]
INFO: [ app_init ] --END-- [ RunTime:0.000486s ]
INFO: [ app_begin ] --START--
INFO: Run Behavior\ReadHtmlCacheBehavior [ RunTime:0.000460s ]
INFO: [ app_begin ] --END-- [ RunTime:0.000547s ]
NOTIC: [8] Use of undefined constant chip_id - assumed 'chip_id' D:\wamp\www\ybplant\Application\center\Controller\DataController.class.php 第 6 行.
NOTIC: [8] Use of undefined constant start_time - assumed 'start_time' D:\wamp\www\ybplant\Application\center\Controller\DataController.class.php 第 7 行.
NOTIC: [8] Undefined index: start_time D:\wamp\www\ybplant\Application\center\Controller\DataController.class.php 第 7 行.
SQL: SHOW COLUMNS FROM `chip_data` [ RunTime:0.0028s ]
SQL: SELECT * FROM `chip_data` WHERE ( chip_id = "123" and unix_timestamp(time)>1507871455 and unix_timestamp(time)<1508476255  )  [ RunTime:0.0009s ]
INFO: [ app_end ] --START--
INFO: Run Behavior\ShowPageTraceBehavior [ RunTime:0.000389s ]
INFO: [ app_end ] --END-- [ RunTime:0.000456s ]

[ 2017-10-20T13:10:55+08:00 ] 127.0.0.1 /center.php/Data/return_last_time.html?chip_id=123
INFO: [ app_init ] --START--
INFO: Run Behavior\BuildLiteBehavior [ RunTime:0.000017s ]
INFO: [ app_init ] --END-- [ RunTime:0.000325s ]
INFO: [ app_begin ] --START--
INFO: Run Behavior\ReadHtmlCacheBehavior [ RunTime:0.000426s ]
INFO: [ app_begin ] --END-- [ RunTime:0.000494s ]
NOTIC: [8] Use of undefined constant chip_id - assumed 'chip_id' D:\wamp\www\ybplant\Application\center\Controller\DataController.class.php 第 36 行.
SQL: SHOW COLUMNS FROM `chip_set` [ RunTime:0.0026s ]
SQL: SELECT * FROM `chip_set` WHERE ( chip_id = "123"  )  [ RunTime:0.0002s ]
INFO: [ app_end ] --START--
INFO: Run Behavior\ShowPageTraceBehavior [ RunTime:0.000433s ]
INFO: [ app_end ] --END-- [ RunTime:0.000503s ]

[ 2017-10-20T13:10:56+08:00 ] 127.0.0.1 /center.php/index/autoWater.html
INFO: [ app_init ] --START--
INFO: Run Behavior\BuildLiteBehavior [ RunTime:0.000046s ]
INFO: [ app_init ] --END-- [ RunTime:0.000860s ]
INFO: [ app_begin ] --START--
INFO: Run Behavior\ReadHtmlCacheBehavior [ RunTime:0.001037s ]
INFO: [ app_begin ] --END-- [ RunTime:0.001335s ]
NOTIC: [8] Use of undefined constant isuser - assumed 'isuser' D:\wamp\www\ybplant\Application\center\Controller\IndexController.class.php 第 77 行.
NOTIC: [8] Use of undefined constant user - assumed 'user' D:\wamp\www\ybplant\Application\center\Controller\IndexController.class.php 第 44 行.
NOTIC: [8] Use of undefined constant username - assumed 'username' D:\wamp\www\ybplant\Application\center\Controller\IndexController.class.php 第 44 行.
SQL: SHOW COLUMNS FROM `chip_set` [ RunTime:0.0030s ]
SQL: SELECT * FROM `chip_set` WHERE ( username = "yibu"  )  [ RunTime:0.0004s ]
INFO: [ view_parse ] --START--
INFO: [ template_filter ] --START--
INFO: Run Behavior\ContentReplaceBehavior [ RunTime:0.000123s ]
INFO: [ template_filter ] --END-- [ RunTime:0.000225s ]
NOTIC: [8] Use of undefined constant isuser - assumed 'isuser' D:\wamp\www\ybplant\Application\Runtime\Cache\center\8ce1a0c4f165da22c003458bdf1eeaf3.php 第 78 行.
NOTIC: [8] Use of undefined constant isuser - assumed 'isuser' D:\wamp\www\ybplant\Application\Runtime\Cache\center\8ce1a0c4f165da22c003458bdf1eeaf3.php 第 80 行.
NOTIC: [8] Use of undefined constant user - assumed 'user' D:\wamp\www\ybplant\Application\Runtime\Cache\center\8ce1a0c4f165da22c003458bdf1eeaf3.php 第 80 行.
NOTIC: [8] Use of undefined constant username - assumed 'username' D:\wamp\www\ybplant\Application\Runtime\Cache\center\8ce1a0c4f165da22c003458bdf1eeaf3.php 第 80 行.
NOTIC: [8] Uninitialized string offset: 0 D:\wamp\www\ybplant\Application\Runtime\Cache\center\8ce1a0c4f165da22c003458bdf1eeaf3.php 第 168 行.
NOTIC: [8] Uninitialized string offset: 0 D:\wamp\www\ybplant\Application\Runtime\Cache\center\8ce1a0c4f165da22c003458bdf1eeaf3.php 第 169 行.
NOTIC: [8] Uninitialized string offset: 0 D:\wamp\www\ybplant\Application\Runtime\Cache\center\8ce1a0c4f165da22c003458bdf1eeaf3.php 第 168 行.
NOTIC: [8] Uninitialized string offset: 0 D:\wamp\www\ybplant\Application\Runtime\Cache\center\8ce1a0c4f165da22c003458bdf1eeaf3.php 第 169 行.
NOTIC: [8] Uninitialized string offset: 0 D:\wamp\www\ybplant\Application\Runtime\Cache\center\8ce1a0c4f165da22c003458bdf1eeaf3.php 第 168 行.
NOTIC: [8] Uninitialized string offset: 0 D:\wamp\www\ybplant\Application\Runtime\Cache\center\8ce1a0c4f165da22c003458bdf1eeaf3.php 第 169 行.
INFO: Run Behavior\ParseTemplateBehavior [ RunTime:0.016078s ]
INFO: [ view_parse ] --END-- [ RunTime:0.016172s ]
INFO: [ view_filter ] --START--
INFO: Run Behavior\WriteHtmlCacheBehavior [ RunTime:0.000213s ]
INFO: [ view_filter ] --END-- [ RunTime:0.000298s ]
INFO: [ app_end ] --START--
INFO: Run Behavior\ShowPageTraceBehavior [ RunTime:0.000454s ]
INFO: [ app_end ] --END-- [ RunTime:0.000544s ]

[ 2017-10-20T13:10:57+08:00 ] 127.0.0.1 /center.php/index/allData.html
INFO: [ app_init ] --START--
INFO: Run Behavior\BuildLiteBehavior [ RunTime:0.000029s ]
INFO: [ app_init ] --END-- [ RunTime:0.000541s ]
INFO: [ app_begin ] --START--
INFO: Run Behavior\ReadHtmlCacheBehavior [ RunTime:0.000621s ]
INFO: [ app_begin ] --END-- [ RunTime:0.000751s ]
NOTIC: [8] Use of undefined constant isuser - assumed 'isuser' D:\wamp\www\ybplant\Application\center\Controller\IndexController.class.php 第 77 行.
NOTIC: [8] Use of undefined constant user - assumed 'user' D:\wamp\www\ybplant\Application\center\Controller\IndexController.class.php 第 65 行.
NOTIC: [8] Use of undefined constant username - assumed 'username' D:\wamp\www\ybplant\Application\center\Controller\IndexController.class.php 第 65 行.
SQL: SHOW COLUMNS FROM `chip_set` [ RunTime:0.0035s ]
SQL: SELECT * FROM `chip_set` WHERE ( username = "yibu"  )  [ RunTime:0.0004s ]
INFO: [ view_parse ] --START--
INFO: [ template_filter ] --START--
INFO: Run Behavior\ContentReplaceBehavior [ RunTime:0.000152s ]
INFO: [ template_filter ] --END-- [ RunTime:0.000273s ]
NOTIC: [8] Use of undefined constant isuser - assumed 'isuser' D:\wamp\www\ybplant\Application\Runtime\Cache\center\01219490d900f8beb22a73a3db4c0b9e.php 第 78 行.
NOTIC: [8] Use of undefined constant isuser - assumed 'isuser' D:\wamp\www\ybplant\Application\Runtime\Cache\center\01219490d900f8beb22a73a3db4c0b9e.php 第 80 行.
NOTIC: [8] Use of undefined constant user - assumed 'user' D:\wamp\www\ybplant\Application\Runtime\Cache\center\01219490d900f8beb22a73a3db4c0b9e.php 第 80 行.
NOTIC: [8] Use of undefined constant username - assumed 'username' D:\wamp\www\ybplant\Application\Runtime\Cache\center\01219490d900f8beb22a73a3db4c0b9e.php 第 80 行.
INFO: Run Behavior\ParseTemplateBehavior [ RunTime:0.015176s ]
INFO: [ view_parse ] --END-- [ RunTime:0.015292s ]
INFO: [ view_filter ] --START--
INFO: Run Behavior\WriteHtmlCacheBehavior [ RunTime:0.000253s ]
INFO: [ view_filter ] --END-- [ RunTime:0.000360s ]
INFO: [ app_end ] --START--
INFO: Run Behavior\ShowPageTraceBehavior [ RunTime:0.000571s ]
INFO: [ app_end ] --END-- [ RunTime:0.000684s ]

[ 2017-10-20T13:10:58+08:00 ] 127.0.0.1 /center.php/Data/return_last_time.html?chip_id=123
INFO: [ app_init ] --START--
INFO: Run Behavior\BuildLiteBehavior [ RunTime:0.000023s ]
INFO: [ app_init ] --END-- [ RunTime:0.000407s ]
INFO: [ app_begin ] --START--
INFO: Run Behavior\ReadHtmlCacheBehavior [ RunTime:0.000525s ]
INFO: [ app_begin ] --END-- [ RunTime:0.000602s ]
NOTIC: [8] Use of undefined constant chip_id - assumed 'chip_id' D:\wamp\www\ybplant\Application\center\Controller\DataController.class.php 第 36 行.
SQL: SHOW COLUMNS FROM `chip_set` [ RunTime:0.0027s ]
SQL: SELECT * FROM `chip_set` WHERE ( chip_id = "123"  )  [ RunTime:0.0003s ]
INFO: [ app_end ] --START--
INFO: Run Behavior\ShowPageTraceBehavior [ RunTime:0.000453s ]
INFO: [ app_end ] --END-- [ RunTime:0.000524s ]

[ 2017-10-20T13:10:58+08:00 ] 127.0.0.1 /center.php/Data/return_data.html?chip_id=123
INFO: [ app_init ] --START--
INFO: Run Behavior\BuildLiteBehavior [ RunTime:0.000037s ]
INFO: [ app_init ] --END-- [ RunTime:0.000390s ]
INFO: [ app_begin ] --START--
INFO: Run Behavior\ReadHtmlCacheBehavior [ RunTime:0.000514s ]
INFO: [ app_begin ] --END-- [ RunTime:0.000615s ]
NOTIC: [8] Use of undefined constant chip_id - assumed 'chip_id' D:\wamp\www\ybplant\Application\center\Controller\DataController.class.php 第 6 行.
NOTIC: [8] Use of undefined constant start_time - assumed 'start_time' D:\wamp\www\ybplant\Application\center\Controller\DataController.class.php 第 7 行.
NOTIC: [8] Undefined index: start_time D:\wamp\www\ybplant\Application\center\Controller\DataController.class.php 第 7 行.
SQL: SHOW COLUMNS FROM `chip_data` [ RunTime:0.0024s ]
SQL: SELECT * FROM `chip_data` WHERE ( chip_id = "123" and unix_timestamp(time)>1507871458 and unix_timestamp(time)<1508476258  )  [ RunTime:0.0007s ]
INFO: [ app_end ] --START--
INFO: Run Behavior\ShowPageTraceBehavior [ RunTime:0.000445s ]
INFO: [ app_end ] --END-- [ RunTime:0.000518s ]

[ 2017-10-20T13:10:58+08:00 ] 127.0.0.1 /center.php/Data/return_last_time.html?chip_id=123
INFO: [ app_init ] --START--
INFO: Run Behavior\BuildLiteBehavior [ RunTime:0.000019s ]
INFO: [ app_init ] --END-- [ RunTime:0.000290s ]
INFO: [ app_begin ] --START--
INFO: Run Behavior\ReadHtmlCacheBehavior [ RunTime:0.000357s ]
INFO: [ app_begin ] --END-- [ RunTime:0.000442s ]
NOTIC: [8] Use of undefined constant chip_id - assumed 'chip_id' D:\wamp\www\ybplant\Application\center\Controller\DataController.class.php 第 36 行.
SQL: SHOW COLUMNS FROM `chip_set` [ RunTime:0.0025s ]
SQL: SELECT * FROM `chip_set` WHERE ( chip_id = "123"  )  [ RunTime:0.0003s ]
INFO: [ app_end ] --START--
INFO: Run Behavior\ShowPageTraceBehavior [ RunTime:0.000432s ]
INFO: [ app_end ] --END-- [ RunTime:0.000500s ]

[ 2017-10-20T13:11:02+08:00 ] 127.0.0.1 /center.php/index/undergoing.html
INFO: [ app_init ] --START--
INFO: Run Behavior\BuildLiteBehavior [ RunTime:0.000057s ]
INFO: [ app_init ] --END-- [ RunTime:0.000983s ]
INFO: [ app_begin ] --START--
INFO: Run Behavior\ReadHtmlCacheBehavior [ RunTime:0.001143s ]
INFO: [ app_begin ] --END-- [ RunTime:0.001345s ]
NOTIC: [8] Use of undefined constant isuser - assumed 'isuser' D:\wamp\www\ybplant\Application\center\Controller\IndexController.class.php 第 77 行.
INFO: [ view_parse ] --START--
INFO: [ template_filter ] --START--
INFO: Run Behavior\ContentReplaceBehavior [ RunTime:0.000135s ]
INFO: [ template_filter ] --END-- [ RunTime:0.000283s ]
NOTIC: [8] Use of undefined constant isuser - assumed 'isuser' D:\wamp\www\ybplant\Application\Runtime\Cache\center\f47a73710cbd3a8e4d353cbb2c5ff0f6.php 第 78 行.
NOTIC: [8] Use of undefined constant isuser - assumed 'isuser' D:\wamp\www\ybplant\Application\Runtime\Cache\center\f47a73710cbd3a8e4d353cbb2c5ff0f6.php 第 80 行.
NOTIC: [8] Use of undefined constant user - assumed 'user' D:\wamp\www\ybplant\Application\Runtime\Cache\center\f47a73710cbd3a8e4d353cbb2c5ff0f6.php 第 80 行.
NOTIC: [8] Use of undefined constant username - assumed 'username' D:\wamp\www\ybplant\Application\Runtime\Cache\center\f47a73710cbd3a8e4d353cbb2c5ff0f6.php 第 80 行.
INFO: Run Behavior\ParseTemplateBehavior [ RunTime:0.013209s ]
INFO: [ view_parse ] --END-- [ RunTime:0.013357s ]
INFO: [ view_filter ] --START--
INFO: Run Behavior\WriteHtmlCacheBehavior [ RunTime:0.000325s ]
INFO: [ view_filter ] --END-- [ RunTime:0.000462s ]

[ 2017-10-20T13:11:05+08:00 ] 127.0.0.1 /center.php/Data/return_last_time.html?chip_id=123
INFO: [ app_init ] --START--
INFO: Run Behavior\BuildLiteBehavior [ RunTime:0.000039s ]
INFO: [ app_init ] --END-- [ RunTime:0.000536s ]
INFO: [ app_begin ] --START--
INFO: Run Behavior\ReadHtmlCacheBehavior [ RunTime:0.000580s ]
INFO: [ app_begin ] --END-- [ RunTime:0.000698s ]
NOTIC: [8] Use of undefined constant chip_id - assumed 'chip_id' D:\wamp\www\ybplant\Application\center\Controller\DataController.class.php 第 36 行.
SQL: SHOW COLUMNS FROM `chip_set` [ RunTime:0.0028s ]
SQL: SELECT * FROM `chip_set` WHERE ( chip_id = "123"  )  [ RunTime:0.0003s ]
INFO: [ app_end ] --START--
INFO: Run Behavior\ShowPageTraceBehavior [ RunTime:0.000472s ]
INFO: [ app_end ] --END-- [ RunTime:0.000550s ]

[ 2017-10-20T13:11:05+08:00 ] 127.0.0.1 /center.php/Data/return_data.html?chip_id=123
INFO: [ app_init ] --START--
INFO: Run Behavior\BuildLiteBehavior [ RunTime:0.000021s ]
INFO: [ app_init ] --END-- [ RunTime:0.000409s ]
INFO: [ app_begin ] --START--
INFO: Run Behavior\ReadHtmlCacheBehavior [ RunTime:0.000465s ]
INFO: [ app_begin ] --END-- [ RunTime:0.000579s ]
NOTIC: [8] Use of undefined constant chip_id - assumed 'chip_id' D:\wamp\www\ybplant\Application\center\Controller\DataController.class.php 第 6 行.
NOTIC: [8] Use of undefined constant start_time - assumed 'start_time' D:\wamp\www\ybplant\Application\center\Controller\DataController.class.php 第 7 行.
NOTIC: [8] Undefined index: start_time D:\wamp\www\ybplant\Application\center\Controller\DataController.class.php 第 7 行.
SQL: SHOW COLUMNS FROM `chip_data` [ RunTime:0.0028s ]
SQL: SELECT * FROM `chip_data` WHERE ( chip_id = "123" and unix_timestamp(time)>1507871465 and unix_timestamp(time)<1508476265  )  [ RunTime:0.0007s ]
INFO: [ app_end ] --START--
INFO: Run Behavior\ShowPageTraceBehavior [ RunTime:0.000395s ]
INFO: [ app_end ] --END-- [ RunTime:0.000463s ]

[ 2017-10-20T13:11:05+08:00 ] 127.0.0.1 /center.php/Data/return_last_time.html?chip_id=123
INFO: [ app_init ] --START--
INFO: Run Behavior\BuildLiteBehavior [ RunTime:0.000017s ]
INFO: [ app_init ] --END-- [ RunTime:0.000287s ]
INFO: [ app_begin ] --START--
INFO: Run Behavior\ReadHtmlCacheBehavior [ RunTime:0.000363s ]
INFO: [ app_begin ] --END-- [ RunTime:0.000429s ]
NOTIC: [8] Use of undefined constant chip_id - assumed 'chip_id' D:\wamp\www\ybplant\Application\center\Controller\DataController.class.php 第 36 行.
SQL: SHOW COLUMNS FROM `chip_set` [ RunTime:0.0027s ]
SQL: SELECT * FROM `chip_set` WHERE ( chip_id = "123"  )  [ RunTime:0.0003s ]
INFO: [ app_end ] --START--
INFO: Run Behavior\ShowPageTraceBehavior [ RunTime:0.000434s ]
INFO: [ app_end ] --END-- [ RunTime:0.000503s ]

[ 2017-10-20T15:03:56+08:00 ] 127.0.0.1 /center.php/index/center
INFO: [ app_init ] --START--
INFO: Run Behavior\BuildLiteBehavior [ RunTime:0.000088s ]
INFO: [ app_init ] --END-- [ RunTime:0.000862s ]
INFO: [ app_begin ] --START--
INFO: Run Behavior\ReadHtmlCacheBehavior [ RunTime:0.001044s ]
INFO: [ app_begin ] --END-- [ RunTime:0.001262s ]
NOTIC: [8] Use of undefined constant isuser - assumed 'isuser' D:\wamp\www\ybplant\Application\center\Controller\IndexController.class.php 第 77 行.
NOTIC: [8] Use of undefined constant user - assumed 'user' D:\wamp\www\ybplant\Application\center\Controller\IndexController.class.php 第 7 行.
NOTIC: [8] Use of undefined constant username - assumed 'username' D:\wamp\www\ybplant\Application\center\Controller\IndexController.class.php 第 7 行.
SQL: SHOW COLUMNS FROM `chip_set` [ RunTime:0.0028s ]
SQL: SELECT * FROM `chip_set` WHERE ( username = "yibu"  )  [ RunTime:0.0004s ]
INFO: [ view_parse ] --START--
INFO: [ template_filter ] --START--
INFO: Run Behavior\ContentReplaceBehavior [ RunTime:0.000108s ]
INFO: [ template_filter ] --END-- [ RunTime:0.000204s ]
NOTIC: [8] Use of undefined constant isuser - assumed 'isuser' D:\wamp\www\ybplant\Application\Runtime\Cache\center\9d213bf067cd19d8521997830e951f64.php 第 78 行.
NOTIC: [8] Use of undefined constant isuser - assumed 'isuser' D:\wamp\www\ybplant\Application\Runtime\Cache\center\9d213bf067cd19d8521997830e951f64.php 第 80 行.
NOTIC: [8] Use of undefined constant user - assumed 'user' D:\wamp\www\ybplant\Application\Runtime\Cache\center\9d213bf067cd19d8521997830e951f64.php 第 80 行.
NOTIC: [8] Use of undefined constant username - assumed 'username' D:\wamp\www\ybplant\Application\Runtime\Cache\center\9d213bf067cd19d8521997830e951f64.php 第 80 行.
INFO: Run Behavior\ParseTemplateBehavior [ RunTime:0.011337s ]
INFO: [ view_parse ] --END-- [ RunTime:0.011420s ]
INFO: [ view_filter ] --START--
INFO: Run Behavior\WriteHtmlCacheBehavior [ RunTime:0.000189s ]
INFO: [ view_filter ] --END-- [ RunTime:0.000264s ]
INFO: [ app_end ] --START--
INFO: Run Behavior\ShowPageTraceBehavior [ RunTime:0.000410s ]
INFO: [ app_end ] --END-- [ RunTime:0.000488s ]

[ 2017-10-20T15:03:56+08:00 ] 127.0.0.1 /center.php/Data/return_data.html?chip_id=123
INFO: [ app_init ] --START--
INFO: Run Behavior\BuildLiteBehavior [ RunTime:0.000021s ]
INFO: [ app_init ] --END-- [ RunTime:0.000313s ]
INFO: [ app_begin ] --START--
INFO: Run Behavior\ReadHtmlCacheBehavior [ RunTime:0.000609s ]
INFO: [ app_begin ] --END-- [ RunTime:0.000723s ]
NOTIC: [8] Use of undefined constant chip_id - assumed 'chip_id' D:\wamp\www\ybplant\Application\center\Controller\DataController.class.php 第 6 行.
NOTIC: [8] Use of undefined constant start_time - assumed 'start_time' D:\wamp\www\ybplant\Application\center\Controller\DataController.class.php 第 7 行.
NOTIC: [8] Undefined index: start_time D:\wamp\www\ybplant\Application\center\Controller\DataController.class.php 第 7 行.
SQL: SHOW COLUMNS FROM `chip_data` [ RunTime:0.0032s ]
SQL: SELECT * FROM `chip_data` WHERE ( chip_id = "123" and unix_timestamp(time)>1507878236 and unix_timestamp(time)<1508483036  )  [ RunTime:0.0009s ]
INFO: [ app_end ] --START--
INFO: Run Behavior\ShowPageTraceBehavior [ RunTime:0.000530s ]
INFO: [ app_end ] --END-- [ RunTime:0.000597s ]

[ 2017-10-20T15:03:59+08:00 ] 127.0.0.1 /center.php/index/allData.html
INFO: [ app_init ] --START--
INFO: Run Behavior\BuildLiteBehavior [ RunTime:0.000030s ]
INFO: [ app_init ] --END-- [ RunTime:0.000501s ]
INFO: [ app_begin ] --START--
INFO: Run Behavior\ReadHtmlCacheBehavior [ RunTime:0.000626s ]
INFO: [ app_begin ] --END-- [ RunTime:0.000754s ]
NOTIC: [8] Use of undefined constant isuser - assumed 'isuser' D:\wamp\www\ybplant\Application\center\Controller\IndexController.class.php 第 77 行.
NOTIC: [8] Use of undefined constant user - assumed 'user' D:\wamp\www\ybplant\Application\center\Controller\IndexController.class.php 第 65 行.
NOTIC: [8] Use of undefined constant username - assumed 'username' D:\wamp\www\ybplant\Application\center\Controller\IndexController.class.php 第 65 行.
SQL: SHOW COLUMNS FROM `chip_set` [ RunTime:0.0037s ]
SQL: SELECT * FROM `chip_set` WHERE ( username = "yibu"  )  [ RunTime:0.0003s ]
INFO: [ view_parse ] --START--
INFO: [ template_filter ] --START--
INFO: Run Behavior\ContentReplaceBehavior [ RunTime:0.000095s ]
INFO: [ template_filter ] --END-- [ RunTime:0.000173s ]
NOTIC: [8] Use of undefined constant isuser - assumed 'isuser' D:\wamp\www\ybplant\Application\Runtime\Cache\center\01219490d900f8beb22a73a3db4c0b9e.php 第 78 行.
NOTIC: [8] Use of undefined constant isuser - assumed 'isuser' D:\wamp\www\ybplant\Application\Runtime\Cache\center\01219490d900f8beb22a73a3db4c0b9e.php 第 80 行.
NOTIC: [8] Use of undefined constant user - assumed 'user' D:\wamp\www\ybplant\Application\Runtime\Cache\center\01219490d900f8beb22a73a3db4c0b9e.php 第 80 行.
NOTIC: [8] Use of undefined constant username - assumed 'username' D:\wamp\www\ybplant\Application\Runtime\Cache\center\01219490d900f8beb22a73a3db4c0b9e.php 第 80 行.
INFO: Run Behavior\ParseTemplateBehavior [ RunTime:0.010081s ]
INFO: [ view_parse ] --END-- [ RunTime:0.010157s ]
INFO: [ view_filter ] --START--
INFO: Run Behavior\WriteHtmlCacheBehavior [ RunTime:0.000156s ]
INFO: [ view_filter ] --END-- [ RunTime:0.000222s ]
INFO: [ app_end ] --START--
INFO: Run Behavior\ShowPageTraceBehavior [ RunTime:0.000373s ]
INFO: [ app_end ] --END-- [ RunTime:0.000441s ]

[ 2017-10-20T15:04:00+08:00 ] 127.0.0.1 /center.php/Data/return_last_time.html?chip_id=123
INFO: [ app_init ] --START--
INFO: Run Behavior\BuildLiteBehavior [ RunTime:0.000019s ]
INFO: [ app_init ] --END-- [ RunTime:0.000317s ]
INFO: [ app_begin ] --START--
INFO: Run Behavior\ReadHtmlCacheBehavior [ RunTime:0.000385s ]
INFO: [ app_begin ] --END-- [ RunTime:0.000452s ]
NOTIC: [8] Use of undefined constant chip_id - assumed 'chip_id' D:\wamp\www\ybplant\Application\center\Controller\DataController.class.php 第 36 行.
SQL: SHOW COLUMNS FROM `chip_set` [ RunTime:0.0031s ]
SQL: SELECT * FROM `chip_set` WHERE ( chip_id = "123"  )  [ RunTime:0.0004s ]
INFO: [ app_end ] --START--
INFO: Run Behavior\ShowPageTraceBehavior [ RunTime:0.000507s ]
INFO: [ app_end ] --END-- [ RunTime:0.000573s ]

[ 2017-10-20T15:04:00+08:00 ] 127.0.0.1 /center.php/Data/return_data.html?chip_id=123
INFO: [ app_init ] --START--
INFO: Run Behavior\BuildLiteBehavior [ RunTime:0.000022s ]
INFO: [ app_init ] --END-- [ RunTime:0.000359s ]
INFO: [ app_begin ] --START--
INFO: Run Behavior\ReadHtmlCacheBehavior [ RunTime:0.000491s ]
INFO: [ app_begin ] --END-- [ RunTime:0.000595s ]
NOTIC: [8] Use of undefined constant chip_id - assumed 'chip_id' D:\wamp\www\ybplant\Application\center\Controller\DataController.class.php 第 6 行.
NOTIC: [8] Use of undefined constant start_time - assumed 'start_time' D:\wamp\www\ybplant\Application\center\Controller\DataController.class.php 第 7 行.
NOTIC: [8] Undefined index: start_time D:\wamp\www\ybplant\Application\center\Controller\DataController.class.php 第 7 行.
SQL: SHOW COLUMNS FROM `chip_data` [ RunTime:0.0024s ]
SQL: SELECT * FROM `chip_data` WHERE ( chip_id = "123" and unix_timestamp(time)>1507878240 and unix_timestamp(time)<1508483040  )  [ RunTime:0.0010s ]
INFO: [ app_end ] --START--
INFO: Run Behavior\ShowPageTraceBehavior [ RunTime:0.000518s ]
INFO: [ app_end ] --END-- [ RunTime:0.000602s ]

[ 2017-10-20T15:04:00+08:00 ] 127.0.0.1 /center.php/Data/return_last_time.html?chip_id=123
INFO: [ app_init ] --START--
INFO: Run Behavior\BuildLiteBehavior [ RunTime:0.000019s ]
INFO: [ app_init ] --END-- [ RunTime:0.000327s ]
INFO: [ app_begin ] --START--
INFO: Run Behavior\ReadHtmlCacheBehavior [ RunTime:0.000626s ]
INFO: [ app_begin ] --END-- [ RunTime:0.000721s ]
NOTIC: [8] Use of undefined constant chip_id - assumed 'chip_id' D:\wamp\www\ybplant\Application\center\Controller\DataController.class.php 第 36 行.
SQL: SHOW COLUMNS FROM `chip_set` [ RunTime:0.0029s ]
SQL: SELECT * FROM `chip_set` WHERE ( chip_id = "123"  )  [ RunTime:0.0003s ]
INFO: [ app_end ] --START--
INFO: Run Behavior\ShowPageTraceBehavior [ RunTime:0.000651s ]
INFO: [ app_end ] --END-- [ RunTime:0.000730s ]

[ 2017-10-20T15:04:02+08:00 ] 127.0.0.1 /center.php/Data/return_last_time.html?chip_id=123
INFO: [ app_init ] --START--
INFO: Run Behavior\BuildLiteBehavior [ RunTime:0.000031s ]
INFO: [ app_init ] --END-- [ RunTime:0.000512s ]
INFO: [ app_begin ] --START--
INFO: Run Behavior\ReadHtmlCacheBehavior [ RunTime:0.000639s ]
INFO: [ app_begin ] --END-- [ RunTime:0.000754s ]
NOTIC: [8] Use of undefined constant chip_id - assumed 'chip_id' D:\wamp\www\ybplant\Application\center\Controller\DataController.class.php 第 36 行.
SQL: SHOW COLUMNS FROM `chip_set` [ RunTime:0.0025s ]
SQL: SELECT * FROM `chip_set` WHERE ( chip_id = "123"  )  [ RunTime:0.0004s ]
INFO: [ app_end ] --START--
INFO: Run Behavior\ShowPageTraceBehavior [ RunTime:0.000644s ]
INFO: [ app_end ] --END-- [ RunTime:0.000731s ]

[ 2017-10-20T15:04:02+08:00 ] 127.0.0.1 /center.php/Data/return_data.html?chip_id=123
INFO: [ app_init ] --START--
INFO: Run Behavior\BuildLiteBehavior [ RunTime:0.000030s ]
INFO: [ app_init ] --END-- [ RunTime:0.000507s ]
INFO: [ app_begin ] --START--
INFO: Run Behavior\ReadHtmlCacheBehavior [ RunTime:0.000629s ]
INFO: [ app_begin ] --END-- [ RunTime:0.000750s ]
NOTIC: [8] Use of undefined constant chip_id - assumed 'chip_id' D:\wamp\www\ybplant\Application\center\Controller\DataController.class.php 第 6 行.
NOTIC: [8] Use of undefined constant start_time - assumed 'start_time' D:\wamp\www\ybplant\Application\center\Controller\DataController.class.php 第 7 行.
NOTIC: [8] Undefined index: start_time D:\wamp\www\ybplant\Application\center\Controller\DataController.class.php 第 7 行.
SQL: SHOW COLUMNS FROM `chip_data` [ RunTime:0.0023s ]
SQL: SELECT * FROM `chip_data` WHERE ( chip_id = "123" and unix_timestamp(time)>1507878242 and unix_timestamp(time)<1508483042  )  [ RunTime:0.0008s ]
INFO: [ app_end ] --START--
INFO: Run Behavior\ShowPageTraceBehavior [ RunTime:0.000458s ]
INFO: [ app_end ] --END-- [ RunTime:0.000526s ]

[ 2017-10-20T15:04:08+08:00 ] 127.0.0.1 /center.php/Data/return_data.html?chip_id=123&start_time=2016-10-01%2000%3A00%3A00&end_time=2017-10-20%2015%3A04%3A08
INFO: [ app_init ] --START--
INFO: Run Behavior\BuildLiteBehavior [ RunTime:0.000048s ]
INFO: [ app_init ] --END-- [ RunTime:0.000822s ]
INFO: [ app_begin ] --START--
INFO: Run Behavior\ReadHtmlCacheBehavior [ RunTime:0.000890s ]
INFO: [ app_begin ] --END-- [ RunTime:0.001042s ]
NOTIC: [8] Use of undefined constant chip_id - assumed 'chip_id' D:\wamp\www\ybplant\Application\center\Controller\DataController.class.php 第 6 行.
NOTIC: [8] Use of undefined constant start_time - assumed 'start_time' D:\wamp\www\ybplant\Application\center\Controller\DataController.class.php 第 7 行.
NOTIC: [8] Use of undefined constant end_time - assumed 'end_time' D:\wamp\www\ybplant\Application\center\Controller\DataController.class.php 第 7 行.
NOTIC: [8] Use of undefined constant start_time - assumed 'start_time' D:\wamp\www\ybplant\Application\center\Controller\DataController.class.php 第 14 行.
NOTIC: [8] Use of undefined constant end_time - assumed 'end_time' D:\wamp\www\ybplant\Application\center\Controller\DataController.class.php 第 15 行.
SQL: SHOW COLUMNS FROM `chip_data` [ RunTime:0.0033s ]
SQL: SELECT * FROM `chip_data` WHERE ( chip_id = "123" and unix_timestamp(time)>1475251200 and unix_timestamp(time)<1508483048  )  [ RunTime:0.0023s ]
INFO: [ app_end ] --START--
INFO: Run Behavior\ShowPageTraceBehavior [ RunTime:0.000666s ]
INFO: [ app_end ] --END-- [ RunTime:0.000773s ]

[ 2017-10-20T17:31:39+08:00 ] 10.98.103.180 /center.php/index/center
INFO: [ app_init ] --START--
INFO: Run Behavior\BuildLiteBehavior [ RunTime:0.000015s ]
INFO: [ app_init ] --END-- [ RunTime:0.000299s ]
INFO: [ app_begin ] --START--
INFO: Run Behavior\ReadHtmlCacheBehavior [ RunTime:0.000412s ]
INFO: [ app_begin ] --END-- [ RunTime:0.000485s ]
NOTIC: [8] Use of undefined constant isuser - assumed 'isuser' D:\wamp\www\ybplant\Application\center\Controller\IndexController.class.php 第 77 行.
NOTIC: [8] Undefined index: isuser D:\wamp\www\ybplant\Application\center\Controller\IndexController.class.php 第 77 行.
INFO: [ view_parse ] --START--
INFO: [ template_filter ] --START--
INFO: Run Behavior\ContentReplaceBehavior [ RunTime:0.000075s ]
INFO: [ template_filter ] --END-- [ RunTime:0.000152s ]
NOTIC: [8] Use of undefined constant isuser - assumed 'isuser' D:\wamp\www\ybplant\Application\Runtime\Cache\center\f47a73710cbd3a8e4d353cbb2c5ff0f6.php 第 78 行.
NOTIC: [8] Undefined index: isuser D:\wamp\www\ybplant\Application\Runtime\Cache\center\f47a73710cbd3a8e4d353cbb2c5ff0f6.php 第 78 行.
NOTIC: [8] Use of undefined constant isuser - assumed 'isuser' D:\wamp\www\ybplant\Application\Runtime\Cache\center\f47a73710cbd3a8e4d353cbb2c5ff0f6.php 第 80 行.
NOTIC: [8] Undefined index: isuser D:\wamp\www\ybplant\Application\Runtime\Cache\center\f47a73710cbd3a8e4d353cbb2c5ff0f6.php 第 80 行.
INFO: Run Behavior\ParseTemplateBehavior [ RunTime:0.020872s ]
INFO: [ view_parse ] --END-- [ RunTime:0.020958s ]
INFO: [ view_filter ] --START--
INFO: Run Behavior\WriteHtmlCacheBehavior [ RunTime:0.000219s ]
INFO: [ view_filter ] --END-- [ RunTime:0.000282s ]

[ 2017-10-20T17:31:50+08:00 ] 10.98.103.180 /center.php/index/center
INFO: [ app_init ] --START--
INFO: Run Behavior\BuildLiteBehavior [ RunTime:0.000068s ]
INFO: [ app_init ] --END-- [ RunTime:0.001205s ]
INFO: [ app_begin ] --START--
INFO: Run Behavior\ReadHtmlCacheBehavior [ RunTime:0.001535s ]
INFO: [ app_begin ] --END-- [ RunTime:0.001855s ]
NOTIC: [8] Use of undefined constant isuser - assumed 'isuser' D:\wamp\www\ybplant\Application\center\Controller\IndexController.class.php 第 77 行.
NOTIC: [8] Use of undefined constant user - assumed 'user' D:\wamp\www\ybplant\Application\center\Controller\IndexController.class.php 第 7 行.
NOTIC: [8] Use of undefined constant username - assumed 'username' D:\wamp\www\ybplant\Application\center\Controller\IndexController.class.php 第 7 行.
SQL: SHOW COLUMNS FROM `chip_set` [ RunTime:0.0156s ]
SQL: SELECT * FROM `chip_set` WHERE ( username = "yibu"  )  [ RunTime:0.0005s ]
INFO: [ view_parse ] --START--
INFO: [ template_filter ] --START--
INFO: Run Behavior\ContentReplaceBehavior [ RunTime:0.000159s ]
INFO: [ template_filter ] --END-- [ RunTime:0.000293s ]
NOTIC: [8] Use of undefined constant isuser - assumed 'isuser' D:\wamp\www\ybplant\Application\Runtime\Cache\center\9d213bf067cd19d8521997830e951f64.php 第 78 行.
NOTIC: [8] Use of undefined constant isuser - assumed 'isuser' D:\wamp\www\ybplant\Application\Runtime\Cache\center\9d213bf067cd19d8521997830e951f64.php 第 80 行.
NOTIC: [8] Use of undefined constant user - assumed 'user' D:\wamp\www\ybplant\Application\Runtime\Cache\center\9d213bf067cd19d8521997830e951f64.php 第 80 行.
NOTIC: [8] Use of undefined constant username - assumed 'username' D:\wamp\www\ybplant\Application\Runtime\Cache\center\9d213bf067cd19d8521997830e951f64.php 第 80 行.
INFO: Run Behavior\ParseTemplateBehavior [ RunTime:0.017811s ]
INFO: [ view_parse ] --END-- [ RunTime:0.017942s ]
INFO: [ view_filter ] --START--
INFO: Run Behavior\WriteHtmlCacheBehavior [ RunTime:0.000442s ]
INFO: [ view_filter ] --END-- [ RunTime:0.000560s ]
INFO: [ app_end ] --START--
INFO: Run Behavior\ShowPageTraceBehavior [ RunTime:0.000822s ]
INFO: [ app_end ] --END-- [ RunTime:0.000945s ]

[ 2017-10-20T17:31:51+08:00 ] 10.98.103.180 /center.php/Data/return_data.html?chip_id=123
INFO: [ app_init ] --START--
INFO: Run Behavior\BuildLiteBehavior [ RunTime:0.000029s ]
INFO: [ app_init ] --END-- [ RunTime:0.000516s ]
INFO: [ app_begin ] --START--
INFO: Run Behavior\ReadHtmlCacheBehavior [ RunTime:0.000649s ]
INFO: [ app_begin ] --END-- [ RunTime:0.000766s ]
NOTIC: [8] Use of undefined constant chip_id - assumed 'chip_id' D:\wamp\www\ybplant\Application\center\Controller\DataController.class.php 第 6 行.
NOTIC: [8] Use of undefined constant start_time - assumed 'start_time' D:\wamp\www\ybplant\Application\center\Controller\DataController.class.php 第 7 行.
NOTIC: [8] Undefined index: start_time D:\wamp\www\ybplant\Application\center\Controller\DataController.class.php 第 7 行.
SQL: SHOW COLUMNS FROM `chip_data` [ RunTime:0.0219s ]
SQL: SELECT * FROM `chip_data` WHERE ( chip_id = "123" and unix_timestamp(time)>1507887111 and unix_timestamp(time)<1508491911  )  [ RunTime:0.0008s ]
INFO: [ app_end ] --START--
INFO: Run Behavior\ShowPageTraceBehavior [ RunTime:0.000577s ]
INFO: [ app_end ] --END-- [ RunTime:0.000644s ]

[ 2017-10-20T17:31:54+08:00 ] 10.98.103.180 /center.php/index/allData.html
INFO: [ app_init ] --START--
INFO: Run Behavior\BuildLiteBehavior [ RunTime:0.000072s ]
INFO: [ app_init ] --END-- [ RunTime:0.001380s ]
INFO: [ app_begin ] --START--
INFO: Run Behavior\ReadHtmlCacheBehavior [ RunTime:0.001446s ]
INFO: [ app_begin ] --END-- [ RunTime:0.001665s ]
NOTIC: [8] Use of undefined constant isuser - assumed 'isuser' D:\wamp\www\ybplant\Application\center\Controller\IndexController.class.php 第 77 行.
NOTIC: [8] Use of undefined constant user - assumed 'user' D:\wamp\www\ybplant\Application\center\Controller\IndexController.class.php 第 65 行.
NOTIC: [8] Use of undefined constant username - assumed 'username' D:\wamp\www\ybplant\Application\center\Controller\IndexController.class.php 第 65 行.
SQL: SHOW COLUMNS FROM `chip_set` [ RunTime:0.0037s ]
SQL: SELECT * FROM `chip_set` WHERE ( username = "yibu"  )  [ RunTime:0.0005s ]
INFO: [ view_parse ] --START--
INFO: [ template_filter ] --START--
INFO: Run Behavior\ContentReplaceBehavior [ RunTime:0.000093s ]
INFO: [ template_filter ] --END-- [ RunTime:0.000170s ]
NOTIC: [8] Use of undefined constant isuser - assumed 'isuser' D:\wamp\www\ybplant\Application\Runtime\Cache\center\01219490d900f8beb22a73a3db4c0b9e.php 第 78 行.
NOTIC: [8] Use of undefined constant isuser - assumed 'isuser' D:\wamp\www\ybplant\Application\Runtime\Cache\center\01219490d900f8beb22a73a3db4c0b9e.php 第 80 行.
NOTIC: [8] Use of undefined constant user - assumed 'user' D:\wamp\www\ybplant\Application\Runtime\Cache\center\01219490d900f8beb22a73a3db4c0b9e.php 第 80 行.
NOTIC: [8] Use of undefined constant username - assumed 'username' D:\wamp\www\ybplant\Application\Runtime\Cache\center\01219490d900f8beb22a73a3db4c0b9e.php 第 80 行.
INFO: Run Behavior\ParseTemplateBehavior [ RunTime:0.020053s ]
INFO: [ view_parse ] --END-- [ RunTime:0.020142s ]
INFO: [ view_filter ] --START--
INFO: Run Behavior\WriteHtmlCacheBehavior [ RunTime:0.000215s ]
INFO: [ view_filter ] --END-- [ RunTime:0.000278s ]
INFO: [ app_end ] --START--
INFO: Run Behavior\ShowPageTraceBehavior [ RunTime:0.000400s ]
INFO: [ app_end ] --END-- [ RunTime:0.000467s ]

[ 2017-10-20T17:31:54+08:00 ] 10.98.103.180 /center.php/Data/return_last_time.html?chip_id=123
INFO: [ app_init ] --START--
INFO: Run Behavior\BuildLiteBehavior [ RunTime:0.000030s ]
INFO: [ app_init ] --END-- [ RunTime:0.000520s ]
INFO: [ app_begin ] --START--
INFO: Run Behavior\ReadHtmlCacheBehavior [ RunTime:0.000631s ]
INFO: [ app_begin ] --END-- [ RunTime:0.000747s ]
NOTIC: [8] Use of undefined constant chip_id - assumed 'chip_id' D:\wamp\www\ybplant\Application\center\Controller\DataController.class.php 第 36 行.
SQL: SHOW COLUMNS FROM `chip_set` [ RunTime:0.0159s ]
SQL: SELECT * FROM `chip_set` WHERE ( chip_id = "123"  )  [ RunTime:0.0005s ]
INFO: [ app_end ] --START--
INFO: Run Behavior\ShowPageTraceBehavior [ RunTime:0.000894s ]
INFO: [ app_end ] --END-- [ RunTime:0.001009s ]

[ 2017-10-20T17:31:54+08:00 ] 10.98.103.180 /center.php/Data/return_last_time.html?chip_id=123
INFO: [ app_init ] --START--
INFO: Run Behavior\BuildLiteBehavior [ RunTime:0.000029s ]
INFO: [ app_init ] --END-- [ RunTime:0.000498s ]
INFO: [ app_begin ] --START--
INFO: Run Behavior\ReadHtmlCacheBehavior [ RunTime:0.000628s ]
INFO: [ app_begin ] --END-- [ RunTime:0.000742s ]
NOTIC: [8] Use of undefined constant chip_id - assumed 'chip_id' D:\wamp\www\ybplant\Application\center\Controller\DataController.class.php 第 36 行.
SQL: SHOW COLUMNS FROM `chip_set` [ RunTime:0.0037s ]
SQL: SELECT * FROM `chip_set` WHERE ( chip_id = "123"  )  [ RunTime:0.0005s ]
INFO: [ app_end ] --START--
INFO: Run Behavior\ShowPageTraceBehavior [ RunTime:0.000687s ]
INFO: [ app_end ] --END-- [ RunTime:0.000802s ]

[ 2017-10-20T17:31:54+08:00 ] 10.98.103.180 /center.php/Data/return_data.html?chip_id=123
INFO: [ app_init ] --START--
INFO: Run Behavior\BuildLiteBehavior [ RunTime:0.000028s ]
INFO: [ app_init ] --END-- [ RunTime:0.000505s ]
INFO: [ app_begin ] --START--
INFO: Run Behavior\ReadHtmlCacheBehavior [ RunTime:0.000627s ]
INFO: [ app_begin ] --END-- [ RunTime:0.000741s ]
NOTIC: [8] Use of undefined constant chip_id - assumed 'chip_id' D:\wamp\www\ybplant\Application\center\Controller\DataController.class.php 第 6 行.
NOTIC: [8] Use of undefined constant start_time - assumed 'start_time' D:\wamp\www\ybplant\Application\center\Controller\DataController.class.php 第 7 行.
NOTIC: [8] Undefined index: start_time D:\wamp\www\ybplant\Application\center\Controller\DataController.class.php 第 7 行.
SQL: SHOW COLUMNS FROM `chip_data` [ RunTime:0.0036s ]
SQL: SELECT * FROM `chip_data` WHERE ( chip_id = "123" and unix_timestamp(time)>1507887114 and unix_timestamp(time)<1508491914  )  [ RunTime:0.0013s ]
INFO: [ app_end ] --START--
INFO: Run Behavior\ShowPageTraceBehavior [ RunTime:0.000899s ]
INFO: [ app_end ] --END-- [ RunTime:0.001011s ]

[ 2017-10-20T18:49:16+08:00 ] 10.98.103.180 /center.php/index/center
INFO: [ app_init ] --START--
INFO: Run Behavior\BuildLiteBehavior [ RunTime:0.000027s ]
INFO: [ app_init ] --END-- [ RunTime:0.000491s ]
INFO: [ app_begin ] --START--
INFO: Run Behavior\ReadHtmlCacheBehavior [ RunTime:0.000624s ]
INFO: [ app_begin ] --END-- [ RunTime:0.000768s ]
NOTIC: [8] Use of undefined constant isuser - assumed 'isuser' D:\wamp\www\ybplant\Application\center\Controller\IndexController.class.php 第 77 行.
NOTIC: [8] Use of undefined constant user - assumed 'user' D:\wamp\www\ybplant\Application\center\Controller\IndexController.class.php 第 7 行.
NOTIC: [8] Use of undefined constant username - assumed 'username' D:\wamp\www\ybplant\Application\center\Controller\IndexController.class.php 第 7 行.
SQL: SHOW COLUMNS FROM `chip_set` [ RunTime:0.0023s ]
SQL: SELECT * FROM `chip_set` WHERE ( username = "yibu"  )  [ RunTime:0.0002s ]
INFO: [ view_parse ] --START--
INFO: [ template_filter ] --START--
INFO: Run Behavior\ContentReplaceBehavior [ RunTime:0.000088s ]
INFO: [ template_filter ] --END-- [ RunTime:0.000166s ]
NOTIC: [8] Use of undefined constant isuser - assumed 'isuser' D:\wamp\www\ybplant\Application\Runtime\Cache\center\9d213bf067cd19d8521997830e951f64.php 第 78 行.
NOTIC: [8] Use of undefined constant isuser - assumed 'isuser' D:\wamp\www\ybplant\Application\Runtime\Cache\center\9d213bf067cd19d8521997830e951f64.php 第 80 行.
NOTIC: [8] Use of undefined constant user - assumed 'user' D:\wamp\www\ybplant\Application\Runtime\Cache\center\9d213bf067cd19d8521997830e951f64.php 第 80 行.
NOTIC: [8] Use of undefined constant username - assumed 'username' D:\wamp\www\ybplant\Application\Runtime\Cache\center\9d213bf067cd19d8521997830e951f64.php 第 80 行.
INFO: Run Behavior\ParseTemplateBehavior [ RunTime:0.009483s ]
INFO: [ view_parse ] --END-- [ RunTime:0.009555s ]
INFO: [ view_filter ] --START--
INFO: Run Behavior\WriteHtmlCacheBehavior [ RunTime:0.000152s ]
INFO: [ view_filter ] --END-- [ RunTime:0.000215s ]
INFO: [ app_end ] --START--
INFO: Run Behavior\ShowPageTraceBehavior [ RunTime:0.000429s ]
INFO: [ app_end ] --END-- [ RunTime:0.000497s ]

[ 2017-10-20T18:49:16+08:00 ] 10.98.103.180 /center.php/Data/return_data.html?chip_id=123
INFO: [ app_init ] --START--
INFO: Run Behavior\BuildLiteBehavior [ RunTime:0.000028s ]
INFO: [ app_init ] --END-- [ RunTime:0.000491s ]
INFO: [ app_begin ] --START--
INFO: Run Behavior\ReadHtmlCacheBehavior [ RunTime:0.000623s ]
INFO: [ app_begin ] --END-- [ RunTime:0.000747s ]
NOTIC: [8] Use of undefined constant chip_id - assumed 'chip_id' D:\wamp\www\ybplant\Application\center\Controller\DataController.class.php 第 6 行.
NOTIC: [8] Use of undefined constant start_time - assumed 'start_time' D:\wamp\www\ybplant\Application\center\Controller\DataController.class.php 第 7 行.
NOTIC: [8] Undefined index: start_time D:\wamp\www\ybplant\Application\center\Controller\DataController.class.php 第 7 行.
SQL: SHOW COLUMNS FROM `chip_data` [ RunTime:0.0036s ]
SQL: SELECT * FROM `chip_data` WHERE ( chip_id = "123" and unix_timestamp(time)>1507891756 and unix_timestamp(time)<1508496556  )  [ RunTime:0.0013s ]
INFO: [ app_end ] --START--
INFO: Run Behavior\ShowPageTraceBehavior [ RunTime:0.000856s ]
INFO: [ app_end ] --END-- [ RunTime:0.000971s ]

[ 2017-10-20T18:49:17+08:00 ] 10.98.103.180 /center.php/index/bindChip.html
INFO: [ app_init ] --START--
INFO: Run Behavior\BuildLiteBehavior [ RunTime:0.000069s ]
INFO: [ app_init ] --END-- [ RunTime:0.001215s ]
INFO: [ app_begin ] --START--
INFO: Run Behavior\ReadHtmlCacheBehavior [ RunTime:0.001536s ]
INFO: [ app_begin ] --END-- [ RunTime:0.001892s ]
NOTIC: [8] Use of undefined constant isuser - assumed 'isuser' D:\wamp\www\ybplant\Application\center\Controller\IndexController.class.php 第 77 行.
NOTIC: [8] Use of undefined constant user - assumed 'user' D:\wamp\www\ybplant\Application\center\Controller\IndexController.class.php 第 51 行.
NOTIC: [8] Use of undefined constant username - assumed 'username' D:\wamp\www\ybplant\Application\center\Controller\IndexController.class.php 第 51 行.
SQL: SHOW COLUMNS FROM `chip_set` [ RunTime:0.0037s ]
SQL: SELECT * FROM `chip_set` WHERE ( username = "yibu"  )  [ RunTime:0.0004s ]
INFO: [ view_parse ] --START--
INFO: [ template_filter ] --START--
INFO: Run Behavior\ContentReplaceBehavior [ RunTime:0.000134s ]
INFO: [ template_filter ] --END-- [ RunTime:0.000276s ]
NOTIC: [8] Use of undefined constant isuser - assumed 'isuser' D:\wamp\www\ybplant\Application\Runtime\Cache\center\665b0d6e38964483d91d0b4b33ee6bc8.php 第 78 行.
NOTIC: [8] Use of undefined constant isuser - assumed 'isuser' D:\wamp\www\ybplant\Application\Runtime\Cache\center\665b0d6e38964483d91d0b4b33ee6bc8.php 第 80 行.
NOTIC: [8] Use of undefined constant user - assumed 'user' D:\wamp\www\ybplant\Application\Runtime\Cache\center\665b0d6e38964483d91d0b4b33ee6bc8.php 第 80 行.
NOTIC: [8] Use of undefined constant username - assumed 'username' D:\wamp\www\ybplant\Application\Runtime\Cache\center\665b0d6e38964483d91d0b4b33ee6bc8.php 第 80 行.
INFO: Run Behavior\ParseTemplateBehavior [ RunTime:0.031158s ]
INFO: [ view_parse ] --END-- [ RunTime:0.031291s ]
INFO: [ view_filter ] --START--
INFO: Run Behavior\WriteHtmlCacheBehavior [ RunTime:0.000281s ]
INFO: [ view_filter ] --END-- [ RunTime:0.000399s ]
INFO: [ app_end ] --START--
INFO: Run Behavior\ShowPageTraceBehavior [ RunTime:0.000787s ]
INFO: [ app_end ] --END-- [ RunTime:0.000914s ]

[ 2017-10-20T18:49:28+08:00 ] 10.98.103.180 /center.php/index/doBindChip.html?chip_id=lib-big&password=123
INFO: [ app_init ] --START--
INFO: Run Behavior\BuildLiteBehavior [ RunTime:0.000029s ]
INFO: [ app_init ] --END-- [ RunTime:0.000540s ]
INFO: [ app_begin ] --START--
INFO: Run Behavior\ReadHtmlCacheBehavior [ RunTime:0.000770s ]
INFO: [ app_begin ] --END-- [ RunTime:0.000927s ]
NOTIC: [8] Use of undefined constant isuser - assumed 'isuser' D:\wamp\www\ybplant\Application\center\Controller\IndexController.class.php 第 77 行.
SQL: SHOW COLUMNS FROM `chip_temp` [ RunTime:0.0034s ]
SQL: SELECT COUNT(*) AS tp_count FROM `chip_temp` WHERE ( chip_id = "lib-big" and password = "123"  ) LIMIT 1   [ RunTime:0.0372s ]
NOTIC: [8] Use of undefined constant chip_id - assumed 'chip_id' D:\wamp\www\ybplant\Application\center\Controller\IndexController.class.php 第 94 行.
NOTIC: [8] Use of undefined constant password - assumed 'password' D:\wamp\www\ybplant\Application\center\Controller\IndexController.class.php 第 95 行.
NOTIC: [8] Use of undefined constant user - assumed 'user' D:\wamp\www\ybplant\Application\center\Controller\IndexController.class.php 第 96 行.
NOTIC: [8] Use of undefined constant username - assumed 'username' D:\wamp\www\ybplant\Application\center\Controller\IndexController.class.php 第 96 行.
SQL: SHOW COLUMNS FROM `chip_set` [ RunTime:0.0091s ]
SQL: SELECT * FROM `chip_set` WHERE ( chip_id="lib-big"  )  [ RunTime:0.0010s ]
NOTIC: [8] Undefined offset: 0 D:\wamp\www\ybplant\Application\center\Controller\IndexController.class.php 第 109 行.
SQL: INSERT INTO `chip_set` (`chip_id`,`password`,`username`,`bind_time`,`last_connect_time`,`last_water_time`,`water_frequency`,`water_time`,`water_way`,`hum_limit`,`state`,`log`) VALUES ('lib-big','123','yibu','2017-10-20 18:49:28','','','0','','0','0','0','') [ RunTime:0.0545s ]
SQL: DELETE FROM `chip_temp` WHERE ( chip_id = "lib-big"  ) [ RunTime:0.0323s ]
INFO: [ view_parse ] --START--
INFO: [ template_filter ] --START--
INFO: Run Behavior\ContentReplaceBehavior [ RunTime:0.000229s ]
INFO: [ template_filter ] --END-- [ RunTime:0.000486s ]
NOTIC: [8] Use of undefined constant isuser - assumed 'isuser' D:\wamp\www\ybplant\Application\Runtime\Cache\center\f47a73710cbd3a8e4d353cbb2c5ff0f6.php 第 78 行.
NOTIC: [8] Use of undefined constant isuser - assumed 'isuser' D:\wamp\www\ybplant\Application\Runtime\Cache\center\f47a73710cbd3a8e4d353cbb2c5ff0f6.php 第 80 行.
NOTIC: [8] Use of undefined constant user - assumed 'user' D:\wamp\www\ybplant\Application\Runtime\Cache\center\f47a73710cbd3a8e4d353cbb2c5ff0f6.php 第 80 行.
NOTIC: [8] Use of undefined constant username - assumed 'username' D:\wamp\www\ybplant\Application\Runtime\Cache\center\f47a73710cbd3a8e4d353cbb2c5ff0f6.php 第 80 行.
INFO: Run Behavior\ParseTemplateBehavior [ RunTime:0.025232s ]
INFO: [ view_parse ] --END-- [ RunTime:0.025436s ]
INFO: [ view_filter ] --START--
INFO: Run Behavior\WriteHtmlCacheBehavior [ RunTime:0.000304s ]
INFO: [ view_filter ] --END-- [ RunTime:0.000394s ]

[ 2017-10-20T18:49:34+08:00 ] 10.98.103.180 /center.php/index/allData.html
INFO: [ app_init ] --START--
INFO: Run Behavior\BuildLiteBehavior [ RunTime:0.000042s ]
INFO: [ app_init ] --END-- [ RunTime:0.000746s ]
INFO: [ app_begin ] --START--
INFO: Run Behavior\ReadHtmlCacheBehavior [ RunTime:0.000949s ]
INFO: [ app_begin ] --END-- [ RunTime:0.001165s ]
NOTIC: [8] Use of undefined constant isuser - assumed 'isuser' D:\wamp\www\ybplant\Application\center\Controller\IndexController.class.php 第 77 行.
NOTIC: [8] Use of undefined constant user - assumed 'user' D:\wamp\www\ybplant\Application\center\Controller\IndexController.class.php 第 65 行.
NOTIC: [8] Use of undefined constant username - assumed 'username' D:\wamp\www\ybplant\Application\center\Controller\IndexController.class.php 第 65 行.
SQL: SHOW COLUMNS FROM `chip_set` [ RunTime:0.0023s ]
SQL: SELECT * FROM `chip_set` WHERE ( username = "yibu"  )  [ RunTime:0.0003s ]
INFO: [ view_parse ] --START--
INFO: [ template_filter ] --START--
INFO: Run Behavior\ContentReplaceBehavior [ RunTime:0.000105s ]
INFO: [ template_filter ] --END-- [ RunTime:0.000190s ]
NOTIC: [8] Use of undefined constant isuser - assumed 'isuser' D:\wamp\www\ybplant\Application\Runtime\Cache\center\01219490d900f8beb22a73a3db4c0b9e.php 第 78 行.
NOTIC: [8] Use of undefined constant isuser - assumed 'isuser' D:\wamp\www\ybplant\Application\Runtime\Cache\center\01219490d900f8beb22a73a3db4c0b9e.php 第 80 行.
NOTIC: [8] Use of undefined constant user - assumed 'user' D:\wamp\www\ybplant\Application\Runtime\Cache\center\01219490d900f8beb22a73a3db4c0b9e.php 第 80 行.
NOTIC: [8] Use of undefined constant username - assumed 'username' D:\wamp\www\ybplant\Application\Runtime\Cache\center\01219490d900f8beb22a73a3db4c0b9e.php 第 80 行.
INFO: Run Behavior\ParseTemplateBehavior [ RunTime:0.010692s ]
INFO: [ view_parse ] --END-- [ RunTime:0.010771s ]
INFO: [ view_filter ] --START--
INFO: Run Behavior\WriteHtmlCacheBehavior [ RunTime:0.000171s ]
INFO: [ view_filter ] --END-- [ RunTime:0.000242s ]
INFO: [ app_end ] --START--
INFO: Run Behavior\ShowPageTraceBehavior [ RunTime:0.000450s ]
INFO: [ app_end ] --END-- [ RunTime:0.000525s ]

[ 2017-10-20T18:49:34+08:00 ] 10.98.103.180 /center.php/Data/return_last_time.html?chip_id=123
INFO: [ app_init ] --START--
INFO: Run Behavior\BuildLiteBehavior [ RunTime:0.000035s ]
INFO: [ app_init ] --END-- [ RunTime:0.000600s ]
INFO: [ app_begin ] --START--
INFO: Run Behavior\ReadHtmlCacheBehavior [ RunTime:0.000758s ]
INFO: [ app_begin ] --END-- [ RunTime:0.000904s ]
NOTIC: [8] Use of undefined constant chip_id - assumed 'chip_id' D:\wamp\www\ybplant\Application\center\Controller\DataController.class.php 第 36 行.
SQL: SHOW COLUMNS FROM `chip_set` [ RunTime:0.0025s ]
SQL: SELECT * FROM `chip_set` WHERE ( chip_id = "123"  )  [ RunTime:0.0003s ]
INFO: [ app_end ] --START--
INFO: Run Behavior\ShowPageTraceBehavior [ RunTime:0.000443s ]
INFO: [ app_end ] --END-- [ RunTime:0.000516s ]

[ 2017-10-20T18:49:34+08:00 ] 10.98.103.180 /center.php/Data/return_data.html?chip_id=123
INFO: [ app_init ] --START--
INFO: Run Behavior\BuildLiteBehavior [ RunTime:0.000034s ]
INFO: [ app_init ] --END-- [ RunTime:0.000592s ]
INFO: [ app_begin ] --START--
INFO: Run Behavior\ReadHtmlCacheBehavior [ RunTime:0.000723s ]
INFO: [ app_begin ] --END-- [ RunTime:0.000864s ]
NOTIC: [8] Use of undefined constant chip_id - assumed 'chip_id' D:\wamp\www\ybplant\Application\center\Controller\DataController.class.php 第 6 行.
NOTIC: [8] Use of undefined constant start_time - assumed 'start_time' D:\wamp\www\ybplant\Application\center\Controller\DataController.class.php 第 7 行.
NOTIC: [8] Undefined index: start_time D:\wamp\www\ybplant\Application\center\Controller\DataController.class.php 第 7 行.
SQL: SHOW COLUMNS FROM `chip_data` [ RunTime:0.0023s ]
SQL: SELECT * FROM `chip_data` WHERE ( chip_id = "123" and unix_timestamp(time)>1507891774 and unix_timestamp(time)<1508496574  )  [ RunTime:0.0008s ]
INFO: [ app_end ] --START--
INFO: Run Behavior\ShowPageTraceBehavior [ RunTime:0.000546s ]
INFO: [ app_end ] --END-- [ RunTime:0.000616s ]

[ 2017-10-20T18:49:34+08:00 ] 10.98.103.180 /center.php/Data/return_last_time.html?chip_id=123
INFO: [ app_init ] --START--
INFO: Run Behavior\BuildLiteBehavior [ RunTime:0.000034s ]
INFO: [ app_init ] --END-- [ RunTime:0.000647s ]
INFO: [ app_begin ] --START--
INFO: Run Behavior\ReadHtmlCacheBehavior [ RunTime:0.000914s ]
INFO: [ app_begin ] --END-- [ RunTime:0.001051s ]
NOTIC: [8] Use of undefined constant chip_id - assumed 'chip_id' D:\wamp\www\ybplant\Application\center\Controller\DataController.class.php 第 36 行.
SQL: SHOW COLUMNS FROM `chip_set` [ RunTime:0.0024s ]
SQL: SELECT * FROM `chip_set` WHERE ( chip_id = "123"  )  [ RunTime:0.0004s ]
INFO: [ app_end ] --START--
INFO: Run Behavior\ShowPageTraceBehavior [ RunTime:0.000517s ]
INFO: [ app_end ] --END-- [ RunTime:0.000587s ]

[ 2017-10-20T18:49:36+08:00 ] 10.98.103.180 /center.php/Data/return_last_time.html?chip_id=lib-big
INFO: [ app_init ] --START--
INFO: Run Behavior\BuildLiteBehavior [ RunTime:0.000030s ]
INFO: [ app_init ] --END-- [ RunTime:0.000521s ]
INFO: [ app_begin ] --START--
INFO: Run Behavior\ReadHtmlCacheBehavior [ RunTime:0.000708s ]
INFO: [ app_begin ] --END-- [ RunTime:0.000830s ]
NOTIC: [8] Use of undefined constant chip_id - assumed 'chip_id' D:\wamp\www\ybplant\Application\center\Controller\DataController.class.php 第 36 行.
SQL: SHOW COLUMNS FROM `chip_set` [ RunTime:0.0026s ]
SQL: SELECT * FROM `chip_set` WHERE ( chip_id = "lib-big"  )  [ RunTime:0.0003s ]
INFO: [ app_end ] --START--
INFO: Run Behavior\ShowPageTraceBehavior [ RunTime:0.000442s ]
INFO: [ app_end ] --END-- [ RunTime:0.000512s ]

[ 2017-10-20T18:49:36+08:00 ] 10.98.103.180 /center.php/Data/return_data.html?chip_id=lib-big
INFO: [ app_init ] --START--
INFO: Run Behavior\BuildLiteBehavior [ RunTime:0.000030s ]
INFO: [ app_init ] --END-- [ RunTime:0.000526s ]
INFO: [ app_begin ] --START--
INFO: Run Behavior\ReadHtmlCacheBehavior [ RunTime:0.000685s ]
INFO: [ app_begin ] --END-- [ RunTime:0.000821s ]
NOTIC: [8] Use of undefined constant chip_id - assumed 'chip_id' D:\wamp\www\ybplant\Application\center\Controller\DataController.class.php 第 6 行.
NOTIC: [8] Use of undefined constant start_time - assumed 'start_time' D:\wamp\www\ybplant\Application\center\Controller\DataController.class.php 第 7 行.
NOTIC: [8] Undefined index: start_time D:\wamp\www\ybplant\Application\center\Controller\DataController.class.php 第 7 行.
SQL: SHOW COLUMNS FROM `chip_data` [ RunTime:0.0021s ]
SQL: SELECT * FROM `chip_data` WHERE ( chip_id = "lib-big" and unix_timestamp(time)>1507891776 and unix_timestamp(time)<1508496576  )  [ RunTime:0.0004s ]
INFO: [ app_end ] --START--
INFO: Run Behavior\ShowPageTraceBehavior [ RunTime:0.000526s ]
INFO: [ app_end ] --END-- [ RunTime:0.000593s ]

[ 2017-10-20T18:49:39+08:00 ] 10.98.103.180 /center.php/Data/return_data.html?chip_id=lib-big&start_time=&end_time=
INFO: [ app_init ] --START--
INFO: Run Behavior\BuildLiteBehavior [ RunTime:0.000028s ]
INFO: [ app_init ] --END-- [ RunTime:0.000489s ]
INFO: [ app_begin ] --START--
INFO: Run Behavior\ReadHtmlCacheBehavior [ RunTime:0.000617s ]
INFO: [ app_begin ] --END-- [ RunTime:0.000739s ]
NOTIC: [8] Use of undefined constant chip_id - assumed 'chip_id' D:\wamp\www\ybplant\Application\center\Controller\DataController.class.php 第 6 行.
NOTIC: [8] Use of undefined constant start_time - assumed 'start_time' D:\wamp\www\ybplant\Application\center\Controller\DataController.class.php 第 7 行.
SQL: SHOW COLUMNS FROM `chip_data` [ RunTime:0.0035s ]
SQL: SELECT * FROM `chip_data` WHERE ( chip_id = "lib-big" and unix_timestamp(time)>1507891779 and unix_timestamp(time)<1508496579  )  [ RunTime:0.0009s ]
INFO: [ app_end ] --START--
INFO: Run Behavior\ShowPageTraceBehavior [ RunTime:0.000858s ]
INFO: [ app_end ] --END-- [ RunTime:0.000972s ]

