[ 2017-11-11T13:40:44+08:00 ] 10.97.94.231 /center.php/index/center
INFO: [ app_init ] --START--
INFO: Run Behavior\BuildLiteBehavior [ RunTime:0.000071s ]
INFO: [ app_init ] --END-- [ RunTime:0.001345s ]
INFO: [ app_begin ] --START--
INFO: Run Behavior\ReadHtmlCacheBehavior [ RunTime:0.000752s ]
INFO: [ app_begin ] --END-- [ RunTime:0.000885s ]
NOTIC: [8] Use of undefined constant isuser - assumed 'isuser' D:\wamp\www\ybplant\Application\center\Controller\IndexController.class.php 第 77 行.
NOTIC: [8] Undefined index: isuser D:\wamp\www\ybplant\Application\center\Controller\IndexController.class.php 第 77 行.
INFO: [ view_parse ] --START--
INFO: [ template_filter ] --START--
INFO: Run Behavior\ContentReplaceBehavior [ RunTime:0.000113s ]
INFO: [ template_filter ] --END-- [ RunTime:0.000240s ]
NOTIC: [8] Use of undefined constant isuser - assumed 'isuser' D:\wamp\www\ybplant\Application\Runtime\Cache\center\f47a73710cbd3a8e4d353cbb2c5ff0f6.php 第 78 行.
NOTIC: [8] Undefined index: isuser D:\wamp\www\ybplant\Application\Runtime\Cache\center\f47a73710cbd3a8e4d353cbb2c5ff0f6.php 第 78 行.
NOTIC: [8] Use of undefined constant isuser - assumed 'isuser' D:\wamp\www\ybplant\Application\Runtime\Cache\center\f47a73710cbd3a8e4d353cbb2c5ff0f6.php 第 80 行.
NOTIC: [8] Undefined index: isuser D:\wamp\www\ybplant\Application\Runtime\Cache\center\f47a73710cbd3a8e4d353cbb2c5ff0f6.php 第 80 行.
INFO: Run Behavior\ParseTemplateBehavior [ RunTime:0.018468s ]
INFO: [ view_parse ] --END-- [ RunTime:0.018594s ]
INFO: [ view_filter ] --START--
INFO: Run Behavior\WriteHtmlCacheBehavior [ RunTime:0.000380s ]
INFO: [ view_filter ] --END-- [ RunTime:0.000498s ]

[ 2017-11-11T13:40:56+08:00 ] 10.97.94.231 /center.php/index/center
INFO: [ app_init ] --START--
INFO: Run Behavior\BuildLiteBehavior [ RunTime:0.000068s ]
INFO: [ app_init ] --END-- [ RunTime:0.001213s ]
INFO: [ app_begin ] --START--
INFO: Run Behavior\ReadHtmlCacheBehavior [ RunTime:0.001148s ]
INFO: [ app_begin ] --END-- [ RunTime:0.001363s ]
NOTIC: [8] Use of undefined constant isuser - assumed 'isuser' D:\wamp\www\ybplant\Application\center\Controller\IndexController.class.php 第 77 行.
NOTIC: [8] Use of undefined constant user - assumed 'user' D:\wamp\www\ybplant\Application\center\Controller\IndexController.class.php 第 7 行.
NOTIC: [8] Use of undefined constant username - assumed 'username' D:\wamp\www\ybplant\Application\center\Controller\IndexController.class.php 第 7 行.
SQL: SHOW COLUMNS FROM `chip_set` [ RunTime:0.0038s ]
SQL: SELECT * FROM `chip_set` WHERE ( username = "yibu"  )  [ RunTime:0.0005s ]
INFO: [ view_parse ] --START--
INFO: [ template_filter ] --START--
INFO: Run Behavior\ContentReplaceBehavior [ RunTime:0.000158s ]
INFO: [ template_filter ] --END-- [ RunTime:0.000287s ]
NOTIC: [8] Use of undefined constant isuser - assumed 'isuser' D:\wamp\www\ybplant\Application\Runtime\Cache\center\9d213bf067cd19d8521997830e951f64.php 第 78 行.
NOTIC: [8] Use of undefined constant isuser - assumed 'isuser' D:\wamp\www\ybplant\Application\Runtime\Cache\center\9d213bf067cd19d8521997830e951f64.php 第 80 行.
NOTIC: [8] Use of undefined constant user - assumed 'user' D:\wamp\www\ybplant\Application\Runtime\Cache\center\9d213bf067cd19d8521997830e951f64.php 第 80 行.
NOTIC: [8] Use of undefined constant username - assumed 'username' D:\wamp\www\ybplant\Application\Runtime\Cache\center\9d213bf067cd19d8521997830e951f64.php 第 80 行.
INFO: Run Behavior\ParseTemplateBehavior [ RunTime:0.016528s ]
INFO: [ view_parse ] --END-- [ RunTime:0.016655s ]
INFO: [ view_filter ] --START--
INFO: Run Behavior\WriteHtmlCacheBehavior [ RunTime:0.000275s ]
INFO: [ view_filter ] --END-- [ RunTime:0.000393s ]
INFO: [ app_end ] --START--
INFO: Run Behavior\ShowPageTraceBehavior [ RunTime:0.000778s ]
INFO: [ app_end ] --END-- [ RunTime:0.000905s ]

[ 2017-11-11T13:40:56+08:00 ] 10.97.94.231 /center.php/Data/return_data.html?chip_id=123
INFO: [ app_init ] --START--
INFO: Run Behavior\BuildLiteBehavior [ RunTime:0.000018s ]
INFO: [ app_init ] --END-- [ RunTime:0.000346s ]
INFO: [ app_begin ] --START--
INFO: Run Behavior\ReadHtmlCacheBehavior [ RunTime:0.000470s ]
INFO: [ app_begin ] --END-- [ RunTime:0.000548s ]
NOTIC: [8] Use of undefined constant chip_id - assumed 'chip_id' D:\wamp\www\ybplant\Application\center\Controller\DataController.class.php 第 6 行.
NOTIC: [8] Use of undefined constant start_time - assumed 'start_time' D:\wamp\www\ybplant\Application\center\Controller\DataController.class.php 第 7 行.
NOTIC: [8] Undefined index: start_time D:\wamp\www\ybplant\Application\center\Controller\DataController.class.php 第 7 行.
SQL: SHOW COLUMNS FROM `chip_data` [ RunTime:0.0024s ]
SQL: SELECT * FROM `chip_data` WHERE ( chip_id = "123" and unix_timestamp(time)>1509774056 and unix_timestamp(time)<1510378856  )  [ RunTime:0.0018s ]
INFO: [ app_end ] --START--
INFO: Run Behavior\ShowPageTraceBehavior [ RunTime:0.000516s ]
INFO: [ app_end ] --END-- [ RunTime:0.000586s ]

[ 2017-11-11T13:40:58+08:00 ] 10.97.94.231 /center.php/index/allData.html
INFO: [ app_init ] --START--
INFO: Run Behavior\BuildLiteBehavior [ RunTime:0.000032s ]
INFO: [ app_init ] --END-- [ RunTime:0.000575s ]
INFO: [ app_begin ] --START--
INFO: Run Behavior\ReadHtmlCacheBehavior [ RunTime:0.000723s ]
INFO: [ app_begin ] --END-- [ RunTime:0.000892s ]
NOTIC: [8] Use of undefined constant isuser - assumed 'isuser' D:\wamp\www\ybplant\Application\center\Controller\IndexController.class.php 第 77 行.
NOTIC: [8] Use of undefined constant user - assumed 'user' D:\wamp\www\ybplant\Application\center\Controller\IndexController.class.php 第 65 行.
NOTIC: [8] Use of undefined constant username - assumed 'username' D:\wamp\www\ybplant\Application\center\Controller\IndexController.class.php 第 65 行.
SQL: SHOW COLUMNS FROM `chip_set` [ RunTime:0.0026s ]
SQL: SELECT * FROM `chip_set` WHERE ( username = "yibu"  )  [ RunTime:0.0004s ]
INFO: [ view_parse ] --START--
INFO: [ template_filter ] --START--
INFO: Run Behavior\ContentReplaceBehavior [ RunTime:0.000114s ]
INFO: [ template_filter ] --END-- [ RunTime:0.000202s ]
NOTIC: [8] Use of undefined constant isuser - assumed 'isuser' D:\wamp\www\ybplant\Application\Runtime\Cache\center\01219490d900f8beb22a73a3db4c0b9e.php 第 78 行.
NOTIC: [8] Use of undefined constant isuser - assumed 'isuser' D:\wamp\www\ybplant\Application\Runtime\Cache\center\01219490d900f8beb22a73a3db4c0b9e.php 第 80 行.
NOTIC: [8] Use of undefined constant user - assumed 'user' D:\wamp\www\ybplant\Application\Runtime\Cache\center\01219490d900f8beb22a73a3db4c0b9e.php 第 80 行.
NOTIC: [8] Use of undefined constant username - assumed 'username' D:\wamp\www\ybplant\Application\Runtime\Cache\center\01219490d900f8beb22a73a3db4c0b9e.php 第 80 行.
INFO: Run Behavior\ParseTemplateBehavior [ RunTime:0.015479s ]
INFO: [ view_parse ] --END-- [ RunTime:0.015569s ]
INFO: [ view_filter ] --START--
INFO: Run Behavior\WriteHtmlCacheBehavior [ RunTime:0.000251s ]
INFO: [ view_filter ] --END-- [ RunTime:0.000331s ]
INFO: [ app_end ] --START--
INFO: Run Behavior\ShowPageTraceBehavior [ RunTime:0.000405s ]
INFO: [ app_end ] --END-- [ RunTime:0.000485s ]

[ 2017-11-11T13:40:58+08:00 ] 10.97.94.231 /center.php/Data/return_data.html?chip_id=123
INFO: [ app_init ] --START--
INFO: Run Behavior\BuildLiteBehavior [ RunTime:0.000019s ]
INFO: [ app_init ] --END-- [ RunTime:0.000325s ]
INFO: [ app_begin ] --START--
INFO: Run Behavior\ReadHtmlCacheBehavior [ RunTime:0.000396s ]
INFO: [ app_begin ] --END-- [ RunTime:0.000475s ]
NOTIC: [8] Use of undefined constant chip_id - assumed 'chip_id' D:\wamp\www\ybplant\Application\center\Controller\DataController.class.php 第 6 行.
NOTIC: [8] Use of undefined constant start_time - assumed 'start_time' D:\wamp\www\ybplant\Application\center\Controller\DataController.class.php 第 7 行.
NOTIC: [8] Undefined index: start_time D:\wamp\www\ybplant\Application\center\Controller\DataController.class.php 第 7 行.
SQL: SHOW COLUMNS FROM `chip_data` [ RunTime:0.0025s ]
SQL: SELECT * FROM `chip_data` WHERE ( chip_id = "123" and unix_timestamp(time)>1509774058 and unix_timestamp(time)<1510378858  )  [ RunTime:0.0019s ]
INFO: [ app_end ] --START--
INFO: Run Behavior\ShowPageTraceBehavior [ RunTime:0.000468s ]
INFO: [ app_end ] --END-- [ RunTime:0.000545s ]

[ 2017-11-11T13:40:58+08:00 ] 10.97.94.231 /center.php/Data/return_last_time.html?chip_id=123
INFO: [ app_init ] --START--
INFO: Run Behavior\BuildLiteBehavior [ RunTime:0.000021s ]
INFO: [ app_init ] --END-- [ RunTime:0.000369s ]
INFO: [ app_begin ] --START--
INFO: Run Behavior\ReadHtmlCacheBehavior [ RunTime:0.000503s ]
INFO: [ app_begin ] --END-- [ RunTime:0.000585s ]
NOTIC: [8] Use of undefined constant chip_id - assumed 'chip_id' D:\wamp\www\ybplant\Application\center\Controller\DataController.class.php 第 36 行.
SQL: SHOW COLUMNS FROM `chip_set` [ RunTime:0.0025s ]
SQL: SELECT * FROM `chip_set` WHERE ( chip_id = "123"  )  [ RunTime:0.0002s ]
INFO: [ app_end ] --START--
INFO: Run Behavior\ShowPageTraceBehavior [ RunTime:0.000519s ]
INFO: [ app_end ] --END-- [ RunTime:0.000600s ]

[ 2017-11-11T13:40:58+08:00 ] 10.97.94.231 /center.php/Data/return_last_time.html?chip_id=123
INFO: [ app_init ] --START--
INFO: Run Behavior\BuildLiteBehavior [ RunTime:0.000021s ]
INFO: [ app_init ] --END-- [ RunTime:0.000332s ]
INFO: [ app_begin ] --START--
INFO: Run Behavior\ReadHtmlCacheBehavior [ RunTime:0.000405s ]
INFO: [ app_begin ] --END-- [ RunTime:0.000486s ]
NOTIC: [8] Use of undefined constant chip_id - assumed 'chip_id' D:\wamp\www\ybplant\Application\center\Controller\DataController.class.php 第 36 行.
SQL: SHOW COLUMNS FROM `chip_set` [ RunTime:0.0025s ]
SQL: SELECT * FROM `chip_set` WHERE ( chip_id = "123"  )  [ RunTime:0.0003s ]
INFO: [ app_end ] --START--
INFO: Run Behavior\ShowPageTraceBehavior [ RunTime:0.000416s ]
INFO: [ app_end ] --END-- [ RunTime:0.000490s ]

[ 2017-11-11T13:40:59+08:00 ] 10.97.94.231 /center.php/Data/return_last_time.html?chip_id=lib-big
INFO: [ app_init ] --START--
INFO: Run Behavior\BuildLiteBehavior [ RunTime:0.000078s ]
INFO: [ app_init ] --END-- [ RunTime:0.001281s ]
INFO: [ app_begin ] --START--
INFO: Run Behavior\ReadHtmlCacheBehavior [ RunTime:0.000630s ]
INFO: [ app_begin ] --END-- [ RunTime:0.000753s ]
NOTIC: [8] Use of undefined constant chip_id - assumed 'chip_id' D:\wamp\www\ybplant\Application\center\Controller\DataController.class.php 第 36 行.
SQL: SHOW COLUMNS FROM `chip_set` [ RunTime:0.0040s ]
SQL: SELECT * FROM `chip_set` WHERE ( chip_id = "lib-big"  )  [ RunTime:0.0005s ]
INFO: [ app_end ] --START--
INFO: Run Behavior\ShowPageTraceBehavior [ RunTime:0.000690s ]
INFO: [ app_end ] --END-- [ RunTime:0.000814s ]

[ 2017-11-11T13:40:59+08:00 ] 10.97.94.231 /center.php/Data/return_data.html?chip_id=lib-big
INFO: [ app_init ] --START--
INFO: Run Behavior\BuildLiteBehavior [ RunTime:0.000069s ]
INFO: [ app_init ] --END-- [ RunTime:0.001226s ]
INFO: [ app_begin ] --START--
INFO: Run Behavior\ReadHtmlCacheBehavior [ RunTime:0.000633s ]
INFO: [ app_begin ] --END-- [ RunTime:0.000759s ]
NOTIC: [8] Use of undefined constant chip_id - assumed 'chip_id' D:\wamp\www\ybplant\Application\center\Controller\DataController.class.php 第 6 行.
NOTIC: [8] Use of undefined constant start_time - assumed 'start_time' D:\wamp\www\ybplant\Application\center\Controller\DataController.class.php 第 7 行.
NOTIC: [8] Undefined index: start_time D:\wamp\www\ybplant\Application\center\Controller\DataController.class.php 第 7 行.
SQL: SHOW COLUMNS FROM `chip_data` [ RunTime:0.0037s ]
SQL: SELECT * FROM `chip_data` WHERE ( chip_id = "lib-big" and unix_timestamp(time)>1509774059 and unix_timestamp(time)<1510378859  )  [ RunTime:0.0064s ]
INFO: [ app_end ] --START--
INFO: Run Behavior\ShowPageTraceBehavior [ RunTime:0.000683s ]
INFO: [ app_end ] --END-- [ RunTime:0.000803s ]

[ 2017-11-11T13:42:20+08:00 ] 10.97.94.231 /center.php/index/center.html
INFO: [ app_init ] --START--
INFO: Run Behavior\BuildLiteBehavior [ RunTime:0.000028s ]
INFO: [ app_init ] --END-- [ RunTime:0.000492s ]
INFO: [ app_begin ] --START--
INFO: Run Behavior\ReadHtmlCacheBehavior [ RunTime:0.000621s ]
INFO: [ app_begin ] --END-- [ RunTime:0.000766s ]
NOTIC: [8] Use of undefined constant isuser - assumed 'isuser' D:\wamp\www\ybplant\Application\center\Controller\IndexController.class.php 第 77 行.
NOTIC: [8] Use of undefined constant user - assumed 'user' D:\wamp\www\ybplant\Application\center\Controller\IndexController.class.php 第 7 行.
NOTIC: [8] Use of undefined constant username - assumed 'username' D:\wamp\www\ybplant\Application\center\Controller\IndexController.class.php 第 7 行.
SQL: SHOW COLUMNS FROM `chip_set` [ RunTime:0.0039s ]
SQL: SELECT * FROM `chip_set` WHERE ( username = "yibu"  )  [ RunTime:0.0005s ]
INFO: [ view_parse ] --START--
INFO: [ template_filter ] --START--
INFO: Run Behavior\ContentReplaceBehavior [ RunTime:0.000158s ]
INFO: [ template_filter ] --END-- [ RunTime:0.000291s ]
NOTIC: [8] Use of undefined constant isuser - assumed 'isuser' D:\wamp\www\ybplant\Application\Runtime\Cache\center\9d213bf067cd19d8521997830e951f64.php 第 78 行.
NOTIC: [8] Use of undefined constant isuser - assumed 'isuser' D:\wamp\www\ybplant\Application\Runtime\Cache\center\9d213bf067cd19d8521997830e951f64.php 第 80 行.
NOTIC: [8] Use of undefined constant user - assumed 'user' D:\wamp\www\ybplant\Application\Runtime\Cache\center\9d213bf067cd19d8521997830e951f64.php 第 80 行.
NOTIC: [8] Use of undefined constant username - assumed 'username' D:\wamp\www\ybplant\Application\Runtime\Cache\center\9d213bf067cd19d8521997830e951f64.php 第 80 行.
INFO: Run Behavior\ParseTemplateBehavior [ RunTime:0.016406s ]
INFO: [ view_parse ] --END-- [ RunTime:0.016540s ]
INFO: [ view_filter ] --START--
INFO: Run Behavior\WriteHtmlCacheBehavior [ RunTime:0.000276s ]
INFO: [ view_filter ] --END-- [ RunTime:0.000398s ]
INFO: [ app_end ] --START--
INFO: Run Behavior\ShowPageTraceBehavior [ RunTime:0.000624s ]
INFO: [ app_end ] --END-- [ RunTime:0.000748s ]

[ 2017-11-11T13:42:21+08:00 ] 10.97.94.231 /center.php/Data/return_data.html?chip_id=123
INFO: [ app_init ] --START--
INFO: Run Behavior\BuildLiteBehavior [ RunTime:0.000038s ]
INFO: [ app_init ] --END-- [ RunTime:0.000654s ]
INFO: [ app_begin ] --START--
INFO: Run Behavior\ReadHtmlCacheBehavior [ RunTime:0.000821s ]
INFO: [ app_begin ] --END-- [ RunTime:0.000989s ]
NOTIC: [8] Use of undefined constant chip_id - assumed 'chip_id' D:\wamp\www\ybplant\Application\center\Controller\DataController.class.php 第 6 行.
NOTIC: [8] Use of undefined constant start_time - assumed 'start_time' D:\wamp\www\ybplant\Application\center\Controller\DataController.class.php 第 7 行.
NOTIC: [8] Undefined index: start_time D:\wamp\www\ybplant\Application\center\Controller\DataController.class.php 第 7 行.
SQL: SHOW COLUMNS FROM `chip_data` [ RunTime:0.0024s ]
SQL: SELECT * FROM `chip_data` WHERE ( chip_id = "123" and unix_timestamp(time)>1509774141 and unix_timestamp(time)<1510378941  )  [ RunTime:0.0017s ]
INFO: [ app_end ] --START--
INFO: Run Behavior\ShowPageTraceBehavior [ RunTime:0.000413s ]
INFO: [ app_end ] --END-- [ RunTime:0.000478s ]

[ 2017-11-11T13:42:28+08:00 ] 10.97.94.231 /center.php/index/allData.html
INFO: [ app_init ] --START--
INFO: Run Behavior\BuildLiteBehavior [ RunTime:0.000032s ]
INFO: [ app_init ] --END-- [ RunTime:0.000578s ]
INFO: [ app_begin ] --START--
INFO: Run Behavior\ReadHtmlCacheBehavior [ RunTime:0.000727s ]
INFO: [ app_begin ] --END-- [ RunTime:0.000896s ]
NOTIC: [8] Use of undefined constant isuser - assumed 'isuser' D:\wamp\www\ybplant\Application\center\Controller\IndexController.class.php 第 77 行.
NOTIC: [8] Use of undefined constant user - assumed 'user' D:\wamp\www\ybplant\Application\center\Controller\IndexController.class.php 第 65 行.
NOTIC: [8] Use of undefined constant username - assumed 'username' D:\wamp\www\ybplant\Application\center\Controller\IndexController.class.php 第 65 行.
SQL: SHOW COLUMNS FROM `chip_set` [ RunTime:0.0026s ]
SQL: SELECT * FROM `chip_set` WHERE ( username = "yibu"  )  [ RunTime:0.0003s ]
INFO: [ view_parse ] --START--
INFO: [ template_filter ] --START--
INFO: Run Behavior\ContentReplaceBehavior [ RunTime:0.000113s ]
INFO: [ template_filter ] --END-- [ RunTime:0.000200s ]
NOTIC: [8] Use of undefined constant isuser - assumed 'isuser' D:\wamp\www\ybplant\Application\Runtime\Cache\center\01219490d900f8beb22a73a3db4c0b9e.php 第 78 行.
NOTIC: [8] Use of undefined constant isuser - assumed 'isuser' D:\wamp\www\ybplant\Application\Runtime\Cache\center\01219490d900f8beb22a73a3db4c0b9e.php 第 80 行.
NOTIC: [8] Use of undefined constant user - assumed 'user' D:\wamp\www\ybplant\Application\Runtime\Cache\center\01219490d900f8beb22a73a3db4c0b9e.php 第 80 行.
NOTIC: [8] Use of undefined constant username - assumed 'username' D:\wamp\www\ybplant\Application\Runtime\Cache\center\01219490d900f8beb22a73a3db4c0b9e.php 第 80 行.
INFO: Run Behavior\ParseTemplateBehavior [ RunTime:0.010717s ]
INFO: [ view_parse ] --END-- [ RunTime:0.010806s ]
INFO: [ view_filter ] --START--
INFO: Run Behavior\WriteHtmlCacheBehavior [ RunTime:0.000180s ]
INFO: [ view_filter ] --END-- [ RunTime:0.000260s ]
INFO: [ app_end ] --START--
INFO: Run Behavior\ShowPageTraceBehavior [ RunTime:0.000430s ]
INFO: [ app_end ] --END-- [ RunTime:0.000511s ]

[ 2017-11-11T13:42:28+08:00 ] 10.97.94.231 /center.php/Data/return_last_time.html?chip_id=123
INFO: [ app_init ] --START--
INFO: Run Behavior\BuildLiteBehavior [ RunTime:0.000026s ]
INFO: [ app_init ] --END-- [ RunTime:0.000455s ]
INFO: [ app_begin ] --START--
INFO: Run Behavior\ReadHtmlCacheBehavior [ RunTime:0.000574s ]
INFO: [ app_begin ] --END-- [ RunTime:0.000689s ]
NOTIC: [8] Use of undefined constant chip_id - assumed 'chip_id' D:\wamp\www\ybplant\Application\center\Controller\DataController.class.php 第 36 行.
SQL: SHOW COLUMNS FROM `chip_set` [ RunTime:0.0025s ]
SQL: SELECT * FROM `chip_set` WHERE ( chip_id = "123"  )  [ RunTime:0.0003s ]
INFO: [ app_end ] --START--
INFO: Run Behavior\ShowPageTraceBehavior [ RunTime:0.000448s ]
INFO: [ app_end ] --END-- [ RunTime:0.000521s ]

[ 2017-11-11T13:42:28+08:00 ] 10.97.94.231 /center.php/Data/return_data.html?chip_id=123
INFO: [ app_init ] --START--
INFO: Run Behavior\BuildLiteBehavior [ RunTime:0.000029s ]
INFO: [ app_init ] --END-- [ RunTime:0.000466s ]
INFO: [ app_begin ] --START--
INFO: Run Behavior\ReadHtmlCacheBehavior [ RunTime:0.000580s ]
INFO: [ app_begin ] --END-- [ RunTime:0.000692s ]
NOTIC: [8] Use of undefined constant chip_id - assumed 'chip_id' D:\wamp\www\ybplant\Application\center\Controller\DataController.class.php 第 6 行.
NOTIC: [8] Use of undefined constant start_time - assumed 'start_time' D:\wamp\www\ybplant\Application\center\Controller\DataController.class.php 第 7 行.
NOTIC: [8] Undefined index: start_time D:\wamp\www\ybplant\Application\center\Controller\DataController.class.php 第 7 行.
SQL: SHOW COLUMNS FROM `chip_data` [ RunTime:0.0026s ]
SQL: SELECT * FROM `chip_data` WHERE ( chip_id = "123" and unix_timestamp(time)>1509774148 and unix_timestamp(time)<1510378948  )  [ RunTime:0.0016s ]
INFO: [ app_end ] --START--
INFO: Run Behavior\ShowPageTraceBehavior [ RunTime:0.000388s ]
INFO: [ app_end ] --END-- [ RunTime:0.000456s ]

[ 2017-11-11T13:42:28+08:00 ] 10.97.94.231 /center.php/Data/return_last_time.html?chip_id=123
INFO: [ app_init ] --START--
INFO: Run Behavior\BuildLiteBehavior [ RunTime:0.000026s ]
INFO: [ app_init ] --END-- [ RunTime:0.000351s ]
INFO: [ app_begin ] --START--
INFO: Run Behavior\ReadHtmlCacheBehavior [ RunTime:0.000346s ]
INFO: [ app_begin ] --END-- [ RunTime:0.000414s ]
NOTIC: [8] Use of undefined constant chip_id - assumed 'chip_id' D:\wamp\www\ybplant\Application\center\Controller\DataController.class.php 第 36 行.
SQL: SHOW COLUMNS FROM `chip_set` [ RunTime:0.0025s ]
SQL: SELECT * FROM `chip_set` WHERE ( chip_id = "123"  )  [ RunTime:0.0003s ]
INFO: [ app_end ] --START--
INFO: Run Behavior\ShowPageTraceBehavior [ RunTime:0.000416s ]
INFO: [ app_end ] --END-- [ RunTime:0.000486s ]

[ 2017-11-11T13:42:29+08:00 ] 10.97.94.231 /center.php/index/autoWater.html
INFO: [ app_init ] --START--
INFO: Run Behavior\BuildLiteBehavior [ RunTime:0.000027s ]
INFO: [ app_init ] --END-- [ RunTime:0.000942s ]
INFO: [ app_begin ] --START--
INFO: Run Behavior\ReadHtmlCacheBehavior [ RunTime:0.000619s ]
INFO: [ app_begin ] --END-- [ RunTime:0.000763s ]
NOTIC: [8] Use of undefined constant isuser - assumed 'isuser' D:\wamp\www\ybplant\Application\center\Controller\IndexController.class.php 第 77 行.
NOTIC: [8] Use of undefined constant user - assumed 'user' D:\wamp\www\ybplant\Application\center\Controller\IndexController.class.php 第 44 行.
NOTIC: [8] Use of undefined constant username - assumed 'username' D:\wamp\www\ybplant\Application\center\Controller\IndexController.class.php 第 44 行.
SQL: SHOW COLUMNS FROM `chip_set` [ RunTime:0.0025s ]
SQL: SELECT * FROM `chip_set` WHERE ( username = "yibu"  )  [ RunTime:0.0003s ]
INFO: [ view_parse ] --START--
INFO: [ template_filter ] --START--
INFO: Run Behavior\ContentReplaceBehavior [ RunTime:0.000094s ]
INFO: [ template_filter ] --END-- [ RunTime:0.000169s ]
NOTIC: [8] Use of undefined constant isuser - assumed 'isuser' D:\wamp\www\ybplant\Application\Runtime\Cache\center\8ce1a0c4f165da22c003458bdf1eeaf3.php 第 78 行.
NOTIC: [8] Use of undefined constant isuser - assumed 'isuser' D:\wamp\www\ybplant\Application\Runtime\Cache\center\8ce1a0c4f165da22c003458bdf1eeaf3.php 第 80 行.
NOTIC: [8] Use of undefined constant user - assumed 'user' D:\wamp\www\ybplant\Application\Runtime\Cache\center\8ce1a0c4f165da22c003458bdf1eeaf3.php 第 80 行.
NOTIC: [8] Use of undefined constant username - assumed 'username' D:\wamp\www\ybplant\Application\Runtime\Cache\center\8ce1a0c4f165da22c003458bdf1eeaf3.php 第 80 行.
NOTIC: [8] Uninitialized string offset: 0 D:\wamp\www\ybplant\Application\Runtime\Cache\center\8ce1a0c4f165da22c003458bdf1eeaf3.php 第 168 行.
NOTIC: [8] Uninitialized string offset: 0 D:\wamp\www\ybplant\Application\Runtime\Cache\center\8ce1a0c4f165da22c003458bdf1eeaf3.php 第 169 行.
NOTIC: [8] Uninitialized string offset: 0 D:\wamp\www\ybplant\Application\Runtime\Cache\center\8ce1a0c4f165da22c003458bdf1eeaf3.php 第 168 行.
NOTIC: [8] Uninitialized string offset: 0 D:\wamp\www\ybplant\Application\Runtime\Cache\center\8ce1a0c4f165da22c003458bdf1eeaf3.php 第 169 行.
NOTIC: [8] Uninitialized string offset: 0 D:\wamp\www\ybplant\Application\Runtime\Cache\center\8ce1a0c4f165da22c003458bdf1eeaf3.php 第 168 行.
NOTIC: [8] Uninitialized string offset: 0 D:\wamp\www\ybplant\Application\Runtime\Cache\center\8ce1a0c4f165da22c003458bdf1eeaf3.php 第 169 行.
INFO: Run Behavior\ParseTemplateBehavior [ RunTime:0.012312s ]
INFO: [ view_parse ] --END-- [ RunTime:0.012390s ]
INFO: [ view_filter ] --START--
INFO: Run Behavior\WriteHtmlCacheBehavior [ RunTime:0.000152s ]
INFO: [ view_filter ] --END-- [ RunTime:0.000218s ]
INFO: [ app_end ] --START--
INFO: Run Behavior\ShowPageTraceBehavior [ RunTime:0.000336s ]
INFO: [ app_end ] --END-- [ RunTime:0.000404s ]

[ 2017-11-11T13:42:30+08:00 ] 10.97.94.231 /center.php/index/alarm.html
INFO: [ app_init ] --START--
INFO: Run Behavior\BuildLiteBehavior [ RunTime:0.000028s ]
INFO: [ app_init ] --END-- [ RunTime:0.000491s ]
INFO: [ app_begin ] --START--
INFO: Run Behavior\ReadHtmlCacheBehavior [ RunTime:0.000618s ]
INFO: [ app_begin ] --END-- [ RunTime:0.000760s ]
NOTIC: [8] Use of undefined constant isuser - assumed 'isuser' D:\wamp\www\ybplant\Application\center\Controller\IndexController.class.php 第 77 行.
NOTIC: [8] Use of undefined constant user - assumed 'user' D:\wamp\www\ybplant\Application\center\Controller\IndexController.class.php 第 58 行.
NOTIC: [8] Use of undefined constant username - assumed 'username' D:\wamp\www\ybplant\Application\center\Controller\IndexController.class.php 第 58 行.
SQL: SHOW COLUMNS FROM `alarm` [ RunTime:0.0038s ]
SQL: SELECT * FROM `alarm` WHERE ( username = "yibu"  )  [ RunTime:0.0004s ]
INFO: [ view_parse ] --START--
INFO: [ template_filter ] --START--
INFO: Run Behavior\ContentReplaceBehavior [ RunTime:0.000146s ]
INFO: [ template_filter ] --END-- [ RunTime:0.000281s ]
NOTIC: [8] Use of undefined constant isuser - assumed 'isuser' D:\wamp\www\ybplant\Application\Runtime\Cache\center\212d08ee451e151c330f2df2aa119fc8.php 第 78 行.
NOTIC: [8] Use of undefined constant isuser - assumed 'isuser' D:\wamp\www\ybplant\Application\Runtime\Cache\center\212d08ee451e151c330f2df2aa119fc8.php 第 80 行.
NOTIC: [8] Use of undefined constant user - assumed 'user' D:\wamp\www\ybplant\Application\Runtime\Cache\center\212d08ee451e151c330f2df2aa119fc8.php 第 80 行.
NOTIC: [8] Use of undefined constant username - assumed 'username' D:\wamp\www\ybplant\Application\Runtime\Cache\center\212d08ee451e151c330f2df2aa119fc8.php 第 80 行.
INFO: Run Behavior\ParseTemplateBehavior [ RunTime:0.014376s ]
INFO: [ view_parse ] --END-- [ RunTime:0.014511s ]
INFO: [ view_filter ] --START--
INFO: Run Behavior\WriteHtmlCacheBehavior [ RunTime:0.000283s ]
INFO: [ view_filter ] --END-- [ RunTime:0.000402s ]
INFO: [ app_end ] --START--
INFO: Run Behavior\ShowPageTraceBehavior [ RunTime:0.000639s ]
INFO: [ app_end ] --END-- [ RunTime:0.000763s ]

[ 2017-11-11T13:42:31+08:00 ] 10.97.94.231 /center.php/index/undergoing.html
INFO: [ app_init ] --START--
INFO: Run Behavior\BuildLiteBehavior [ RunTime:0.000033s ]
INFO: [ app_init ] --END-- [ RunTime:0.000577s ]
INFO: [ app_begin ] --START--
INFO: Run Behavior\ReadHtmlCacheBehavior [ RunTime:0.000731s ]
INFO: [ app_begin ] --END-- [ RunTime:0.000902s ]
NOTIC: [8] Use of undefined constant isuser - assumed 'isuser' D:\wamp\www\ybplant\Application\center\Controller\IndexController.class.php 第 77 行.
INFO: [ view_parse ] --START--
INFO: [ template_filter ] --START--
INFO: Run Behavior\ContentReplaceBehavior [ RunTime:0.000133s ]
INFO: [ template_filter ] --END-- [ RunTime:0.000288s ]
NOTIC: [8] Use of undefined constant isuser - assumed 'isuser' D:\wamp\www\ybplant\Application\Runtime\Cache\center\f47a73710cbd3a8e4d353cbb2c5ff0f6.php 第 78 行.
NOTIC: [8] Use of undefined constant isuser - assumed 'isuser' D:\wamp\www\ybplant\Application\Runtime\Cache\center\f47a73710cbd3a8e4d353cbb2c5ff0f6.php 第 80 行.
NOTIC: [8] Use of undefined constant user - assumed 'user' D:\wamp\www\ybplant\Application\Runtime\Cache\center\f47a73710cbd3a8e4d353cbb2c5ff0f6.php 第 80 行.
NOTIC: [8] Use of undefined constant username - assumed 'username' D:\wamp\www\ybplant\Application\Runtime\Cache\center\f47a73710cbd3a8e4d353cbb2c5ff0f6.php 第 80 行.
INFO: Run Behavior\ParseTemplateBehavior [ RunTime:0.013290s ]
INFO: [ view_parse ] --END-- [ RunTime:0.013449s ]
INFO: [ view_filter ] --START--
INFO: Run Behavior\WriteHtmlCacheBehavior [ RunTime:0.000326s ]
INFO: [ view_filter ] --END-- [ RunTime:0.000468s ]

[ 2017-11-11T13:42:36+08:00 ] 10.97.94.231 /center.php/index/undergoing.html
INFO: [ app_init ] --START--
INFO: Run Behavior\BuildLiteBehavior [ RunTime:0.000028s ]
INFO: [ app_init ] --END-- [ RunTime:0.000494s ]
INFO: [ app_begin ] --START--
INFO: Run Behavior\ReadHtmlCacheBehavior [ RunTime:0.000622s ]
INFO: [ app_begin ] --END-- [ RunTime:0.000765s ]
NOTIC: [8] Use of undefined constant isuser - assumed 'isuser' D:\wamp\www\ybplant\Application\center\Controller\IndexController.class.php 第 77 行.
INFO: [ view_parse ] --START--
INFO: [ template_filter ] --START--
INFO: Run Behavior\ContentReplaceBehavior [ RunTime:0.000116s ]
INFO: [ template_filter ] --END-- [ RunTime:0.000252s ]
NOTIC: [8] Use of undefined constant isuser - assumed 'isuser' D:\wamp\www\ybplant\Application\Runtime\Cache\center\f47a73710cbd3a8e4d353cbb2c5ff0f6.php 第 78 行.
NOTIC: [8] Use of undefined constant isuser - assumed 'isuser' D:\wamp\www\ybplant\Application\Runtime\Cache\center\f47a73710cbd3a8e4d353cbb2c5ff0f6.php 第 80 行.
NOTIC: [8] Use of undefined constant user - assumed 'user' D:\wamp\www\ybplant\Application\Runtime\Cache\center\f47a73710cbd3a8e4d353cbb2c5ff0f6.php 第 80 行.
NOTIC: [8] Use of undefined constant username - assumed 'username' D:\wamp\www\ybplant\Application\Runtime\Cache\center\f47a73710cbd3a8e4d353cbb2c5ff0f6.php 第 80 行.
INFO: Run Behavior\ParseTemplateBehavior [ RunTime:0.011534s ]
INFO: [ view_parse ] --END-- [ RunTime:0.011672s ]
INFO: [ view_filter ] --START--
INFO: Run Behavior\WriteHtmlCacheBehavior [ RunTime:0.000278s ]
INFO: [ view_filter ] --END-- [ RunTime:0.000401s ]

[ 2017-11-11T13:42:40+08:00 ] 10.97.94.231 /center.php/index/undergoing.html
INFO: [ app_init ] --START--
INFO: Run Behavior\BuildLiteBehavior [ RunTime:0.000068s ]
INFO: [ app_init ] --END-- [ RunTime:0.001216s ]
INFO: [ app_begin ] --START--
INFO: Run Behavior\ReadHtmlCacheBehavior [ RunTime:0.001550s ]
INFO: [ app_begin ] --END-- [ RunTime:0.001907s ]
NOTIC: [8] Use of undefined constant isuser - assumed 'isuser' D:\wamp\www\ybplant\Application\center\Controller\IndexController.class.php 第 77 行.
INFO: [ view_parse ] --START--
INFO: [ template_filter ] --START--
INFO: Run Behavior\ContentReplaceBehavior [ RunTime:0.000114s ]
INFO: [ template_filter ] --END-- [ RunTime:0.000250s ]
NOTIC: [8] Use of undefined constant isuser - assumed 'isuser' D:\wamp\www\ybplant\Application\Runtime\Cache\center\f47a73710cbd3a8e4d353cbb2c5ff0f6.php 第 78 行.
NOTIC: [8] Use of undefined constant isuser - assumed 'isuser' D:\wamp\www\ybplant\Application\Runtime\Cache\center\f47a73710cbd3a8e4d353cbb2c5ff0f6.php 第 80 行.
NOTIC: [8] Use of undefined constant user - assumed 'user' D:\wamp\www\ybplant\Application\Runtime\Cache\center\f47a73710cbd3a8e4d353cbb2c5ff0f6.php 第 80 行.
NOTIC: [8] Use of undefined constant username - assumed 'username' D:\wamp\www\ybplant\Application\Runtime\Cache\center\f47a73710cbd3a8e4d353cbb2c5ff0f6.php 第 80 行.
INFO: Run Behavior\ParseTemplateBehavior [ RunTime:0.011951s ]
INFO: [ view_parse ] --END-- [ RunTime:0.012180s ]
INFO: [ view_filter ] --START--
INFO: Run Behavior\WriteHtmlCacheBehavior [ RunTime:0.000279s ]
INFO: [ view_filter ] --END-- [ RunTime:0.000403s ]

[ 2017-11-11T13:42:43+08:00 ] 10.97.94.231 /center.php/index/undergoing.html
INFO: [ app_init ] --START--
INFO: Run Behavior\BuildLiteBehavior [ RunTime:0.000069s ]
INFO: [ app_init ] --END-- [ RunTime:0.001217s ]
INFO: [ app_begin ] --START--
INFO: Run Behavior\ReadHtmlCacheBehavior [ RunTime:0.001548s ]
INFO: [ app_begin ] --END-- [ RunTime:0.001906s ]
NOTIC: [8] Use of undefined constant isuser - assumed 'isuser' D:\wamp\www\ybplant\Application\center\Controller\IndexController.class.php 第 77 行.
INFO: [ view_parse ] --START--
INFO: [ template_filter ] --START--
INFO: Run Behavior\ContentReplaceBehavior [ RunTime:0.000114s ]
INFO: [ template_filter ] --END-- [ RunTime:0.000248s ]
NOTIC: [8] Use of undefined constant isuser - assumed 'isuser' D:\wamp\www\ybplant\Application\Runtime\Cache\center\f47a73710cbd3a8e4d353cbb2c5ff0f6.php 第 78 行.
NOTIC: [8] Use of undefined constant isuser - assumed 'isuser' D:\wamp\www\ybplant\Application\Runtime\Cache\center\f47a73710cbd3a8e4d353cbb2c5ff0f6.php 第 80 行.
NOTIC: [8] Use of undefined constant user - assumed 'user' D:\wamp\www\ybplant\Application\Runtime\Cache\center\f47a73710cbd3a8e4d353cbb2c5ff0f6.php 第 80 行.
NOTIC: [8] Use of undefined constant username - assumed 'username' D:\wamp\www\ybplant\Application\Runtime\Cache\center\f47a73710cbd3a8e4d353cbb2c5ff0f6.php 第 80 行.
INFO: Run Behavior\ParseTemplateBehavior [ RunTime:0.011296s ]
INFO: [ view_parse ] --END-- [ RunTime:0.011432s ]
INFO: [ view_filter ] --START--
INFO: Run Behavior\WriteHtmlCacheBehavior [ RunTime:0.000279s ]
INFO: [ view_filter ] --END-- [ RunTime:0.000401s ]

[ 2017-11-11T13:42:47+08:00 ] 10.97.94.231 /center.php/index/center.html
INFO: [ app_init ] --START--
INFO: Run Behavior\BuildLiteBehavior [ RunTime:0.000030s ]
INFO: [ app_init ] --END-- [ RunTime:0.000523s ]
INFO: [ app_begin ] --START--
INFO: Run Behavior\ReadHtmlCacheBehavior [ RunTime:0.000654s ]
INFO: [ app_begin ] --END-- [ RunTime:0.000806s ]
NOTIC: [8] Use of undefined constant isuser - assumed 'isuser' D:\wamp\www\ybplant\Application\center\Controller\IndexController.class.php 第 77 行.
NOTIC: [8] Use of undefined constant user - assumed 'user' D:\wamp\www\ybplant\Application\center\Controller\IndexController.class.php 第 7 行.
NOTIC: [8] Use of undefined constant username - assumed 'username' D:\wamp\www\ybplant\Application\center\Controller\IndexController.class.php 第 7 行.
SQL: SHOW COLUMNS FROM `chip_set` [ RunTime:0.0026s ]
SQL: SELECT * FROM `chip_set` WHERE ( username = "yibu"  )  [ RunTime:0.0004s ]
INFO: [ view_parse ] --START--
INFO: [ template_filter ] --START--
INFO: Run Behavior\ContentReplaceBehavior [ RunTime:0.000087s ]
INFO: [ template_filter ] --END-- [ RunTime:0.000159s ]
NOTIC: [8] Use of undefined constant isuser - assumed 'isuser' D:\wamp\www\ybplant\Application\Runtime\Cache\center\9d213bf067cd19d8521997830e951f64.php 第 78 行.
NOTIC: [8] Use of undefined constant isuser - assumed 'isuser' D:\wamp\www\ybplant\Application\Runtime\Cache\center\9d213bf067cd19d8521997830e951f64.php 第 80 行.
NOTIC: [8] Use of undefined constant user - assumed 'user' D:\wamp\www\ybplant\Application\Runtime\Cache\center\9d213bf067cd19d8521997830e951f64.php 第 80 行.
NOTIC: [8] Use of undefined constant username - assumed 'username' D:\wamp\www\ybplant\Application\Runtime\Cache\center\9d213bf067cd19d8521997830e951f64.php 第 80 行.
INFO: Run Behavior\ParseTemplateBehavior [ RunTime:0.009252s ]
INFO: [ view_parse ] --END-- [ RunTime:0.009328s ]
INFO: [ view_filter ] --START--
INFO: Run Behavior\WriteHtmlCacheBehavior [ RunTime:0.000151s ]
INFO: [ view_filter ] --END-- [ RunTime:0.000218s ]
INFO: [ app_end ] --START--
INFO: Run Behavior\ShowPageTraceBehavior [ RunTime:0.000342s ]
INFO: [ app_end ] --END-- [ RunTime:0.000410s ]

[ 2017-11-11T13:42:48+08:00 ] 10.97.94.231 /center.php/Data/return_data.html?chip_id=123
INFO: [ app_init ] --START--
INFO: Run Behavior\BuildLiteBehavior [ RunTime:0.000037s ]
INFO: [ app_init ] --END-- [ RunTime:0.000650s ]
INFO: [ app_begin ] --START--
INFO: Run Behavior\ReadHtmlCacheBehavior [ RunTime:0.000823s ]
INFO: [ app_begin ] --END-- [ RunTime:0.000989s ]
NOTIC: [8] Use of undefined constant chip_id - assumed 'chip_id' D:\wamp\www\ybplant\Application\center\Controller\DataController.class.php 第 6 行.
NOTIC: [8] Use of undefined constant start_time - assumed 'start_time' D:\wamp\www\ybplant\Application\center\Controller\DataController.class.php 第 7 行.
NOTIC: [8] Undefined index: start_time D:\wamp\www\ybplant\Application\center\Controller\DataController.class.php 第 7 行.
SQL: SHOW COLUMNS FROM `chip_data` [ RunTime:0.0025s ]
SQL: SELECT * FROM `chip_data` WHERE ( chip_id = "123" and unix_timestamp(time)>1509774168 and unix_timestamp(time)<1510378968  )  [ RunTime:0.0017s ]
INFO: [ app_end ] --START--
INFO: Run Behavior\ShowPageTraceBehavior [ RunTime:0.000405s ]
INFO: [ app_end ] --END-- [ RunTime:0.000467s ]

[ 2017-11-11T13:42:58+08:00 ] 10.97.94.231 /center.php/Data/return_data.html?chip_id=123
INFO: [ app_init ] --START--
INFO: Run Behavior\BuildLiteBehavior [ RunTime:0.000028s ]
INFO: [ app_init ] --END-- [ RunTime:0.000539s ]
INFO: [ app_begin ] --START--
INFO: Run Behavior\ReadHtmlCacheBehavior [ RunTime:0.000753s ]
INFO: [ app_begin ] --END-- [ RunTime:0.000881s ]
NOTIC: [8] Use of undefined constant chip_id - assumed 'chip_id' D:\wamp\www\ybplant\Application\center\Controller\DataController.class.php 第 6 行.
NOTIC: [8] Use of undefined constant start_time - assumed 'start_time' D:\wamp\www\ybplant\Application\center\Controller\DataController.class.php 第 7 行.
NOTIC: [8] Undefined index: start_time D:\wamp\www\ybplant\Application\center\Controller\DataController.class.php 第 7 行.
SQL: SHOW COLUMNS FROM `chip_data` [ RunTime:0.0038s ]
SQL: SELECT * FROM `chip_data` WHERE ( chip_id = "123" and unix_timestamp(time)>1509774178 and unix_timestamp(time)<1510378978  )  [ RunTime:0.0029s ]
INFO: [ app_end ] --START--
INFO: Run Behavior\ShowPageTraceBehavior [ RunTime:0.000810s ]
INFO: [ app_end ] --END-- [ RunTime:0.000924s ]

[ 2017-11-11T13:58:14+08:00 ] 10.97.94.231 /center.php/index/center.html
INFO: [ app_init ] --START--
INFO: Run Behavior\BuildLiteBehavior [ RunTime:0.000027s ]
INFO: [ app_init ] --END-- [ RunTime:0.000558s ]
INFO: [ app_begin ] --START--
INFO: Run Behavior\ReadHtmlCacheBehavior [ RunTime:0.000757s ]
INFO: [ app_begin ] --END-- [ RunTime:0.000909s ]
NOTIC: [8] Use of undefined constant isuser - assumed 'isuser' D:\wamp\www\ybplant\Application\center\Controller\IndexController.class.php 第 77 行.
NOTIC: [8] Use of undefined constant user - assumed 'user' D:\wamp\www\ybplant\Application\center\Controller\IndexController.class.php 第 7 行.
NOTIC: [8] Use of undefined constant username - assumed 'username' D:\wamp\www\ybplant\Application\center\Controller\IndexController.class.php 第 7 行.
SQL: SHOW COLUMNS FROM `chip_set` [ RunTime:0.0026s ]
SQL: SELECT * FROM `chip_set` WHERE ( username = "yibu"  )  [ RunTime:0.0003s ]
INFO: [ view_parse ] --START--
INFO: [ template_filter ] --START--
INFO: Run Behavior\ContentReplaceBehavior [ RunTime:0.000090s ]
INFO: [ template_filter ] --END-- [ RunTime:0.000167s ]
NOTIC: [8] Use of undefined constant isuser - assumed 'isuser' D:\wamp\www\ybplant\Application\Runtime\Cache\center\9d213bf067cd19d8521997830e951f64.php 第 78 行.
NOTIC: [8] Use of undefined constant isuser - assumed 'isuser' D:\wamp\www\ybplant\Application\Runtime\Cache\center\9d213bf067cd19d8521997830e951f64.php 第 80 行.
NOTIC: [8] Use of undefined constant user - assumed 'user' D:\wamp\www\ybplant\Application\Runtime\Cache\center\9d213bf067cd19d8521997830e951f64.php 第 80 行.
NOTIC: [8] Use of undefined constant username - assumed 'username' D:\wamp\www\ybplant\Application\Runtime\Cache\center\9d213bf067cd19d8521997830e951f64.php 第 80 行.
INFO: Run Behavior\ParseTemplateBehavior [ RunTime:0.013235s ]
INFO: [ view_parse ] --END-- [ RunTime:0.013313s ]
INFO: [ view_filter ] --START--
INFO: Run Behavior\WriteHtmlCacheBehavior [ RunTime:0.000212s ]
INFO: [ view_filter ] --END-- [ RunTime:0.000279s ]
INFO: [ app_end ] --START--
INFO: Run Behavior\ShowPageTraceBehavior [ RunTime:0.000402s ]
INFO: [ app_end ] --END-- [ RunTime:0.000470s ]

[ 2017-11-11T13:58:14+08:00 ] 10.97.94.231 /center.php/Data/return_data.html?chip_id=123
INFO: [ app_init ] --START--
INFO: Run Behavior\BuildLiteBehavior [ RunTime:0.000028s ]
INFO: [ app_init ] --END-- [ RunTime:0.000542s ]
INFO: [ app_begin ] --START--
INFO: Run Behavior\ReadHtmlCacheBehavior [ RunTime:0.000749s ]
INFO: [ app_begin ] --END-- [ RunTime:0.000874s ]
NOTIC: [8] Use of undefined constant chip_id - assumed 'chip_id' D:\wamp\www\ybplant\Application\center\Controller\DataController.class.php 第 6 行.
NOTIC: [8] Use of undefined constant start_time - assumed 'start_time' D:\wamp\www\ybplant\Application\center\Controller\DataController.class.php 第 7 行.
NOTIC: [8] Undefined index: start_time D:\wamp\www\ybplant\Application\center\Controller\DataController.class.php 第 7 行.
SQL: SHOW COLUMNS FROM `chip_data` [ RunTime:0.0024s ]
SQL: SELECT * FROM `chip_data` WHERE ( chip_id = "123" and unix_timestamp(time)>1509775094 and unix_timestamp(time)<1510379894  )  [ RunTime:0.0018s ]
INFO: [ app_end ] --START--
INFO: Run Behavior\ShowPageTraceBehavior [ RunTime:0.000529s ]
INFO: [ app_end ] --END-- [ RunTime:0.000602s ]

[ 2017-11-11T13:58:19+08:00 ] 10.97.94.231 /center.php/Data/return_data.html?chip_id=lib-big
INFO: [ app_init ] --START--
INFO: Run Behavior\BuildLiteBehavior [ RunTime:0.000032s ]
INFO: [ app_init ] --END-- [ RunTime:0.000586s ]
INFO: [ app_begin ] --START--
INFO: Run Behavior\ReadHtmlCacheBehavior [ RunTime:0.000725s ]
INFO: [ app_begin ] --END-- [ RunTime:0.000869s ]
NOTIC: [8] Use of undefined constant chip_id - assumed 'chip_id' D:\wamp\www\ybplant\Application\center\Controller\DataController.class.php 第 6 行.
NOTIC: [8] Use of undefined constant start_time - assumed 'start_time' D:\wamp\www\ybplant\Application\center\Controller\DataController.class.php 第 7 行.
NOTIC: [8] Undefined index: start_time D:\wamp\www\ybplant\Application\center\Controller\DataController.class.php 第 7 行.
SQL: SHOW COLUMNS FROM `chip_data` [ RunTime:0.0025s ]
SQL: SELECT * FROM `chip_data` WHERE ( chip_id = "lib-big" and unix_timestamp(time)>1509775099 and unix_timestamp(time)<1510379899  )  [ RunTime:0.0041s ]
INFO: [ app_end ] --START--
INFO: Run Behavior\ShowPageTraceBehavior [ RunTime:0.000462s ]
INFO: [ app_end ] --END-- [ RunTime:0.000544s ]

[ 2017-11-11T13:59:51+08:00 ] 10.97.94.231 /center.php/index/allData.html
INFO: [ app_init ] --START--
INFO: Run Behavior\BuildLiteBehavior [ RunTime:0.000038s ]
INFO: [ app_init ] --END-- [ RunTime:0.000733s ]
INFO: [ app_begin ] --START--
INFO: Run Behavior\ReadHtmlCacheBehavior [ RunTime:0.001005s ]
INFO: [ app_begin ] --END-- [ RunTime:0.001205s ]
NOTIC: [8] Use of undefined constant isuser - assumed 'isuser' D:\wamp\www\ybplant\Application\center\Controller\IndexController.class.php 第 77 行.
NOTIC: [8] Use of undefined constant user - assumed 'user' D:\wamp\www\ybplant\Application\center\Controller\IndexController.class.php 第 65 行.
NOTIC: [8] Use of undefined constant username - assumed 'username' D:\wamp\www\ybplant\Application\center\Controller\IndexController.class.php 第 65 行.
SQL: SHOW COLUMNS FROM `chip_set` [ RunTime:0.0025s ]
SQL: SELECT * FROM `chip_set` WHERE ( username = "yibu"  )  [ RunTime:0.0004s ]
INFO: [ view_parse ] --START--
INFO: [ template_filter ] --START--
INFO: Run Behavior\ContentReplaceBehavior [ RunTime:0.000099s ]
INFO: [ template_filter ] --END-- [ RunTime:0.000179s ]
NOTIC: [8] Use of undefined constant isuser - assumed 'isuser' D:\wamp\www\ybplant\Application\Runtime\Cache\center\01219490d900f8beb22a73a3db4c0b9e.php 第 78 行.
NOTIC: [8] Use of undefined constant isuser - assumed 'isuser' D:\wamp\www\ybplant\Application\Runtime\Cache\center\01219490d900f8beb22a73a3db4c0b9e.php 第 80 行.
NOTIC: [8] Use of undefined constant user - assumed 'user' D:\wamp\www\ybplant\Application\Runtime\Cache\center\01219490d900f8beb22a73a3db4c0b9e.php 第 80 行.
NOTIC: [8] Use of undefined constant username - assumed 'username' D:\wamp\www\ybplant\Application\Runtime\Cache\center\01219490d900f8beb22a73a3db4c0b9e.php 第 80 行.
INFO: Run Behavior\ParseTemplateBehavior [ RunTime:0.009884s ]
INFO: [ view_parse ] --END-- [ RunTime:0.009967s ]
INFO: [ view_filter ] --START--
INFO: Run Behavior\WriteHtmlCacheBehavior [ RunTime:0.000216s ]
INFO: [ view_filter ] --END-- [ RunTime:0.000285s ]
INFO: [ app_end ] --START--
INFO: Run Behavior\ShowPageTraceBehavior [ RunTime:0.000398s ]
INFO: [ app_end ] --END-- [ RunTime:0.000467s ]

[ 2017-11-11T13:59:51+08:00 ] 10.97.94.231 /center.php/Data/return_last_time.html?chip_id=123
INFO: [ app_init ] --START--
INFO: Run Behavior\BuildLiteBehavior [ RunTime:0.000031s ]
INFO: [ app_init ] --END-- [ RunTime:0.000537s ]
INFO: [ app_begin ] --START--
INFO: Run Behavior\ReadHtmlCacheBehavior [ RunTime:0.000665s ]
INFO: [ app_begin ] --END-- [ RunTime:0.000797s ]
NOTIC: [8] Use of undefined constant chip_id - assumed 'chip_id' D:\wamp\www\ybplant\Application\center\Controller\DataController.class.php 第 36 行.
SQL: SHOW COLUMNS FROM `chip_set` [ RunTime:0.0040s ]
SQL: SELECT * FROM `chip_set` WHERE ( chip_id = "123"  )  [ RunTime:0.0005s ]
INFO: [ app_end ] --START--
INFO: Run Behavior\ShowPageTraceBehavior [ RunTime:0.000734s ]
INFO: [ app_end ] --END-- [ RunTime:0.000861s ]

[ 2017-11-11T13:59:51+08:00 ] 10.97.94.231 /center.php/Data/return_data.html?chip_id=123
INFO: [ app_init ] --START--
INFO: Run Behavior\BuildLiteBehavior [ RunTime:0.000029s ]
INFO: [ app_init ] --END-- [ RunTime:0.000538s ]
INFO: [ app_begin ] --START--
INFO: Run Behavior\ReadHtmlCacheBehavior [ RunTime:0.000667s ]
INFO: [ app_begin ] --END-- [ RunTime:0.000798s ]
NOTIC: [8] Use of undefined constant chip_id - assumed 'chip_id' D:\wamp\www\ybplant\Application\center\Controller\DataController.class.php 第 6 行.
NOTIC: [8] Use of undefined constant start_time - assumed 'start_time' D:\wamp\www\ybplant\Application\center\Controller\DataController.class.php 第 7 行.
NOTIC: [8] Undefined index: start_time D:\wamp\www\ybplant\Application\center\Controller\DataController.class.php 第 7 行.
SQL: SHOW COLUMNS FROM `chip_data` [ RunTime:0.0039s ]
SQL: SELECT * FROM `chip_data` WHERE ( chip_id = "123" and unix_timestamp(time)>1509775191 and unix_timestamp(time)<1510379991  )  [ RunTime:0.0030s ]
INFO: [ app_end ] --START--
INFO: Run Behavior\ShowPageTraceBehavior [ RunTime:0.000701s ]
INFO: [ app_end ] --END-- [ RunTime:0.000829s ]

[ 2017-11-11T13:59:51+08:00 ] 10.97.94.231 /center.php/Data/return_last_time.html?chip_id=123
INFO: [ app_init ] --START--
INFO: Run Behavior\BuildLiteBehavior [ RunTime:0.000030s ]
INFO: [ app_init ] --END-- [ RunTime:0.000532s ]
INFO: [ app_begin ] --START--
INFO: Run Behavior\ReadHtmlCacheBehavior [ RunTime:0.000657s ]
INFO: [ app_begin ] --END-- [ RunTime:0.000788s ]
NOTIC: [8] Use of undefined constant chip_id - assumed 'chip_id' D:\wamp\www\ybplant\Application\center\Controller\DataController.class.php 第 36 行.
SQL: SHOW COLUMNS FROM `chip_set` [ RunTime:0.0025s ]
SQL: SELECT * FROM `chip_set` WHERE ( chip_id = "123"  )  [ RunTime:0.0003s ]
INFO: [ app_end ] --START--
INFO: Run Behavior\ShowPageTraceBehavior [ RunTime:0.000454s ]
INFO: [ app_end ] --END-- [ RunTime:0.000525s ]

[ 2017-11-11T13:59:55+08:00 ] 10.97.94.231 /center.php/Data/return_data.html?chip_id=lib-big
INFO: [ app_init ] --START--
INFO: Run Behavior\BuildLiteBehavior [ RunTime:0.000029s ]
INFO: [ app_init ] --END-- [ RunTime:0.000515s ]
INFO: [ app_begin ] --START--
INFO: Run Behavior\ReadHtmlCacheBehavior [ RunTime:0.000628s ]
INFO: [ app_begin ] --END-- [ RunTime:0.000752s ]
NOTIC: [8] Use of undefined constant chip_id - assumed 'chip_id' D:\wamp\www\ybplant\Application\center\Controller\DataController.class.php 第 6 行.
NOTIC: [8] Use of undefined constant start_time - assumed 'start_time' D:\wamp\www\ybplant\Application\center\Controller\DataController.class.php 第 7 行.
NOTIC: [8] Undefined index: start_time D:\wamp\www\ybplant\Application\center\Controller\DataController.class.php 第 7 行.
SQL: SHOW COLUMNS FROM `chip_data` [ RunTime:0.0025s ]
SQL: SELECT * FROM `chip_data` WHERE ( chip_id = "lib-big" and unix_timestamp(time)>1509775195 and unix_timestamp(time)<1510379995  )  [ RunTime:0.0037s ]
INFO: [ app_end ] --START--
INFO: Run Behavior\ShowPageTraceBehavior [ RunTime:0.000400s ]
INFO: [ app_end ] --END-- [ RunTime:0.000471s ]

[ 2017-11-11T13:59:55+08:00 ] 10.97.94.231 /center.php/Data/return_last_time.html?chip_id=lib-big
INFO: [ app_init ] --START--
INFO: Run Behavior\BuildLiteBehavior [ RunTime:0.000030s ]
INFO: [ app_init ] --END-- [ RunTime:0.000507s ]
INFO: [ app_begin ] --START--
INFO: Run Behavior\ReadHtmlCacheBehavior [ RunTime:0.000629s ]
INFO: [ app_begin ] --END-- [ RunTime:0.000755s ]
NOTIC: [8] Use of undefined constant chip_id - assumed 'chip_id' D:\wamp\www\ybplant\Application\center\Controller\DataController.class.php 第 36 行.
SQL: SHOW COLUMNS FROM `chip_set` [ RunTime:0.0025s ]
SQL: SELECT * FROM `chip_set` WHERE ( chip_id = "lib-big"  )  [ RunTime:0.0003s ]
INFO: [ app_end ] --START--
INFO: Run Behavior\ShowPageTraceBehavior [ RunTime:0.000434s ]
INFO: [ app_end ] --END-- [ RunTime:0.000503s ]

[ 2017-11-11T14:00:12+08:00 ] 10.97.94.231 /center.php/index/center.html
INFO: [ app_init ] --START--
INFO: Run Behavior\BuildLiteBehavior [ RunTime:0.000070s ]
INFO: [ app_init ] --END-- [ RunTime:0.001238s ]
INFO: [ app_begin ] --START--
INFO: Run Behavior\ReadHtmlCacheBehavior [ RunTime:0.001540s ]
INFO: [ app_begin ] --END-- [ RunTime:0.001888s ]
NOTIC: [8] Use of undefined constant isuser - assumed 'isuser' D:\wamp\www\ybplant\Application\center\Controller\IndexController.class.php 第 77 行.
NOTIC: [8] Use of undefined constant user - assumed 'user' D:\wamp\www\ybplant\Application\center\Controller\IndexController.class.php 第 7 行.
NOTIC: [8] Use of undefined constant username - assumed 'username' D:\wamp\www\ybplant\Application\center\Controller\IndexController.class.php 第 7 行.
SQL: SHOW COLUMNS FROM `chip_set` [ RunTime:0.0039s ]
SQL: SELECT * FROM `chip_set` WHERE ( username = "yibu"  )  [ RunTime:0.0005s ]
INFO: [ view_parse ] --START--
INFO: [ template_filter ] --START--
INFO: Run Behavior\ContentReplaceBehavior [ RunTime:0.000091s ]
INFO: [ template_filter ] --END-- [ RunTime:0.000167s ]
NOTIC: [8] Use of undefined constant isuser - assumed 'isuser' D:\wamp\www\ybplant\Application\Runtime\Cache\center\9d213bf067cd19d8521997830e951f64.php 第 78 行.
NOTIC: [8] Use of undefined constant isuser - assumed 'isuser' D:\wamp\www\ybplant\Application\Runtime\Cache\center\9d213bf067cd19d8521997830e951f64.php 第 80 行.
NOTIC: [8] Use of undefined constant user - assumed 'user' D:\wamp\www\ybplant\Application\Runtime\Cache\center\9d213bf067cd19d8521997830e951f64.php 第 80 行.
NOTIC: [8] Use of undefined constant username - assumed 'username' D:\wamp\www\ybplant\Application\Runtime\Cache\center\9d213bf067cd19d8521997830e951f64.php 第 80 行.
INFO: Run Behavior\ParseTemplateBehavior [ RunTime:0.013899s ]
INFO: [ view_parse ] --END-- [ RunTime:0.014004s ]
INFO: [ view_filter ] --START--
INFO: Run Behavior\WriteHtmlCacheBehavior [ RunTime:0.000210s ]
INFO: [ view_filter ] --END-- [ RunTime:0.000278s ]
INFO: [ app_end ] --START--
INFO: Run Behavior\ShowPageTraceBehavior [ RunTime:0.000342s ]
INFO: [ app_end ] --END-- [ RunTime:0.000411s ]

[ 2017-11-11T14:00:12+08:00 ] 10.97.94.231 /center.php/Data/return_data.html?chip_id=123
INFO: [ app_init ] --START--
INFO: Run Behavior\BuildLiteBehavior [ RunTime:0.000028s ]
INFO: [ app_init ] --END-- [ RunTime:0.000500s ]
INFO: [ app_begin ] --START--
INFO: Run Behavior\ReadHtmlCacheBehavior [ RunTime:0.000615s ]
INFO: [ app_begin ] --END-- [ RunTime:0.000737s ]
NOTIC: [8] Use of undefined constant chip_id - assumed 'chip_id' D:\wamp\www\ybplant\Application\center\Controller\DataController.class.php 第 6 行.
NOTIC: [8] Use of undefined constant start_time - assumed 'start_time' D:\wamp\www\ybplant\Application\center\Controller\DataController.class.php 第 7 行.
NOTIC: [8] Undefined index: start_time D:\wamp\www\ybplant\Application\center\Controller\DataController.class.php 第 7 行.
SQL: SHOW COLUMNS FROM `chip_data` [ RunTime:0.0037s ]
SQL: SELECT * FROM `chip_data` WHERE ( chip_id = "123" and unix_timestamp(time)>1509775212 and unix_timestamp(time)<1510380012  )  [ RunTime:0.0029s ]
INFO: [ app_end ] --START--
INFO: Run Behavior\ShowPageTraceBehavior [ RunTime:0.000703s ]
INFO: [ app_end ] --END-- [ RunTime:0.000822s ]

