[ 2017-11-24T19:32:11+08:00 ] 127.0.0.1 /wifiplant/center.php/index/center
INFO: [ app_init ] --START--
INFO: Run Behavior\BuildLiteBehavior [ RunTime:0.000034s ]
INFO: [ app_init ] --END-- [ RunTime:0.000546s ]
INFO: [ app_begin ] --START--
INFO: Run Behavior\ReadHtmlCacheBehavior [ RunTime:0.000674s ]
INFO: [ app_begin ] --END-- [ RunTime:0.000807s ]
NOTIC: [8] Use of undefined constant isuser - assumed 'isuser' E:\webprog\environment\1\thinkphp\wamp\www\wifiplant\Application\center\Controller\IndexController.class.php 第 77 行.
NOTIC: [8] Use of undefined constant user - assumed 'user' E:\webprog\environment\1\thinkphp\wamp\www\wifiplant\Application\center\Controller\IndexController.class.php 第 7 行.
NOTIC: [8] Use of undefined constant username - assumed 'username' E:\webprog\environment\1\thinkphp\wamp\www\wifiplant\Application\center\Controller\IndexController.class.php 第 7 行.
SQL: SHOW COLUMNS FROM `chip_set` [ RunTime:0.0344s ]
SQL: SELECT * FROM `chip_set` WHERE ( username = "yibu"  )  [ RunTime:0.0005s ]
INFO: [ view_parse ] --START--
INFO: [ template_filter ] --START--
INFO: Run Behavior\ContentReplaceBehavior [ RunTime:0.000103s ]
INFO: [ template_filter ] --END-- [ RunTime:0.000191s ]
NOTIC: [8] Use of undefined constant isuser - assumed 'isuser' E:\webprog\environment\1\thinkphp\wamp\www\wifiplant\Application\Runtime\Cache\center\9d213bf067cd19d8521997830e951f64.php 第 78 行.
NOTIC: [8] Use of undefined constant isuser - assumed 'isuser' E:\webprog\environment\1\thinkphp\wamp\www\wifiplant\Application\Runtime\Cache\center\9d213bf067cd19d8521997830e951f64.php 第 80 行.
NOTIC: [8] Use of undefined constant user - assumed 'user' E:\webprog\environment\1\thinkphp\wamp\www\wifiplant\Application\Runtime\Cache\center\9d213bf067cd19d8521997830e951f64.php 第 80 行.
NOTIC: [8] Use of undefined constant username - assumed 'username' E:\webprog\environment\1\thinkphp\wamp\www\wifiplant\Application\Runtime\Cache\center\9d213bf067cd19d8521997830e951f64.php 第 80 行.
INFO: Run Behavior\ParseTemplateBehavior [ RunTime:0.013453s ]
INFO: [ view_parse ] --END-- [ RunTime:0.013580s ]
INFO: [ view_filter ] --START--
INFO: Run Behavior\WriteHtmlCacheBehavior [ RunTime:0.000408s ]
INFO: [ view_filter ] --END-- [ RunTime:0.000484s ]
INFO: [ app_end ] --START--
INFO: Run Behavior\ShowPageTraceBehavior [ RunTime:0.000711s ]
INFO: [ app_end ] --END-- [ RunTime:0.000790s ]

[ 2017-11-24T19:32:11+08:00 ] 127.0.0.1 /wifiplant/center.php/Data/return_data.html?chip_id=abc
INFO: [ app_init ] --START--
INFO: Run Behavior\BuildLiteBehavior [ RunTime:0.000037s ]
INFO: [ app_init ] --END-- [ RunTime:0.000753s ]
INFO: [ app_begin ] --START--
INFO: Run Behavior\ReadHtmlCacheBehavior [ RunTime:0.001003s ]
INFO: [ app_begin ] --END-- [ RunTime:0.001144s ]
NOTIC: [8] Use of undefined constant chip_id - assumed 'chip_id' E:\webprog\environment\1\thinkphp\wamp\www\wifiplant\Application\center\Controller\DataController.class.php 第 6 行.
NOTIC: [8] Use of undefined constant start_time - assumed 'start_time' E:\webprog\environment\1\thinkphp\wamp\www\wifiplant\Application\center\Controller\DataController.class.php 第 7 行.
NOTIC: [8] Undefined index: start_time E:\webprog\environment\1\thinkphp\wamp\www\wifiplant\Application\center\Controller\DataController.class.php 第 7 行.
SQL: SHOW COLUMNS FROM `chip_data` [ RunTime:0.0254s ]
SQL: SELECT * FROM `chip_data` WHERE ( chip_id = "abc" and unix_timestamp(time)>1510918331 and unix_timestamp(time)<1511523131  )  [ RunTime:0.0011s ]
INFO: [ app_end ] --START--
INFO: Run Behavior\ShowPageTraceBehavior [ RunTime:0.000928s ]
INFO: [ app_end ] --END-- [ RunTime:0.001143s ]

[ 2017-11-24T19:32:13+08:00 ] 127.0.0.1 /wifiplant/center.php/index/bindChip.html
INFO: [ app_init ] --START--
INFO: Run Behavior\BuildLiteBehavior [ RunTime:0.000044s ]
INFO: [ app_init ] --END-- [ RunTime:0.000787s ]
INFO: [ app_begin ] --START--
INFO: Run Behavior\ReadHtmlCacheBehavior [ RunTime:0.000849s ]
INFO: [ app_begin ] --END-- [ RunTime:0.000979s ]
NOTIC: [8] Use of undefined constant isuser - assumed 'isuser' E:\webprog\environment\1\thinkphp\wamp\www\wifiplant\Application\center\Controller\IndexController.class.php 第 77 行.
NOTIC: [8] Use of undefined constant user - assumed 'user' E:\webprog\environment\1\thinkphp\wamp\www\wifiplant\Application\center\Controller\IndexController.class.php 第 51 行.
NOTIC: [8] Use of undefined constant username - assumed 'username' E:\webprog\environment\1\thinkphp\wamp\www\wifiplant\Application\center\Controller\IndexController.class.php 第 51 行.
SQL: SHOW COLUMNS FROM `chip_set` [ RunTime:0.0047s ]
SQL: SELECT * FROM `chip_set` WHERE ( username = "yibu"  )  [ RunTime:0.0004s ]
INFO: [ view_parse ] --START--
INFO: [ template_filter ] --START--
INFO: Run Behavior\ContentReplaceBehavior [ RunTime:0.000195s ]
INFO: [ template_filter ] --END-- [ RunTime:0.000287s ]
NOTIC: [8] Use of undefined constant isuser - assumed 'isuser' E:\webprog\environment\1\thinkphp\wamp\www\wifiplant\Application\Runtime\Cache\center\665b0d6e38964483d91d0b4b33ee6bc8.php 第 78 行.
NOTIC: [8] Use of undefined constant isuser - assumed 'isuser' E:\webprog\environment\1\thinkphp\wamp\www\wifiplant\Application\Runtime\Cache\center\665b0d6e38964483d91d0b4b33ee6bc8.php 第 80 行.
NOTIC: [8] Use of undefined constant user - assumed 'user' E:\webprog\environment\1\thinkphp\wamp\www\wifiplant\Application\Runtime\Cache\center\665b0d6e38964483d91d0b4b33ee6bc8.php 第 80 行.
NOTIC: [8] Use of undefined constant username - assumed 'username' E:\webprog\environment\1\thinkphp\wamp\www\wifiplant\Application\Runtime\Cache\center\665b0d6e38964483d91d0b4b33ee6bc8.php 第 80 行.
INFO: Run Behavior\ParseTemplateBehavior [ RunTime:0.019613s ]
INFO: [ view_parse ] --END-- [ RunTime:0.019701s ]
INFO: [ view_filter ] --START--
INFO: Run Behavior\WriteHtmlCacheBehavior [ RunTime:0.000423s ]
INFO: [ view_filter ] --END-- [ RunTime:0.000499s ]
INFO: [ app_end ] --START--
INFO: Run Behavior\ShowPageTraceBehavior [ RunTime:0.000591s ]
INFO: [ app_end ] --END-- [ RunTime:0.000669s ]

[ 2017-11-24T19:32:13+08:00 ] 127.0.0.1 /wifiplant/center.php/index/allData.html
INFO: [ app_init ] --START--
INFO: Run Behavior\BuildLiteBehavior [ RunTime:0.000032s ]
INFO: [ app_init ] --END-- [ RunTime:0.000606s ]
INFO: [ app_begin ] --START--
INFO: Run Behavior\ReadHtmlCacheBehavior [ RunTime:0.000743s ]
INFO: [ app_begin ] --END-- [ RunTime:0.000890s ]
NOTIC: [8] Use of undefined constant isuser - assumed 'isuser' E:\webprog\environment\1\thinkphp\wamp\www\wifiplant\Application\center\Controller\IndexController.class.php 第 77 行.
NOTIC: [8] Use of undefined constant user - assumed 'user' E:\webprog\environment\1\thinkphp\wamp\www\wifiplant\Application\center\Controller\IndexController.class.php 第 65 行.
NOTIC: [8] Use of undefined constant username - assumed 'username' E:\webprog\environment\1\thinkphp\wamp\www\wifiplant\Application\center\Controller\IndexController.class.php 第 65 行.
SQL: SHOW COLUMNS FROM `chip_set` [ RunTime:0.0053s ]
SQL: SELECT * FROM `chip_set` WHERE ( username = "yibu"  )  [ RunTime:0.0004s ]
INFO: [ view_parse ] --START--
INFO: [ template_filter ] --START--
INFO: Run Behavior\ContentReplaceBehavior [ RunTime:0.000105s ]
INFO: [ template_filter ] --END-- [ RunTime:0.000188s ]
NOTIC: [8] Use of undefined constant isuser - assumed 'isuser' E:\webprog\environment\1\thinkphp\wamp\www\wifiplant\Application\Runtime\Cache\center\01219490d900f8beb22a73a3db4c0b9e.php 第 78 行.
NOTIC: [8] Use of undefined constant isuser - assumed 'isuser' E:\webprog\environment\1\thinkphp\wamp\www\wifiplant\Application\Runtime\Cache\center\01219490d900f8beb22a73a3db4c0b9e.php 第 80 行.
NOTIC: [8] Use of undefined constant user - assumed 'user' E:\webprog\environment\1\thinkphp\wamp\www\wifiplant\Application\Runtime\Cache\center\01219490d900f8beb22a73a3db4c0b9e.php 第 80 行.
NOTIC: [8] Use of undefined constant username - assumed 'username' E:\webprog\environment\1\thinkphp\wamp\www\wifiplant\Application\Runtime\Cache\center\01219490d900f8beb22a73a3db4c0b9e.php 第 80 行.
INFO: Run Behavior\ParseTemplateBehavior [ RunTime:0.013519s ]
INFO: [ view_parse ] --END-- [ RunTime:0.013624s ]
INFO: [ view_filter ] --START--
INFO: Run Behavior\WriteHtmlCacheBehavior [ RunTime:0.000419s ]
INFO: [ view_filter ] --END-- [ RunTime:0.000508s ]
INFO: [ app_end ] --START--
INFO: Run Behavior\ShowPageTraceBehavior [ RunTime:0.000475s ]
INFO: [ app_end ] --END-- [ RunTime:0.000551s ]

[ 2017-11-24T19:32:14+08:00 ] 127.0.0.1 /wifiplant/center.php/Data/return_last_time.html?chip_id=abc
INFO: [ app_init ] --START--
INFO: Run Behavior\BuildLiteBehavior [ RunTime:0.000025s ]
INFO: [ app_init ] --END-- [ RunTime:0.000430s ]
INFO: [ app_begin ] --START--
INFO: Run Behavior\ReadHtmlCacheBehavior [ RunTime:0.000612s ]
INFO: [ app_begin ] --END-- [ RunTime:0.000740s ]
NOTIC: [8] Use of undefined constant chip_id - assumed 'chip_id' E:\webprog\environment\1\thinkphp\wamp\www\wifiplant\Application\center\Controller\DataController.class.php 第 36 行.
SQL: SHOW COLUMNS FROM `chip_set` [ RunTime:0.0110s ]
SQL: SELECT * FROM `chip_set` WHERE ( chip_id = "abc"  )  [ RunTime:0.0040s ]
INFO: [ app_end ] --START--
INFO: Run Behavior\ShowPageTraceBehavior [ RunTime:0.002153s ]
INFO: [ app_end ] --END-- [ RunTime:0.002561s ]

[ 2017-11-24T19:32:14+08:00 ] 127.0.0.1 /wifiplant/center.php/Data/return_data.html?chip_id=abc
INFO: [ app_init ] --START--
INFO: Run Behavior\BuildLiteBehavior [ RunTime:0.000034s ]
INFO: [ app_init ] --END-- [ RunTime:0.000617s ]
INFO: [ app_begin ] --START--
INFO: Run Behavior\ReadHtmlCacheBehavior [ RunTime:0.000763s ]
INFO: [ app_begin ] --END-- [ RunTime:0.000903s ]
NOTIC: [8] Use of undefined constant chip_id - assumed 'chip_id' E:\webprog\environment\1\thinkphp\wamp\www\wifiplant\Application\center\Controller\DataController.class.php 第 6 行.
NOTIC: [8] Use of undefined constant start_time - assumed 'start_time' E:\webprog\environment\1\thinkphp\wamp\www\wifiplant\Application\center\Controller\DataController.class.php 第 7 行.
NOTIC: [8] Undefined index: start_time E:\webprog\environment\1\thinkphp\wamp\www\wifiplant\Application\center\Controller\DataController.class.php 第 7 行.
SQL: SHOW COLUMNS FROM `chip_data` [ RunTime:0.0092s ]
SQL: SELECT * FROM `chip_data` WHERE ( chip_id = "abc" and unix_timestamp(time)>1510918334 and unix_timestamp(time)<1511523134  )  [ RunTime:0.0007s ]
INFO: [ app_end ] --START--
INFO: Run Behavior\ShowPageTraceBehavior [ RunTime:0.000860s ]
INFO: [ app_end ] --END-- [ RunTime:0.000945s ]

[ 2017-11-24T19:32:14+08:00 ] 127.0.0.1 /wifiplant/center.php/Data/return_last_time.html?chip_id=abc
INFO: [ app_init ] --START--
INFO: Run Behavior\BuildLiteBehavior [ RunTime:0.000023s ]
INFO: [ app_init ] --END-- [ RunTime:0.000703s ]
INFO: [ app_begin ] --START--
INFO: Run Behavior\ReadHtmlCacheBehavior [ RunTime:0.000737s ]
INFO: [ app_begin ] --END-- [ RunTime:0.000941s ]
NOTIC: [8] Use of undefined constant chip_id - assumed 'chip_id' E:\webprog\environment\1\thinkphp\wamp\www\wifiplant\Application\center\Controller\DataController.class.php 第 36 行.
SQL: SHOW COLUMNS FROM `chip_set` [ RunTime:0.0072s ]
SQL: SELECT * FROM `chip_set` WHERE ( chip_id = "abc"  )  [ RunTime:0.0004s ]
INFO: [ app_end ] --START--
INFO: Run Behavior\ShowPageTraceBehavior [ RunTime:0.000603s ]
INFO: [ app_end ] --END-- [ RunTime:0.000694s ]

[ 2017-11-24T19:32:14+08:00 ] 127.0.0.1 /wifiplant/center.php/index/autoWater.html
INFO: [ app_init ] --START--
INFO: Run Behavior\BuildLiteBehavior [ RunTime:0.000024s ]
INFO: [ app_init ] --END-- [ RunTime:0.000478s ]
INFO: [ app_begin ] --START--
INFO: Run Behavior\ReadHtmlCacheBehavior [ RunTime:0.000597s ]
INFO: [ app_begin ] --END-- [ RunTime:0.000721s ]
NOTIC: [8] Use of undefined constant isuser - assumed 'isuser' E:\webprog\environment\1\thinkphp\wamp\www\wifiplant\Application\center\Controller\IndexController.class.php 第 77 行.
NOTIC: [8] Use of undefined constant user - assumed 'user' E:\webprog\environment\1\thinkphp\wamp\www\wifiplant\Application\center\Controller\IndexController.class.php 第 44 行.
NOTIC: [8] Use of undefined constant username - assumed 'username' E:\webprog\environment\1\thinkphp\wamp\www\wifiplant\Application\center\Controller\IndexController.class.php 第 44 行.
SQL: SHOW COLUMNS FROM `chip_set` [ RunTime:0.0050s ]
SQL: SELECT * FROM `chip_set` WHERE ( username = "yibu"  )  [ RunTime:0.0004s ]
INFO: [ view_parse ] --START--
INFO: [ template_filter ] --START--
INFO: Run Behavior\ContentReplaceBehavior [ RunTime:0.000193s ]
INFO: [ template_filter ] --END-- [ RunTime:0.000285s ]
NOTIC: [8] Use of undefined constant isuser - assumed 'isuser' E:\webprog\environment\1\thinkphp\wamp\www\wifiplant\Application\Runtime\Cache\center\8ce1a0c4f165da22c003458bdf1eeaf3.php 第 78 行.
NOTIC: [8] Use of undefined constant isuser - assumed 'isuser' E:\webprog\environment\1\thinkphp\wamp\www\wifiplant\Application\Runtime\Cache\center\8ce1a0c4f165da22c003458bdf1eeaf3.php 第 80 行.
NOTIC: [8] Use of undefined constant user - assumed 'user' E:\webprog\environment\1\thinkphp\wamp\www\wifiplant\Application\Runtime\Cache\center\8ce1a0c4f165da22c003458bdf1eeaf3.php 第 80 行.
NOTIC: [8] Use of undefined constant username - assumed 'username' E:\webprog\environment\1\thinkphp\wamp\www\wifiplant\Application\Runtime\Cache\center\8ce1a0c4f165da22c003458bdf1eeaf3.php 第 80 行.
NOTIC: [8] Uninitialized string offset: 0 E:\webprog\environment\1\thinkphp\wamp\www\wifiplant\Application\Runtime\Cache\center\8ce1a0c4f165da22c003458bdf1eeaf3.php 第 168 行.
NOTIC: [8] Uninitialized string offset: 0 E:\webprog\environment\1\thinkphp\wamp\www\wifiplant\Application\Runtime\Cache\center\8ce1a0c4f165da22c003458bdf1eeaf3.php 第 169 行.
NOTIC: [8] Uninitialized string offset: 0 E:\webprog\environment\1\thinkphp\wamp\www\wifiplant\Application\Runtime\Cache\center\8ce1a0c4f165da22c003458bdf1eeaf3.php 第 168 行.
NOTIC: [8] Uninitialized string offset: 0 E:\webprog\environment\1\thinkphp\wamp\www\wifiplant\Application\Runtime\Cache\center\8ce1a0c4f165da22c003458bdf1eeaf3.php 第 169 行.
NOTIC: [8] Uninitialized string offset: 0 E:\webprog\environment\1\thinkphp\wamp\www\wifiplant\Application\Runtime\Cache\center\8ce1a0c4f165da22c003458bdf1eeaf3.php 第 168 行.
NOTIC: [8] Uninitialized string offset: 0 E:\webprog\environment\1\thinkphp\wamp\www\wifiplant\Application\Runtime\Cache\center\8ce1a0c4f165da22c003458bdf1eeaf3.php 第 169 行.
INFO: Run Behavior\ParseTemplateBehavior [ RunTime:0.017688s ]
INFO: [ view_parse ] --END-- [ RunTime:0.017796s ]
INFO: [ view_filter ] --START--
INFO: Run Behavior\WriteHtmlCacheBehavior [ RunTime:0.000495s ]
INFO: [ view_filter ] --END-- [ RunTime:0.000571s ]
INFO: [ app_end ] --START--
INFO: Run Behavior\ShowPageTraceBehavior [ RunTime:0.000413s ]
INFO: [ app_end ] --END-- [ RunTime:0.000489s ]

[ 2017-11-24T19:32:15+08:00 ] 127.0.0.1 /wifiplant/center.php/index/undergoing.html
INFO: [ app_init ] --START--
INFO: Run Behavior\BuildLiteBehavior [ RunTime:0.000036s ]
INFO: [ app_init ] --END-- [ RunTime:0.000674s ]
INFO: [ app_begin ] --START--
INFO: Run Behavior\ReadHtmlCacheBehavior [ RunTime:0.000860s ]
INFO: [ app_begin ] --END-- [ RunTime:0.001047s ]
NOTIC: [8] Use of undefined constant isuser - assumed 'isuser' E:\webprog\environment\1\thinkphp\wamp\www\wifiplant\Application\center\Controller\IndexController.class.php 第 77 行.
INFO: [ view_parse ] --START--
INFO: [ template_filter ] --START--
INFO: Run Behavior\ContentReplaceBehavior [ RunTime:0.000096s ]
INFO: [ template_filter ] --END-- [ RunTime:0.000204s ]
NOTIC: [8] Use of undefined constant isuser - assumed 'isuser' E:\webprog\environment\1\thinkphp\wamp\www\wifiplant\Application\Runtime\Cache\center\f47a73710cbd3a8e4d353cbb2c5ff0f6.php 第 78 行.
NOTIC: [8] Use of undefined constant isuser - assumed 'isuser' E:\webprog\environment\1\thinkphp\wamp\www\wifiplant\Application\Runtime\Cache\center\f47a73710cbd3a8e4d353cbb2c5ff0f6.php 第 80 行.
NOTIC: [8] Use of undefined constant user - assumed 'user' E:\webprog\environment\1\thinkphp\wamp\www\wifiplant\Application\Runtime\Cache\center\f47a73710cbd3a8e4d353cbb2c5ff0f6.php 第 80 行.
NOTIC: [8] Use of undefined constant username - assumed 'username' E:\webprog\environment\1\thinkphp\wamp\www\wifiplant\Application\Runtime\Cache\center\f47a73710cbd3a8e4d353cbb2c5ff0f6.php 第 80 行.
INFO: Run Behavior\ParseTemplateBehavior [ RunTime:0.015408s ]
INFO: [ view_parse ] --END-- [ RunTime:0.015533s ]
INFO: [ view_filter ] --START--
INFO: Run Behavior\WriteHtmlCacheBehavior [ RunTime:0.000417s ]
INFO: [ view_filter ] --END-- [ RunTime:0.000499s ]

[ 2017-11-24T19:32:16+08:00 ] 127.0.0.1 /wifiplant/center.php/index/alarm.html
INFO: [ app_init ] --START--
INFO: Run Behavior\BuildLiteBehavior [ RunTime:0.000033s ]
INFO: [ app_init ] --END-- [ RunTime:0.000603s ]
INFO: [ app_begin ] --START--
INFO: Run Behavior\ReadHtmlCacheBehavior [ RunTime:0.000768s ]
INFO: [ app_begin ] --END-- [ RunTime:0.000932s ]
NOTIC: [8] Use of undefined constant isuser - assumed 'isuser' E:\webprog\environment\1\thinkphp\wamp\www\wifiplant\Application\center\Controller\IndexController.class.php 第 77 行.
NOTIC: [8] Use of undefined constant user - assumed 'user' E:\webprog\environment\1\thinkphp\wamp\www\wifiplant\Application\center\Controller\IndexController.class.php 第 58 行.
NOTIC: [8] Use of undefined constant username - assumed 'username' E:\webprog\environment\1\thinkphp\wamp\www\wifiplant\Application\center\Controller\IndexController.class.php 第 58 行.
SQL: SHOW COLUMNS FROM `alarm` [ RunTime:0.0686s ]
SQL: SELECT * FROM `alarm` WHERE ( username = "yibu"  )  [ RunTime:0.0005s ]
INFO: [ view_parse ] --START--
INFO: [ template_filter ] --START--
INFO: Run Behavior\ContentReplaceBehavior [ RunTime:0.000106s ]
INFO: [ template_filter ] --END-- [ RunTime:0.000230s ]
NOTIC: [8] Use of undefined constant isuser - assumed 'isuser' E:\webprog\environment\1\thinkphp\wamp\www\wifiplant\Application\Runtime\Cache\center\212d08ee451e151c330f2df2aa119fc8.php 第 78 行.
NOTIC: [8] Use of undefined constant isuser - assumed 'isuser' E:\webprog\environment\1\thinkphp\wamp\www\wifiplant\Application\Runtime\Cache\center\212d08ee451e151c330f2df2aa119fc8.php 第 80 行.
NOTIC: [8] Use of undefined constant user - assumed 'user' E:\webprog\environment\1\thinkphp\wamp\www\wifiplant\Application\Runtime\Cache\center\212d08ee451e151c330f2df2aa119fc8.php 第 80 行.
NOTIC: [8] Use of undefined constant username - assumed 'username' E:\webprog\environment\1\thinkphp\wamp\www\wifiplant\Application\Runtime\Cache\center\212d08ee451e151c330f2df2aa119fc8.php 第 80 行.
INFO: Run Behavior\ParseTemplateBehavior [ RunTime:0.014270s ]
INFO: [ view_parse ] --END-- [ RunTime:0.014380s ]
INFO: [ view_filter ] --START--
INFO: Run Behavior\WriteHtmlCacheBehavior [ RunTime:0.000487s ]
INFO: [ view_filter ] --END-- [ RunTime:0.000570s ]
INFO: [ app_end ] --START--
INFO: Run Behavior\ShowPageTraceBehavior [ RunTime:0.000478s ]
INFO: [ app_end ] --END-- [ RunTime:0.000556s ]

