[ 2017-07-23T15:04:31+08:00 ] 127.0.0.1 /ybplant/ybplant/index.php/index/a
INFO: [ app_init ] --START--
INFO: Run Behavior\BuildLiteBehavior [ RunTime:0.000028s ]
INFO: [ app_init ] --END-- [ RunTime:0.008651s ]
INFO: [ app_begin ] --START--
INFO: Run Behavior\ReadHtmlCacheBehavior [ RunTime:0.013555s ]
INFO: [ app_begin ] --END-- [ RunTime:0.013665s ]
ERR: 非法操作:a

[ 2017-07-23T15:04:34+08:00 ] 127.0.0.1 /ybplant/ybplant/index.php
INFO: [ app_init ] --START--
INFO: Run Behavior\BuildLiteBehavior [ RunTime:0.000019s ]
INFO: [ app_init ] --END-- [ RunTime:0.000380s ]
INFO: [ app_begin ] --START--
INFO: Run Behavior\ReadHtmlCacheBehavior [ RunTime:0.000542s ]
INFO: [ app_begin ] --END-- [ RunTime:0.000634s ]
INFO: [ view_parse ] --START--
INFO: [ template_filter ] --START--
INFO: Run Behavior\ContentReplaceBehavior [ RunTime:0.000724s ]
INFO: [ template_filter ] --END-- [ RunTime:0.001038s ]
NOTIC: [8] Use of undefined constant index - assumed 'index' E:\webprog\environment\1\thinkphp\wamp\www\ybplant\ybplant\Application\Runtime\Cache\index\e27ac99aeaa7b8b624c6a9e6029f59fb.php 第 36 行.
NOTIC: [8] Use of undefined constant isuser - assumed 'isuser' E:\webprog\environment\1\thinkphp\wamp\www\ybplant\ybplant\Application\Runtime\Cache\index\e27ac99aeaa7b8b624c6a9e6029f59fb.php 第 46 行.
NOTIC: [8] Undefined index: isuser E:\webprog\environment\1\thinkphp\wamp\www\ybplant\ybplant\Application\Runtime\Cache\index\e27ac99aeaa7b8b624c6a9e6029f59fb.php 第 46 行.
NOTIC: [8] Use of undefined constant isuser - assumed 'isuser' E:\webprog\environment\1\thinkphp\wamp\www\ybplant\ybplant\Application\Runtime\Cache\index\e27ac99aeaa7b8b624c6a9e6029f59fb.php 第 48 行.
NOTIC: [8] Undefined index: isuser E:\webprog\environment\1\thinkphp\wamp\www\ybplant\ybplant\Application\Runtime\Cache\index\e27ac99aeaa7b8b624c6a9e6029f59fb.php 第 48 行.
INFO: Run Behavior\ParseTemplateBehavior [ RunTime:0.172588s ]
INFO: [ view_parse ] --END-- [ RunTime:0.172870s ]
INFO: [ view_filter ] --START--
INFO: Run Behavior\WriteHtmlCacheBehavior [ RunTime:0.033917s ]
INFO: [ view_filter ] --END-- [ RunTime:0.034127s ]
INFO: [ app_end ] --START--
INFO: Run Behavior\ShowPageTraceBehavior [ RunTime:0.034099s ]
INFO: [ app_end ] --END-- [ RunTime:0.034343s ]

[ 2017-07-23T15:04:37+08:00 ] 127.0.0.1 /ybplant/ybplant/index.php/index/login.html
INFO: [ app_init ] --START--
INFO: Run Behavior\BuildLiteBehavior [ RunTime:0.000034s ]
INFO: [ app_init ] --END-- [ RunTime:0.000583s ]
INFO: [ app_begin ] --START--
INFO: Run Behavior\ReadHtmlCacheBehavior [ RunTime:0.000799s ]
INFO: [ app_begin ] --END-- [ RunTime:0.000919s ]
INFO: [ view_parse ] --START--
INFO: [ template_filter ] --START--
INFO: Run Behavior\ContentReplaceBehavior [ RunTime:0.000066s ]
INFO: [ template_filter ] --END-- [ RunTime:0.000166s ]
NOTIC: [8] Use of undefined constant index - assumed 'index' E:\webprog\environment\1\thinkphp\wamp\www\ybplant\ybplant\Application\Runtime\Cache\index\134cf5005d9c7336f57f2569ed83887e.php 第 36 行.
NOTIC: [8] Use of undefined constant isuser - assumed 'isuser' E:\webprog\environment\1\thinkphp\wamp\www\ybplant\ybplant\Application\Runtime\Cache\index\134cf5005d9c7336f57f2569ed83887e.php 第 46 行.
NOTIC: [8] Undefined index: isuser E:\webprog\environment\1\thinkphp\wamp\www\ybplant\ybplant\Application\Runtime\Cache\index\134cf5005d9c7336f57f2569ed83887e.php 第 46 行.
NOTIC: [8] Use of undefined constant isuser - assumed 'isuser' E:\webprog\environment\1\thinkphp\wamp\www\ybplant\ybplant\Application\Runtime\Cache\index\134cf5005d9c7336f57f2569ed83887e.php 第 48 行.
NOTIC: [8] Undefined index: isuser E:\webprog\environment\1\thinkphp\wamp\www\ybplant\ybplant\Application\Runtime\Cache\index\134cf5005d9c7336f57f2569ed83887e.php 第 48 行.
INFO: Run Behavior\ParseTemplateBehavior [ RunTime:0.058461s ]
INFO: [ view_parse ] --END-- [ RunTime:0.058650s ]
INFO: [ view_filter ] --START--
INFO: Run Behavior\WriteHtmlCacheBehavior [ RunTime:0.000432s ]
INFO: [ view_filter ] --END-- [ RunTime:0.000543s ]
INFO: [ app_end ] --START--
INFO: Run Behavior\ShowPageTraceBehavior [ RunTime:0.000869s ]
INFO: [ app_end ] --END-- [ RunTime:0.000948s ]

[ 2017-07-23T15:04:37+08:00 ] 127.0.0.1 /ybplant/ybplant/index.php/index/verify_c.html
INFO: [ app_init ] --START--
INFO: Run Behavior\BuildLiteBehavior [ RunTime:0.000019s ]
INFO: [ app_init ] --END-- [ RunTime:0.000384s ]
INFO: [ app_begin ] --START--
INFO: Run Behavior\ReadHtmlCacheBehavior [ RunTime:0.000599s ]
INFO: [ app_begin ] --END-- [ RunTime:0.000735s ]
INFO: [ app_end ] --START--
INFO: Run Behavior\ShowPageTraceBehavior [ RunTime:0.001440s ]
INFO: [ app_end ] --END-- [ RunTime:0.001741s ]

[ 2017-07-23T15:04:45+08:00 ] 127.0.0.1 /ybplant/ybplant/index.php/index/doLogin
INFO: [ app_init ] --START--
INFO: Run Behavior\BuildLiteBehavior [ RunTime:0.000033s ]
INFO: [ app_init ] --END-- [ RunTime:0.000605s ]
INFO: [ app_begin ] --START--
INFO: Run Behavior\ReadHtmlCacheBehavior [ RunTime:0.000827s ]
INFO: [ app_begin ] --END-- [ RunTime:0.000968s ]
NOTIC: [8] Use of undefined constant yanzhengma - assumed 'yanzhengma' E:\webprog\environment\1\thinkphp\wamp\www\ybplant\ybplant\Application\index\Controller\IndexController.class.php 第 78 行.
NOTIC: [8] Use of undefined constant username - assumed 'username' E:\webprog\environment\1\thinkphp\wamp\www\ybplant\ybplant\Application\index\Controller\IndexController.class.php 第 81 行.
NOTIC: [8] Use of undefined constant password - assumed 'password' E:\webprog\environment\1\thinkphp\wamp\www\ybplant\ybplant\Application\index\Controller\IndexController.class.php 第 81 行.
NOTIC: [8] Use of undefined constant username - assumed 'username' E:\webprog\environment\1\thinkphp\wamp\www\ybplant\ybplant\Application\index\Controller\IndexController.class.php 第 86 行.
NOTIC: [8] Use of undefined constant password - assumed 'password' E:\webprog\environment\1\thinkphp\wamp\www\ybplant\ybplant\Application\index\Controller\IndexController.class.php 第 87 行.
SQL: SHOW COLUMNS FROM `user` [ RunTime:0.0329s ]
SQL: SELECT * FROM `user` WHERE `username` = 'yibu' AND `password` = '199467' LIMIT 1   [ RunTime:0.0003s ]
NOTIC: [8] Undefined variable: a E:\webprog\environment\1\thinkphp\wamp\www\ybplant\ybplant\Application\index\Controller\IndexController.class.php 第 98 行.
INFO: [ view_parse ] --START--
INFO: [ template_filter ] --START--
INFO: Run Behavior\ContentReplaceBehavior [ RunTime:0.000068s ]
INFO: [ template_filter ] --END-- [ RunTime:0.000167s ]
NOTIC: [8] Use of undefined constant index - assumed 'index' E:\webprog\environment\1\thinkphp\wamp\www\ybplant\ybplant\Application\Runtime\Cache\index\e866d82d961820ce3e62a2b25a9479f5.php 第 36 行.
NOTIC: [8] Use of undefined constant isuser - assumed 'isuser' E:\webprog\environment\1\thinkphp\wamp\www\ybplant\ybplant\Application\Runtime\Cache\index\e866d82d961820ce3e62a2b25a9479f5.php 第 46 行.
NOTIC: [8] Use of undefined constant isuser - assumed 'isuser' E:\webprog\environment\1\thinkphp\wamp\www\ybplant\ybplant\Application\Runtime\Cache\index\e866d82d961820ce3e62a2b25a9479f5.php 第 48 行.
NOTIC: [8] Use of undefined constant user - assumed 'user' E:\webprog\environment\1\thinkphp\wamp\www\ybplant\ybplant\Application\Runtime\Cache\index\e866d82d961820ce3e62a2b25a9479f5.php 第 48 行.
NOTIC: [8] Use of undefined constant username - assumed 'username' E:\webprog\environment\1\thinkphp\wamp\www\ybplant\ybplant\Application\Runtime\Cache\index\e866d82d961820ce3e62a2b25a9479f5.php 第 48 行.
INFO: Run Behavior\ParseTemplateBehavior [ RunTime:0.013992s ]
INFO: [ view_parse ] --END-- [ RunTime:0.014100s ]
INFO: [ view_filter ] --START--
INFO: Run Behavior\WriteHtmlCacheBehavior [ RunTime:0.000398s ]
INFO: [ view_filter ] --END-- [ RunTime:0.000473s ]
INFO: [ app_end ] --START--
INFO: Run Behavior\ShowPageTraceBehavior [ RunTime:0.000567s ]
INFO: [ app_end ] --END-- [ RunTime:0.000642s ]

[ 2017-07-23T15:04:46+08:00 ] 127.0.0.1 /ybplant/ybplant/index.php/index/index
INFO: [ app_init ] --START--
INFO: Run Behavior\BuildLiteBehavior [ RunTime:0.000018s ]
INFO: [ app_init ] --END-- [ RunTime:0.000483s ]
INFO: [ app_begin ] --START--
INFO: Run Behavior\ReadHtmlCacheBehavior [ RunTime:0.000490s ]
INFO: [ app_begin ] --END-- [ RunTime:0.000586s ]
INFO: [ view_parse ] --START--
INFO: [ template_filter ] --START--
INFO: Run Behavior\ContentReplaceBehavior [ RunTime:0.000136s ]
INFO: [ template_filter ] --END-- [ RunTime:0.000225s ]
NOTIC: [8] Use of undefined constant index - assumed 'index' E:\webprog\environment\1\thinkphp\wamp\www\ybplant\ybplant\Application\Runtime\Cache\index\e27ac99aeaa7b8b624c6a9e6029f59fb.php 第 36 行.
NOTIC: [8] Use of undefined constant isuser - assumed 'isuser' E:\webprog\environment\1\thinkphp\wamp\www\ybplant\ybplant\Application\Runtime\Cache\index\e27ac99aeaa7b8b624c6a9e6029f59fb.php 第 46 行.
NOTIC: [8] Use of undefined constant isuser - assumed 'isuser' E:\webprog\environment\1\thinkphp\wamp\www\ybplant\ybplant\Application\Runtime\Cache\index\e27ac99aeaa7b8b624c6a9e6029f59fb.php 第 48 行.
NOTIC: [8] Use of undefined constant user - assumed 'user' E:\webprog\environment\1\thinkphp\wamp\www\ybplant\ybplant\Application\Runtime\Cache\index\e27ac99aeaa7b8b624c6a9e6029f59fb.php 第 48 行.
NOTIC: [8] Use of undefined constant username - assumed 'username' E:\webprog\environment\1\thinkphp\wamp\www\ybplant\ybplant\Application\Runtime\Cache\index\e27ac99aeaa7b8b624c6a9e6029f59fb.php 第 48 行.
INFO: Run Behavior\ParseTemplateBehavior [ RunTime:0.012772s ]
INFO: [ view_parse ] --END-- [ RunTime:0.012856s ]
INFO: [ view_filter ] --START--
INFO: Run Behavior\WriteHtmlCacheBehavior [ RunTime:0.000360s ]
INFO: [ view_filter ] --END-- [ RunTime:0.000451s ]
INFO: [ app_end ] --START--
INFO: Run Behavior\ShowPageTraceBehavior [ RunTime:0.000605s ]
INFO: [ app_end ] --END-- [ RunTime:0.000685s ]

[ 2017-07-23T15:34:00+08:00 ] 127.0.0.1 /ybplant/ybplant/index.php/index/message?chip_id=yibu&password=100
INFO: [ app_init ] --START--
INFO: Run Behavior\BuildLiteBehavior [ RunTime:0.000022s ]
INFO: [ app_init ] --END-- [ RunTime:0.000468s ]
INFO: [ app_begin ] --START--
INFO: Run Behavior\ReadHtmlCacheBehavior [ RunTime:0.000453s ]
INFO: [ app_begin ] --END-- [ RunTime:0.000562s ]
NOTIC: [8] Use of undefined constant chip_id - assumed 'chip_id' E:\webprog\environment\1\thinkphp\wamp\www\ybplant\ybplant\Application\index\Controller\IndexController.class.php 第 124 行.
NOTIC: [8] Use of undefined constant password - assumed 'password' E:\webprog\environment\1\thinkphp\wamp\www\ybplant\ybplant\Application\index\Controller\IndexController.class.php 第 124 行.
SQL: SHOW COLUMNS FROM `chip_set` [ RunTime:0.0046s ]
SQL: SELECT * FROM `chip_set` WHERE ( chip_id = "yibu" and password = "100"  )  [ RunTime:0.0004s ]
NOTIC: [8] Undefined offset: 0 E:\webprog\environment\1\thinkphp\wamp\www\ybplant\ybplant\Application\index\Controller\IndexController.class.php 第 133 行.
SQL: SHOW COLUMNS FROM `chip_temp` [ RunTime:0.0039s ]
SQL: SELECT * FROM `chip_temp` WHERE ( chip_id = "yibu" and password = "100"  )  [ RunTime:0.0004s ]
NOTIC: [8] Undefined offset: 0 E:\webprog\environment\1\thinkphp\wamp\www\ybplant\ybplant\Application\index\Controller\IndexController.class.php 第 137 行.
NOTIC: [8] Use of undefined constant chip_id - assumed 'chip_id' E:\webprog\environment\1\thinkphp\wamp\www\ybplant\ybplant\Application\index\Controller\IndexController.class.php 第 139 行.
NOTIC: [8] Use of undefined constant password - assumed 'password' E:\webprog\environment\1\thinkphp\wamp\www\ybplant\ybplant\Application\index\Controller\IndexController.class.php 第 140 行.
SQL: INSERT INTO `chip_temp` (`chip_id`,`password`,`time`) VALUES ('yibu','100','2017-07-23 15:34:00') [ RunTime:0.0879s ]
INFO: [ app_end ] --START--
INFO: Run Behavior\ShowPageTraceBehavior [ RunTime:0.000841s ]
INFO: [ app_end ] --END-- [ RunTime:0.000929s ]

[ 2017-07-23T15:37:52+08:00 ] 127.0.0.1 /ybplant/ybplant/index.php/index/message?chip_id=yibu&password=100
INFO: [ app_init ] --START--
INFO: Run Behavior\BuildLiteBehavior [ RunTime:0.000037s ]
INFO: [ app_init ] --END-- [ RunTime:0.000593s ]
INFO: [ app_begin ] --START--
INFO: Run Behavior\ReadHtmlCacheBehavior [ RunTime:0.000748s ]
INFO: [ app_begin ] --END-- [ RunTime:0.000904s ]
NOTIC: [8] Use of undefined constant chip_id - assumed 'chip_id' E:\webprog\environment\1\thinkphp\wamp\www\ybplant\ybplant\Application\index\Controller\IndexController.class.php 第 124 行.
NOTIC: [8] Use of undefined constant password - assumed 'password' E:\webprog\environment\1\thinkphp\wamp\www\ybplant\ybplant\Application\index\Controller\IndexController.class.php 第 124 行.
SQL: SHOW COLUMNS FROM `chip_set` [ RunTime:0.0041s ]
SQL: SELECT * FROM `chip_set` WHERE ( chip_id = "yibu" and password = "100"  )  [ RunTime:0.0004s ]
NOTIC: [8] Undefined offset: 0 E:\webprog\environment\1\thinkphp\wamp\www\ybplant\ybplant\Application\index\Controller\IndexController.class.php 第 133 行.
SQL: SHOW COLUMNS FROM `chip_temp` [ RunTime:0.0037s ]
SQL: SELECT * FROM `chip_temp` WHERE ( chip_id = "yibu" and password = "100"  )  [ RunTime:0.0004s ]
NOTIC: [8] Undefined offset: 0 E:\webprog\environment\1\thinkphp\wamp\www\ybplant\ybplant\Application\index\Controller\IndexController.class.php 第 137 行.
NOTIC: [8] Use of undefined constant chip_id - assumed 'chip_id' E:\webprog\environment\1\thinkphp\wamp\www\ybplant\ybplant\Application\index\Controller\IndexController.class.php 第 139 行.
NOTIC: [8] Use of undefined constant password - assumed 'password' E:\webprog\environment\1\thinkphp\wamp\www\ybplant\ybplant\Application\index\Controller\IndexController.class.php 第 140 行.
SQL: INSERT INTO `chip_temp` (`chip_id`,`password`,`time`) VALUES ('yibu','100','2017-07-23 15:37:51') [ RunTime:0.0879s ]
INFO: [ app_end ] --START--
INFO: Run Behavior\ShowPageTraceBehavior [ RunTime:0.001838s ]
INFO: [ app_end ] --END-- [ RunTime:0.002174s ]

[ 2017-07-23T15:38:18+08:00 ] 127.0.0.1 /ybplant/ybplant/index.php/index/message?chip_id=yibu1&password=100
INFO: [ app_init ] --START--
INFO: Run Behavior\BuildLiteBehavior [ RunTime:0.000038s ]
INFO: [ app_init ] --END-- [ RunTime:0.000961s ]
INFO: [ app_begin ] --START--
INFO: Run Behavior\ReadHtmlCacheBehavior [ RunTime:0.000863s ]
INFO: [ app_begin ] --END-- [ RunTime:0.000998s ]
NOTIC: [8] Use of undefined constant chip_id - assumed 'chip_id' E:\webprog\environment\1\thinkphp\wamp\www\ybplant\ybplant\Application\index\Controller\IndexController.class.php 第 124 行.
NOTIC: [8] Use of undefined constant password - assumed 'password' E:\webprog\environment\1\thinkphp\wamp\www\ybplant\ybplant\Application\index\Controller\IndexController.class.php 第 124 行.
SQL: SHOW COLUMNS FROM `chip_set` [ RunTime:0.0027s ]
SQL: SELECT * FROM `chip_set` WHERE ( chip_id = "yibu1" and password = "100"  )  [ RunTime:0.0004s ]
NOTIC: [8] Undefined offset: 0 E:\webprog\environment\1\thinkphp\wamp\www\ybplant\ybplant\Application\index\Controller\IndexController.class.php 第 133 行.
SQL: SHOW COLUMNS FROM `chip_temp` [ RunTime:0.0029s ]
SQL: SELECT * FROM `chip_temp` WHERE ( chip_id = "yibu1" and password = "100"  )  [ RunTime:0.0004s ]
NOTIC: [8] Undefined offset: 0 E:\webprog\environment\1\thinkphp\wamp\www\ybplant\ybplant\Application\index\Controller\IndexController.class.php 第 137 行.
NOTIC: [8] Use of undefined constant chip_id - assumed 'chip_id' E:\webprog\environment\1\thinkphp\wamp\www\ybplant\ybplant\Application\index\Controller\IndexController.class.php 第 139 行.
NOTIC: [8] Use of undefined constant password - assumed 'password' E:\webprog\environment\1\thinkphp\wamp\www\ybplant\ybplant\Application\index\Controller\IndexController.class.php 第 140 行.
SQL: INSERT INTO `chip_temp` (`chip_id`,`password`,`time`) VALUES ('yibu1','100','2017-07-23 15:38:18') [ RunTime:0.1057s ]
INFO: [ app_end ] --START--
INFO: Run Behavior\ShowPageTraceBehavior [ RunTime:0.002814s ]
INFO: [ app_end ] --END-- [ RunTime:0.003116s ]

[ 2017-07-23T15:53:38+08:00 ] 127.0.0.1 /ybplant/ybplant/index.php/index/index
INFO: [ app_init ] --START--
INFO: Run Behavior\BuildLiteBehavior [ RunTime:0.000024s ]
INFO: [ app_init ] --END-- [ RunTime:0.001487s ]
INFO: [ app_begin ] --START--
INFO: Run Behavior\ReadHtmlCacheBehavior [ RunTime:0.001421s ]
INFO: [ app_begin ] --END-- [ RunTime:0.001763s ]
INFO: [ view_parse ] --START--
INFO: [ template_filter ] --START--
INFO: Run Behavior\ContentReplaceBehavior [ RunTime:0.000151s ]
INFO: [ template_filter ] --END-- [ RunTime:0.000243s ]
NOTIC: [8] Use of undefined constant index - assumed 'index' E:\webprog\environment\1\thinkphp\wamp\www\ybplant\ybplant\Application\Runtime\Cache\index\e27ac99aeaa7b8b624c6a9e6029f59fb.php 第 36 行.
NOTIC: [8] Use of undefined constant isuser - assumed 'isuser' E:\webprog\environment\1\thinkphp\wamp\www\ybplant\ybplant\Application\Runtime\Cache\index\e27ac99aeaa7b8b624c6a9e6029f59fb.php 第 46 行.
NOTIC: [8] Use of undefined constant isuser - assumed 'isuser' E:\webprog\environment\1\thinkphp\wamp\www\ybplant\ybplant\Application\Runtime\Cache\index\e27ac99aeaa7b8b624c6a9e6029f59fb.php 第 48 行.
NOTIC: [8] Use of undefined constant user - assumed 'user' E:\webprog\environment\1\thinkphp\wamp\www\ybplant\ybplant\Application\Runtime\Cache\index\e27ac99aeaa7b8b624c6a9e6029f59fb.php 第 48 行.
NOTIC: [8] Use of undefined constant username - assumed 'username' E:\webprog\environment\1\thinkphp\wamp\www\ybplant\ybplant\Application\Runtime\Cache\index\e27ac99aeaa7b8b624c6a9e6029f59fb.php 第 48 行.
INFO: Run Behavior\ParseTemplateBehavior [ RunTime:0.011438s ]
INFO: [ view_parse ] --END-- [ RunTime:0.011527s ]
INFO: [ view_filter ] --START--
INFO: Run Behavior\WriteHtmlCacheBehavior [ RunTime:0.000274s ]
INFO: [ view_filter ] --END-- [ RunTime:0.000359s ]
INFO: [ app_end ] --START--
INFO: Run Behavior\ShowPageTraceBehavior [ RunTime:0.001085s ]
INFO: [ app_end ] --END-- [ RunTime:0.001339s ]

[ 2017-07-23T21:53:11+08:00 ] 127.0.0.1 /ybplant/ybplant/index.php/
INFO: [ app_init ] --START--
INFO: Run Behavior\BuildLiteBehavior [ RunTime:0.000068s ]
INFO: [ app_init ] --END-- [ RunTime:0.015553s ]
INFO: [ app_begin ] --START--
INFO: Run Behavior\ReadHtmlCacheBehavior [ RunTime:0.017734s ]
INFO: [ app_begin ] --END-- [ RunTime:0.018083s ]
INFO: [ view_parse ] --START--
INFO: [ template_filter ] --START--
INFO: Run Behavior\ContentReplaceBehavior [ RunTime:0.000481s ]
INFO: [ template_filter ] --END-- [ RunTime:0.000809s ]
NOTIC: [8] Use of undefined constant index - assumed 'index' E:\webprog\environment\1\thinkphp\wamp\www\ybplant\ybplant\Application\Runtime\Cache\index\e27ac99aeaa7b8b624c6a9e6029f59fb.php 第 36 行.
NOTIC: [8] Use of undefined constant isuser - assumed 'isuser' E:\webprog\environment\1\thinkphp\wamp\www\ybplant\ybplant\Application\Runtime\Cache\index\e27ac99aeaa7b8b624c6a9e6029f59fb.php 第 46 行.
NOTIC: [8] Undefined index: isuser E:\webprog\environment\1\thinkphp\wamp\www\ybplant\ybplant\Application\Runtime\Cache\index\e27ac99aeaa7b8b624c6a9e6029f59fb.php 第 46 行.
NOTIC: [8] Use of undefined constant isuser - assumed 'isuser' E:\webprog\environment\1\thinkphp\wamp\www\ybplant\ybplant\Application\Runtime\Cache\index\e27ac99aeaa7b8b624c6a9e6029f59fb.php 第 48 行.
NOTIC: [8] Undefined index: isuser E:\webprog\environment\1\thinkphp\wamp\www\ybplant\ybplant\Application\Runtime\Cache\index\e27ac99aeaa7b8b624c6a9e6029f59fb.php 第 48 行.
INFO: Run Behavior\ParseTemplateBehavior [ RunTime:0.150323s ]
INFO: [ view_parse ] --END-- [ RunTime:0.150661s ]
INFO: [ view_filter ] --START--
INFO: Run Behavior\WriteHtmlCacheBehavior [ RunTime:0.015011s ]
INFO: [ view_filter ] --END-- [ RunTime:0.015329s ]
INFO: [ app_end ] --START--
INFO: Run Behavior\ShowPageTraceBehavior [ RunTime:0.016521s ]
INFO: [ app_end ] --END-- [ RunTime:0.016915s ]

[ 2017-07-23T21:53:14+08:00 ] 127.0.0.1 /ybplant/ybplant/index.php/index/login
INFO: [ app_init ] --START--
INFO: Run Behavior\BuildLiteBehavior [ RunTime:0.000028s ]
INFO: [ app_init ] --END-- [ RunTime:0.000527s ]
INFO: [ app_begin ] --START--
INFO: Run Behavior\ReadHtmlCacheBehavior [ RunTime:0.000645s ]
INFO: [ app_begin ] --END-- [ RunTime:0.000781s ]
INFO: [ view_parse ] --START--
INFO: [ template_filter ] --START--
INFO: Run Behavior\ContentReplaceBehavior [ RunTime:0.000056s ]
INFO: [ template_filter ] --END-- [ RunTime:0.000138s ]
NOTIC: [8] Use of undefined constant index - assumed 'index' E:\webprog\environment\1\thinkphp\wamp\www\ybplant\ybplant\Application\Runtime\Cache\index\134cf5005d9c7336f57f2569ed83887e.php 第 36 行.
NOTIC: [8] Use of undefined constant isuser - assumed 'isuser' E:\webprog\environment\1\thinkphp\wamp\www\ybplant\ybplant\Application\Runtime\Cache\index\134cf5005d9c7336f57f2569ed83887e.php 第 46 行.
NOTIC: [8] Undefined index: isuser E:\webprog\environment\1\thinkphp\wamp\www\ybplant\ybplant\Application\Runtime\Cache\index\134cf5005d9c7336f57f2569ed83887e.php 第 46 行.
NOTIC: [8] Use of undefined constant isuser - assumed 'isuser' E:\webprog\environment\1\thinkphp\wamp\www\ybplant\ybplant\Application\Runtime\Cache\index\134cf5005d9c7336f57f2569ed83887e.php 第 48 行.
NOTIC: [8] Undefined index: isuser E:\webprog\environment\1\thinkphp\wamp\www\ybplant\ybplant\Application\Runtime\Cache\index\134cf5005d9c7336f57f2569ed83887e.php 第 48 行.
INFO: Run Behavior\ParseTemplateBehavior [ RunTime:0.022216s ]
INFO: [ view_parse ] --END-- [ RunTime:0.022319s ]
INFO: [ view_filter ] --START--
INFO: Run Behavior\WriteHtmlCacheBehavior [ RunTime:0.000324s ]
INFO: [ view_filter ] --END-- [ RunTime:0.000394s ]
INFO: [ app_end ] --START--
INFO: Run Behavior\ShowPageTraceBehavior [ RunTime:0.000530s ]
INFO: [ app_end ] --END-- [ RunTime:0.000604s ]

[ 2017-07-23T21:53:15+08:00 ] 127.0.0.1 /ybplant/ybplant/index.php/index/verify_c.html
INFO: [ app_init ] --START--
INFO: Run Behavior\BuildLiteBehavior [ RunTime:0.000018s ]
INFO: [ app_init ] --END-- [ RunTime:0.000340s ]
INFO: [ app_begin ] --START--
INFO: Run Behavior\ReadHtmlCacheBehavior [ RunTime:0.000494s ]
INFO: [ app_begin ] --END-- [ RunTime:0.000582s ]
INFO: [ app_end ] --START--
INFO: Run Behavior\ShowPageTraceBehavior [ RunTime:0.002040s ]
INFO: [ app_end ] --END-- [ RunTime:0.002480s ]

[ 2017-07-23T21:53:20+08:00 ] 127.0.0.1 /ybplant/ybplant/index.php/index/doLogin
INFO: [ app_init ] --START--
INFO: Run Behavior\BuildLiteBehavior [ RunTime:0.000040s ]
INFO: [ app_init ] --END-- [ RunTime:0.000602s ]
INFO: [ app_begin ] --START--
INFO: Run Behavior\ReadHtmlCacheBehavior [ RunTime:0.000651s ]
INFO: [ app_begin ] --END-- [ RunTime:0.000796s ]
NOTIC: [8] Use of undefined constant yanzhengma - assumed 'yanzhengma' E:\webprog\environment\1\thinkphp\wamp\www\ybplant\ybplant\Application\index\Controller\IndexController.class.php 第 78 行.
NOTIC: [8] Use of undefined constant username - assumed 'username' E:\webprog\environment\1\thinkphp\wamp\www\ybplant\ybplant\Application\index\Controller\IndexController.class.php 第 81 行.
NOTIC: [8] Use of undefined constant password - assumed 'password' E:\webprog\environment\1\thinkphp\wamp\www\ybplant\ybplant\Application\index\Controller\IndexController.class.php 第 81 行.
NOTIC: [8] Use of undefined constant username - assumed 'username' E:\webprog\environment\1\thinkphp\wamp\www\ybplant\ybplant\Application\index\Controller\IndexController.class.php 第 86 行.
NOTIC: [8] Use of undefined constant password - assumed 'password' E:\webprog\environment\1\thinkphp\wamp\www\ybplant\ybplant\Application\index\Controller\IndexController.class.php 第 87 行.
SQL: SHOW COLUMNS FROM `user` [ RunTime:0.0417s ]
SQL: SELECT * FROM `user` WHERE `username` = 'yibu' AND `password` = '199467' LIMIT 1   [ RunTime:0.0006s ]
NOTIC: [8] Undefined variable: a E:\webprog\environment\1\thinkphp\wamp\www\ybplant\ybplant\Application\index\Controller\IndexController.class.php 第 98 行.
INFO: [ view_parse ] --START--
INFO: [ template_filter ] --START--
INFO: Run Behavior\ContentReplaceBehavior [ RunTime:0.000093s ]
INFO: [ template_filter ] --END-- [ RunTime:0.000232s ]
NOTIC: [8] Use of undefined constant index - assumed 'index' E:\webprog\environment\1\thinkphp\wamp\www\ybplant\ybplant\Application\Runtime\Cache\index\e866d82d961820ce3e62a2b25a9479f5.php 第 36 行.
NOTIC: [8] Use of undefined constant isuser - assumed 'isuser' E:\webprog\environment\1\thinkphp\wamp\www\ybplant\ybplant\Application\Runtime\Cache\index\e866d82d961820ce3e62a2b25a9479f5.php 第 46 行.
NOTIC: [8] Use of undefined constant isuser - assumed 'isuser' E:\webprog\environment\1\thinkphp\wamp\www\ybplant\ybplant\Application\Runtime\Cache\index\e866d82d961820ce3e62a2b25a9479f5.php 第 48 行.
NOTIC: [8] Use of undefined constant user - assumed 'user' E:\webprog\environment\1\thinkphp\wamp\www\ybplant\ybplant\Application\Runtime\Cache\index\e866d82d961820ce3e62a2b25a9479f5.php 第 48 行.
NOTIC: [8] Use of undefined constant username - assumed 'username' E:\webprog\environment\1\thinkphp\wamp\www\ybplant\ybplant\Application\Runtime\Cache\index\e866d82d961820ce3e62a2b25a9479f5.php 第 48 行.
INFO: Run Behavior\ParseTemplateBehavior [ RunTime:0.018929s ]
INFO: [ view_parse ] --END-- [ RunTime:0.019094s ]
INFO: [ view_filter ] --START--
INFO: Run Behavior\WriteHtmlCacheBehavior [ RunTime:0.000595s ]
INFO: [ view_filter ] --END-- [ RunTime:0.000730s ]
INFO: [ app_end ] --START--
INFO: Run Behavior\ShowPageTraceBehavior [ RunTime:0.000993s ]
INFO: [ app_end ] --END-- [ RunTime:0.001132s ]

[ 2017-07-23T21:53:21+08:00 ] 127.0.0.1 /ybplant/ybplant/index.php/index/index
INFO: [ app_init ] --START--
INFO: Run Behavior\BuildLiteBehavior [ RunTime:0.000018s ]
INFO: [ app_init ] --END-- [ RunTime:0.000336s ]
INFO: [ app_begin ] --START--
INFO: Run Behavior\ReadHtmlCacheBehavior [ RunTime:0.000648s ]
INFO: [ app_begin ] --END-- [ RunTime:0.000755s ]
INFO: [ view_parse ] --START--
INFO: [ template_filter ] --START--
INFO: Run Behavior\ContentReplaceBehavior [ RunTime:0.000132s ]
INFO: [ template_filter ] --END-- [ RunTime:0.000214s ]
NOTIC: [8] Use of undefined constant index - assumed 'index' E:\webprog\environment\1\thinkphp\wamp\www\ybplant\ybplant\Application\Runtime\Cache\index\e27ac99aeaa7b8b624c6a9e6029f59fb.php 第 36 行.
NOTIC: [8] Use of undefined constant isuser - assumed 'isuser' E:\webprog\environment\1\thinkphp\wamp\www\ybplant\ybplant\Application\Runtime\Cache\index\e27ac99aeaa7b8b624c6a9e6029f59fb.php 第 46 行.
NOTIC: [8] Use of undefined constant isuser - assumed 'isuser' E:\webprog\environment\1\thinkphp\wamp\www\ybplant\ybplant\Application\Runtime\Cache\index\e27ac99aeaa7b8b624c6a9e6029f59fb.php 第 48 行.
NOTIC: [8] Use of undefined constant user - assumed 'user' E:\webprog\environment\1\thinkphp\wamp\www\ybplant\ybplant\Application\Runtime\Cache\index\e27ac99aeaa7b8b624c6a9e6029f59fb.php 第 48 行.
NOTIC: [8] Use of undefined constant username - assumed 'username' E:\webprog\environment\1\thinkphp\wamp\www\ybplant\ybplant\Application\Runtime\Cache\index\e27ac99aeaa7b8b624c6a9e6029f59fb.php 第 48 行.
INFO: Run Behavior\ParseTemplateBehavior [ RunTime:0.010658s ]
INFO: [ view_parse ] --END-- [ RunTime:0.010736s ]
INFO: [ view_filter ] --START--
INFO: Run Behavior\WriteHtmlCacheBehavior [ RunTime:0.000340s ]
INFO: [ view_filter ] --END-- [ RunTime:0.000416s ]
INFO: [ app_end ] --START--
INFO: Run Behavior\ShowPageTraceBehavior [ RunTime:0.000556s ]
INFO: [ app_end ] --END-- [ RunTime:0.000635s ]

[ 2017-07-23T23:33:53+08:00 ] 127.0.0.1 /ybplant/ybplant/index.php/
INFO: [ app_init ] --START--
INFO: Run Behavior\BuildLiteBehavior [ RunTime:0.000030s ]
INFO: [ app_init ] --END-- [ RunTime:0.000573s ]
INFO: [ app_begin ] --START--
INFO: Run Behavior\ReadHtmlCacheBehavior [ RunTime:0.001587s ]
INFO: [ app_begin ] --END-- [ RunTime:0.001722s ]
INFO: [ view_parse ] --START--
INFO: [ template_filter ] --START--
INFO: Run Behavior\ContentReplaceBehavior [ RunTime:0.000170s ]
INFO: [ template_filter ] --END-- [ RunTime:0.000308s ]
NOTIC: [8] Use of undefined constant index - assumed 'index' E:\webprog\environment\1\thinkphp\wamp\www\ybplant\ybplant\Application\Runtime\Cache\index\e27ac99aeaa7b8b624c6a9e6029f59fb.php 第 36 行.
NOTIC: [8] Use of undefined constant isuser - assumed 'isuser' E:\webprog\environment\1\thinkphp\wamp\www\ybplant\ybplant\Application\Runtime\Cache\index\e27ac99aeaa7b8b624c6a9e6029f59fb.php 第 46 行.
NOTIC: [8] Undefined index: isuser E:\webprog\environment\1\thinkphp\wamp\www\ybplant\ybplant\Application\Runtime\Cache\index\e27ac99aeaa7b8b624c6a9e6029f59fb.php 第 46 行.
NOTIC: [8] Use of undefined constant isuser - assumed 'isuser' E:\webprog\environment\1\thinkphp\wamp\www\ybplant\ybplant\Application\Runtime\Cache\index\e27ac99aeaa7b8b624c6a9e6029f59fb.php 第 48 行.
NOTIC: [8] Undefined index: isuser E:\webprog\environment\1\thinkphp\wamp\www\ybplant\ybplant\Application\Runtime\Cache\index\e27ac99aeaa7b8b624c6a9e6029f59fb.php 第 48 行.
INFO: Run Behavior\ParseTemplateBehavior [ RunTime:0.015244s ]
INFO: [ view_parse ] --END-- [ RunTime:0.015344s ]
INFO: [ view_filter ] --START--
INFO: Run Behavior\WriteHtmlCacheBehavior [ RunTime:0.000312s ]
INFO: [ view_filter ] --END-- [ RunTime:0.000392s ]
INFO: [ app_end ] --START--
INFO: Run Behavior\ShowPageTraceBehavior [ RunTime:0.000535s ]
INFO: [ app_end ] --END-- [ RunTime:0.000614s ]

[ 2017-07-23T23:33:54+08:00 ] 127.0.0.1 /ybplant/ybplant/index.php/index/login.html
INFO: [ app_init ] --START--
INFO: Run Behavior\BuildLiteBehavior [ RunTime:0.000033s ]
INFO: [ app_init ] --END-- [ RunTime:0.000676s ]
INFO: [ app_begin ] --START--
INFO: Run Behavior\ReadHtmlCacheBehavior [ RunTime:0.000786s ]
INFO: [ app_begin ] --END-- [ RunTime:0.000936s ]
INFO: [ view_parse ] --START--
INFO: [ template_filter ] --START--
INFO: Run Behavior\ContentReplaceBehavior [ RunTime:0.000145s ]
INFO: [ template_filter ] --END-- [ RunTime:0.000456s ]
NOTIC: [8] Use of undefined constant index - assumed 'index' E:\webprog\environment\1\thinkphp\wamp\www\ybplant\ybplant\Application\Runtime\Cache\index\134cf5005d9c7336f57f2569ed83887e.php 第 36 行.
NOTIC: [8] Use of undefined constant isuser - assumed 'isuser' E:\webprog\environment\1\thinkphp\wamp\www\ybplant\ybplant\Application\Runtime\Cache\index\134cf5005d9c7336f57f2569ed83887e.php 第 46 行.
NOTIC: [8] Undefined index: isuser E:\webprog\environment\1\thinkphp\wamp\www\ybplant\ybplant\Application\Runtime\Cache\index\134cf5005d9c7336f57f2569ed83887e.php 第 46 行.
NOTIC: [8] Use of undefined constant isuser - assumed 'isuser' E:\webprog\environment\1\thinkphp\wamp\www\ybplant\ybplant\Application\Runtime\Cache\index\134cf5005d9c7336f57f2569ed83887e.php 第 48 行.
NOTIC: [8] Undefined index: isuser E:\webprog\environment\1\thinkphp\wamp\www\ybplant\ybplant\Application\Runtime\Cache\index\134cf5005d9c7336f57f2569ed83887e.php 第 48 行.
INFO: Run Behavior\ParseTemplateBehavior [ RunTime:0.014532s ]
INFO: [ view_parse ] --END-- [ RunTime:0.014755s ]
INFO: [ view_filter ] --START--
INFO: Run Behavior\WriteHtmlCacheBehavior [ RunTime:0.001147s ]
INFO: [ view_filter ] --END-- [ RunTime:0.001439s ]
INFO: [ app_end ] --START--
INFO: Run Behavior\ShowPageTraceBehavior [ RunTime:0.001310s ]
INFO: [ app_end ] --END-- [ RunTime:0.001431s ]

[ 2017-07-23T23:33:55+08:00 ] 127.0.0.1 /ybplant/ybplant/index.php/index/verify_c.html
INFO: [ app_init ] --START--
INFO: Run Behavior\BuildLiteBehavior [ RunTime:0.000025s ]
INFO: [ app_init ] --END-- [ RunTime:0.000603s ]
INFO: [ app_begin ] --START--
INFO: Run Behavior\ReadHtmlCacheBehavior [ RunTime:0.000486s ]
INFO: [ app_begin ] --END-- [ RunTime:0.000644s ]
INFO: [ app_end ] --START--
INFO: Run Behavior\ShowPageTraceBehavior [ RunTime:0.001001s ]
INFO: [ app_end ] --END-- [ RunTime:0.001384s ]

[ 2017-07-23T23:34:01+08:00 ] 127.0.0.1 /ybplant/ybplant/index.php/index/doLogin
INFO: [ app_init ] --START--
INFO: Run Behavior\BuildLiteBehavior [ RunTime:0.000020s ]
INFO: [ app_init ] --END-- [ RunTime:0.000398s ]
INFO: [ app_begin ] --START--
INFO: Run Behavior\ReadHtmlCacheBehavior [ RunTime:0.000724s ]
INFO: [ app_begin ] --END-- [ RunTime:0.000839s ]
NOTIC: [8] Use of undefined constant yanzhengma - assumed 'yanzhengma' E:\webprog\environment\1\thinkphp\wamp\www\ybplant\ybplant\Application\index\Controller\IndexController.class.php 第 78 行.
NOTIC: [8] Use of undefined constant username - assumed 'username' E:\webprog\environment\1\thinkphp\wamp\www\ybplant\ybplant\Application\index\Controller\IndexController.class.php 第 81 行.
NOTIC: [8] Use of undefined constant password - assumed 'password' E:\webprog\environment\1\thinkphp\wamp\www\ybplant\ybplant\Application\index\Controller\IndexController.class.php 第 81 行.
NOTIC: [8] Use of undefined constant username - assumed 'username' E:\webprog\environment\1\thinkphp\wamp\www\ybplant\ybplant\Application\index\Controller\IndexController.class.php 第 86 行.
NOTIC: [8] Use of undefined constant password - assumed 'password' E:\webprog\environment\1\thinkphp\wamp\www\ybplant\ybplant\Application\index\Controller\IndexController.class.php 第 87 行.
SQL: SHOW COLUMNS FROM `user` [ RunTime:0.0053s ]
SQL: SELECT * FROM `user` WHERE `username` = 'yibu' AND `password` = '199467' LIMIT 1   [ RunTime:0.0004s ]
NOTIC: [8] Undefined variable: a E:\webprog\environment\1\thinkphp\wamp\www\ybplant\ybplant\Application\index\Controller\IndexController.class.php 第 98 行.
INFO: [ view_parse ] --START--
INFO: [ template_filter ] --START--
INFO: Run Behavior\ContentReplaceBehavior [ RunTime:0.000094s ]
INFO: [ template_filter ] --END-- [ RunTime:0.000315s ]
NOTIC: [8] Use of undefined constant index - assumed 'index' E:\webprog\environment\1\thinkphp\wamp\www\ybplant\ybplant\Application\Runtime\Cache\index\e866d82d961820ce3e62a2b25a9479f5.php 第 36 行.
NOTIC: [8] Use of undefined constant isuser - assumed 'isuser' E:\webprog\environment\1\thinkphp\wamp\www\ybplant\ybplant\Application\Runtime\Cache\index\e866d82d961820ce3e62a2b25a9479f5.php 第 46 行.
NOTIC: [8] Use of undefined constant isuser - assumed 'isuser' E:\webprog\environment\1\thinkphp\wamp\www\ybplant\ybplant\Application\Runtime\Cache\index\e866d82d961820ce3e62a2b25a9479f5.php 第 48 行.
NOTIC: [8] Use of undefined constant user - assumed 'user' E:\webprog\environment\1\thinkphp\wamp\www\ybplant\ybplant\Application\Runtime\Cache\index\e866d82d961820ce3e62a2b25a9479f5.php 第 48 行.
NOTIC: [8] Use of undefined constant username - assumed 'username' E:\webprog\environment\1\thinkphp\wamp\www\ybplant\ybplant\Application\Runtime\Cache\index\e866d82d961820ce3e62a2b25a9479f5.php 第 48 行.
INFO: Run Behavior\ParseTemplateBehavior [ RunTime:0.011863s ]
INFO: [ view_parse ] --END-- [ RunTime:0.011986s ]
INFO: [ view_filter ] --START--
INFO: Run Behavior\WriteHtmlCacheBehavior [ RunTime:0.001097s ]
INFO: [ view_filter ] --END-- [ RunTime:0.001383s ]
INFO: [ app_end ] --START--
INFO: Run Behavior\ShowPageTraceBehavior [ RunTime:0.001539s ]
INFO: [ app_end ] --END-- [ RunTime:0.001722s ]

[ 2017-07-23T23:34:02+08:00 ] 127.0.0.1 /ybplant/ybplant/index.php/index/index
INFO: [ app_init ] --START--
INFO: Run Behavior\BuildLiteBehavior [ RunTime:0.000021s ]
INFO: [ app_init ] --END-- [ RunTime:0.000414s ]
INFO: [ app_begin ] --START--
INFO: Run Behavior\ReadHtmlCacheBehavior [ RunTime:0.000617s ]
INFO: [ app_begin ] --END-- [ RunTime:0.000712s ]
INFO: [ view_parse ] --START--
INFO: [ template_filter ] --START--
INFO: Run Behavior\ContentReplaceBehavior [ RunTime:0.000186s ]
INFO: [ template_filter ] --END-- [ RunTime:0.000306s ]
NOTIC: [8] Use of undefined constant index - assumed 'index' E:\webprog\environment\1\thinkphp\wamp\www\ybplant\ybplant\Application\Runtime\Cache\index\e27ac99aeaa7b8b624c6a9e6029f59fb.php 第 36 行.
NOTIC: [8] Use of undefined constant isuser - assumed 'isuser' E:\webprog\environment\1\thinkphp\wamp\www\ybplant\ybplant\Application\Runtime\Cache\index\e27ac99aeaa7b8b624c6a9e6029f59fb.php 第 46 行.
NOTIC: [8] Use of undefined constant isuser - assumed 'isuser' E:\webprog\environment\1\thinkphp\wamp\www\ybplant\ybplant\Application\Runtime\Cache\index\e27ac99aeaa7b8b624c6a9e6029f59fb.php 第 48 行.
NOTIC: [8] Use of undefined constant user - assumed 'user' E:\webprog\environment\1\thinkphp\wamp\www\ybplant\ybplant\Application\Runtime\Cache\index\e27ac99aeaa7b8b624c6a9e6029f59fb.php 第 48 行.
NOTIC: [8] Use of undefined constant username - assumed 'username' E:\webprog\environment\1\thinkphp\wamp\www\ybplant\ybplant\Application\Runtime\Cache\index\e27ac99aeaa7b8b624c6a9e6029f59fb.php 第 48 行.
INFO: Run Behavior\ParseTemplateBehavior [ RunTime:0.014398s ]
INFO: [ view_parse ] --END-- [ RunTime:0.014497s ]
INFO: [ view_filter ] --START--
INFO: Run Behavior\WriteHtmlCacheBehavior [ RunTime:0.000422s ]
INFO: [ view_filter ] --END-- [ RunTime:0.000504s ]
INFO: [ app_end ] --START--
INFO: Run Behavior\ShowPageTraceBehavior [ RunTime:0.000635s ]
INFO: [ app_end ] --END-- [ RunTime:0.000720s ]

