[ 2017-07-21T11:01:38+08:00 ] 127.0.0.1 /ybplant/ybplant/index.php/index/message?chip_id=2cee1265-ae5f-2a65-2632-474fd0369554&password=123
INFO: [ app_init ] --START--
INFO: Run Behavior\BuildLiteBehavior [ RunTime:0.000030s ]
INFO: [ app_init ] --END-- [ RunTime:0.014096s ]
INFO: [ app_begin ] --START--
INFO: Run Behavior\ReadHtmlCacheBehavior [ RunTime:0.012816s ]
INFO: [ app_begin ] --END-- [ RunTime:0.012954s ]
NOTIC: [8] Use of undefined constant chip_id - assumed 'chip_id' E:\webprog\environment\1\thinkphp\wamp\www\ybplant\ybplant\Application\index\Controller\IndexController.class.php 第 124 行.
NOTIC: [8] Use of undefined constant password - assumed 'password' E:\webprog\environment\1\thinkphp\wamp\www\ybplant\ybplant\Application\index\Controller\IndexController.class.php 第 124 行.
SQL: SHOW COLUMNS FROM `chip_set` [ RunTime:0.0338s ]
SQL: SELECT * FROM `chip_set` WHERE ( chip_id = "2cee1265-ae5f-2a65-2632-474fd0369554" and password = "123"  )  [ RunTime:0.0010s ]
NOTIC: [8] Undefined offset: 0 E:\webprog\environment\1\thinkphp\wamp\www\ybplant\ybplant\Application\index\Controller\IndexController.class.php 第 133 行.
SQL: SHOW COLUMNS FROM `chip_temp` [ RunTime:0.0194s ]
SQL: SELECT COUNT(*) AS tp_count FROM `chip_temp` WHERE ( chip_id = "2cee1265-ae5f-2a65-2632-474fd0369554" and password = "123"  ) LIMIT 1   [ RunTime:0.0007s ]
NOTIC: [8] Use of undefined constant chip_id - assumed 'chip_id' E:\webprog\environment\1\thinkphp\wamp\www\ybplant\ybplant\Application\index\Controller\IndexController.class.php 第 139 行.
NOTIC: [8] Use of undefined constant password - assumed 'password' E:\webprog\environment\1\thinkphp\wamp\www\ybplant\ybplant\Application\index\Controller\IndexController.class.php 第 140 行.
ERR: SQLSTATE[23000]: Integrity constraint violation: 1062 Duplicate entry '2cee1265-ae5f-2a65-2632-474fd0369554' for key 'PRIMARY'

[ 2017-07-21T11:06:39+08:00 ] 127.0.0.1 /ybplant/ybplant/index.php/index/message?chip_id=2cee1265-ae5f-2a65-2632-474fd0369554&password=123
INFO: [ app_init ] --START--
INFO: Run Behavior\BuildLiteBehavior [ RunTime:0.000026s ]
INFO: [ app_init ] --END-- [ RunTime:0.000566s ]
INFO: [ app_begin ] --START--
INFO: Run Behavior\ReadHtmlCacheBehavior [ RunTime:0.000795s ]
INFO: [ app_begin ] --END-- [ RunTime:0.000911s ]
NOTIC: [8] Use of undefined constant chip_id - assumed 'chip_id' E:\webprog\environment\1\thinkphp\wamp\www\ybplant\ybplant\Application\index\Controller\IndexController.class.php 第 124 行.
NOTIC: [8] Use of undefined constant password - assumed 'password' E:\webprog\environment\1\thinkphp\wamp\www\ybplant\ybplant\Application\index\Controller\IndexController.class.php 第 124 行.
SQL: SHOW COLUMNS FROM `chip_set` [ RunTime:0.0037s ]
SQL: SELECT * FROM `chip_set` WHERE ( chip_id = "2cee1265-ae5f-2a65-2632-474fd0369554" and password = "123"  )  [ RunTime:0.0005s ]
NOTIC: [8] Undefined offset: 0 E:\webprog\environment\1\thinkphp\wamp\www\ybplant\ybplant\Application\index\Controller\IndexController.class.php 第 133 行.
SQL: SHOW COLUMNS FROM `chip_temp` [ RunTime:0.0028s ]
SQL: SELECT * FROM `chip_temp` WHERE ( chip_id = "2cee1265-ae5f-2a65-2632-474fd0369554" and password = "123"  )  [ RunTime:0.0002s ]
NOTIC: [8] Undefined offset: 0 E:\webprog\environment\1\thinkphp\wamp\www\ybplant\ybplant\Application\index\Controller\IndexController.class.php 第 137 行.
INFO: [ app_end ] --START--
INFO: Run Behavior\ShowPageTraceBehavior [ RunTime:0.029821s ]
INFO: [ app_end ] --END-- [ RunTime:0.029920s ]

[ 2017-07-21T11:07:45+08:00 ] 127.0.0.1 /ybplant/ybplant/index.php/index/message?chip_id=2cee1265-ae5f-2a65-2632-474fd0369554&password=123
INFO: [ app_init ] --START--
INFO: Run Behavior\BuildLiteBehavior [ RunTime:0.000019s ]
INFO: [ app_init ] --END-- [ RunTime:0.000406s ]
INFO: [ app_begin ] --START--
INFO: Run Behavior\ReadHtmlCacheBehavior [ RunTime:0.000547s ]
INFO: [ app_begin ] --END-- [ RunTime:0.000632s ]
NOTIC: [8] Use of undefined constant chip_id - assumed 'chip_id' E:\webprog\environment\1\thinkphp\wamp\www\ybplant\ybplant\Application\index\Controller\IndexController.class.php 第 124 行.
NOTIC: [8] Use of undefined constant password - assumed 'password' E:\webprog\environment\1\thinkphp\wamp\www\ybplant\ybplant\Application\index\Controller\IndexController.class.php 第 124 行.
SQL: SHOW COLUMNS FROM `chip_set` [ RunTime:0.0035s ]
SQL: SELECT * FROM `chip_set` WHERE ( chip_id = "2cee1265-ae5f-2a65-2632-474fd0369554" and password = "123"  )  [ RunTime:0.0004s ]
NOTIC: [8] Undefined offset: 0 E:\webprog\environment\1\thinkphp\wamp\www\ybplant\ybplant\Application\index\Controller\IndexController.class.php 第 133 行.
SQL: SHOW COLUMNS FROM `chip_temp` [ RunTime:0.0026s ]
SQL: SELECT * FROM `chip_temp` WHERE ( chip_id = "2cee1265-ae5f-2a65-2632-474fd0369554" and password = "123"  )  [ RunTime:0.0003s ]
NOTIC: [8] Undefined offset: 0 E:\webprog\environment\1\thinkphp\wamp\www\ybplant\ybplant\Application\index\Controller\IndexController.class.php 第 137 行.
INFO: [ app_end ] --START--
INFO: Run Behavior\ShowPageTraceBehavior [ RunTime:0.000574s ]
INFO: [ app_end ] --END-- [ RunTime:0.000652s ]

