[ 2017-07-18T11:17:53+08:00 ] 127.0.0.1 /ybplant/ybplant/index.php/index/a
INFO: [ app_init ] --START--
INFO: Run Behavior\BuildLiteBehavior [ RunTime:0.000021s ]
INFO: [ app_init ] --END-- [ RunTime:0.000740s ]
INFO: [ app_begin ] --START--
INFO: Run Behavior\ReadHtmlCacheBehavior [ RunTime:0.000874s ]
INFO: [ app_begin ] --END-- [ RunTime:0.001031s ]
ERR: 非法操作:a

[ 2017-07-18T11:17:59+08:00 ] 127.0.0.1 /ybplant/ybplant/index.php/index/message
INFO: [ app_init ] --START--
INFO: Run Behavior\BuildLiteBehavior [ RunTime:0.000019s ]
INFO: [ app_init ] --END-- [ RunTime:0.000358s ]
INFO: [ app_begin ] --START--
INFO: Run Behavior\ReadHtmlCacheBehavior [ RunTime:0.000431s ]
INFO: [ app_begin ] --END-- [ RunTime:0.000518s ]
NOTIC: [8] Use of undefined constant chip_id - assumed 'chip_id' E:\webprog\environment\1\thinkphp\wamp\www\ybplant\ybplant\Application\index\Controller\IndexController.class.php 第 124 行.
NOTIC: [8] Undefined index: chip_id E:\webprog\environment\1\thinkphp\wamp\www\ybplant\ybplant\Application\index\Controller\IndexController.class.php 第 124 行.
INFO: [ app_end ] --START--
INFO: Run Behavior\ShowPageTraceBehavior [ RunTime:0.001031s ]
INFO: [ app_end ] --END-- [ RunTime:0.001127s ]

[ 2017-07-18T11:18:37+08:00 ] 127.0.0.1 /ybplant/ybplant/index.php/index/message?chip_id=2cee1265-ae5f-2a65-2632-474fd0369553&password=12
INFO: [ app_init ] --START--
INFO: Run Behavior\BuildLiteBehavior [ RunTime:0.000021s ]
INFO: [ app_init ] --END-- [ RunTime:0.000731s ]
INFO: [ app_begin ] --START--
INFO: Run Behavior\ReadHtmlCacheBehavior [ RunTime:0.000864s ]
INFO: [ app_begin ] --END-- [ RunTime:0.001039s ]
NOTIC: [8] Use of undefined constant chip_id - assumed 'chip_id' E:\webprog\environment\1\thinkphp\wamp\www\ybplant\ybplant\Application\index\Controller\IndexController.class.php 第 124 行.
NOTIC: [8] Use of undefined constant password - assumed 'password' E:\webprog\environment\1\thinkphp\wamp\www\ybplant\ybplant\Application\index\Controller\IndexController.class.php 第 124 行.
SQL: SHOW COLUMNS FROM `chip_set` [ RunTime:0.0036s ]
SQL: SHOW COLUMNS FROM `chip_data` [ RunTime:0.0026s ]
NOTIC: [8] Use of undefined constant chip_id - assumed 'chip_id' E:\webprog\environment\1\thinkphp\wamp\www\ybplant\ybplant\Application\index\Controller\IndexController.class.php 第 145 行.
NOTIC: [8] Use of undefined constant temp - assumed 'temp' E:\webprog\environment\1\thinkphp\wamp\www\ybplant\ybplant\Application\index\Controller\IndexController.class.php 第 146 行.
NOTIC: [8] Undefined index: temp E:\webprog\environment\1\thinkphp\wamp\www\ybplant\ybplant\Application\index\Controller\IndexController.class.php 第 146 行.
NOTIC: [8] Use of undefined constant hum - assumed 'hum' E:\webprog\environment\1\thinkphp\wamp\www\ybplant\ybplant\Application\index\Controller\IndexController.class.php 第 147 行.
NOTIC: [8] Undefined index: hum E:\webprog\environment\1\thinkphp\wamp\www\ybplant\ybplant\Application\index\Controller\IndexController.class.php 第 147 行.
SQL: INSERT INTO `chip_data` (`chip_id`,`temp`,`hum`,`time`) VALUES ('2cee1265-ae5f-2a65-2632-474fd0369553',NULL,NULL,'2017-07-18 11:18:37') [ RunTime:0.1320s ]
INFO: [ app_end ] --START--
INFO: Run Behavior\ShowPageTraceBehavior [ RunTime:0.001791s ]
INFO: [ app_end ] --END-- [ RunTime:0.002036s ]

[ 2017-07-18T11:18:41+08:00 ] 127.0.0.1 /ybplant/ybplant/index.php/index/message?chip_id=2cee1265-ae5f-2a65-2632-474fd0369553&password=12
INFO: [ app_init ] --START--
INFO: Run Behavior\BuildLiteBehavior [ RunTime:0.000026s ]
INFO: [ app_init ] --END-- [ RunTime:0.000475s ]
INFO: [ app_begin ] --START--
INFO: Run Behavior\ReadHtmlCacheBehavior [ RunTime:0.000602s ]
INFO: [ app_begin ] --END-- [ RunTime:0.000736s ]
NOTIC: [8] Use of undefined constant chip_id - assumed 'chip_id' E:\webprog\environment\1\thinkphp\wamp\www\ybplant\ybplant\Application\index\Controller\IndexController.class.php 第 124 行.
NOTIC: [8] Use of undefined constant password - assumed 'password' E:\webprog\environment\1\thinkphp\wamp\www\ybplant\ybplant\Application\index\Controller\IndexController.class.php 第 124 行.
SQL: SHOW COLUMNS FROM `chip_set` [ RunTime:0.0036s ]
SQL: SHOW COLUMNS FROM `chip_data` [ RunTime:0.0030s ]
NOTIC: [8] Use of undefined constant chip_id - assumed 'chip_id' E:\webprog\environment\1\thinkphp\wamp\www\ybplant\ybplant\Application\index\Controller\IndexController.class.php 第 145 行.
NOTIC: [8] Use of undefined constant temp - assumed 'temp' E:\webprog\environment\1\thinkphp\wamp\www\ybplant\ybplant\Application\index\Controller\IndexController.class.php 第 146 行.
NOTIC: [8] Undefined index: temp E:\webprog\environment\1\thinkphp\wamp\www\ybplant\ybplant\Application\index\Controller\IndexController.class.php 第 146 行.
NOTIC: [8] Use of undefined constant hum - assumed 'hum' E:\webprog\environment\1\thinkphp\wamp\www\ybplant\ybplant\Application\index\Controller\IndexController.class.php 第 147 行.
NOTIC: [8] Undefined index: hum E:\webprog\environment\1\thinkphp\wamp\www\ybplant\ybplant\Application\index\Controller\IndexController.class.php 第 147 行.
ERR: SQLSTATE[23000]: Integrity constraint violation: 1062 Duplicate entry '2cee1265-ae5f-2a65-2632-474fd0369553' for key 'PRIMARY'

[ 2017-07-18T11:19:18+08:00 ] 127.0.0.1 /ybplant/ybplant/index.php/index/message
INFO: [ app_init ] --START--
INFO: Run Behavior\BuildLiteBehavior [ RunTime:0.000019s ]
INFO: [ app_init ] --END-- [ RunTime:0.000372s ]
INFO: [ app_begin ] --START--
INFO: Run Behavior\ReadHtmlCacheBehavior [ RunTime:0.000418s ]
INFO: [ app_begin ] --END-- [ RunTime:0.000513s ]
NOTIC: [8] Use of undefined constant chip_id - assumed 'chip_id' E:\webprog\environment\1\thinkphp\wamp\www\ybplant\ybplant\Application\index\Controller\IndexController.class.php 第 124 行.
NOTIC: [8] Undefined index: chip_id E:\webprog\environment\1\thinkphp\wamp\www\ybplant\ybplant\Application\index\Controller\IndexController.class.php 第 124 行.
INFO: [ app_end ] --START--
INFO: Run Behavior\ShowPageTraceBehavior [ RunTime:0.000433s ]
INFO: [ app_end ] --END-- [ RunTime:0.000522s ]

[ 2017-07-18T11:19:18+08:00 ] 127.0.0.1 /ybplant/ybplant/index.php/index/message?chip_id=2cee1265-ae5f-2a65-2632-474fd0369553&password=12
INFO: [ app_init ] --START--
INFO: Run Behavior\BuildLiteBehavior [ RunTime:0.000028s ]
INFO: [ app_init ] --END-- [ RunTime:0.000550s ]
INFO: [ app_begin ] --START--
INFO: Run Behavior\ReadHtmlCacheBehavior [ RunTime:0.000660s ]
INFO: [ app_begin ] --END-- [ RunTime:0.000803s ]
NOTIC: [8] Use of undefined constant chip_id - assumed 'chip_id' E:\webprog\environment\1\thinkphp\wamp\www\ybplant\ybplant\Application\index\Controller\IndexController.class.php 第 124 行.
NOTIC: [8] Use of undefined constant password - assumed 'password' E:\webprog\environment\1\thinkphp\wamp\www\ybplant\ybplant\Application\index\Controller\IndexController.class.php 第 124 行.
SQL: SHOW COLUMNS FROM `chip_set` [ RunTime:0.0028s ]
SQL: SHOW COLUMNS FROM `chip_data` [ RunTime:0.0024s ]
NOTIC: [8] Use of undefined constant chip_id - assumed 'chip_id' E:\webprog\environment\1\thinkphp\wamp\www\ybplant\ybplant\Application\index\Controller\IndexController.class.php 第 145 行.
NOTIC: [8] Use of undefined constant temp - assumed 'temp' E:\webprog\environment\1\thinkphp\wamp\www\ybplant\ybplant\Application\index\Controller\IndexController.class.php 第 146 行.
NOTIC: [8] Undefined index: temp E:\webprog\environment\1\thinkphp\wamp\www\ybplant\ybplant\Application\index\Controller\IndexController.class.php 第 146 行.
NOTIC: [8] Use of undefined constant hum - assumed 'hum' E:\webprog\environment\1\thinkphp\wamp\www\ybplant\ybplant\Application\index\Controller\IndexController.class.php 第 147 行.
NOTIC: [8] Undefined index: hum E:\webprog\environment\1\thinkphp\wamp\www\ybplant\ybplant\Application\index\Controller\IndexController.class.php 第 147 行.
ERR: SQLSTATE[23000]: Integrity constraint violation: 1062 Duplicate entry '2cee1265-ae5f-2a65-2632-474fd0369553' for key 'PRIMARY'

[ 2017-07-18T11:19:28+08:00 ] 127.0.0.1 /ybplant/ybplant/index.php/index/message?chip_id=33e1265-ae5f-2a65-2632-474fd0369553&password=12
INFO: [ app_init ] --START--
INFO: Run Behavior\BuildLiteBehavior [ RunTime:0.000027s ]
INFO: [ app_init ] --END-- [ RunTime:0.000520s ]
INFO: [ app_begin ] --START--
INFO: Run Behavior\ReadHtmlCacheBehavior [ RunTime:0.000604s ]
INFO: [ app_begin ] --END-- [ RunTime:0.000735s ]
NOTIC: [8] Use of undefined constant chip_id - assumed 'chip_id' E:\webprog\environment\1\thinkphp\wamp\www\ybplant\ybplant\Application\index\Controller\IndexController.class.php 第 124 行.
NOTIC: [8] Use of undefined constant password - assumed 'password' E:\webprog\environment\1\thinkphp\wamp\www\ybplant\ybplant\Application\index\Controller\IndexController.class.php 第 124 行.
SQL: SHOW COLUMNS FROM `chip_set` [ RunTime:0.0037s ]
SQL: SHOW COLUMNS FROM `chip_data` [ RunTime:0.0028s ]
NOTIC: [8] Use of undefined constant chip_id - assumed 'chip_id' E:\webprog\environment\1\thinkphp\wamp\www\ybplant\ybplant\Application\index\Controller\IndexController.class.php 第 145 行.
NOTIC: [8] Use of undefined constant temp - assumed 'temp' E:\webprog\environment\1\thinkphp\wamp\www\ybplant\ybplant\Application\index\Controller\IndexController.class.php 第 146 行.
NOTIC: [8] Undefined index: temp E:\webprog\environment\1\thinkphp\wamp\www\ybplant\ybplant\Application\index\Controller\IndexController.class.php 第 146 行.
NOTIC: [8] Use of undefined constant hum - assumed 'hum' E:\webprog\environment\1\thinkphp\wamp\www\ybplant\ybplant\Application\index\Controller\IndexController.class.php 第 147 行.
NOTIC: [8] Undefined index: hum E:\webprog\environment\1\thinkphp\wamp\www\ybplant\ybplant\Application\index\Controller\IndexController.class.php 第 147 行.
SQL: INSERT INTO `chip_data` (`chip_id`,`temp`,`hum`,`time`) VALUES ('33e1265-ae5f-2a65-2632-474fd0369553',NULL,NULL,'2017-07-18 11:19:28') [ RunTime:0.1134s ]
INFO: [ app_end ] --START--
INFO: Run Behavior\ShowPageTraceBehavior [ RunTime:0.001684s ]
INFO: [ app_end ] --END-- [ RunTime:0.002001s ]

[ 2017-07-18T11:20:17+08:00 ] 127.0.0.1 /ybplant/ybplant/index.php/index/message?chip_id=33e1265-ae5f-2a65-2632-474fd0369553&password=12
INFO: [ app_init ] --START--
INFO: Run Behavior\BuildLiteBehavior [ RunTime:0.000024s ]
INFO: [ app_init ] --END-- [ RunTime:0.000448s ]
INFO: [ app_begin ] --START--
INFO: Run Behavior\ReadHtmlCacheBehavior [ RunTime:0.000548s ]
INFO: [ app_begin ] --END-- [ RunTime:0.000664s ]
NOTIC: [8] Use of undefined constant chip_id - assumed 'chip_id' E:\webprog\environment\1\thinkphp\wamp\www\ybplant\ybplant\Application\index\Controller\IndexController.class.php 第 124 行.
NOTIC: [8] Use of undefined constant password - assumed 'password' E:\webprog\environment\1\thinkphp\wamp\www\ybplant\ybplant\Application\index\Controller\IndexController.class.php 第 124 行.
SQL: SHOW COLUMNS FROM `chip_set` [ RunTime:0.0033s ]
INFO: [ app_end ] --START--
INFO: Run Behavior\ShowPageTraceBehavior [ RunTime:0.000704s ]
INFO: [ app_end ] --END-- [ RunTime:0.000830s ]

[ 2017-07-18T11:21:12+08:00 ] 127.0.0.1 /ybplant/ybplant/index.php/index/message?chip_id=33e1265-ae5f-2a65-2632-474fd0369553&password=12
INFO: [ app_init ] --START--
INFO: Run Behavior\BuildLiteBehavior [ RunTime:0.000020s ]
INFO: [ app_init ] --END-- [ RunTime:0.000412s ]
INFO: [ app_begin ] --START--
INFO: Run Behavior\ReadHtmlCacheBehavior [ RunTime:0.000600s ]
INFO: [ app_begin ] --END-- [ RunTime:0.000704s ]
NOTIC: [8] Use of undefined constant chip_id - assumed 'chip_id' E:\webprog\environment\1\thinkphp\wamp\www\ybplant\ybplant\Application\index\Controller\IndexController.class.php 第 124 行.
NOTIC: [8] Use of undefined constant password - assumed 'password' E:\webprog\environment\1\thinkphp\wamp\www\ybplant\ybplant\Application\index\Controller\IndexController.class.php 第 124 行.
SQL: SHOW COLUMNS FROM `chip_set` [ RunTime:0.0027s ]
INFO: [ app_end ] --START--
INFO: Run Behavior\ShowPageTraceBehavior [ RunTime:0.001063s ]
INFO: [ app_end ] --END-- [ RunTime:0.001418s ]

[ 2017-07-18T11:21:26+08:00 ] 127.0.0.1 /ybplant/ybplant/index.php/index/message?chip_id=33e1265-ae5f-2a65-2632-474fd0369553&password=12
INFO: [ app_init ] --START--
INFO: Run Behavior\BuildLiteBehavior [ RunTime:0.000026s ]
INFO: [ app_init ] --END-- [ RunTime:0.000502s ]
INFO: [ app_begin ] --START--
INFO: Run Behavior\ReadHtmlCacheBehavior [ RunTime:0.000601s ]
INFO: [ app_begin ] --END-- [ RunTime:0.000730s ]
NOTIC: [8] Use of undefined constant chip_id - assumed 'chip_id' E:\webprog\environment\1\thinkphp\wamp\www\ybplant\ybplant\Application\index\Controller\IndexController.class.php 第 124 行.
NOTIC: [8] Use of undefined constant password - assumed 'password' E:\webprog\environment\1\thinkphp\wamp\www\ybplant\ybplant\Application\index\Controller\IndexController.class.php 第 124 行.
SQL: SHOW COLUMNS FROM `chip_set` [ RunTime:0.0034s ]
SQL: SHOW COLUMNS FROM `chip_temp` [ RunTime:0.0032s ]
SQL: SELECT COUNT(*) AS tp_count FROM `chip_temp` WHERE ( chip_id = "33e1265-ae5f-2a65-2632-474fd0369553" and password = "12"  ) LIMIT 1   [ RunTime:0.0005s ]
NOTIC: [8] Use of undefined constant chip_id - assumed 'chip_id' E:\webprog\environment\1\thinkphp\wamp\www\ybplant\ybplant\Application\index\Controller\IndexController.class.php 第 135 行.
NOTIC: [8] Use of undefined constant password - assumed 'password' E:\webprog\environment\1\thinkphp\wamp\www\ybplant\ybplant\Application\index\Controller\IndexController.class.php 第 136 行.
SQL: INSERT INTO `chip_temp` (`chip_id`,`password`,`time`) VALUES ('33e1265-ae5f-2a65-2632-474fd0369553','12','2017-07-18 11:21:26') [ RunTime:0.1111s ]
INFO: [ app_end ] --START--
INFO: Run Behavior\ShowPageTraceBehavior [ RunTime:0.001794s ]
INFO: [ app_end ] --END-- [ RunTime:0.002154s ]

[ 2017-07-18T11:21:49+08:00 ] 127.0.0.1 /ybplant/ybplant/index.php/index/message?chip_id=33e1265-ae5f-2a65-2632-474fd0369553&password=12
INFO: [ app_init ] --START--
INFO: Run Behavior\BuildLiteBehavior [ RunTime:0.000028s ]
INFO: [ app_init ] --END-- [ RunTime:0.000548s ]
INFO: [ app_begin ] --START--
INFO: Run Behavior\ReadHtmlCacheBehavior [ RunTime:0.000645s ]
INFO: [ app_begin ] --END-- [ RunTime:0.000785s ]
NOTIC: [8] Use of undefined constant chip_id - assumed 'chip_id' E:\webprog\environment\1\thinkphp\wamp\www\ybplant\ybplant\Application\index\Controller\IndexController.class.php 第 124 行.
NOTIC: [8] Use of undefined constant password - assumed 'password' E:\webprog\environment\1\thinkphp\wamp\www\ybplant\ybplant\Application\index\Controller\IndexController.class.php 第 124 行.
SQL: SHOW COLUMNS FROM `chip_set` [ RunTime:0.0041s ]
SQL: SHOW COLUMNS FROM `chip_temp` [ RunTime:0.0037s ]
SQL: SELECT COUNT(*) AS tp_count FROM `chip_temp` WHERE ( chip_id = "33e1265-ae5f-2a65-2632-474fd0369553" and password = "12"  ) LIMIT 1   [ RunTime:0.0004s ]
NOTIC: [8] Use of undefined constant chip_id - assumed 'chip_id' E:\webprog\environment\1\thinkphp\wamp\www\ybplant\ybplant\Application\index\Controller\IndexController.class.php 第 135 行.
NOTIC: [8] Use of undefined constant password - assumed 'password' E:\webprog\environment\1\thinkphp\wamp\www\ybplant\ybplant\Application\index\Controller\IndexController.class.php 第 136 行.
SQL: INSERT INTO `chip_temp` (`chip_id`,`password`,`time`) VALUES ('33e1265-ae5f-2a65-2632-474fd0369553','12','2017-07-18 11:21:49') [ RunTime:0.0984s ]
INFO: [ app_end ] --START--
INFO: Run Behavior\ShowPageTraceBehavior [ RunTime:0.000605s ]
INFO: [ app_end ] --END-- [ RunTime:0.000698s ]

[ 2017-07-18T11:22:21+08:00 ] 127.0.0.1 /ybplant/ybplant/index.php/index/message?chip_id=2cee1265-ae5f-2a65-2632-474fd0369554&password=123
INFO: [ app_init ] --START--
INFO: Run Behavior\BuildLiteBehavior [ RunTime:0.000028s ]
INFO: [ app_init ] --END-- [ RunTime:0.000585s ]
INFO: [ app_begin ] --START--
INFO: Run Behavior\ReadHtmlCacheBehavior [ RunTime:0.000651s ]
INFO: [ app_begin ] --END-- [ RunTime:0.000786s ]
NOTIC: [8] Use of undefined constant chip_id - assumed 'chip_id' E:\webprog\environment\1\thinkphp\wamp\www\ybplant\ybplant\Application\index\Controller\IndexController.class.php 第 124 行.
NOTIC: [8] Use of undefined constant password - assumed 'password' E:\webprog\environment\1\thinkphp\wamp\www\ybplant\ybplant\Application\index\Controller\IndexController.class.php 第 124 行.
SQL: SHOW COLUMNS FROM `chip_set` [ RunTime:0.0039s ]
SQL: SHOW COLUMNS FROM `chip_temp` [ RunTime:0.0028s ]
SQL: SELECT COUNT(*) AS tp_count FROM `chip_temp` WHERE ( chip_id = "2cee1265-ae5f-2a65-2632-474fd0369554" and password = "123"  ) LIMIT 1   [ RunTime:0.0005s ]
NOTIC: [8] Use of undefined constant chip_id - assumed 'chip_id' E:\webprog\environment\1\thinkphp\wamp\www\ybplant\ybplant\Application\index\Controller\IndexController.class.php 第 135 行.
NOTIC: [8] Use of undefined constant password - assumed 'password' E:\webprog\environment\1\thinkphp\wamp\www\ybplant\ybplant\Application\index\Controller\IndexController.class.php 第 136 行.
SQL: INSERT INTO `chip_temp` (`chip_id`,`password`,`time`) VALUES ('2cee1265-ae5f-2a65-2632-474fd0369554','123','2017-07-18 11:22:20') [ RunTime:0.1090s ]
INFO: [ app_end ] --START--
INFO: Run Behavior\ShowPageTraceBehavior [ RunTime:0.001895s ]
INFO: [ app_end ] --END-- [ RunTime:0.002270s ]

[ 2017-07-18T11:23:52+08:00 ] 127.0.0.1 /ybplant/ybplant/index.php/index/message?chip_id=2cee1265-ae5f-2a65-2632-474fd0369554&password=123
INFO: [ app_init ] --START--
INFO: Run Behavior\BuildLiteBehavior [ RunTime:0.000030s ]
INFO: [ app_init ] --END-- [ RunTime:0.000629s ]
INFO: [ app_begin ] --START--
INFO: Run Behavior\ReadHtmlCacheBehavior [ RunTime:0.000910s ]
INFO: [ app_begin ] --END-- [ RunTime:0.001064s ]
NOTIC: [8] Use of undefined constant chip_id - assumed 'chip_id' E:\webprog\environment\1\thinkphp\wamp\www\ybplant\ybplant\Application\index\Controller\IndexController.class.php 第 124 行.
NOTIC: [8] Use of undefined constant password - assumed 'password' E:\webprog\environment\1\thinkphp\wamp\www\ybplant\ybplant\Application\index\Controller\IndexController.class.php 第 124 行.
SQL: SHOW COLUMNS FROM `chip_set` [ RunTime:0.0041s ]
SQL: SHOW COLUMNS FROM `chip_temp` [ RunTime:0.0034s ]
SQL: SELECT COUNT(*) AS tp_count FROM `chip_temp` WHERE ( chip_id = "2cee1265-ae5f-2a65-2632-474fd0369554" and password = "123"  ) LIMIT 1   [ RunTime:0.0004s ]
INFO: [ app_end ] --START--
INFO: Run Behavior\ShowPageTraceBehavior [ RunTime:0.000751s ]
INFO: [ app_end ] --END-- [ RunTime:0.000853s ]

[ 2017-07-18T11:24:42+08:00 ] 127.0.0.1 /ybplant/ybplant/index.php/index/message?chip_id=2cee1265-ae5f-2a65-2632-474fd0369554&password=123
INFO: [ app_init ] --START--
INFO: Run Behavior\BuildLiteBehavior [ RunTime:0.000018s ]
INFO: [ app_init ] --END-- [ RunTime:0.000488s ]
INFO: [ app_begin ] --START--
INFO: Run Behavior\ReadHtmlCacheBehavior [ RunTime:0.000471s ]
INFO: [ app_begin ] --END-- [ RunTime:0.000557s ]
NOTIC: [8] Use of undefined constant chip_id - assumed 'chip_id' E:\webprog\environment\1\thinkphp\wamp\www\ybplant\ybplant\Application\index\Controller\IndexController.class.php 第 124 行.
NOTIC: [8] Use of undefined constant password - assumed 'password' E:\webprog\environment\1\thinkphp\wamp\www\ybplant\ybplant\Application\index\Controller\IndexController.class.php 第 124 行.
SQL: SHOW COLUMNS FROM `chip_set` [ RunTime:0.0038s ]
INFO: [ app_end ] --START--
INFO: Run Behavior\ShowPageTraceBehavior [ RunTime:0.000478s ]
INFO: [ app_end ] --END-- [ RunTime:0.000565s ]

[ 2017-07-18T11:25:02+08:00 ] 127.0.0.1 /ybplant/ybplant/index.php/index/message?chip_id=2cee1265-ae5f-2a65-2632-474fd0369554&password=123
INFO: [ app_init ] --START--
INFO: Run Behavior\BuildLiteBehavior [ RunTime:0.000029s ]
INFO: [ app_init ] --END-- [ RunTime:0.000525s ]
INFO: [ app_begin ] --START--
INFO: Run Behavior\ReadHtmlCacheBehavior [ RunTime:0.000614s ]
INFO: [ app_begin ] --END-- [ RunTime:0.000753s ]
NOTIC: [8] Use of undefined constant chip_id - assumed 'chip_id' E:\webprog\environment\1\thinkphp\wamp\www\ybplant\ybplant\Application\index\Controller\IndexController.class.php 第 124 行.
NOTIC: [8] Use of undefined constant password - assumed 'password' E:\webprog\environment\1\thinkphp\wamp\www\ybplant\ybplant\Application\index\Controller\IndexController.class.php 第 124 行.
SQL: SHOW COLUMNS FROM `chip_set` [ RunTime:0.0036s ]
SQL: SELECT * FROM `chip_set` WHERE ( chip_id = "2cee1265-ae5f-2a65-2632-474fd0369554" and password = "123"  )  [ RunTime:0.0003s ]
INFO: [ app_end ] --START--
INFO: Run Behavior\ShowPageTraceBehavior [ RunTime:0.000557s ]
INFO: [ app_end ] --END-- [ RunTime:0.000649s ]

[ 2017-07-18T11:25:19+08:00 ] 127.0.0.1 /ybplant/ybplant/index.php/index/message?chip_id=2cee1265-ae5f-2a65-2632-474fd0369554&password=123
INFO: [ app_init ] --START--
INFO: Run Behavior\BuildLiteBehavior [ RunTime:0.000033s ]
INFO: [ app_init ] --END-- [ RunTime:0.000882s ]
INFO: [ app_begin ] --START--
INFO: Run Behavior\ReadHtmlCacheBehavior [ RunTime:0.000588s ]
INFO: [ app_begin ] --END-- [ RunTime:0.000713s ]
NOTIC: [8] Use of undefined constant chip_id - assumed 'chip_id' E:\webprog\environment\1\thinkphp\wamp\www\ybplant\ybplant\Application\index\Controller\IndexController.class.php 第 124 行.
NOTIC: [8] Use of undefined constant password - assumed 'password' E:\webprog\environment\1\thinkphp\wamp\www\ybplant\ybplant\Application\index\Controller\IndexController.class.php 第 124 行.
SQL: SHOW COLUMNS FROM `chip_set` [ RunTime:0.0033s ]
SQL: SELECT * FROM `chip_set` WHERE ( chip_id = "2cee1265-ae5f-2a65-2632-474fd0369554" and password = "123"  )  [ RunTime:0.0006s ]
NOTIC: [8] Trying to get property of non-object E:\webprog\environment\1\thinkphp\wamp\www\ybplant\ybplant\Application\index\Controller\IndexController.class.php 第 129 行.
SQL: SHOW COLUMNS FROM `chip_temp` [ RunTime:0.0030s ]
SQL: SELECT COUNT(*) AS tp_count FROM `chip_temp` WHERE ( chip_id = "2cee1265-ae5f-2a65-2632-474fd0369554" and password = "123"  ) LIMIT 1   [ RunTime:0.0004s ]
INFO: [ app_end ] --START--
INFO: Run Behavior\ShowPageTraceBehavior [ RunTime:0.000675s ]
INFO: [ app_end ] --END-- [ RunTime:0.000796s ]

[ 2017-07-18T11:25:30+08:00 ] 127.0.0.1 /ybplant/ybplant/index.php/index/message?chip_id=2cee1265-ae5f-2a65-2632-474fd0369554&password=123
INFO: [ app_init ] --START--
INFO: Run Behavior\BuildLiteBehavior [ RunTime:0.000027s ]
INFO: [ app_init ] --END-- [ RunTime:0.000516s ]
INFO: [ app_begin ] --START--
INFO: Run Behavior\ReadHtmlCacheBehavior [ RunTime:0.000824s ]
INFO: [ app_begin ] --END-- [ RunTime:0.000962s ]
NOTIC: [8] Use of undefined constant chip_id - assumed 'chip_id' E:\webprog\environment\1\thinkphp\wamp\www\ybplant\ybplant\Application\index\Controller\IndexController.class.php 第 124 行.
NOTIC: [8] Use of undefined constant password - assumed 'password' E:\webprog\environment\1\thinkphp\wamp\www\ybplant\ybplant\Application\index\Controller\IndexController.class.php 第 124 行.
SQL: SHOW COLUMNS FROM `chip_set` [ RunTime:0.0035s ]
SQL: SELECT * FROM `chip_set` WHERE ( chip_id = "2cee1265-ae5f-2a65-2632-474fd0369554" and password = "123"  )  [ RunTime:0.0003s ]
NOTIC: [8] Trying to get property of non-object E:\webprog\environment\1\thinkphp\wamp\www\ybplant\ybplant\Application\index\Controller\IndexController.class.php 第 129 行.
SQL: SHOW COLUMNS FROM `chip_temp` [ RunTime:0.0025s ]
SQL: SELECT COUNT(*) AS tp_count FROM `chip_temp` WHERE ( chip_id = "2cee1265-ae5f-2a65-2632-474fd0369554" and password = "123"  ) LIMIT 1   [ RunTime:0.0003s ]
INFO: [ app_end ] --START--
INFO: Run Behavior\ShowPageTraceBehavior [ RunTime:0.000504s ]
INFO: [ app_end ] --END-- [ RunTime:0.000590s ]

[ 2017-07-18T11:25:31+08:00 ] 127.0.0.1 /ybplant/ybplant/index.php/index/message?chip_id=2cee1265-ae5f-2a65-2632-474fd0369554&password=123
INFO: [ app_init ] --START--
INFO: Run Behavior\BuildLiteBehavior [ RunTime:0.000017s ]
INFO: [ app_init ] --END-- [ RunTime:0.000444s ]
INFO: [ app_begin ] --START--
INFO: Run Behavior\ReadHtmlCacheBehavior [ RunTime:0.000377s ]
INFO: [ app_begin ] --END-- [ RunTime:0.000458s ]
NOTIC: [8] Use of undefined constant chip_id - assumed 'chip_id' E:\webprog\environment\1\thinkphp\wamp\www\ybplant\ybplant\Application\index\Controller\IndexController.class.php 第 124 行.
NOTIC: [8] Use of undefined constant password - assumed 'password' E:\webprog\environment\1\thinkphp\wamp\www\ybplant\ybplant\Application\index\Controller\IndexController.class.php 第 124 行.
SQL: SHOW COLUMNS FROM `chip_set` [ RunTime:0.0036s ]
SQL: SELECT * FROM `chip_set` WHERE ( chip_id = "2cee1265-ae5f-2a65-2632-474fd0369554" and password = "123"  )  [ RunTime:0.0005s ]
NOTIC: [8] Trying to get property of non-object E:\webprog\environment\1\thinkphp\wamp\www\ybplant\ybplant\Application\index\Controller\IndexController.class.php 第 129 行.
SQL: SHOW COLUMNS FROM `chip_temp` [ RunTime:0.0030s ]
SQL: SELECT COUNT(*) AS tp_count FROM `chip_temp` WHERE ( chip_id = "2cee1265-ae5f-2a65-2632-474fd0369554" and password = "123"  ) LIMIT 1   [ RunTime:0.0004s ]
INFO: [ app_end ] --START--
INFO: Run Behavior\ShowPageTraceBehavior [ RunTime:0.000452s ]
INFO: [ app_end ] --END-- [ RunTime:0.000533s ]

[ 2017-07-18T11:25:31+08:00 ] 127.0.0.1 /ybplant/ybplant/index.php/index/message?chip_id=2cee1265-ae5f-2a65-2632-474fd0369554&password=123
INFO: [ app_init ] --START--
INFO: Run Behavior\BuildLiteBehavior [ RunTime:0.000023s ]
INFO: [ app_init ] --END-- [ RunTime:0.000440s ]
INFO: [ app_begin ] --START--
INFO: Run Behavior\ReadHtmlCacheBehavior [ RunTime:0.000526s ]
INFO: [ app_begin ] --END-- [ RunTime:0.000638s ]
NOTIC: [8] Use of undefined constant chip_id - assumed 'chip_id' E:\webprog\environment\1\thinkphp\wamp\www\ybplant\ybplant\Application\index\Controller\IndexController.class.php 第 124 行.
NOTIC: [8] Use of undefined constant password - assumed 'password' E:\webprog\environment\1\thinkphp\wamp\www\ybplant\ybplant\Application\index\Controller\IndexController.class.php 第 124 行.
SQL: SHOW COLUMNS FROM `chip_set` [ RunTime:0.0030s ]
SQL: SELECT * FROM `chip_set` WHERE ( chip_id = "2cee1265-ae5f-2a65-2632-474fd0369554" and password = "123"  )  [ RunTime:0.0005s ]
NOTIC: [8] Trying to get property of non-object E:\webprog\environment\1\thinkphp\wamp\www\ybplant\ybplant\Application\index\Controller\IndexController.class.php 第 129 行.
SQL: SHOW COLUMNS FROM `chip_temp` [ RunTime:0.0028s ]
SQL: SELECT COUNT(*) AS tp_count FROM `chip_temp` WHERE ( chip_id = "2cee1265-ae5f-2a65-2632-474fd0369554" and password = "123"  ) LIMIT 1   [ RunTime:0.0003s ]
INFO: [ app_end ] --START--
INFO: Run Behavior\ShowPageTraceBehavior [ RunTime:0.000624s ]
INFO: [ app_end ] --END-- [ RunTime:0.000732s ]

[ 2017-07-18T11:26:13+08:00 ] 127.0.0.1 /ybplant/ybplant/index.php/index/message?chip_id=2cee1265-ae5f-2a65-2632-474fd0369554&password=123
INFO: [ app_init ] --START--
INFO: Run Behavior\BuildLiteBehavior [ RunTime:0.000029s ]
INFO: [ app_init ] --END-- [ RunTime:0.000687s ]
INFO: [ app_begin ] --START--
INFO: Run Behavior\ReadHtmlCacheBehavior [ RunTime:0.000844s ]
INFO: [ app_begin ] --END-- [ RunTime:0.000985s ]
NOTIC: [8] Use of undefined constant chip_id - assumed 'chip_id' E:\webprog\environment\1\thinkphp\wamp\www\ybplant\ybplant\Application\index\Controller\IndexController.class.php 第 124 行.
NOTIC: [8] Use of undefined constant password - assumed 'password' E:\webprog\environment\1\thinkphp\wamp\www\ybplant\ybplant\Application\index\Controller\IndexController.class.php 第 124 行.
SQL: SHOW COLUMNS FROM `chip_set` [ RunTime:0.0028s ]
SQL: SELECT * FROM `chip_set` WHERE ( chip_id = "2cee1265-ae5f-2a65-2632-474fd0369554" and password = "123"  )  [ RunTime:0.0006s ]
NOTIC: [8] Trying to get property of non-object E:\webprog\environment\1\thinkphp\wamp\www\ybplant\ybplant\Application\index\Controller\IndexController.class.php 第 129 行.
INFO: [ app_end ] --START--
INFO: Run Behavior\ShowPageTraceBehavior [ RunTime:0.000897s ]
INFO: [ app_end ] --END-- [ RunTime:0.001038s ]

[ 2017-07-18T11:26:24+08:00 ] 127.0.0.1 /ybplant/ybplant/index.php/index/message?chip_id=2cee1265-ae5f-2a65-2632-474fd0369554&password=123
INFO: [ app_init ] --START--
INFO: Run Behavior\BuildLiteBehavior [ RunTime:0.000019s ]
INFO: [ app_init ] --END-- [ RunTime:0.000363s ]
INFO: [ app_begin ] --START--
INFO: Run Behavior\ReadHtmlCacheBehavior [ RunTime:0.000429s ]
INFO: [ app_begin ] --END-- [ RunTime:0.000520s ]
NOTIC: [8] Use of undefined constant chip_id - assumed 'chip_id' E:\webprog\environment\1\thinkphp\wamp\www\ybplant\ybplant\Application\index\Controller\IndexController.class.php 第 124 行.
NOTIC: [8] Use of undefined constant password - assumed 'password' E:\webprog\environment\1\thinkphp\wamp\www\ybplant\ybplant\Application\index\Controller\IndexController.class.php 第 124 行.
SQL: SHOW COLUMNS FROM `chip_set` [ RunTime:0.0035s ]
SQL: SELECT * FROM `chip_set` WHERE ( chip_id = "2cee1265-ae5f-2a65-2632-474fd0369554" and password = "123"  )  [ RunTime:0.0004s ]
NOTIC: [8] Trying to get property of non-object E:\webprog\environment\1\thinkphp\wamp\www\ybplant\ybplant\Application\index\Controller\IndexController.class.php 第 129 行.
INFO: [ app_end ] --START--
INFO: Run Behavior\ShowPageTraceBehavior [ RunTime:0.000449s ]
INFO: [ app_end ] --END-- [ RunTime:0.000525s ]

[ 2017-07-18T11:26:25+08:00 ] 127.0.0.1 /ybplant/ybplant/index.php/index/message?chip_id=2cee1265-ae5f-2a65-2632-474fd0369554&password=123
INFO: [ app_init ] --START--
INFO: Run Behavior\BuildLiteBehavior [ RunTime:0.000018s ]
INFO: [ app_init ] --END-- [ RunTime:0.000335s ]
INFO: [ app_begin ] --START--
INFO: Run Behavior\ReadHtmlCacheBehavior [ RunTime:0.000404s ]
INFO: [ app_begin ] --END-- [ RunTime:0.000488s ]
NOTIC: [8] Use of undefined constant chip_id - assumed 'chip_id' E:\webprog\environment\1\thinkphp\wamp\www\ybplant\ybplant\Application\index\Controller\IndexController.class.php 第 124 行.
NOTIC: [8] Use of undefined constant password - assumed 'password' E:\webprog\environment\1\thinkphp\wamp\www\ybplant\ybplant\Application\index\Controller\IndexController.class.php 第 124 行.
SQL: SHOW COLUMNS FROM `chip_set` [ RunTime:0.0038s ]
SQL: SELECT * FROM `chip_set` WHERE ( chip_id = "2cee1265-ae5f-2a65-2632-474fd0369554" and password = "123"  )  [ RunTime:0.0005s ]
NOTIC: [8] Trying to get property of non-object E:\webprog\environment\1\thinkphp\wamp\www\ybplant\ybplant\Application\index\Controller\IndexController.class.php 第 129 行.
INFO: [ app_end ] --START--
INFO: Run Behavior\ShowPageTraceBehavior [ RunTime:0.000526s ]
INFO: [ app_end ] --END-- [ RunTime:0.000648s ]

[ 2017-07-18T11:26:25+08:00 ] 127.0.0.1 /ybplant/ybplant/index.php/index/message?chip_id=2cee1265-ae5f-2a65-2632-474fd0369554&password=123
INFO: [ app_init ] --START--
INFO: Run Behavior\BuildLiteBehavior [ RunTime:0.000025s ]
INFO: [ app_init ] --END-- [ RunTime:0.000493s ]
INFO: [ app_begin ] --START--
INFO: Run Behavior\ReadHtmlCacheBehavior [ RunTime:0.000604s ]
INFO: [ app_begin ] --END-- [ RunTime:0.000743s ]
NOTIC: [8] Use of undefined constant chip_id - assumed 'chip_id' E:\webprog\environment\1\thinkphp\wamp\www\ybplant\ybplant\Application\index\Controller\IndexController.class.php 第 124 行.
NOTIC: [8] Use of undefined constant password - assumed 'password' E:\webprog\environment\1\thinkphp\wamp\www\ybplant\ybplant\Application\index\Controller\IndexController.class.php 第 124 行.
SQL: SHOW COLUMNS FROM `chip_set` [ RunTime:0.0028s ]
SQL: SELECT * FROM `chip_set` WHERE ( chip_id = "2cee1265-ae5f-2a65-2632-474fd0369554" and password = "123"  )  [ RunTime:0.0003s ]
NOTIC: [8] Trying to get property of non-object E:\webprog\environment\1\thinkphp\wamp\www\ybplant\ybplant\Application\index\Controller\IndexController.class.php 第 129 行.
INFO: [ app_end ] --START--
INFO: Run Behavior\ShowPageTraceBehavior [ RunTime:0.000485s ]
INFO: [ app_end ] --END-- [ RunTime:0.000569s ]

[ 2017-07-18T11:26:41+08:00 ] 127.0.0.1 /ybplant/ybplant/index.php/index/message?chip_id=2cee1265-ae5f-2a65-2632-474fd0369554&password=123
INFO: [ app_init ] --START--
INFO: Run Behavior\BuildLiteBehavior [ RunTime:0.000020s ]
INFO: [ app_init ] --END-- [ RunTime:0.000375s ]
INFO: [ app_begin ] --START--
INFO: Run Behavior\ReadHtmlCacheBehavior [ RunTime:0.000444s ]
INFO: [ app_begin ] --END-- [ RunTime:0.000540s ]
NOTIC: [8] Use of undefined constant chip_id - assumed 'chip_id' E:\webprog\environment\1\thinkphp\wamp\www\ybplant\ybplant\Application\index\Controller\IndexController.class.php 第 124 行.
NOTIC: [8] Use of undefined constant password - assumed 'password' E:\webprog\environment\1\thinkphp\wamp\www\ybplant\ybplant\Application\index\Controller\IndexController.class.php 第 124 行.
SQL: SHOW COLUMNS FROM `chip_set` [ RunTime:0.0037s ]
SQL: SELECT * FROM `chip_set` WHERE ( chip_id = "2cee1265-ae5f-2a65-2632-474fd0369554" and password = "123"  )  [ RunTime:0.0005s ]
INFO: [ app_end ] --START--
INFO: Run Behavior\ShowPageTraceBehavior [ RunTime:0.000516s ]
INFO: [ app_end ] --END-- [ RunTime:0.000605s ]

[ 2017-07-18T11:27:06+08:00 ] 127.0.0.1 /ybplant/ybplant/index.php/index/message?chip_id=2cee1265-ae5f-2a65-2632-474fd0369554&password=123
INFO: [ app_init ] --START--
INFO: Run Behavior\BuildLiteBehavior [ RunTime:0.000017s ]
INFO: [ app_init ] --END-- [ RunTime:0.000351s ]
INFO: [ app_begin ] --START--
INFO: Run Behavior\ReadHtmlCacheBehavior [ RunTime:0.000380s ]
INFO: [ app_begin ] --END-- [ RunTime:0.000461s ]
NOTIC: [8] Use of undefined constant chip_id - assumed 'chip_id' E:\webprog\environment\1\thinkphp\wamp\www\ybplant\ybplant\Application\index\Controller\IndexController.class.php 第 124 行.
NOTIC: [8] Use of undefined constant password - assumed 'password' E:\webprog\environment\1\thinkphp\wamp\www\ybplant\ybplant\Application\index\Controller\IndexController.class.php 第 124 行.
SQL: SHOW COLUMNS FROM `chip_set` [ RunTime:0.0033s ]
SQL: SELECT * FROM `chip_set` WHERE ( chip_id = "2cee1265-ae5f-2a65-2632-474fd0369554" and password = "123"  )  [ RunTime:0.0005s ]
INFO: [ app_end ] --START--
INFO: Run Behavior\ShowPageTraceBehavior [ RunTime:0.000637s ]
INFO: [ app_end ] --END-- [ RunTime:0.000733s ]

[ 2017-07-18T11:27:35+08:00 ] 127.0.0.1 /ybplant/ybplant/index.php/index/message?chip_id=2cee1265-ae5f-2a65-2632-474fd0369554&password=123
INFO: [ app_init ] --START--
INFO: Run Behavior\BuildLiteBehavior [ RunTime:0.000033s ]
INFO: [ app_init ] --END-- [ RunTime:0.000620s ]
INFO: [ app_begin ] --START--
INFO: Run Behavior\ReadHtmlCacheBehavior [ RunTime:0.000744s ]
INFO: [ app_begin ] --END-- [ RunTime:0.000902s ]
NOTIC: [8] Use of undefined constant chip_id - assumed 'chip_id' E:\webprog\environment\1\thinkphp\wamp\www\ybplant\ybplant\Application\index\Controller\IndexController.class.php 第 124 行.
NOTIC: [8] Use of undefined constant password - assumed 'password' E:\webprog\environment\1\thinkphp\wamp\www\ybplant\ybplant\Application\index\Controller\IndexController.class.php 第 124 行.
SQL: SHOW COLUMNS FROM `chip_set` [ RunTime:0.0030s ]
SQL: SELECT * FROM `chip_set` WHERE ( chip_id = "2cee1265-ae5f-2a65-2632-474fd0369554" and password = "123"  )  [ RunTime:0.0005s ]
SQL: SHOW COLUMNS FROM `chip_data` [ RunTime:0.0026s ]
NOTIC: [8] Use of undefined constant chip_id - assumed 'chip_id' E:\webprog\environment\1\thinkphp\wamp\www\ybplant\ybplant\Application\index\Controller\IndexController.class.php 第 145 行.
NOTIC: [8] Use of undefined constant temp - assumed 'temp' E:\webprog\environment\1\thinkphp\wamp\www\ybplant\ybplant\Application\index\Controller\IndexController.class.php 第 146 行.
NOTIC: [8] Undefined index: temp E:\webprog\environment\1\thinkphp\wamp\www\ybplant\ybplant\Application\index\Controller\IndexController.class.php 第 146 行.
NOTIC: [8] Use of undefined constant hum - assumed 'hum' E:\webprog\environment\1\thinkphp\wamp\www\ybplant\ybplant\Application\index\Controller\IndexController.class.php 第 147 行.
NOTIC: [8] Undefined index: hum E:\webprog\environment\1\thinkphp\wamp\www\ybplant\ybplant\Application\index\Controller\IndexController.class.php 第 147 行.
SQL: INSERT INTO `chip_data` (`chip_id`,`temp`,`hum`,`time`) VALUES ('2cee1265-ae5f-2a65-2632-474fd0369554',NULL,NULL,'2017-07-18 11:27:35') [ RunTime:0.1003s ]
INFO: [ app_end ] --START--
INFO: Run Behavior\ShowPageTraceBehavior [ RunTime:0.001676s ]
INFO: [ app_end ] --END-- [ RunTime:0.001984s ]

[ 2017-07-18T11:33:46+08:00 ] 127.0.0.1 /ybplant/ybplant/index.php/index/message?chip_id=2cee1265-ae5f-2a65-2632-474fd0369554&password=123
INFO: [ app_init ] --START--
INFO: Run Behavior\BuildLiteBehavior [ RunTime:0.000028s ]
INFO: [ app_init ] --END-- [ RunTime:0.000574s ]
INFO: [ app_begin ] --START--
INFO: Run Behavior\ReadHtmlCacheBehavior [ RunTime:0.000810s ]
INFO: [ app_begin ] --END-- [ RunTime:0.000944s ]
NOTIC: [8] Use of undefined constant chip_id - assumed 'chip_id' E:\webprog\environment\1\thinkphp\wamp\www\ybplant\ybplant\Application\index\Controller\IndexController.class.php 第 124 行.
NOTIC: [8] Use of undefined constant password - assumed 'password' E:\webprog\environment\1\thinkphp\wamp\www\ybplant\ybplant\Application\index\Controller\IndexController.class.php 第 124 行.
SQL: SHOW COLUMNS FROM `chip_set` [ RunTime:0.0033s ]
SQL: SELECT * FROM `chip_set` WHERE ( chip_id = "2cee1265-ae5f-2a65-2632-474fd0369554" and password = "123"  )  [ RunTime:0.0010s ]
SQL: SHOW COLUMNS FROM `chip_data` [ RunTime:0.0034s ]
NOTIC: [8] Use of undefined constant chip_id - assumed 'chip_id' E:\webprog\environment\1\thinkphp\wamp\www\ybplant\ybplant\Application\index\Controller\IndexController.class.php 第 145 行.
NOTIC: [8] Use of undefined constant temp - assumed 'temp' E:\webprog\environment\1\thinkphp\wamp\www\ybplant\ybplant\Application\index\Controller\IndexController.class.php 第 146 行.
NOTIC: [8] Undefined index: temp E:\webprog\environment\1\thinkphp\wamp\www\ybplant\ybplant\Application\index\Controller\IndexController.class.php 第 146 行.
NOTIC: [8] Use of undefined constant hum - assumed 'hum' E:\webprog\environment\1\thinkphp\wamp\www\ybplant\ybplant\Application\index\Controller\IndexController.class.php 第 147 行.
NOTIC: [8] Undefined index: hum E:\webprog\environment\1\thinkphp\wamp\www\ybplant\ybplant\Application\index\Controller\IndexController.class.php 第 147 行.
ERR: SQLSTATE[23000]: Integrity constraint violation: 1062 Duplicate entry '2cee1265-ae5f-2a65-2632-474fd0369554' for key 'PRIMARY'

[ 2017-07-18T11:34:04+08:00 ] 127.0.0.1 /ybplant/ybplant/index.php/index/message?chip_id=2cee1265-ae5f-2a65-2632-474fd0369554&password=123
INFO: [ app_init ] --START--
INFO: Run Behavior\BuildLiteBehavior [ RunTime:0.000031s ]
INFO: [ app_init ] --END-- [ RunTime:0.000608s ]
INFO: [ app_begin ] --START--
INFO: Run Behavior\ReadHtmlCacheBehavior [ RunTime:0.000733s ]
INFO: [ app_begin ] --END-- [ RunTime:0.000891s ]
NOTIC: [8] Use of undefined constant chip_id - assumed 'chip_id' E:\webprog\environment\1\thinkphp\wamp\www\ybplant\ybplant\Application\index\Controller\IndexController.class.php 第 124 行.
NOTIC: [8] Use of undefined constant password - assumed 'password' E:\webprog\environment\1\thinkphp\wamp\www\ybplant\ybplant\Application\index\Controller\IndexController.class.php 第 124 行.
SQL: SHOW COLUMNS FROM `chip_set` [ RunTime:0.0031s ]
SQL: SELECT * FROM `chip_set` WHERE ( chip_id = "2cee1265-ae5f-2a65-2632-474fd0369554" and password = "123"  )  [ RunTime:0.0006s ]
SQL: SHOW COLUMNS FROM `chip_data` [ RunTime:0.0034s ]
NOTIC: [8] Use of undefined constant chip_id - assumed 'chip_id' E:\webprog\environment\1\thinkphp\wamp\www\ybplant\ybplant\Application\index\Controller\IndexController.class.php 第 145 行.
NOTIC: [8] Use of undefined constant temp - assumed 'temp' E:\webprog\environment\1\thinkphp\wamp\www\ybplant\ybplant\Application\index\Controller\IndexController.class.php 第 146 行.
NOTIC: [8] Undefined index: temp E:\webprog\environment\1\thinkphp\wamp\www\ybplant\ybplant\Application\index\Controller\IndexController.class.php 第 146 行.
NOTIC: [8] Use of undefined constant hum - assumed 'hum' E:\webprog\environment\1\thinkphp\wamp\www\ybplant\ybplant\Application\index\Controller\IndexController.class.php 第 147 行.
NOTIC: [8] Undefined index: hum E:\webprog\environment\1\thinkphp\wamp\www\ybplant\ybplant\Application\index\Controller\IndexController.class.php 第 147 行.
ERR: SQLSTATE[23000]: Integrity constraint violation: 1062 Duplicate entry '2cee1265-ae5f-2a65-2632-474fd0369554' for key 'PRIMARY'

[ 2017-07-18T11:37:00+08:00 ] 127.0.0.1 /ybplant/ybplant/index.php/index/message?chip_id=2cee1265-ae5f-2a65-2632-474fd0369554&password=123
INFO: [ app_init ] --START--
INFO: Run Behavior\BuildLiteBehavior [ RunTime:0.000021s ]
INFO: [ app_init ] --END-- [ RunTime:0.000431s ]
INFO: [ app_begin ] --START--
INFO: Run Behavior\ReadHtmlCacheBehavior [ RunTime:0.000829s ]
INFO: [ app_begin ] --END-- [ RunTime:0.000956s ]
NOTIC: [8] Use of undefined constant chip_id - assumed 'chip_id' E:\webprog\environment\1\thinkphp\wamp\www\ybplant\ybplant\Application\index\Controller\IndexController.class.php 第 124 行.
NOTIC: [8] Use of undefined constant password - assumed 'password' E:\webprog\environment\1\thinkphp\wamp\www\ybplant\ybplant\Application\index\Controller\IndexController.class.php 第 124 行.
SQL: SHOW COLUMNS FROM `chip_set` [ RunTime:0.0036s ]
SQL: SELECT * FROM `chip_set` WHERE ( chip_id = "2cee1265-ae5f-2a65-2632-474fd0369554" and password = "123"  )  [ RunTime:0.0004s ]
SQL: SHOW COLUMNS FROM `chip_data` [ RunTime:0.0028s ]
NOTIC: [8] Use of undefined constant chip_id - assumed 'chip_id' E:\webprog\environment\1\thinkphp\wamp\www\ybplant\ybplant\Application\index\Controller\IndexController.class.php 第 145 行.
NOTIC: [8] Use of undefined constant temp - assumed 'temp' E:\webprog\environment\1\thinkphp\wamp\www\ybplant\ybplant\Application\index\Controller\IndexController.class.php 第 146 行.
NOTIC: [8] Undefined index: temp E:\webprog\environment\1\thinkphp\wamp\www\ybplant\ybplant\Application\index\Controller\IndexController.class.php 第 146 行.
NOTIC: [8] Use of undefined constant hum - assumed 'hum' E:\webprog\environment\1\thinkphp\wamp\www\ybplant\ybplant\Application\index\Controller\IndexController.class.php 第 147 行.
NOTIC: [8] Undefined index: hum E:\webprog\environment\1\thinkphp\wamp\www\ybplant\ybplant\Application\index\Controller\IndexController.class.php 第 147 行.
ERR: SQLSTATE[23000]: Integrity constraint violation: 1062 Duplicate entry '2cee1265-ae5f-2a65-2632-474fd0369554' for key 'PRIMARY'

[ 2017-07-18T11:37:01+08:00 ] 127.0.0.1 /ybplant/ybplant/index.php/index/message?chip_id=2cee1265-ae5f-2a65-2632-474fd0369554&password=123
INFO: [ app_init ] --START--
INFO: Run Behavior\BuildLiteBehavior [ RunTime:0.000047s ]
INFO: [ app_init ] --END-- [ RunTime:0.000913s ]
INFO: [ app_begin ] --START--
INFO: Run Behavior\ReadHtmlCacheBehavior [ RunTime:0.000516s ]
INFO: [ app_begin ] --END-- [ RunTime:0.000640s ]
NOTIC: [8] Use of undefined constant chip_id - assumed 'chip_id' E:\webprog\environment\1\thinkphp\wamp\www\ybplant\ybplant\Application\index\Controller\IndexController.class.php 第 124 行.
NOTIC: [8] Use of undefined constant password - assumed 'password' E:\webprog\environment\1\thinkphp\wamp\www\ybplant\ybplant\Application\index\Controller\IndexController.class.php 第 124 行.
SQL: SHOW COLUMNS FROM `chip_set` [ RunTime:0.0038s ]
SQL: SELECT * FROM `chip_set` WHERE ( chip_id = "2cee1265-ae5f-2a65-2632-474fd0369554" and password = "123"  )  [ RunTime:0.0005s ]
SQL: SHOW COLUMNS FROM `chip_data` [ RunTime:0.0034s ]
NOTIC: [8] Use of undefined constant chip_id - assumed 'chip_id' E:\webprog\environment\1\thinkphp\wamp\www\ybplant\ybplant\Application\index\Controller\IndexController.class.php 第 145 行.
NOTIC: [8] Use of undefined constant temp - assumed 'temp' E:\webprog\environment\1\thinkphp\wamp\www\ybplant\ybplant\Application\index\Controller\IndexController.class.php 第 146 行.
NOTIC: [8] Undefined index: temp E:\webprog\environment\1\thinkphp\wamp\www\ybplant\ybplant\Application\index\Controller\IndexController.class.php 第 146 行.
NOTIC: [8] Use of undefined constant hum - assumed 'hum' E:\webprog\environment\1\thinkphp\wamp\www\ybplant\ybplant\Application\index\Controller\IndexController.class.php 第 147 行.
NOTIC: [8] Undefined index: hum E:\webprog\environment\1\thinkphp\wamp\www\ybplant\ybplant\Application\index\Controller\IndexController.class.php 第 147 行.
ERR: SQLSTATE[23000]: Integrity constraint violation: 1062 Duplicate entry '2cee1265-ae5f-2a65-2632-474fd0369554' for key 'PRIMARY'

[ 2017-07-18T11:37:02+08:00 ] 127.0.0.1 /ybplant/ybplant/index.php/index/message?chip_id=2cee1265-ae5f-2a65-2632-474fd0369554&password=123
INFO: [ app_init ] --START--
INFO: Run Behavior\BuildLiteBehavior [ RunTime:0.000032s ]
INFO: [ app_init ] --END-- [ RunTime:0.000614s ]
INFO: [ app_begin ] --START--
INFO: Run Behavior\ReadHtmlCacheBehavior [ RunTime:0.000731s ]
INFO: [ app_begin ] --END-- [ RunTime:0.000888s ]
NOTIC: [8] Use of undefined constant chip_id - assumed 'chip_id' E:\webprog\environment\1\thinkphp\wamp\www\ybplant\ybplant\Application\index\Controller\IndexController.class.php 第 124 行.
NOTIC: [8] Use of undefined constant password - assumed 'password' E:\webprog\environment\1\thinkphp\wamp\www\ybplant\ybplant\Application\index\Controller\IndexController.class.php 第 124 行.
SQL: SHOW COLUMNS FROM `chip_set` [ RunTime:0.0031s ]
SQL: SELECT * FROM `chip_set` WHERE ( chip_id = "2cee1265-ae5f-2a65-2632-474fd0369554" and password = "123"  )  [ RunTime:0.0004s ]
SQL: SHOW COLUMNS FROM `chip_data` [ RunTime:0.0029s ]
NOTIC: [8] Use of undefined constant chip_id - assumed 'chip_id' E:\webprog\environment\1\thinkphp\wamp\www\ybplant\ybplant\Application\index\Controller\IndexController.class.php 第 145 行.
NOTIC: [8] Use of undefined constant temp - assumed 'temp' E:\webprog\environment\1\thinkphp\wamp\www\ybplant\ybplant\Application\index\Controller\IndexController.class.php 第 146 行.
NOTIC: [8] Undefined index: temp E:\webprog\environment\1\thinkphp\wamp\www\ybplant\ybplant\Application\index\Controller\IndexController.class.php 第 146 行.
NOTIC: [8] Use of undefined constant hum - assumed 'hum' E:\webprog\environment\1\thinkphp\wamp\www\ybplant\ybplant\Application\index\Controller\IndexController.class.php 第 147 行.
NOTIC: [8] Undefined index: hum E:\webprog\environment\1\thinkphp\wamp\www\ybplant\ybplant\Application\index\Controller\IndexController.class.php 第 147 行.
ERR: SQLSTATE[23000]: Integrity constraint violation: 1062 Duplicate entry '2cee1265-ae5f-2a65-2632-474fd0369554' for key 'PRIMARY'

[ 2017-07-18T11:38:59+08:00 ] 127.0.0.1 /ybplant/ybplant/index.php/index/message?chip_id=2cee1265-ae5f-2a65-2632-474fd0369554&password=123
INFO: [ app_init ] --START--
INFO: Run Behavior\BuildLiteBehavior [ RunTime:0.000027s ]
INFO: [ app_init ] --END-- [ RunTime:0.000499s ]
INFO: [ app_begin ] --START--
INFO: Run Behavior\ReadHtmlCacheBehavior [ RunTime:0.000601s ]
INFO: [ app_begin ] --END-- [ RunTime:0.000729s ]
NOTIC: [8] Use of undefined constant chip_id - assumed 'chip_id' E:\webprog\environment\1\thinkphp\wamp\www\ybplant\ybplant\Application\index\Controller\IndexController.class.php 第 124 行.
NOTIC: [8] Use of undefined constant password - assumed 'password' E:\webprog\environment\1\thinkphp\wamp\www\ybplant\ybplant\Application\index\Controller\IndexController.class.php 第 124 行.
SQL: SHOW COLUMNS FROM `chip_set` [ RunTime:0.0032s ]
SQL: SELECT * FROM `chip_set` WHERE ( chip_id = "2cee1265-ae5f-2a65-2632-474fd0369554" and password = "123"  )  [ RunTime:0.0004s ]
SQL: SHOW COLUMNS FROM `chip_data` [ RunTime:0.0026s ]
NOTIC: [8] Use of undefined constant chip_id - assumed 'chip_id' E:\webprog\environment\1\thinkphp\wamp\www\ybplant\ybplant\Application\index\Controller\IndexController.class.php 第 145 行.
NOTIC: [8] Use of undefined constant temp - assumed 'temp' E:\webprog\environment\1\thinkphp\wamp\www\ybplant\ybplant\Application\index\Controller\IndexController.class.php 第 146 行.
NOTIC: [8] Undefined index: temp E:\webprog\environment\1\thinkphp\wamp\www\ybplant\ybplant\Application\index\Controller\IndexController.class.php 第 146 行.
NOTIC: [8] Use of undefined constant hum - assumed 'hum' E:\webprog\environment\1\thinkphp\wamp\www\ybplant\ybplant\Application\index\Controller\IndexController.class.php 第 147 行.
NOTIC: [8] Undefined index: hum E:\webprog\environment\1\thinkphp\wamp\www\ybplant\ybplant\Application\index\Controller\IndexController.class.php 第 147 行.
SQL: INSERT INTO `chip_data` (`chip_id`,`temp`,`hum`,`time`) VALUES ('2cee1265-ae5f-2a65-2632-474fd0369554',NULL,NULL,'2017-07-18 11:38:59') [ RunTime:0.0977s ]
INFO: [ app_end ] --START--
INFO: Run Behavior\ShowPageTraceBehavior [ RunTime:0.001753s ]
INFO: [ app_end ] --END-- [ RunTime:0.002008s ]

[ 2017-07-18T11:39:05+08:00 ] 127.0.0.1 /ybplant/ybplant/index.php/index/message?chip_id=2cee1265-ae5f-2a65-2632-474fd0369554&password=123
INFO: [ app_init ] --START--
INFO: Run Behavior\BuildLiteBehavior [ RunTime:0.000019s ]
INFO: [ app_init ] --END-- [ RunTime:0.000391s ]
INFO: [ app_begin ] --START--
INFO: Run Behavior\ReadHtmlCacheBehavior [ RunTime:0.001039s ]
INFO: [ app_begin ] --END-- [ RunTime:0.001128s ]
NOTIC: [8] Use of undefined constant chip_id - assumed 'chip_id' E:\webprog\environment\1\thinkphp\wamp\www\ybplant\ybplant\Application\index\Controller\IndexController.class.php 第 124 行.
NOTIC: [8] Use of undefined constant password - assumed 'password' E:\webprog\environment\1\thinkphp\wamp\www\ybplant\ybplant\Application\index\Controller\IndexController.class.php 第 124 行.
SQL: SHOW COLUMNS FROM `chip_set` [ RunTime:0.0032s ]
SQL: SELECT * FROM `chip_set` WHERE ( chip_id = "2cee1265-ae5f-2a65-2632-474fd0369554" and password = "123"  )  [ RunTime:0.0005s ]
SQL: SHOW COLUMNS FROM `chip_data` [ RunTime:0.0026s ]
NOTIC: [8] Use of undefined constant chip_id - assumed 'chip_id' E:\webprog\environment\1\thinkphp\wamp\www\ybplant\ybplant\Application\index\Controller\IndexController.class.php 第 145 行.
NOTIC: [8] Use of undefined constant temp - assumed 'temp' E:\webprog\environment\1\thinkphp\wamp\www\ybplant\ybplant\Application\index\Controller\IndexController.class.php 第 146 行.
NOTIC: [8] Undefined index: temp E:\webprog\environment\1\thinkphp\wamp\www\ybplant\ybplant\Application\index\Controller\IndexController.class.php 第 146 行.
NOTIC: [8] Use of undefined constant hum - assumed 'hum' E:\webprog\environment\1\thinkphp\wamp\www\ybplant\ybplant\Application\index\Controller\IndexController.class.php 第 147 行.
NOTIC: [8] Undefined index: hum E:\webprog\environment\1\thinkphp\wamp\www\ybplant\ybplant\Application\index\Controller\IndexController.class.php 第 147 行.
SQL: INSERT INTO `chip_data` (`chip_id`,`temp`,`hum`,`time`) VALUES ('2cee1265-ae5f-2a65-2632-474fd0369554',NULL,NULL,'2017-07-18 11:39:05') [ RunTime:0.0992s ]
INFO: [ app_end ] --START--
INFO: Run Behavior\ShowPageTraceBehavior [ RunTime:0.001205s ]
INFO: [ app_end ] --END-- [ RunTime:0.001457s ]

[ 2017-07-18T11:39:46+08:00 ] 127.0.0.1 /ybplant/ybplant/index.php/index/message?chip_id=2cee1265-ae5f-2a65-2632-474fd0369554&password=123
INFO: [ app_init ] --START--
INFO: Run Behavior\BuildLiteBehavior [ RunTime:0.000038s ]
INFO: [ app_init ] --END-- [ RunTime:0.000658s ]
INFO: [ app_begin ] --START--
INFO: Run Behavior\ReadHtmlCacheBehavior [ RunTime:0.000862s ]
INFO: [ app_begin ] --END-- [ RunTime:0.001054s ]
NOTIC: [8] Use of undefined constant chip_id - assumed 'chip_id' E:\webprog\environment\1\thinkphp\wamp\www\ybplant\ybplant\Application\index\Controller\IndexController.class.php 第 124 行.
NOTIC: [8] Use of undefined constant password - assumed 'password' E:\webprog\environment\1\thinkphp\wamp\www\ybplant\ybplant\Application\index\Controller\IndexController.class.php 第 124 行.
SQL: SHOW COLUMNS FROM `chip_set` [ RunTime:0.0033s ]
SQL: SELECT * FROM `chip_set` WHERE ( chip_id = "2cee1265-ae5f-2a65-2632-474fd0369554" and password = "123"  )  [ RunTime:0.0003s ]
SQL: SHOW COLUMNS FROM `chip_data` [ RunTime:0.0027s ]
NOTIC: [8] Use of undefined constant chip_id - assumed 'chip_id' E:\webprog\environment\1\thinkphp\wamp\www\ybplant\ybplant\Application\index\Controller\IndexController.class.php 第 145 行.
NOTIC: [8] Use of undefined constant temp - assumed 'temp' E:\webprog\environment\1\thinkphp\wamp\www\ybplant\ybplant\Application\index\Controller\IndexController.class.php 第 146 行.
NOTIC: [8] Undefined index: temp E:\webprog\environment\1\thinkphp\wamp\www\ybplant\ybplant\Application\index\Controller\IndexController.class.php 第 146 行.
NOTIC: [8] Use of undefined constant hum - assumed 'hum' E:\webprog\environment\1\thinkphp\wamp\www\ybplant\ybplant\Application\index\Controller\IndexController.class.php 第 147 行.
NOTIC: [8] Undefined index: hum E:\webprog\environment\1\thinkphp\wamp\www\ybplant\ybplant\Application\index\Controller\IndexController.class.php 第 147 行.
SQL: INSERT INTO `chip_data` (`chip_id`,`temp`,`hum`,`time`) VALUES ('2cee1265-ae5f-2a65-2632-474fd0369554',NULL,NULL,'2017-07-18 11:39:46') [ RunTime:0.0926s ]
INFO: [ app_end ] --START--
INFO: Run Behavior\ShowPageTraceBehavior [ RunTime:0.001218s ]
INFO: [ app_end ] --END-- [ RunTime:0.001406s ]

