[ 2017-09-16T14:38:14+08:00 ] 127.0.0.1 /ybplant/ybplant/
INFO: [ app_init ] --START--
INFO: Run Behavior\BuildLiteBehavior [ RunTime:0.000047s ]
INFO: [ app_init ] --END-- [ RunTime:0.014914s ]
INFO: [ app_begin ] --START--
INFO: Run Behavior\ReadHtmlCacheBehavior [ RunTime:0.012218s ]
INFO: [ app_begin ] --END-- [ RunTime:0.012425s ]
INFO: [ view_parse ] --START--
INFO: [ template_filter ] --START--
INFO: Run Behavior\ContentReplaceBehavior [ RunTime:0.000431s ]
INFO: [ template_filter ] --END-- [ RunTime:0.000688s ]
NOTIC: [8] Use of undefined constant index - assumed 'index' E:\webprog\environment\1\thinkphp\wamp\www\ybplant\ybplant\Application\Runtime\Cache\index\e27ac99aeaa7b8b624c6a9e6029f59fb.php 第 36 行.
NOTIC: [8] Use of undefined constant isuser - assumed 'isuser' E:\webprog\environment\1\thinkphp\wamp\www\ybplant\ybplant\Application\Runtime\Cache\index\e27ac99aeaa7b8b624c6a9e6029f59fb.php 第 46 行.
NOTIC: [8] Undefined index: isuser E:\webprog\environment\1\thinkphp\wamp\www\ybplant\ybplant\Application\Runtime\Cache\index\e27ac99aeaa7b8b624c6a9e6029f59fb.php 第 46 行.
NOTIC: [8] Use of undefined constant isuser - assumed 'isuser' E:\webprog\environment\1\thinkphp\wamp\www\ybplant\ybplant\Application\Runtime\Cache\index\e27ac99aeaa7b8b624c6a9e6029f59fb.php 第 48 行.
NOTIC: [8] Undefined index: isuser E:\webprog\environment\1\thinkphp\wamp\www\ybplant\ybplant\Application\Runtime\Cache\index\e27ac99aeaa7b8b624c6a9e6029f59fb.php 第 48 行.
INFO: Run Behavior\ParseTemplateBehavior [ RunTime:0.103187s ]
INFO: [ view_parse ] --END-- [ RunTime:0.103398s ]
INFO: [ view_filter ] --START--
INFO: Run Behavior\WriteHtmlCacheBehavior [ RunTime:0.018452s ]
INFO: [ view_filter ] --END-- [ RunTime:0.018682s ]
INFO: [ app_end ] --START--
INFO: Run Behavior\ShowPageTraceBehavior [ RunTime:0.008402s ]
INFO: [ app_end ] --END-- [ RunTime:0.008686s ]

[ 2017-09-16T14:38:20+08:00 ] 127.0.0.1 /ybplant/ybplant/index.php/index/login
INFO: [ app_init ] --START--
INFO: Run Behavior\BuildLiteBehavior [ RunTime:0.000053s ]
INFO: [ app_init ] --END-- [ RunTime:0.000709s ]
INFO: [ app_begin ] --START--
INFO: Run Behavior\ReadHtmlCacheBehavior [ RunTime:0.000846s ]
INFO: [ app_begin ] --END-- [ RunTime:0.001011s ]
INFO: [ view_parse ] --START--
INFO: [ template_filter ] --START--
INFO: Run Behavior\ContentReplaceBehavior [ RunTime:0.000122s ]
INFO: [ template_filter ] --END-- [ RunTime:0.000297s ]
NOTIC: [8] Use of undefined constant index - assumed 'index' E:\webprog\environment\1\thinkphp\wamp\www\ybplant\ybplant\Application\Runtime\Cache\index\134cf5005d9c7336f57f2569ed83887e.php 第 36 行.
NOTIC: [8] Use of undefined constant isuser - assumed 'isuser' E:\webprog\environment\1\thinkphp\wamp\www\ybplant\ybplant\Application\Runtime\Cache\index\134cf5005d9c7336f57f2569ed83887e.php 第 46 行.
NOTIC: [8] Undefined index: isuser E:\webprog\environment\1\thinkphp\wamp\www\ybplant\ybplant\Application\Runtime\Cache\index\134cf5005d9c7336f57f2569ed83887e.php 第 46 行.
NOTIC: [8] Use of undefined constant isuser - assumed 'isuser' E:\webprog\environment\1\thinkphp\wamp\www\ybplant\ybplant\Application\Runtime\Cache\index\134cf5005d9c7336f57f2569ed83887e.php 第 48 行.
NOTIC: [8] Undefined index: isuser E:\webprog\environment\1\thinkphp\wamp\www\ybplant\ybplant\Application\Runtime\Cache\index\134cf5005d9c7336f57f2569ed83887e.php 第 48 行.
INFO: Run Behavior\ParseTemplateBehavior [ RunTime:0.046942s ]
INFO: [ view_parse ] --END-- [ RunTime:0.047108s ]
INFO: [ view_filter ] --START--
INFO: Run Behavior\WriteHtmlCacheBehavior [ RunTime:0.000961s ]
INFO: [ view_filter ] --END-- [ RunTime:0.001149s ]
INFO: [ app_end ] --START--
INFO: Run Behavior\ShowPageTraceBehavior [ RunTime:0.001334s ]
INFO: [ app_end ] --END-- [ RunTime:0.001502s ]

[ 2017-09-16T14:38:20+08:00 ] 127.0.0.1 /ybplant/ybplant/index.php/index/verify_c.html
INFO: [ app_init ] --START--
INFO: Run Behavior\BuildLiteBehavior [ RunTime:0.000053s ]
INFO: [ app_init ] --END-- [ RunTime:0.000766s ]
INFO: [ app_begin ] --START--
INFO: Run Behavior\ReadHtmlCacheBehavior [ RunTime:0.001015s ]
INFO: [ app_begin ] --END-- [ RunTime:0.001262s ]
INFO: [ app_end ] --START--
INFO: Run Behavior\ShowPageTraceBehavior [ RunTime:0.001967s ]
INFO: [ app_end ] --END-- [ RunTime:0.002260s ]

[ 2017-09-16T14:38:28+08:00 ] 127.0.0.1 /ybplant/ybplant/index.php/index/doLogin
INFO: [ app_init ] --START--
INFO: Run Behavior\BuildLiteBehavior [ RunTime:0.000041s ]
INFO: [ app_init ] --END-- [ RunTime:0.000837s ]
INFO: [ app_begin ] --START--
INFO: Run Behavior\ReadHtmlCacheBehavior [ RunTime:0.001343s ]
INFO: [ app_begin ] --END-- [ RunTime:0.001929s ]
NOTIC: [8] Use of undefined constant yanzhengma - assumed 'yanzhengma' E:\webprog\environment\1\thinkphp\wamp\www\ybplant\ybplant\Application\index\Controller\IndexController.class.php 第 78 行.
NOTIC: [8] Use of undefined constant username - assumed 'username' E:\webprog\environment\1\thinkphp\wamp\www\ybplant\ybplant\Application\index\Controller\IndexController.class.php 第 81 行.
NOTIC: [8] Use of undefined constant password - assumed 'password' E:\webprog\environment\1\thinkphp\wamp\www\ybplant\ybplant\Application\index\Controller\IndexController.class.php 第 81 行.
NOTIC: [8] Use of undefined constant username - assumed 'username' E:\webprog\environment\1\thinkphp\wamp\www\ybplant\ybplant\Application\index\Controller\IndexController.class.php 第 86 行.
NOTIC: [8] Use of undefined constant password - assumed 'password' E:\webprog\environment\1\thinkphp\wamp\www\ybplant\ybplant\Application\index\Controller\IndexController.class.php 第 87 行.
SQL: SHOW COLUMNS FROM `user` [ RunTime:0.0819s ]
SQL: SELECT * FROM `user` WHERE `username` = 'yibu' AND `password` = '199467' LIMIT 1   [ RunTime:0.0156s ]
NOTIC: [8] Undefined variable: a E:\webprog\environment\1\thinkphp\wamp\www\ybplant\ybplant\Application\index\Controller\IndexController.class.php 第 98 行.
INFO: [ view_parse ] --START--
INFO: [ template_filter ] --START--
INFO: Run Behavior\ContentReplaceBehavior [ RunTime:0.000122s ]
INFO: [ template_filter ] --END-- [ RunTime:0.000303s ]
NOTIC: [8] Use of undefined constant index - assumed 'index' E:\webprog\environment\1\thinkphp\wamp\www\ybplant\ybplant\Application\Runtime\Cache\index\e866d82d961820ce3e62a2b25a9479f5.php 第 36 行.
NOTIC: [8] Use of undefined constant isuser - assumed 'isuser' E:\webprog\environment\1\thinkphp\wamp\www\ybplant\ybplant\Application\Runtime\Cache\index\e866d82d961820ce3e62a2b25a9479f5.php 第 46 行.
NOTIC: [8] Use of undefined constant isuser - assumed 'isuser' E:\webprog\environment\1\thinkphp\wamp\www\ybplant\ybplant\Application\Runtime\Cache\index\e866d82d961820ce3e62a2b25a9479f5.php 第 48 行.
NOTIC: [8] Use of undefined constant user - assumed 'user' E:\webprog\environment\1\thinkphp\wamp\www\ybplant\ybplant\Application\Runtime\Cache\index\e866d82d961820ce3e62a2b25a9479f5.php 第 48 行.
NOTIC: [8] Use of undefined constant username - assumed 'username' E:\webprog\environment\1\thinkphp\wamp\www\ybplant\ybplant\Application\Runtime\Cache\index\e866d82d961820ce3e62a2b25a9479f5.php 第 48 行.
INFO: Run Behavior\ParseTemplateBehavior [ RunTime:0.045160s ]
INFO: [ view_parse ] --END-- [ RunTime:0.045358s ]
INFO: [ view_filter ] --START--
INFO: Run Behavior\WriteHtmlCacheBehavior [ RunTime:0.001070s ]
INFO: [ view_filter ] --END-- [ RunTime:0.001243s ]
INFO: [ app_end ] --START--
INFO: Run Behavior\ShowPageTraceBehavior [ RunTime:0.001337s ]
INFO: [ app_end ] --END-- [ RunTime:0.001503s ]

[ 2017-09-16T14:56:25+08:00 ] 192.168.2.219 /ybplant/ybplant/index.php/index/message_post?chip_id=1&chip_pwd=2&data=[{"t":"111","h_d":"33333","h_o":"2222"},{"t":"111","h_d":"33333","h_o":"2222"}]
INFO: [ app_init ] --START--
INFO: Run Behavior\BuildLiteBehavior [ RunTime:0.000050s ]
INFO: [ app_init ] --END-- [ RunTime:0.017534s ]
INFO: [ app_begin ] --START--
INFO: Run Behavior\ReadHtmlCacheBehavior [ RunTime:0.011695s ]
INFO: [ app_begin ] --END-- [ RunTime:0.011894s ]
NOTIC: [8] Use of undefined constant chip_id - assumed 'chip_id' E:\webprog\environment\1\thinkphp\wamp\www\ybplant\ybplant\Application\index\Controller\IndexController.class.php 第 185 行.
NOTIC: [8] Use of undefined constant chip_pwd - assumed 'chip_pwd' E:\webprog\environment\1\thinkphp\wamp\www\ybplant\ybplant\Application\index\Controller\IndexController.class.php 第 185 行.
SQL: SHOW COLUMNS FROM `chip_set` [ RunTime:0.0666s ]
SQL: SELECT * FROM `chip_set` WHERE ( chip_id = "1" and password = "2"  )  [ RunTime:0.0138s ]
NOTIC: [8] Undefined offset: 0 E:\webprog\environment\1\thinkphp\wamp\www\ybplant\ybplant\Application\index\Controller\IndexController.class.php 第 195 行.
SQL: SHOW COLUMNS FROM `chip_temp` [ RunTime:0.0385s ]
SQL: SELECT * FROM `chip_temp` WHERE ( chip_id = "1" and password = "2"  )  [ RunTime:0.0009s ]
NOTIC: [8] Undefined offset: 0 E:\webprog\environment\1\thinkphp\wamp\www\ybplant\ybplant\Application\index\Controller\IndexController.class.php 第 199 行.
NOTIC: [8] Use of undefined constant chip_id - assumed 'chip_id' E:\webprog\environment\1\thinkphp\wamp\www\ybplant\ybplant\Application\index\Controller\IndexController.class.php 第 201 行.
NOTIC: [8] Use of undefined constant chip_pwd - assumed 'chip_pwd' E:\webprog\environment\1\thinkphp\wamp\www\ybplant\ybplant\Application\index\Controller\IndexController.class.php 第 202 行.
SQL: INSERT INTO `chip_temp` (`chip_id`,`password`,`time`) VALUES ('1','2','2017-09-16 14:56:25') [ RunTime:0.0837s ]
INFO: [ app_end ] --START--
INFO: Run Behavior\ShowPageTraceBehavior [ RunTime:0.013493s ]
INFO: [ app_end ] --END-- [ RunTime:0.013830s ]

[ 2017-09-16T14:57:19+08:00 ] 192.168.2.219 /ybplant/ybplant/index.php/index/message_post?chip_id=1&chip_pwd=2&data=[{"t":"111","h_d":"33333","h_o":"2222"},{"t":"111","h_d":"33333","h_o":"2222"}]
INFO: [ app_init ] --START--
INFO: Run Behavior\BuildLiteBehavior [ RunTime:0.000064s ]
INFO: [ app_init ] --END-- [ RunTime:0.001173s ]
INFO: [ app_begin ] --START--
INFO: Run Behavior\ReadHtmlCacheBehavior [ RunTime:0.001488s ]
INFO: [ app_begin ] --END-- [ RunTime:0.001808s ]
INFO: [ app_end ] --START--
INFO: Run Behavior\ShowPageTraceBehavior [ RunTime:0.001559s ]
INFO: [ app_end ] --END-- [ RunTime:0.001898s ]

[ 2017-09-16T14:57:47+08:00 ] 127.0.0.1 /ybplant/ybplant/
INFO: [ app_init ] --START--
INFO: Run Behavior\BuildLiteBehavior [ RunTime:0.000039s ]
INFO: [ app_init ] --END-- [ RunTime:0.000676s ]
INFO: [ app_begin ] --START--
INFO: Run Behavior\ReadHtmlCacheBehavior [ RunTime:0.000828s ]
INFO: [ app_begin ] --END-- [ RunTime:0.001009s ]
INFO: [ view_parse ] --START--
INFO: [ template_filter ] --START--
INFO: Run Behavior\ContentReplaceBehavior [ RunTime:0.000362s ]
INFO: [ template_filter ] --END-- [ RunTime:0.000637s ]
NOTIC: [8] Use of undefined constant index - assumed 'index' E:\webprog\environment\1\thinkphp\wamp\www\ybplant\ybplant\Application\Runtime\Cache\index\e27ac99aeaa7b8b624c6a9e6029f59fb.php 第 36 行.
NOTIC: [8] Use of undefined constant isuser - assumed 'isuser' E:\webprog\environment\1\thinkphp\wamp\www\ybplant\ybplant\Application\Runtime\Cache\index\e27ac99aeaa7b8b624c6a9e6029f59fb.php 第 46 行.
NOTIC: [8] Use of undefined constant isuser - assumed 'isuser' E:\webprog\environment\1\thinkphp\wamp\www\ybplant\ybplant\Application\Runtime\Cache\index\e27ac99aeaa7b8b624c6a9e6029f59fb.php 第 48 行.
NOTIC: [8] Use of undefined constant user - assumed 'user' E:\webprog\environment\1\thinkphp\wamp\www\ybplant\ybplant\Application\Runtime\Cache\index\e27ac99aeaa7b8b624c6a9e6029f59fb.php 第 48 行.
NOTIC: [8] Use of undefined constant username - assumed 'username' E:\webprog\environment\1\thinkphp\wamp\www\ybplant\ybplant\Application\Runtime\Cache\index\e27ac99aeaa7b8b624c6a9e6029f59fb.php 第 48 行.
INFO: Run Behavior\ParseTemplateBehavior [ RunTime:0.115562s ]
INFO: [ view_parse ] --END-- [ RunTime:0.115798s ]
INFO: [ view_filter ] --START--
INFO: Run Behavior\WriteHtmlCacheBehavior [ RunTime:0.024567s ]
INFO: [ view_filter ] --END-- [ RunTime:0.024799s ]
INFO: [ app_end ] --START--
INFO: Run Behavior\ShowPageTraceBehavior [ RunTime:0.001668s ]
INFO: [ app_end ] --END-- [ RunTime:0.001923s ]

[ 2017-09-16T15:03:54+08:00 ] 192.168.2.219 /ybplant/ybplant/index.php/index/message_post?chip_id=1&chip_pwd=2&data=[{"t":"111","h_d":"33333","h_o":"2222"},{"t":"111","h_d":"33333","h_o":"2222"}]
INFO: [ app_init ] --START--
INFO: Run Behavior\BuildLiteBehavior [ RunTime:0.000064s ]
INFO: [ app_init ] --END-- [ RunTime:0.001369s ]
INFO: [ app_begin ] --START--
INFO: Run Behavior\ReadHtmlCacheBehavior [ RunTime:0.002227s ]
INFO: [ app_begin ] --END-- [ RunTime:0.002561s ]
NOTIC: [8] Use of undefined constant chip_id - assumed 'chip_id' E:\webprog\environment\1\thinkphp\wamp\www\ybplant\ybplant\Application\index\Controller\IndexController.class.php 第 185 行.
NOTIC: [8] Use of undefined constant chip_pwd - assumed 'chip_pwd' E:\webprog\environment\1\thinkphp\wamp\www\ybplant\ybplant\Application\index\Controller\IndexController.class.php 第 185 行.
SQL: SHOW COLUMNS FROM `chip_set` [ RunTime:0.0094s ]
SQL: SELECT * FROM `chip_set` WHERE ( chip_id = "1" and password = "2"  )  [ RunTime:0.0011s ]
NOTIC: [8] Use of undefined constant data - assumed 'data' E:\webprog\environment\1\thinkphp\wamp\www\ybplant\ybplant\Application\index\Controller\IndexController.class.php 第 211 行.
SQL: SHOW COLUMNS FROM `chip_data` [ RunTime:0.0086s ]
NOTIC: [8] Use of undefined constant chip_id - assumed 'chip_id' E:\webprog\environment\1\thinkphp\wamp\www\ybplant\ybplant\Application\index\Controller\IndexController.class.php 第 216 行.
SQL: INSERT INTO `chip_data` (`chip_id`,`temp`,`hum`,`hum_oil`,`time`) VALUES ('1','111','33333','2222','2017-09-16 15:03:24') [ RunTime:0.0876s ]
NOTIC: [8] Use of undefined constant chip_id - assumed 'chip_id' E:\webprog\environment\1\thinkphp\wamp\www\ybplant\ybplant\Application\index\Controller\IndexController.class.php 第 216 行.
SQL: INSERT INTO `chip_data` (`chip_id`,`temp`,`hum`,`hum_oil`,`time`) VALUES ('1','111','33333','2222','2017-09-16 15:03:54') [ RunTime:0.0480s ]
NOTIC: [8] Use of undefined constant chip_id - assumed 'chip_id' E:\webprog\environment\1\thinkphp\wamp\www\ybplant\ybplant\Application\index\Controller\IndexController.class.php 第 216 行.
NOTIC: [8] Undefined offset: 2 E:\webprog\environment\1\thinkphp\wamp\www\ybplant\ybplant\Application\index\Controller\IndexController.class.php 第 217 行.
NOTIC: [8] Trying to get property of non-object E:\webprog\environment\1\thinkphp\wamp\www\ybplant\ybplant\Application\index\Controller\IndexController.class.php 第 217 行.
NOTIC: [8] Undefined offset: 2 E:\webprog\environment\1\thinkphp\wamp\www\ybplant\ybplant\Application\index\Controller\IndexController.class.php 第 218 行.
NOTIC: [8] Trying to get property of non-object E:\webprog\environment\1\thinkphp\wamp\www\ybplant\ybplant\Application\index\Controller\IndexController.class.php 第 218 行.
NOTIC: [8] Undefined offset: 2 E:\webprog\environment\1\thinkphp\wamp\www\ybplant\ybplant\Application\index\Controller\IndexController.class.php 第 219 行.
NOTIC: [8] Trying to get property of non-object E:\webprog\environment\1\thinkphp\wamp\www\ybplant\ybplant\Application\index\Controller\IndexController.class.php 第 219 行.
SQL: INSERT INTO `chip_data` (`chip_id`,`temp`,`hum`,`hum_oil`,`time`) VALUES ('1',NULL,NULL,NULL,'2017-09-16 15:04:24') [ RunTime:0.0511s ]
NOTIC: [8] Undefined index: password E:\webprog\environment\1\thinkphp\wamp\www\ybplant\ybplant\Application\index\Controller\IndexController.class.php 第 244 行.
SQL: UPDATE `chip_set` SET `last_connect_time`='1505545434' WHERE ( chip_id = "1" and password = ""  ) [ RunTime:0.0008s ]
INFO: [ app_end ] --START--
INFO: Run Behavior\ShowPageTraceBehavior [ RunTime:0.002012s ]
INFO: [ app_end ] --END-- [ RunTime:0.002304s ]

[ 2017-09-16T15:04:06+08:00 ] 192.168.2.219 /ybplant/ybplant/index.php/index/message_post?chip_id=1&chip_pwd=2&data=[{"t":"111","h_d":"33333","h_o":"2222"},{"t":"111","h_d":"33333","h_o":"2222"}]
INFO: [ app_init ] --START--
INFO: Run Behavior\BuildLiteBehavior [ RunTime:0.000063s ]
INFO: [ app_init ] --END-- [ RunTime:0.001177s ]
INFO: [ app_begin ] --START--
INFO: Run Behavior\ReadHtmlCacheBehavior [ RunTime:0.001562s ]
INFO: [ app_begin ] --END-- [ RunTime:0.001865s ]
NOTIC: [8] Use of undefined constant chip_id - assumed 'chip_id' E:\webprog\environment\1\thinkphp\wamp\www\ybplant\ybplant\Application\index\Controller\IndexController.class.php 第 185 行.
NOTIC: [8] Use of undefined constant chip_pwd - assumed 'chip_pwd' E:\webprog\environment\1\thinkphp\wamp\www\ybplant\ybplant\Application\index\Controller\IndexController.class.php 第 185 行.
SQL: SHOW COLUMNS FROM `chip_set` [ RunTime:0.0091s ]
SQL: SELECT * FROM `chip_set` WHERE ( chip_id = "1" and password = "2"  )  [ RunTime:0.0011s ]
NOTIC: [8] Use of undefined constant data - assumed 'data' E:\webprog\environment\1\thinkphp\wamp\www\ybplant\ybplant\Application\index\Controller\IndexController.class.php 第 211 行.
SQL: SHOW COLUMNS FROM `chip_data` [ RunTime:0.0102s ]
NOTIC: [8] Use of undefined constant chip_id - assumed 'chip_id' E:\webprog\environment\1\thinkphp\wamp\www\ybplant\ybplant\Application\index\Controller\IndexController.class.php 第 216 行.
SQL: INSERT INTO `chip_data` (`chip_id`,`temp`,`hum`,`hum_oil`,`time`) VALUES ('1','111','33333','2222','2017-09-16 15:03:36') [ RunTime:0.0940s ]
NOTIC: [8] Use of undefined constant chip_id - assumed 'chip_id' E:\webprog\environment\1\thinkphp\wamp\www\ybplant\ybplant\Application\index\Controller\IndexController.class.php 第 216 行.
SQL: INSERT INTO `chip_data` (`chip_id`,`temp`,`hum`,`hum_oil`,`time`) VALUES ('1','111','33333','2222','2017-09-16 15:04:06') [ RunTime:0.0524s ]
NOTIC: [8] Use of undefined constant chip_id - assumed 'chip_id' E:\webprog\environment\1\thinkphp\wamp\www\ybplant\ybplant\Application\index\Controller\IndexController.class.php 第 216 行.
NOTIC: [8] Undefined offset: 2 E:\webprog\environment\1\thinkphp\wamp\www\ybplant\ybplant\Application\index\Controller\IndexController.class.php 第 217 行.
NOTIC: [8] Trying to get property of non-object E:\webprog\environment\1\thinkphp\wamp\www\ybplant\ybplant\Application\index\Controller\IndexController.class.php 第 217 行.
NOTIC: [8] Undefined offset: 2 E:\webprog\environment\1\thinkphp\wamp\www\ybplant\ybplant\Application\index\Controller\IndexController.class.php 第 218 行.
NOTIC: [8] Trying to get property of non-object E:\webprog\environment\1\thinkphp\wamp\www\ybplant\ybplant\Application\index\Controller\IndexController.class.php 第 218 行.
NOTIC: [8] Undefined offset: 2 E:\webprog\environment\1\thinkphp\wamp\www\ybplant\ybplant\Application\index\Controller\IndexController.class.php 第 219 行.
NOTIC: [8] Trying to get property of non-object E:\webprog\environment\1\thinkphp\wamp\www\ybplant\ybplant\Application\index\Controller\IndexController.class.php 第 219 行.
SQL: INSERT INTO `chip_data` (`chip_id`,`temp`,`hum`,`hum_oil`,`time`) VALUES ('1',NULL,NULL,NULL,'2017-09-16 15:04:36') [ RunTime:0.0529s ]
NOTIC: [8] Undefined index: password E:\webprog\environment\1\thinkphp\wamp\www\ybplant\ybplant\Application\index\Controller\IndexController.class.php 第 244 行.
SQL: UPDATE `chip_set` SET `last_connect_time`='1505545446' WHERE ( chip_id = "1" and password = ""  ) [ RunTime:0.0009s ]
INFO: [ app_end ] --START--
INFO: Run Behavior\ShowPageTraceBehavior [ RunTime:0.001840s ]
INFO: [ app_end ] --END-- [ RunTime:0.002185s ]

[ 2017-09-16T15:05:25+08:00 ] 192.168.2.219 /ybplant/ybplant/index.php/index/message_post?chip_id=1&chip_pwd=2&data=[{"t":"111","h_d":"33333","h_o":"2222"},{"t":"111","h_d":"33333","h_o":"2222"}]
INFO: [ app_init ] --START--
INFO: Run Behavior\BuildLiteBehavior [ RunTime:0.000063s ]
INFO: [ app_init ] --END-- [ RunTime:0.001327s ]
INFO: [ app_begin ] --START--
INFO: Run Behavior\ReadHtmlCacheBehavior [ RunTime:0.000866s ]
INFO: [ app_begin ] --END-- [ RunTime:0.001036s ]
NOTIC: [8] Use of undefined constant chip_id - assumed 'chip_id' E:\webprog\environment\1\thinkphp\wamp\www\ybplant\ybplant\Application\index\Controller\IndexController.class.php 第 185 行.
NOTIC: [8] Use of undefined constant chip_pwd - assumed 'chip_pwd' E:\webprog\environment\1\thinkphp\wamp\www\ybplant\ybplant\Application\index\Controller\IndexController.class.php 第 185 行.
SQL: SHOW COLUMNS FROM `chip_set` [ RunTime:0.0064s ]
SQL: SELECT * FROM `chip_set` WHERE ( chip_id = "1" and password = "2"  )  [ RunTime:0.0008s ]
NOTIC: [8] Use of undefined constant data - assumed 'data' E:\webprog\environment\1\thinkphp\wamp\www\ybplant\ybplant\Application\index\Controller\IndexController.class.php 第 211 行.
SQL: SHOW COLUMNS FROM `chip_data` [ RunTime:0.0065s ]
NOTIC: [8] Use of undefined constant chip_id - assumed 'chip_id' E:\webprog\environment\1\thinkphp\wamp\www\ybplant\ybplant\Application\index\Controller\IndexController.class.php 第 216 行.
SQL: INSERT INTO `chip_data` (`chip_id`,`temp`,`hum`,`hum_oil`,`time`) VALUES ('1','111','33333','2222','2017-09-16 15:04:55') [ RunTime:0.0691s ]
NOTIC: [8] Use of undefined constant chip_id - assumed 'chip_id' E:\webprog\environment\1\thinkphp\wamp\www\ybplant\ybplant\Application\index\Controller\IndexController.class.php 第 216 行.
SQL: INSERT INTO `chip_data` (`chip_id`,`temp`,`hum`,`hum_oil`,`time`) VALUES ('1','111','33333','2222','2017-09-16 15:05:25') [ RunTime:0.0484s ]
NOTIC: [8] Use of undefined constant chip_id - assumed 'chip_id' E:\webprog\environment\1\thinkphp\wamp\www\ybplant\ybplant\Application\index\Controller\IndexController.class.php 第 216 行.
NOTIC: [8] Undefined offset: 2 E:\webprog\environment\1\thinkphp\wamp\www\ybplant\ybplant\Application\index\Controller\IndexController.class.php 第 217 行.
NOTIC: [8] Trying to get property of non-object E:\webprog\environment\1\thinkphp\wamp\www\ybplant\ybplant\Application\index\Controller\IndexController.class.php 第 217 行.
NOTIC: [8] Undefined offset: 2 E:\webprog\environment\1\thinkphp\wamp\www\ybplant\ybplant\Application\index\Controller\IndexController.class.php 第 218 行.
NOTIC: [8] Trying to get property of non-object E:\webprog\environment\1\thinkphp\wamp\www\ybplant\ybplant\Application\index\Controller\IndexController.class.php 第 218 行.
NOTIC: [8] Undefined offset: 2 E:\webprog\environment\1\thinkphp\wamp\www\ybplant\ybplant\Application\index\Controller\IndexController.class.php 第 219 行.
NOTIC: [8] Trying to get property of non-object E:\webprog\environment\1\thinkphp\wamp\www\ybplant\ybplant\Application\index\Controller\IndexController.class.php 第 219 行.
SQL: INSERT INTO `chip_data` (`chip_id`,`temp`,`hum`,`hum_oil`,`time`) VALUES ('1',NULL,NULL,NULL,'2017-09-16 15:05:55') [ RunTime:0.0480s ]
NOTIC: [8] Undefined index: password E:\webprog\environment\1\thinkphp\wamp\www\ybplant\ybplant\Application\index\Controller\IndexController.class.php 第 244 行.
SQL: UPDATE `chip_set` SET `last_connect_time`='1505545525' WHERE ( chip_id = "1" and password = ""  ) [ RunTime:0.0007s ]
INFO: [ app_end ] --START--
INFO: Run Behavior\ShowPageTraceBehavior [ RunTime:0.001639s ]
INFO: [ app_end ] --END-- [ RunTime:0.001882s ]

[ 2017-09-16T15:07:02+08:00 ] 192.168.2.219 /ybplant/ybplant/index.php/index/message_post?chip_id=1&chip_pwd=2&data=[{"t":"111","h_d":"33333","h_o":"2222"},{"t":"111","h_d":"33333","h_o":"2222"}]
INFO: [ app_init ] --START--
INFO: Run Behavior\BuildLiteBehavior [ RunTime:0.000038s ]
INFO: [ app_init ] --END-- [ RunTime:0.000759s ]
INFO: [ app_begin ] --START--
INFO: Run Behavior\ReadHtmlCacheBehavior [ RunTime:0.001169s ]
INFO: [ app_begin ] --END-- [ RunTime:0.001353s ]
NOTIC: [8] Use of undefined constant chip_id - assumed 'chip_id' E:\webprog\environment\1\thinkphp\wamp\www\ybplant\ybplant\Application\index\Controller\IndexController.class.php 第 185 行.
NOTIC: [8] Use of undefined constant chip_pwd - assumed 'chip_pwd' E:\webprog\environment\1\thinkphp\wamp\www\ybplant\ybplant\Application\index\Controller\IndexController.class.php 第 185 行.
SQL: SHOW COLUMNS FROM `chip_set` [ RunTime:0.0052s ]
SQL: SELECT * FROM `chip_set` WHERE ( chip_id = "1" and password = "2"  )  [ RunTime:0.0007s ]
NOTIC: [8] Use of undefined constant data - assumed 'data' E:\webprog\environment\1\thinkphp\wamp\www\ybplant\ybplant\Application\index\Controller\IndexController.class.php 第 211 行.
SQL: SHOW COLUMNS FROM `chip_data` [ RunTime:0.0052s ]
NOTIC: [8] Use of undefined constant chip_id - assumed 'chip_id' E:\webprog\environment\1\thinkphp\wamp\www\ybplant\ybplant\Application\index\Controller\IndexController.class.php 第 216 行.
SQL: INSERT INTO `chip_data` (`chip_id`,`temp`,`hum`,`hum_oil`,`time`) VALUES ('1','111','33333','2222','2017-09-16 15:06:31') [ RunTime:0.3522s ]
NOTIC: [8] Use of undefined constant chip_id - assumed 'chip_id' E:\webprog\environment\1\thinkphp\wamp\www\ybplant\ybplant\Application\index\Controller\IndexController.class.php 第 216 行.
SQL: INSERT INTO `chip_data` (`chip_id`,`temp`,`hum`,`hum_oil`,`time`) VALUES ('1','111','33333','2222','2017-09-16 15:07:02') [ RunTime:0.0482s ]
NOTIC: [8] Use of undefined constant chip_id - assumed 'chip_id' E:\webprog\environment\1\thinkphp\wamp\www\ybplant\ybplant\Application\index\Controller\IndexController.class.php 第 216 行.
NOTIC: [8] Undefined offset: 2 E:\webprog\environment\1\thinkphp\wamp\www\ybplant\ybplant\Application\index\Controller\IndexController.class.php 第 217 行.
NOTIC: [8] Trying to get property of non-object E:\webprog\environment\1\thinkphp\wamp\www\ybplant\ybplant\Application\index\Controller\IndexController.class.php 第 217 行.
NOTIC: [8] Undefined offset: 2 E:\webprog\environment\1\thinkphp\wamp\www\ybplant\ybplant\Application\index\Controller\IndexController.class.php 第 218 行.
NOTIC: [8] Trying to get property of non-object E:\webprog\environment\1\thinkphp\wamp\www\ybplant\ybplant\Application\index\Controller\IndexController.class.php 第 218 行.
NOTIC: [8] Undefined offset: 2 E:\webprog\environment\1\thinkphp\wamp\www\ybplant\ybplant\Application\index\Controller\IndexController.class.php 第 219 行.
NOTIC: [8] Trying to get property of non-object E:\webprog\environment\1\thinkphp\wamp\www\ybplant\ybplant\Application\index\Controller\IndexController.class.php 第 219 行.
SQL: INSERT INTO `chip_data` (`chip_id`,`temp`,`hum`,`hum_oil`,`time`) VALUES ('1',NULL,NULL,NULL,'2017-09-16 15:07:32') [ RunTime:0.0487s ]
NOTIC: [8] Undefined index: password E:\webprog\environment\1\thinkphp\wamp\www\ybplant\ybplant\Application\index\Controller\IndexController.class.php 第 244 行.
SQL: UPDATE `chip_set` SET `last_connect_time`='1505545622' WHERE ( chip_id = "1" and password = ""  ) [ RunTime:0.0005s ]
INFO: [ app_end ] --START--
INFO: Run Behavior\ShowPageTraceBehavior [ RunTime:0.001324s ]
INFO: [ app_end ] --END-- [ RunTime:0.001499s ]

[ 2017-09-16T15:08:08+08:00 ] 192.168.2.219 /ybplant/ybplant/index.php/index/message_post?chip_id=1&chip_pwd=2&data=[{"t":"111","h_d":"33333","h_o":"2222"},{"t":"111","h_d":"33333","h_o":"2222"}]
INFO: [ app_init ] --START--
INFO: Run Behavior\BuildLiteBehavior [ RunTime:0.000039s ]
INFO: [ app_init ] --END-- [ RunTime:0.000842s ]
INFO: [ app_begin ] --START--
INFO: Run Behavior\ReadHtmlCacheBehavior [ RunTime:0.001202s ]
INFO: [ app_begin ] --END-- [ RunTime:0.001382s ]
NOTIC: [8] Use of undefined constant chip_id - assumed 'chip_id' E:\webprog\environment\1\thinkphp\wamp\www\ybplant\ybplant\Application\index\Controller\IndexController.class.php 第 185 行.
NOTIC: [8] Use of undefined constant chip_pwd - assumed 'chip_pwd' E:\webprog\environment\1\thinkphp\wamp\www\ybplant\ybplant\Application\index\Controller\IndexController.class.php 第 185 行.
SQL: SHOW COLUMNS FROM `chip_set` [ RunTime:0.0055s ]
SQL: SELECT * FROM `chip_set` WHERE ( chip_id = "1" and password = "2"  )  [ RunTime:0.0007s ]
NOTIC: [8] Use of undefined constant data - assumed 'data' E:\webprog\environment\1\thinkphp\wamp\www\ybplant\ybplant\Application\index\Controller\IndexController.class.php 第 211 行.
SQL: SHOW COLUMNS FROM `chip_data` [ RunTime:0.0052s ]
NOTIC: [8] Use of undefined constant chip_id - assumed 'chip_id' E:\webprog\environment\1\thinkphp\wamp\www\ybplant\ybplant\Application\index\Controller\IndexController.class.php 第 216 行.
SQL: INSERT INTO `chip_data` (`chip_id`,`temp`,`hum`,`hum_oil`,`time`) VALUES ('1','111','33333','2222','2017-09-16 15:07:38') [ RunTime:0.0995s ]
NOTIC: [8] Use of undefined constant chip_id - assumed 'chip_id' E:\webprog\environment\1\thinkphp\wamp\www\ybplant\ybplant\Application\index\Controller\IndexController.class.php 第 216 行.
SQL: INSERT INTO `chip_data` (`chip_id`,`temp`,`hum`,`hum_oil`,`time`) VALUES ('1','111','33333','2222','2017-09-16 15:08:08') [ RunTime:0.0482s ]
NOTIC: [8] Undefined index: password E:\webprog\environment\1\thinkphp\wamp\www\ybplant\ybplant\Application\index\Controller\IndexController.class.php 第 244 行.
SQL: UPDATE `chip_set` SET `last_connect_time`='1505545688' WHERE ( chip_id = "1" and password = ""  ) [ RunTime:0.0008s ]
INFO: [ app_end ] --START--
INFO: Run Behavior\ShowPageTraceBehavior [ RunTime:0.002024s ]
INFO: [ app_end ] --END-- [ RunTime:0.002320s ]

[ 2017-09-16T15:08:22+08:00 ] 192.168.2.219 /ybplant/ybplant/index.php/index/message_post?chip_id=1&chip_pwd=2&data=[{"t":"111","h_d":"33333","h_o":"2222"},{"t":"111","h_d":"33333","h_o":"2222"}]
INFO: [ app_init ] --START--
INFO: Run Behavior\BuildLiteBehavior [ RunTime:0.000066s ]
INFO: [ app_init ] --END-- [ RunTime:0.001179s ]
INFO: [ app_begin ] --START--
INFO: Run Behavior\ReadHtmlCacheBehavior [ RunTime:0.001474s ]
INFO: [ app_begin ] --END-- [ RunTime:0.001772s ]
NOTIC: [8] Use of undefined constant chip_id - assumed 'chip_id' E:\webprog\environment\1\thinkphp\wamp\www\ybplant\ybplant\Application\index\Controller\IndexController.class.php 第 185 行.
NOTIC: [8] Use of undefined constant chip_pwd - assumed 'chip_pwd' E:\webprog\environment\1\thinkphp\wamp\www\ybplant\ybplant\Application\index\Controller\IndexController.class.php 第 185 行.
SQL: SHOW COLUMNS FROM `chip_set` [ RunTime:0.0054s ]
SQL: SELECT * FROM `chip_set` WHERE ( chip_id = "1" and password = "2"  )  [ RunTime:0.0006s ]
NOTIC: [8] Use of undefined constant data - assumed 'data' E:\webprog\environment\1\thinkphp\wamp\www\ybplant\ybplant\Application\index\Controller\IndexController.class.php 第 211 行.
SQL: SHOW COLUMNS FROM `chip_data` [ RunTime:0.0048s ]
NOTIC: [8] Use of undefined constant chip_id - assumed 'chip_id' E:\webprog\environment\1\thinkphp\wamp\www\ybplant\ybplant\Application\index\Controller\IndexController.class.php 第 216 行.
SQL: INSERT INTO `chip_data` (`chip_id`,`temp`,`hum`,`hum_oil`,`time`) VALUES ('1','111','33333','2222','2017-09-16 15:07:52') [ RunTime:0.0959s ]
NOTIC: [8] Use of undefined constant chip_id - assumed 'chip_id' E:\webprog\environment\1\thinkphp\wamp\www\ybplant\ybplant\Application\index\Controller\IndexController.class.php 第 216 行.
SQL: INSERT INTO `chip_data` (`chip_id`,`temp`,`hum`,`hum_oil`,`time`) VALUES ('1','111','33333','2222','2017-09-16 15:08:22') [ RunTime:0.0568s ]
NOTIC: [8] Undefined index: password E:\webprog\environment\1\thinkphp\wamp\www\ybplant\ybplant\Application\index\Controller\IndexController.class.php 第 244 行.
SQL: UPDATE `chip_set` SET `last_connect_time`='1505545702' WHERE ( chip_id = "1" and password = ""  ) [ RunTime:0.0008s ]
INFO: [ app_end ] --START--
INFO: Run Behavior\ShowPageTraceBehavior [ RunTime:0.001667s ]
INFO: [ app_end ] --END-- [ RunTime:0.001962s ]

[ 2017-09-16T15:13:52+08:00 ] 192.168.2.219 /ybplant/ybplant/index.php/index/message_post?chip_id=1&chip_pwd=2&data=[{"t":"111","h_d":"33333","h_o":"2222"},{"t":"111","h_d":"33333","h_o":"2222"}]
INFO: [ app_init ] --START--
INFO: Run Behavior\BuildLiteBehavior [ RunTime:0.000039s ]
INFO: [ app_init ] --END-- [ RunTime:0.000901s ]
INFO: [ app_begin ] --START--
INFO: Run Behavior\ReadHtmlCacheBehavior [ RunTime:0.000876s ]
INFO: [ app_begin ] --END-- [ RunTime:0.001044s ]
NOTIC: [8] Use of undefined constant chip_id - assumed 'chip_id' E:\webprog\environment\1\thinkphp\wamp\www\ybplant\ybplant\Application\index\Controller\IndexController.class.php 第 185 行.
NOTIC: [8] Use of undefined constant chip_pwd - assumed 'chip_pwd' E:\webprog\environment\1\thinkphp\wamp\www\ybplant\ybplant\Application\index\Controller\IndexController.class.php 第 185 行.
SQL: SHOW COLUMNS FROM `chip_set` [ RunTime:0.0056s ]
SQL: SELECT * FROM `chip_set` WHERE ( chip_id = "1" and password = "2"  )  [ RunTime:0.0007s ]
NOTIC: [8] Use of undefined constant data - assumed 'data' E:\webprog\environment\1\thinkphp\wamp\www\ybplant\ybplant\Application\index\Controller\IndexController.class.php 第 211 行.
SQL: SHOW COLUMNS FROM `chip_data` [ RunTime:0.0050s ]
NOTIC: [8] Use of undefined constant chip_id - assumed 'chip_id' E:\webprog\environment\1\thinkphp\wamp\www\ybplant\ybplant\Application\index\Controller\IndexController.class.php 第 216 行.
SQL: INSERT INTO `chip_data` (`chip_id`,`temp`,`hum`,`hum_oil`,`time`) VALUES ('1','111','33333','2222','2017-09-16 15:13:22') [ RunTime:0.0710s ]
NOTIC: [8] Use of undefined constant chip_id - assumed 'chip_id' E:\webprog\environment\1\thinkphp\wamp\www\ybplant\ybplant\Application\index\Controller\IndexController.class.php 第 216 行.
SQL: INSERT INTO `chip_data` (`chip_id`,`temp`,`hum`,`hum_oil`,`time`) VALUES ('1','111','33333','2222','2017-09-16 15:13:52') [ RunTime:0.0482s ]
NOTIC: [8] Undefined index: password E:\webprog\environment\1\thinkphp\wamp\www\ybplant\ybplant\Application\index\Controller\IndexController.class.php 第 244 行.
SQL: UPDATE `chip_set` SET `last_connect_time`='1505546032' WHERE ( chip_id = "1" and password = ""  ) [ RunTime:0.0009s ]
INFO: [ app_end ] --START--
INFO: Run Behavior\ShowPageTraceBehavior [ RunTime:0.002030s ]
INFO: [ app_end ] --END-- [ RunTime:0.002377s ]

[ 2017-09-16T15:35:31+08:00 ] 192.168.2.219 /ybplant/ybplant/index.php/index/message_post?chip_id=1&chip_pwd=2&data=[{"t":33,"h_d":41,"h_o":30},{"t":33,"h_d":40,"h_o":30},{"t":33,"h_d":40,"h_o":30},{"t":33,"h_d":41,"h_o":30}]
INFO: [ app_init ] --START--
INFO: Run Behavior\BuildLiteBehavior [ RunTime:0.000063s ]
INFO: [ app_init ] --END-- [ RunTime:0.001329s ]
INFO: [ app_begin ] --START--
INFO: Run Behavior\ReadHtmlCacheBehavior [ RunTime:0.001493s ]
INFO: [ app_begin ] --END-- [ RunTime:0.001726s ]
NOTIC: [8] Use of undefined constant chip_id - assumed 'chip_id' E:\webprog\environment\1\thinkphp\wamp\www\ybplant\ybplant\Application\index\Controller\IndexController.class.php 第 185 行.
NOTIC: [8] Use of undefined constant chip_pwd - assumed 'chip_pwd' E:\webprog\environment\1\thinkphp\wamp\www\ybplant\ybplant\Application\index\Controller\IndexController.class.php 第 185 行.
SQL: SHOW COLUMNS FROM `chip_set` [ RunTime:0.0051s ]
SQL: SELECT * FROM `chip_set` WHERE ( chip_id = "1" and password = "2"  )  [ RunTime:0.0007s ]
NOTIC: [8] Use of undefined constant data - assumed 'data' E:\webprog\environment\1\thinkphp\wamp\www\ybplant\ybplant\Application\index\Controller\IndexController.class.php 第 211 行.
SQL: SHOW COLUMNS FROM `chip_data` [ RunTime:0.0048s ]
NOTIC: [8] Use of undefined constant chip_id - assumed 'chip_id' E:\webprog\environment\1\thinkphp\wamp\www\ybplant\ybplant\Application\index\Controller\IndexController.class.php 第 216 行.
SQL: INSERT INTO `chip_data` (`chip_id`,`temp`,`hum`,`hum_oil`,`time`) VALUES ('1','33','41','30','2017-09-16 15:34:43') [ RunTime:2.3292s ]
NOTIC: [8] Use of undefined constant chip_id - assumed 'chip_id' E:\webprog\environment\1\thinkphp\wamp\www\ybplant\ybplant\Application\index\Controller\IndexController.class.php 第 216 行.
SQL: INSERT INTO `chip_data` (`chip_id`,`temp`,`hum`,`hum_oil`,`time`) VALUES ('1','33','40','30','2017-09-16 15:35:01') [ RunTime:0.0505s ]
NOTIC: [8] Use of undefined constant chip_id - assumed 'chip_id' E:\webprog\environment\1\thinkphp\wamp\www\ybplant\ybplant\Application\index\Controller\IndexController.class.php 第 216 行.
SQL: INSERT INTO `chip_data` (`chip_id`,`temp`,`hum`,`hum_oil`,`time`) VALUES ('1','33','40','30','2017-09-16 15:35:16') [ RunTime:0.0482s ]
NOTIC: [8] Use of undefined constant chip_id - assumed 'chip_id' E:\webprog\environment\1\thinkphp\wamp\www\ybplant\ybplant\Application\index\Controller\IndexController.class.php 第 216 行.
SQL: INSERT INTO `chip_data` (`chip_id`,`temp`,`hum`,`hum_oil`,`time`) VALUES ('1','33','41','30','2017-09-16 15:35:31') [ RunTime:0.0650s ]
NOTIC: [8] Undefined index: password E:\webprog\environment\1\thinkphp\wamp\www\ybplant\ybplant\Application\index\Controller\IndexController.class.php 第 244 行.
SQL: UPDATE `chip_set` SET `last_connect_time`='1505547331' WHERE ( chip_id = "1" and password = ""  ) [ RunTime:0.0009s ]
INFO: [ app_end ] --START--
INFO: Run Behavior\ShowPageTraceBehavior [ RunTime:0.002226s ]
INFO: [ app_end ] --END-- [ RunTime:0.002574s ]

[ 2017-09-16T15:39:22+08:00 ] 192.168.2.219 /ybplant/ybplant/index.php/index/message_post?chip_id=1&chip_pwd=2&data=[{"t":33,"h_d":41,"h_o":30},{"t":33,"h_d":40,"h_o":30},{"t":33,"h_d":40,"h_o":30},{"t":33,"h_d":41,"h_o":30}]
INFO: [ app_init ] --START--
INFO: Run Behavior\BuildLiteBehavior [ RunTime:0.000063s ]
INFO: [ app_init ] --END-- [ RunTime:0.001302s ]
INFO: [ app_begin ] --START--
INFO: Run Behavior\ReadHtmlCacheBehavior [ RunTime:0.001931s ]
INFO: [ app_begin ] --END-- [ RunTime:0.002242s ]
NOTIC: [8] Use of undefined constant chip_id - assumed 'chip_id' E:\webprog\environment\1\thinkphp\wamp\www\ybplant\ybplant\Application\index\Controller\IndexController.class.php 第 185 行.
NOTIC: [8] Use of undefined constant chip_pwd - assumed 'chip_pwd' E:\webprog\environment\1\thinkphp\wamp\www\ybplant\ybplant\Application\index\Controller\IndexController.class.php 第 185 行.
SQL: SHOW COLUMNS FROM `chip_set` [ RunTime:0.0094s ]
SQL: SELECT * FROM `chip_set` WHERE ( chip_id = "1" and password = "2"  )  [ RunTime:0.0011s ]
NOTIC: [8] Use of undefined constant data - assumed 'data' E:\webprog\environment\1\thinkphp\wamp\www\ybplant\ybplant\Application\index\Controller\IndexController.class.php 第 211 行.
SQL: SHOW COLUMNS FROM `chip_data` [ RunTime:0.0092s ]
NOTIC: [8] Use of undefined constant chip_id - assumed 'chip_id' E:\webprog\environment\1\thinkphp\wamp\www\ybplant\ybplant\Application\index\Controller\IndexController.class.php 第 216 行.
SQL: INSERT INTO `chip_data` (`chip_id`,`temp`,`hum`,`hum_oil`,`time`) VALUES ('1','33','41','30','2017-09-16 15:38:37') [ RunTime:0.3753s ]
NOTIC: [8] Use of undefined constant chip_id - assumed 'chip_id' E:\webprog\environment\1\thinkphp\wamp\www\ybplant\ybplant\Application\index\Controller\IndexController.class.php 第 216 行.
SQL: INSERT INTO `chip_data` (`chip_id`,`temp`,`hum`,`hum_oil`,`time`) VALUES ('1','33','40','30','2017-09-16 15:38:52') [ RunTime:0.0481s ]
NOTIC: [8] Use of undefined constant chip_id - assumed 'chip_id' E:\webprog\environment\1\thinkphp\wamp\www\ybplant\ybplant\Application\index\Controller\IndexController.class.php 第 216 行.
SQL: INSERT INTO `chip_data` (`chip_id`,`temp`,`hum`,`hum_oil`,`time`) VALUES ('1','33','40','30','2017-09-16 15:39:07') [ RunTime:0.0484s ]
NOTIC: [8] Use of undefined constant chip_id - assumed 'chip_id' E:\webprog\environment\1\thinkphp\wamp\www\ybplant\ybplant\Application\index\Controller\IndexController.class.php 第 216 行.
SQL: INSERT INTO `chip_data` (`chip_id`,`temp`,`hum`,`hum_oil`,`time`) VALUES ('1','33','41','30','2017-09-16 15:39:22') [ RunTime:0.0484s ]
NOTIC: [8] Undefined index: password E:\webprog\environment\1\thinkphp\wamp\www\ybplant\ybplant\Application\index\Controller\IndexController.class.php 第 244 行.
SQL: UPDATE `chip_set` SET `last_connect_time`='1505547562' WHERE ( chip_id = "1" and password = ""  ) [ RunTime:0.0007s ]
INFO: [ app_end ] --START--
INFO: Run Behavior\ShowPageTraceBehavior [ RunTime:0.002027s ]
INFO: [ app_end ] --END-- [ RunTime:0.002314s ]

[ 2017-09-16T15:43:14+08:00 ] 192.168.2.219 /ybplant/ybplant/index.php/index/message_post?chip_id=1&chip_pwd=2&data=[{"t":33,"h_d":41,"h_o":30},{"t":33,"h_d":40,"h_o":30},{"t":33,"h_d":40,"h_o":30},{"t":33,"h_d":41,"h_o":30}]
INFO: [ app_init ] --START--
INFO: Run Behavior\BuildLiteBehavior [ RunTime:0.000068s ]
INFO: [ app_init ] --END-- [ RunTime:0.001376s ]
INFO: [ app_begin ] --START--
INFO: Run Behavior\ReadHtmlCacheBehavior [ RunTime:0.001996s ]
INFO: [ app_begin ] --END-- [ RunTime:0.002350s ]
NOTIC: [8] Use of undefined constant chip_id - assumed 'chip_id' E:\webprog\environment\1\thinkphp\wamp\www\ybplant\ybplant\Application\index\Controller\IndexController.class.php 第 185 行.
NOTIC: [8] Use of undefined constant chip_pwd - assumed 'chip_pwd' E:\webprog\environment\1\thinkphp\wamp\www\ybplant\ybplant\Application\index\Controller\IndexController.class.php 第 185 行.
SQL: SHOW COLUMNS FROM `chip_set` [ RunTime:0.0101s ]
SQL: SELECT * FROM `chip_set` WHERE ( chip_id = "1" and password = "2"  )  [ RunTime:0.0010s ]
NOTIC: [8] Use of undefined constant data - assumed 'data' E:\webprog\environment\1\thinkphp\wamp\www\ybplant\ybplant\Application\index\Controller\IndexController.class.php 第 211 行.
SQL: SHOW COLUMNS FROM `chip_data` [ RunTime:0.0090s ]
NOTIC: [8] Use of undefined constant chip_id - assumed 'chip_id' E:\webprog\environment\1\thinkphp\wamp\www\ybplant\ybplant\Application\index\Controller\IndexController.class.php 第 216 行.
SQL: INSERT INTO `chip_data` (`chip_id`,`temp`,`hum_oil`,`hum`,`time`) VALUES ('1','33','41','30','2017-09-16 15:42:29') [ RunTime:0.0922s ]
NOTIC: [8] Use of undefined constant chip_id - assumed 'chip_id' E:\webprog\environment\1\thinkphp\wamp\www\ybplant\ybplant\Application\index\Controller\IndexController.class.php 第 216 行.
SQL: INSERT INTO `chip_data` (`chip_id`,`temp`,`hum_oil`,`hum`,`time`) VALUES ('1','33','40','30','2017-09-16 15:42:44') [ RunTime:0.0480s ]
NOTIC: [8] Use of undefined constant chip_id - assumed 'chip_id' E:\webprog\environment\1\thinkphp\wamp\www\ybplant\ybplant\Application\index\Controller\IndexController.class.php 第 216 行.
SQL: INSERT INTO `chip_data` (`chip_id`,`temp`,`hum_oil`,`hum`,`time`) VALUES ('1','33','40','30','2017-09-16 15:42:59') [ RunTime:0.0486s ]
NOTIC: [8] Use of undefined constant chip_id - assumed 'chip_id' E:\webprog\environment\1\thinkphp\wamp\www\ybplant\ybplant\Application\index\Controller\IndexController.class.php 第 216 行.
SQL: INSERT INTO `chip_data` (`chip_id`,`temp`,`hum_oil`,`hum`,`time`) VALUES ('1','33','41','30','2017-09-16 15:43:14') [ RunTime:0.0567s ]
NOTIC: [8] Undefined index: password E:\webprog\environment\1\thinkphp\wamp\www\ybplant\ybplant\Application\index\Controller\IndexController.class.php 第 244 行.
SQL: UPDATE `chip_set` SET `last_connect_time`='1505547794' WHERE ( chip_id = "1" and password = ""  ) [ RunTime:0.0008s ]
INFO: [ app_end ] --START--
INFO: Run Behavior\ShowPageTraceBehavior [ RunTime:0.001977s ]
INFO: [ app_end ] --END-- [ RunTime:0.002270s ]

[ 2017-09-16T15:49:25+08:00 ] 192.168.2.219 /ybplant/ybplant/index.php/index/message_post?chip_id=1&chip_pwd=2&data=[{"t":33,"h_d":42,"h_o":30},{"t":33,"h_d":41,"h_o":30},{"t":33,"h_d":41,"h_o":30},{"t":33,"h_d":41,"h_o":30},{"t":33,"h_d":41,"h_o":30},{"t":33,"h_d":40,"h_o":30},{"t":33,"h_d":40,"h_o":30},{"t":33,"h_d":42,"h_o":30},{"t":33,"h_d":40,"h_o":30},{"t":33,"h_d":40,"h_o":30},{"t":33,"h_d":40,"h_o":30},{"t":33,"h_d":41,"h_o":30}]
INFO: [ app_init ] --START--
INFO: Run Behavior\BuildLiteBehavior [ RunTime:0.000063s ]
INFO: [ app_init ] --END-- [ RunTime:0.001321s ]
INFO: [ app_begin ] --START--
INFO: Run Behavior\ReadHtmlCacheBehavior [ RunTime:0.001962s ]
INFO: [ app_begin ] --END-- [ RunTime:0.002280s ]
NOTIC: [8] Use of undefined constant chip_id - assumed 'chip_id' E:\webprog\environment\1\thinkphp\wamp\www\ybplant\ybplant\Application\index\Controller\IndexController.class.php 第 185 行.
NOTIC: [8] Use of undefined constant chip_pwd - assumed 'chip_pwd' E:\webprog\environment\1\thinkphp\wamp\www\ybplant\ybplant\Application\index\Controller\IndexController.class.php 第 185 行.
SQL: SHOW COLUMNS FROM `chip_set` [ RunTime:0.0052s ]
SQL: SELECT * FROM `chip_set` WHERE ( chip_id = "1" and password = "2"  )  [ RunTime:0.0006s ]
NOTIC: [8] Use of undefined constant data - assumed 'data' E:\webprog\environment\1\thinkphp\wamp\www\ybplant\ybplant\Application\index\Controller\IndexController.class.php 第 211 行.
SQL: SHOW COLUMNS FROM `chip_data` [ RunTime:0.0047s ]
NOTIC: [8] Use of undefined constant chip_id - assumed 'chip_id' E:\webprog\environment\1\thinkphp\wamp\www\ybplant\ybplant\Application\index\Controller\IndexController.class.php 第 216 行.
SQL: INSERT INTO `chip_data` (`chip_id`,`temp`,`hum_oil`,`hum`,`time`) VALUES ('1','33','42','30','2017-09-16 14:54:24') [ RunTime:0.0864s ]
NOTIC: [8] Use of undefined constant chip_id - assumed 'chip_id' E:\webprog\environment\1\thinkphp\wamp\www\ybplant\ybplant\Application\index\Controller\IndexController.class.php 第 216 行.
SQL: INSERT INTO `chip_data` (`chip_id`,`temp`,`hum_oil`,`hum`,`time`) VALUES ('1','33','41','30','2017-09-16 14:59:24') [ RunTime:0.0480s ]
NOTIC: [8] Use of undefined constant chip_id - assumed 'chip_id' E:\webprog\environment\1\thinkphp\wamp\www\ybplant\ybplant\Application\index\Controller\IndexController.class.php 第 216 行.
SQL: INSERT INTO `chip_data` (`chip_id`,`temp`,`hum_oil`,`hum`,`time`) VALUES ('1','33','41','30','2017-09-16 15:04:24') [ RunTime:0.0484s ]
NOTIC: [8] Use of undefined constant chip_id - assumed 'chip_id' E:\webprog\environment\1\thinkphp\wamp\www\ybplant\ybplant\Application\index\Controller\IndexController.class.php 第 216 行.
SQL: INSERT INTO `chip_data` (`chip_id`,`temp`,`hum_oil`,`hum`,`time`) VALUES ('1','33','41','30','2017-09-16 15:09:24') [ RunTime:0.0483s ]
NOTIC: [8] Use of undefined constant chip_id - assumed 'chip_id' E:\webprog\environment\1\thinkphp\wamp\www\ybplant\ybplant\Application\index\Controller\IndexController.class.php 第 216 行.
SQL: INSERT INTO `chip_data` (`chip_id`,`temp`,`hum_oil`,`hum`,`time`) VALUES ('1','33','41','30','2017-09-16 15:14:24') [ RunTime:0.0483s ]
NOTIC: [8] Use of undefined constant chip_id - assumed 'chip_id' E:\webprog\environment\1\thinkphp\wamp\www\ybplant\ybplant\Application\index\Controller\IndexController.class.php 第 216 行.
SQL: INSERT INTO `chip_data` (`chip_id`,`temp`,`hum_oil`,`hum`,`time`) VALUES ('1','33','40','30','2017-09-16 15:19:24') [ RunTime:0.0483s ]
NOTIC: [8] Use of undefined constant chip_id - assumed 'chip_id' E:\webprog\environment\1\thinkphp\wamp\www\ybplant\ybplant\Application\index\Controller\IndexController.class.php 第 216 行.
SQL: INSERT INTO `chip_data` (`chip_id`,`temp`,`hum_oil`,`hum`,`time`) VALUES ('1','33','40','30','2017-09-16 15:24:24') [ RunTime:0.0483s ]
NOTIC: [8] Use of undefined constant chip_id - assumed 'chip_id' E:\webprog\environment\1\thinkphp\wamp\www\ybplant\ybplant\Application\index\Controller\IndexController.class.php 第 216 行.
SQL: INSERT INTO `chip_data` (`chip_id`,`temp`,`hum_oil`,`hum`,`time`) VALUES ('1','33','42','30','2017-09-16 15:29:24') [ RunTime:0.0484s ]
NOTIC: [8] Use of undefined constant chip_id - assumed 'chip_id' E:\webprog\environment\1\thinkphp\wamp\www\ybplant\ybplant\Application\index\Controller\IndexController.class.php 第 216 行.
SQL: INSERT INTO `chip_data` (`chip_id`,`temp`,`hum_oil`,`hum`,`time`) VALUES ('1','33','40','30','2017-09-16 15:34:24') [ RunTime:0.0482s ]
NOTIC: [8] Use of undefined constant chip_id - assumed 'chip_id' E:\webprog\environment\1\thinkphp\wamp\www\ybplant\ybplant\Application\index\Controller\IndexController.class.php 第 216 行.
SQL: INSERT INTO `chip_data` (`chip_id`,`temp`,`hum_oil`,`hum`,`time`) VALUES ('1','33','40','30','2017-09-16 15:39:24') [ RunTime:0.0483s ]
NOTIC: [8] Use of undefined constant chip_id - assumed 'chip_id' E:\webprog\environment\1\thinkphp\wamp\www\ybplant\ybplant\Application\index\Controller\IndexController.class.php 第 216 行.
SQL: INSERT INTO `chip_data` (`chip_id`,`temp`,`hum_oil`,`hum`,`time`) VALUES ('1','33','40','30','2017-09-16 15:44:24') [ RunTime:0.0565s ]
NOTIC: [8] Use of undefined constant chip_id - assumed 'chip_id' E:\webprog\environment\1\thinkphp\wamp\www\ybplant\ybplant\Application\index\Controller\IndexController.class.php 第 216 行.
SQL: INSERT INTO `chip_data` (`chip_id`,`temp`,`hum_oil`,`hum`,`time`) VALUES ('1','33','41','30','2017-09-16 15:49:24') [ RunTime:0.0483s ]
NOTIC: [8] Undefined index: password E:\webprog\environment\1\thinkphp\wamp\www\ybplant\ybplant\Application\index\Controller\IndexController.class.php 第 244 行.
SQL: UPDATE `chip_set` SET `last_connect_time`='1505548165' WHERE ( chip_id = "1" and password = ""  ) [ RunTime:0.0010s ]
INFO: [ app_end ] --START--
INFO: Run Behavior\ShowPageTraceBehavior [ RunTime:0.002335s ]
INFO: [ app_end ] --END-- [ RunTime:0.002669s ]

[ 2017-09-16T16:24:37+08:00 ] 192.168.2.219 /ybplant/ybplant/index.php/index/message_post?chip_id=1&chip_pwd=2&data=[{"t":33,"h_d":42,"h_o":30},{"t":33,"h_d":41,"h_o":30},{"t":33,"h_d":41,"h_o":30},{"t":33,"h_d":41,"h_o":30},{"t":33,"h_d":41,"h_o":30},{"t":33,"h_d":40,"h_o":30},{"t":33,"h_d":40,"h_o":30},{"t":33,"h_d":42,"h_o":30},{"t":33,"h_d":40,"h_o":30},{"t":33,"h_d":40,"h_o":30},{"t":33,"h_d":40,"h_o":30},{"t":33,"h_d":41,"h_o":30}]
INFO: [ app_init ] --START--
INFO: Run Behavior\BuildLiteBehavior [ RunTime:0.000025s ]
INFO: [ app_init ] --END-- [ RunTime:0.000579s ]
INFO: [ app_begin ] --START--
INFO: Run Behavior\ReadHtmlCacheBehavior [ RunTime:0.000766s ]
INFO: [ app_begin ] --END-- [ RunTime:0.000885s ]
NOTIC: [8] Use of undefined constant chip_id - assumed 'chip_id' E:\webprog\environment\1\thinkphp\wamp\www\ybplant\ybplant\Application\index\Controller\IndexController.class.php 第 185 行.
NOTIC: [8] Use of undefined constant chip_pwd - assumed 'chip_pwd' E:\webprog\environment\1\thinkphp\wamp\www\ybplant\ybplant\Application\index\Controller\IndexController.class.php 第 185 行.
SQL: SHOW COLUMNS FROM `chip_set` [ RunTime:0.0036s ]
SQL: SELECT * FROM `chip_set` WHERE ( chip_id = "1" and password = "2"  )  [ RunTime:0.0004s ]
NOTIC: [8] Use of undefined constant data - assumed 'data' E:\webprog\environment\1\thinkphp\wamp\www\ybplant\ybplant\Application\index\Controller\IndexController.class.php 第 211 行.
SQL: SHOW COLUMNS FROM `chip_data` [ RunTime:0.0031s ]
NOTIC: [8] Use of undefined constant chip_id - assumed 'chip_id' E:\webprog\environment\1\thinkphp\wamp\www\ybplant\ybplant\Application\index\Controller\IndexController.class.php 第 216 行.
SQL: INSERT INTO `chip_data` (`chip_id`,`temp`,`hum_oil`,`hum`,`time`) VALUES ('1','33','42','30','2017-09-16 15:29:36') [ RunTime:0.0763s ]
NOTIC: [8] Use of undefined constant chip_id - assumed 'chip_id' E:\webprog\environment\1\thinkphp\wamp\www\ybplant\ybplant\Application\index\Controller\IndexController.class.php 第 216 行.
SQL: INSERT INTO `chip_data` (`chip_id`,`temp`,`hum_oil`,`hum`,`time`) VALUES ('1','33','41','30','2017-09-16 15:34:36') [ RunTime:0.0484s ]
NOTIC: [8] Use of undefined constant chip_id - assumed 'chip_id' E:\webprog\environment\1\thinkphp\wamp\www\ybplant\ybplant\Application\index\Controller\IndexController.class.php 第 216 行.
SQL: INSERT INTO `chip_data` (`chip_id`,`temp`,`hum_oil`,`hum`,`time`) VALUES ('1','33','41','30','2017-09-16 15:39:36') [ RunTime:0.0569s ]
NOTIC: [8] Use of undefined constant chip_id - assumed 'chip_id' E:\webprog\environment\1\thinkphp\wamp\www\ybplant\ybplant\Application\index\Controller\IndexController.class.php 第 216 行.
SQL: INSERT INTO `chip_data` (`chip_id`,`temp`,`hum_oil`,`hum`,`time`) VALUES ('1','33','41','30','2017-09-16 15:44:36') [ RunTime:0.0484s ]
NOTIC: [8] Use of undefined constant chip_id - assumed 'chip_id' E:\webprog\environment\1\thinkphp\wamp\www\ybplant\ybplant\Application\index\Controller\IndexController.class.php 第 216 行.
SQL: INSERT INTO `chip_data` (`chip_id`,`temp`,`hum_oil`,`hum`,`time`) VALUES ('1','33','41','30','2017-09-16 15:49:36') [ RunTime:0.0485s ]
NOTIC: [8] Use of undefined constant chip_id - assumed 'chip_id' E:\webprog\environment\1\thinkphp\wamp\www\ybplant\ybplant\Application\index\Controller\IndexController.class.php 第 216 行.
SQL: INSERT INTO `chip_data` (`chip_id`,`temp`,`hum_oil`,`hum`,`time`) VALUES ('1','33','40','30','2017-09-16 15:54:36') [ RunTime:0.0485s ]
NOTIC: [8] Use of undefined constant chip_id - assumed 'chip_id' E:\webprog\environment\1\thinkphp\wamp\www\ybplant\ybplant\Application\index\Controller\IndexController.class.php 第 216 行.
SQL: INSERT INTO `chip_data` (`chip_id`,`temp`,`hum_oil`,`hum`,`time`) VALUES ('1','33','40','30','2017-09-16 15:59:36') [ RunTime:0.0566s ]
NOTIC: [8] Use of undefined constant chip_id - assumed 'chip_id' E:\webprog\environment\1\thinkphp\wamp\www\ybplant\ybplant\Application\index\Controller\IndexController.class.php 第 216 行.
SQL: INSERT INTO `chip_data` (`chip_id`,`temp`,`hum_oil`,`hum`,`time`) VALUES ('1','33','42','30','2017-09-16 16:04:36') [ RunTime:0.0484s ]
NOTIC: [8] Use of undefined constant chip_id - assumed 'chip_id' E:\webprog\environment\1\thinkphp\wamp\www\ybplant\ybplant\Application\index\Controller\IndexController.class.php 第 216 行.
SQL: INSERT INTO `chip_data` (`chip_id`,`temp`,`hum_oil`,`hum`,`time`) VALUES ('1','33','40','30','2017-09-16 16:09:36') [ RunTime:0.0484s ]
NOTIC: [8] Use of undefined constant chip_id - assumed 'chip_id' E:\webprog\environment\1\thinkphp\wamp\www\ybplant\ybplant\Application\index\Controller\IndexController.class.php 第 216 行.
SQL: INSERT INTO `chip_data` (`chip_id`,`temp`,`hum_oil`,`hum`,`time`) VALUES ('1','33','40','30','2017-09-16 16:14:36') [ RunTime:0.0485s ]
NOTIC: [8] Use of undefined constant chip_id - assumed 'chip_id' E:\webprog\environment\1\thinkphp\wamp\www\ybplant\ybplant\Application\index\Controller\IndexController.class.php 第 216 行.
SQL: INSERT INTO `chip_data` (`chip_id`,`temp`,`hum_oil`,`hum`,`time`) VALUES ('1','33','40','30','2017-09-16 16:19:37') [ RunTime:0.0566s ]
NOTIC: [8] Use of undefined constant chip_id - assumed 'chip_id' E:\webprog\environment\1\thinkphp\wamp\www\ybplant\ybplant\Application\index\Controller\IndexController.class.php 第 216 行.
SQL: INSERT INTO `chip_data` (`chip_id`,`temp`,`hum_oil`,`hum`,`time`) VALUES ('1','33','41','30','2017-09-16 16:24:37') [ RunTime:0.0483s ]
SQL: UPDATE `chip_set` SET `last_connect_time`='1505550277' WHERE ( chip_id = "1" and password = "2"  ) [ RunTime:0.0487s ]
INFO: [ app_end ] --START--
INFO: Run Behavior\ShowPageTraceBehavior [ RunTime:0.002241s ]
INFO: [ app_end ] --END-- [ RunTime:0.002638s ]

