[ 2017-11-03T08:37:08+08:00 ] 10.97.42.195 /index.php/index/message_post?chip_id=lib-big&chip_pwd=123&data=[{"t":21,"h_d":29,"h_o":48},{"t":21,"h_d":28,"h_o":48},{"t":22,"h_d":28,"h_o":47},{"t":22,"h_d":27,"h_o":47},{"t":22,"h_d":28,"h_o":46},{"t":22,"h_d":27,"h_o":46},{"t":22,"h_d":26,"h_o":45},{"t":22,"h_d":26,"h_o":45},{"t":22,"h_d":26,"h_o":45},{"t":22,"h_d":26,"h_o":44},{"t":22,"h_d":26,"h_o":44},{"t":22,"h_d":26,"h_o":44}]
INFO: [ app_init ] --START--
INFO: Run Behavior\BuildLiteBehavior [ RunTime:0.000075s ]
INFO: [ app_init ] --END-- [ RunTime:0.001458s ]
INFO: [ app_begin ] --START--
INFO: Run Behavior\ReadHtmlCacheBehavior [ RunTime:0.001911s ]
INFO: [ app_begin ] --END-- [ RunTime:0.002272s ]
NOTIC: [8] Use of undefined constant chip_id - assumed 'chip_id' D:\wamp\www\ybplant\Application\index\Controller\IndexController.class.php 第 187 行.
NOTIC: [8] Use of undefined constant chip_pwd - assumed 'chip_pwd' D:\wamp\www\ybplant\Application\index\Controller\IndexController.class.php 第 187 行.
SQL: SHOW COLUMNS FROM `chip_set` [ RunTime:0.0026s ]
SQL: SELECT * FROM `chip_set` WHERE ( chip_id = "lib-big" and password = "123"  )  [ RunTime:0.0003s ]
NOTIC: [8] Use of undefined constant data - assumed 'data' D:\wamp\www\ybplant\Application\index\Controller\IndexController.class.php 第 213 行.
SQL: SHOW COLUMNS FROM `chip_data` [ RunTime:0.0023s ]
NOTIC: [8] Use of undefined constant chip_id - assumed 'chip_id' D:\wamp\www\ybplant\Application\index\Controller\IndexController.class.php 第 220 行.
SQL: INSERT INTO `chip_data` (`chip_id`,`temp`,`hum_oil`,`hum`,`time`) VALUES ('lib-big','21','29','48','2017-11-03 07:42:08') [ RunTime:0.0451s ]
NOTIC: [8] Use of undefined constant chip_id - assumed 'chip_id' D:\wamp\www\ybplant\Application\index\Controller\IndexController.class.php 第 220 行.
SQL: INSERT INTO `chip_data` (`chip_id`,`temp`,`hum_oil`,`hum`,`time`) VALUES ('lib-big','21','28','48','2017-11-03 07:47:08') [ RunTime:0.0318s ]
NOTIC: [8] Use of undefined constant chip_id - assumed 'chip_id' D:\wamp\www\ybplant\Application\index\Controller\IndexController.class.php 第 220 行.
SQL: INSERT INTO `chip_data` (`chip_id`,`temp`,`hum_oil`,`hum`,`time`) VALUES ('lib-big','22','28','47','2017-11-03 07:52:08') [ RunTime:0.0234s ]
NOTIC: [8] Use of undefined constant chip_id - assumed 'chip_id' D:\wamp\www\ybplant\Application\index\Controller\IndexController.class.php 第 220 行.
SQL: INSERT INTO `chip_data` (`chip_id`,`temp`,`hum_oil`,`hum`,`time`) VALUES ('lib-big','22','27','47','2017-11-03 07:57:08') [ RunTime:0.0234s ]
NOTIC: [8] Use of undefined constant chip_id - assumed 'chip_id' D:\wamp\www\ybplant\Application\index\Controller\IndexController.class.php 第 220 行.
SQL: INSERT INTO `chip_data` (`chip_id`,`temp`,`hum_oil`,`hum`,`time`) VALUES ('lib-big','22','28','46','2017-11-03 08:02:08') [ RunTime:0.0235s ]
NOTIC: [8] Use of undefined constant chip_id - assumed 'chip_id' D:\wamp\www\ybplant\Application\index\Controller\IndexController.class.php 第 220 行.
SQL: INSERT INTO `chip_data` (`chip_id`,`temp`,`hum_oil`,`hum`,`time`) VALUES ('lib-big','22','27','46','2017-11-03 08:07:08') [ RunTime:0.0234s ]
NOTIC: [8] Use of undefined constant chip_id - assumed 'chip_id' D:\wamp\www\ybplant\Application\index\Controller\IndexController.class.php 第 220 行.
SQL: INSERT INTO `chip_data` (`chip_id`,`temp`,`hum_oil`,`hum`,`time`) VALUES ('lib-big','22','26','45','2017-11-03 08:12:08') [ RunTime:0.0234s ]
NOTIC: [8] Use of undefined constant chip_id - assumed 'chip_id' D:\wamp\www\ybplant\Application\index\Controller\IndexController.class.php 第 220 行.
SQL: INSERT INTO `chip_data` (`chip_id`,`temp`,`hum_oil`,`hum`,`time`) VALUES ('lib-big','22','26','45','2017-11-03 08:17:08') [ RunTime:0.0235s ]
NOTIC: [8] Use of undefined constant chip_id - assumed 'chip_id' D:\wamp\www\ybplant\Application\index\Controller\IndexController.class.php 第 220 行.
SQL: INSERT INTO `chip_data` (`chip_id`,`temp`,`hum_oil`,`hum`,`time`) VALUES ('lib-big','22','26','45','2017-11-03 08:22:08') [ RunTime:0.0221s ]
NOTIC: [8] Use of undefined constant chip_id - assumed 'chip_id' D:\wamp\www\ybplant\Application\index\Controller\IndexController.class.php 第 220 行.
SQL: INSERT INTO `chip_data` (`chip_id`,`temp`,`hum_oil`,`hum`,`time`) VALUES ('lib-big','22','26','44','2017-11-03 08:27:08') [ RunTime:0.0234s ]
NOTIC: [8] Use of undefined constant chip_id - assumed 'chip_id' D:\wamp\www\ybplant\Application\index\Controller\IndexController.class.php 第 220 行.
SQL: INSERT INTO `chip_data` (`chip_id`,`temp`,`hum_oil`,`hum`,`time`) VALUES ('lib-big','22','26','44','2017-11-03 08:32:08') [ RunTime:0.0235s ]
NOTIC: [8] Use of undefined constant chip_id - assumed 'chip_id' D:\wamp\www\ybplant\Application\index\Controller\IndexController.class.php 第 220 行.
SQL: INSERT INTO `chip_data` (`chip_id`,`temp`,`hum_oil`,`hum`,`time`) VALUES ('lib-big','22','26','44','2017-11-03 08:37:08') [ RunTime:0.0234s ]
SQL: UPDATE `chip_set` SET `last_connect_time`='1509669428' WHERE ( chip_id = "lib-big" and password = "123"  ) [ RunTime:0.0238s ]
INFO: [ app_end ] --START--
INFO: Run Behavior\ShowPageTraceBehavior [ RunTime:0.002203s ]
INFO: [ app_end ] --END-- [ RunTime:0.002534s ]

[ 2017-11-03T09:38:08+08:00 ] 10.97.42.195 /index.php/index/message_post?chip_id=lib-big&chip_pwd=123&data=[{"t":22,"h_d":26,"h_o":43},{"t":22,"h_d":26,"h_o":43},{"t":22,"h_d":26,"h_o":43},{"t":22,"h_d":26,"h_o":43},{"t":22,"h_d":26,"h_o":42},{"t":22,"h_d":26,"h_o":42},{"t":23,"h_d":26,"h_o":42},{"t":23,"h_d":26,"h_o":41},{"t":23,"h_d":26,"h_o":41},{"t":23,"h_d":26,"h_o":41},{"t":23,"h_d":26,"h_o":41},{"t":23,"h_d":26,"h_o":41}]
INFO: [ app_init ] --START--
INFO: Run Behavior\BuildLiteBehavior [ RunTime:0.000074s ]
INFO: [ app_init ] --END-- [ RunTime:0.001399s ]
INFO: [ app_begin ] --START--
INFO: Run Behavior\ReadHtmlCacheBehavior [ RunTime:0.000782s ]
INFO: [ app_begin ] --END-- [ RunTime:0.000928s ]
NOTIC: [8] Use of undefined constant chip_id - assumed 'chip_id' D:\wamp\www\ybplant\Application\index\Controller\IndexController.class.php 第 187 行.
NOTIC: [8] Use of undefined constant chip_pwd - assumed 'chip_pwd' D:\wamp\www\ybplant\Application\index\Controller\IndexController.class.php 第 187 行.
SQL: SHOW COLUMNS FROM `chip_set` [ RunTime:0.0025s ]
SQL: SELECT * FROM `chip_set` WHERE ( chip_id = "lib-big" and password = "123"  )  [ RunTime:0.0003s ]
NOTIC: [8] Use of undefined constant data - assumed 'data' D:\wamp\www\ybplant\Application\index\Controller\IndexController.class.php 第 213 行.
SQL: SHOW COLUMNS FROM `chip_data` [ RunTime:0.0022s ]
NOTIC: [8] Use of undefined constant chip_id - assumed 'chip_id' D:\wamp\www\ybplant\Application\index\Controller\IndexController.class.php 第 220 行.
SQL: INSERT INTO `chip_data` (`chip_id`,`temp`,`hum_oil`,`hum`,`time`) VALUES ('lib-big','22','26','43','2017-11-03 08:43:08') [ RunTime:0.0388s ]
NOTIC: [8] Use of undefined constant chip_id - assumed 'chip_id' D:\wamp\www\ybplant\Application\index\Controller\IndexController.class.php 第 220 行.
SQL: INSERT INTO `chip_data` (`chip_id`,`temp`,`hum_oil`,`hum`,`time`) VALUES ('lib-big','22','26','43','2017-11-03 08:48:08') [ RunTime:0.0253s ]
NOTIC: [8] Use of undefined constant chip_id - assumed 'chip_id' D:\wamp\www\ybplant\Application\index\Controller\IndexController.class.php 第 220 行.
SQL: INSERT INTO `chip_data` (`chip_id`,`temp`,`hum_oil`,`hum`,`time`) VALUES ('lib-big','22','26','43','2017-11-03 08:53:08') [ RunTime:0.0234s ]
NOTIC: [8] Use of undefined constant chip_id - assumed 'chip_id' D:\wamp\www\ybplant\Application\index\Controller\IndexController.class.php 第 220 行.
SQL: INSERT INTO `chip_data` (`chip_id`,`temp`,`hum_oil`,`hum`,`time`) VALUES ('lib-big','22','26','43','2017-11-03 08:58:08') [ RunTime:0.0318s ]
NOTIC: [8] Use of undefined constant chip_id - assumed 'chip_id' D:\wamp\www\ybplant\Application\index\Controller\IndexController.class.php 第 220 行.
SQL: INSERT INTO `chip_data` (`chip_id`,`temp`,`hum_oil`,`hum`,`time`) VALUES ('lib-big','22','26','42','2017-11-03 09:03:08') [ RunTime:0.0234s ]
NOTIC: [8] Use of undefined constant chip_id - assumed 'chip_id' D:\wamp\www\ybplant\Application\index\Controller\IndexController.class.php 第 220 行.
SQL: INSERT INTO `chip_data` (`chip_id`,`temp`,`hum_oil`,`hum`,`time`) VALUES ('lib-big','22','26','42','2017-11-03 09:08:08') [ RunTime:0.0235s ]
NOTIC: [8] Use of undefined constant chip_id - assumed 'chip_id' D:\wamp\www\ybplant\Application\index\Controller\IndexController.class.php 第 220 行.
SQL: INSERT INTO `chip_data` (`chip_id`,`temp`,`hum_oil`,`hum`,`time`) VALUES ('lib-big','23','26','42','2017-11-03 09:13:08') [ RunTime:0.0234s ]
NOTIC: [8] Use of undefined constant chip_id - assumed 'chip_id' D:\wamp\www\ybplant\Application\index\Controller\IndexController.class.php 第 220 行.
SQL: INSERT INTO `chip_data` (`chip_id`,`temp`,`hum_oil`,`hum`,`time`) VALUES ('lib-big','23','26','41','2017-11-03 09:18:08') [ RunTime:0.0234s ]
NOTIC: [8] Use of undefined constant chip_id - assumed 'chip_id' D:\wamp\www\ybplant\Application\index\Controller\IndexController.class.php 第 220 行.
SQL: INSERT INTO `chip_data` (`chip_id`,`temp`,`hum_oil`,`hum`,`time`) VALUES ('lib-big','23','26','41','2017-11-03 09:23:08') [ RunTime:0.0221s ]
NOTIC: [8] Use of undefined constant chip_id - assumed 'chip_id' D:\wamp\www\ybplant\Application\index\Controller\IndexController.class.php 第 220 行.
SQL: INSERT INTO `chip_data` (`chip_id`,`temp`,`hum_oil`,`hum`,`time`) VALUES ('lib-big','23','26','41','2017-11-03 09:28:08') [ RunTime:0.0368s ]
NOTIC: [8] Use of undefined constant chip_id - assumed 'chip_id' D:\wamp\www\ybplant\Application\index\Controller\IndexController.class.php 第 220 行.
SQL: INSERT INTO `chip_data` (`chip_id`,`temp`,`hum_oil`,`hum`,`time`) VALUES ('lib-big','23','26','41','2017-11-03 09:33:08') [ RunTime:0.0354s ]
NOTIC: [8] Use of undefined constant chip_id - assumed 'chip_id' D:\wamp\www\ybplant\Application\index\Controller\IndexController.class.php 第 220 行.
SQL: INSERT INTO `chip_data` (`chip_id`,`temp`,`hum_oil`,`hum`,`time`) VALUES ('lib-big','23','26','41','2017-11-03 09:38:08') [ RunTime:0.0234s ]
SQL: UPDATE `chip_set` SET `last_connect_time`='1509673088' WHERE ( chip_id = "lib-big" and password = "123"  ) [ RunTime:0.0238s ]
INFO: [ app_end ] --START--
INFO: Run Behavior\ShowPageTraceBehavior [ RunTime:0.002210s ]
INFO: [ app_end ] --END-- [ RunTime:0.002537s ]

[ 2017-11-03T09:53:38+08:00 ] 10.98.112.6 /
INFO: [ app_init ] --START--
INFO: Run Behavior\BuildLiteBehavior [ RunTime:0.000018s ]
INFO: [ app_init ] --END-- [ RunTime:0.000344s ]
INFO: [ app_begin ] --START--
INFO: Run Behavior\ReadHtmlCacheBehavior [ RunTime:0.000487s ]
INFO: [ app_begin ] --END-- [ RunTime:0.000570s ]
INFO: [ view_parse ] --START--
INFO: [ template_filter ] --START--
INFO: Run Behavior\ContentReplaceBehavior [ RunTime:0.000137s ]
INFO: [ template_filter ] --END-- [ RunTime:0.000237s ]
NOTIC: [8] Use of undefined constant index - assumed 'index' D:\wamp\www\ybplant\Application\Runtime\Cache\index\e27ac99aeaa7b8b624c6a9e6029f59fb.php 第 57 行.
NOTIC: [8] Use of undefined constant isuser - assumed 'isuser' D:\wamp\www\ybplant\Application\Runtime\Cache\index\e27ac99aeaa7b8b624c6a9e6029f59fb.php 第 67 行.
NOTIC: [8] Undefined index: isuser D:\wamp\www\ybplant\Application\Runtime\Cache\index\e27ac99aeaa7b8b624c6a9e6029f59fb.php 第 67 行.
NOTIC: [8] Use of undefined constant isuser - assumed 'isuser' D:\wamp\www\ybplant\Application\Runtime\Cache\index\e27ac99aeaa7b8b624c6a9e6029f59fb.php 第 69 行.
NOTIC: [8] Undefined index: isuser D:\wamp\www\ybplant\Application\Runtime\Cache\index\e27ac99aeaa7b8b624c6a9e6029f59fb.php 第 69 行.
INFO: Run Behavior\ParseTemplateBehavior [ RunTime:0.010258s ]
INFO: [ view_parse ] --END-- [ RunTime:0.010353s ]
INFO: [ view_filter ] --START--
INFO: Run Behavior\WriteHtmlCacheBehavior [ RunTime:0.000323s ]
INFO: [ view_filter ] --END-- [ RunTime:0.000407s ]
INFO: [ app_end ] --START--
INFO: Run Behavior\ShowPageTraceBehavior [ RunTime:0.000483s ]
INFO: [ app_end ] --END-- [ RunTime:0.000554s ]

[ 2017-11-03T11:16:49+08:00 ] 10.97.93.95 /
INFO: [ app_init ] --START--
INFO: Run Behavior\BuildLiteBehavior [ RunTime:0.000033s ]
INFO: [ app_init ] --END-- [ RunTime:0.000748s ]
INFO: [ app_begin ] --START--
INFO: Run Behavior\ReadHtmlCacheBehavior [ RunTime:0.001020s ]
INFO: [ app_begin ] --END-- [ RunTime:0.001194s ]
INFO: [ view_parse ] --START--
INFO: [ template_filter ] --START--
INFO: Run Behavior\ContentReplaceBehavior [ RunTime:0.000121s ]
INFO: [ template_filter ] --END-- [ RunTime:0.000202s ]
NOTIC: [8] Use of undefined constant index - assumed 'index' D:\wamp\www\ybplant\Application\Runtime\Cache\index\e27ac99aeaa7b8b624c6a9e6029f59fb.php 第 57 行.
NOTIC: [8] Use of undefined constant isuser - assumed 'isuser' D:\wamp\www\ybplant\Application\Runtime\Cache\index\e27ac99aeaa7b8b624c6a9e6029f59fb.php 第 67 行.
NOTIC: [8] Undefined index: isuser D:\wamp\www\ybplant\Application\Runtime\Cache\index\e27ac99aeaa7b8b624c6a9e6029f59fb.php 第 67 行.
NOTIC: [8] Use of undefined constant isuser - assumed 'isuser' D:\wamp\www\ybplant\Application\Runtime\Cache\index\e27ac99aeaa7b8b624c6a9e6029f59fb.php 第 69 行.
NOTIC: [8] Undefined index: isuser D:\wamp\www\ybplant\Application\Runtime\Cache\index\e27ac99aeaa7b8b624c6a9e6029f59fb.php 第 69 行.
INFO: Run Behavior\ParseTemplateBehavior [ RunTime:0.014203s ]
INFO: [ view_parse ] --END-- [ RunTime:0.014279s ]
INFO: [ view_filter ] --START--
INFO: Run Behavior\WriteHtmlCacheBehavior [ RunTime:0.000306s ]
INFO: [ view_filter ] --END-- [ RunTime:0.000374s ]
INFO: [ app_end ] --START--
INFO: Run Behavior\ShowPageTraceBehavior [ RunTime:0.000490s ]
INFO: [ app_end ] --END-- [ RunTime:0.000560s ]

[ 2017-11-03T11:40:18+08:00 ] 10.97.42.195 /index.php/index/message_post?chip_id=lib-big&chip_pwd=123&data=[{"t":23,"h_d":26,"h_o":38},{"t":24,"h_d":26,"h_o":38},{"t":24,"h_d":26,"h_o":38},{"t":24,"h_d":25,"h_o":38},{"t":24,"h_d":26,"h_o":38},{"t":24,"h_d":26,"h_o":38},{"t":24,"h_d":26,"h_o":38},{"t":24,"h_d":25,"h_o":38},{"t":24,"h_d":23,"h_o":38},{"t":24,"h_d":25,"h_o":38},{"t":24,"h_d":25,"h_o":38},{"t":24,"h_d":24,"h_o":38}]
INFO: [ app_init ] --START--
INFO: Run Behavior\BuildLiteBehavior [ RunTime:0.000032s ]
INFO: [ app_init ] --END-- [ RunTime:0.000572s ]
INFO: [ app_begin ] --START--
INFO: Run Behavior\ReadHtmlCacheBehavior [ RunTime:0.000790s ]
INFO: [ app_begin ] --END-- [ RunTime:0.000944s ]
NOTIC: [8] Use of undefined constant chip_id - assumed 'chip_id' D:\wamp\www\ybplant\Application\index\Controller\IndexController.class.php 第 187 行.
NOTIC: [8] Use of undefined constant chip_pwd - assumed 'chip_pwd' D:\wamp\www\ybplant\Application\index\Controller\IndexController.class.php 第 187 行.
SQL: SHOW COLUMNS FROM `chip_set` [ RunTime:0.0028s ]
SQL: SELECT * FROM `chip_set` WHERE ( chip_id = "lib-big" and password = "123"  )  [ RunTime:0.0003s ]
NOTIC: [8] Use of undefined constant data - assumed 'data' D:\wamp\www\ybplant\Application\index\Controller\IndexController.class.php 第 213 行.
SQL: SHOW COLUMNS FROM `chip_data` [ RunTime:0.0022s ]
NOTIC: [8] Use of undefined constant chip_id - assumed 'chip_id' D:\wamp\www\ybplant\Application\index\Controller\IndexController.class.php 第 220 行.
SQL: INSERT INTO `chip_data` (`chip_id`,`temp`,`hum_oil`,`hum`,`time`) VALUES ('lib-big','23','26','38','2017-11-03 10:45:18') [ RunTime:0.0255s ]
NOTIC: [8] Use of undefined constant chip_id - assumed 'chip_id' D:\wamp\www\ybplant\Application\index\Controller\IndexController.class.php 第 220 行.
SQL: INSERT INTO `chip_data` (`chip_id`,`temp`,`hum_oil`,`hum`,`time`) VALUES ('lib-big','24','26','38','2017-11-03 10:50:18') [ RunTime:0.0253s ]
NOTIC: [8] Use of undefined constant chip_id - assumed 'chip_id' D:\wamp\www\ybplant\Application\index\Controller\IndexController.class.php 第 220 行.
SQL: INSERT INTO `chip_data` (`chip_id`,`temp`,`hum_oil`,`hum`,`time`) VALUES ('lib-big','24','26','38','2017-11-03 10:55:18') [ RunTime:0.0235s ]
NOTIC: [8] Use of undefined constant chip_id - assumed 'chip_id' D:\wamp\www\ybplant\Application\index\Controller\IndexController.class.php 第 220 行.
SQL: INSERT INTO `chip_data` (`chip_id`,`temp`,`hum_oil`,`hum`,`time`) VALUES ('lib-big','24','25','38','2017-11-03 11:00:18') [ RunTime:0.0235s ]
NOTIC: [8] Use of undefined constant chip_id - assumed 'chip_id' D:\wamp\www\ybplant\Application\index\Controller\IndexController.class.php 第 220 行.
SQL: INSERT INTO `chip_data` (`chip_id`,`temp`,`hum_oil`,`hum`,`time`) VALUES ('lib-big','24','26','38','2017-11-03 11:05:18') [ RunTime:0.0234s ]
NOTIC: [8] Use of undefined constant chip_id - assumed 'chip_id' D:\wamp\www\ybplant\Application\index\Controller\IndexController.class.php 第 220 行.
SQL: INSERT INTO `chip_data` (`chip_id`,`temp`,`hum_oil`,`hum`,`time`) VALUES ('lib-big','24','26','38','2017-11-03 11:10:18') [ RunTime:0.0235s ]
NOTIC: [8] Use of undefined constant chip_id - assumed 'chip_id' D:\wamp\www\ybplant\Application\index\Controller\IndexController.class.php 第 220 行.
SQL: INSERT INTO `chip_data` (`chip_id`,`temp`,`hum_oil`,`hum`,`time`) VALUES ('lib-big','24','26','38','2017-11-03 11:15:18') [ RunTime:0.0235s ]
NOTIC: [8] Use of undefined constant chip_id - assumed 'chip_id' D:\wamp\www\ybplant\Application\index\Controller\IndexController.class.php 第 220 行.
SQL: INSERT INTO `chip_data` (`chip_id`,`temp`,`hum_oil`,`hum`,`time`) VALUES ('lib-big','24','25','38','2017-11-03 11:20:18') [ RunTime:0.0219s ]
NOTIC: [8] Use of undefined constant chip_id - assumed 'chip_id' D:\wamp\www\ybplant\Application\index\Controller\IndexController.class.php 第 220 行.
SQL: INSERT INTO `chip_data` (`chip_id`,`temp`,`hum_oil`,`hum`,`time`) VALUES ('lib-big','24','23','38','2017-11-03 11:25:18') [ RunTime:0.0241s ]
NOTIC: [8] Use of undefined constant chip_id - assumed 'chip_id' D:\wamp\www\ybplant\Application\index\Controller\IndexController.class.php 第 220 行.
SQL: INSERT INTO `chip_data` (`chip_id`,`temp`,`hum_oil`,`hum`,`time`) VALUES ('lib-big','24','25','38','2017-11-03 11:30:18') [ RunTime:0.0245s ]
NOTIC: [8] Use of undefined constant chip_id - assumed 'chip_id' D:\wamp\www\ybplant\Application\index\Controller\IndexController.class.php 第 220 行.
SQL: INSERT INTO `chip_data` (`chip_id`,`temp`,`hum_oil`,`hum`,`time`) VALUES ('lib-big','24','25','38','2017-11-03 11:35:18') [ RunTime:0.0333s ]
NOTIC: [8] Use of undefined constant chip_id - assumed 'chip_id' D:\wamp\www\ybplant\Application\index\Controller\IndexController.class.php 第 220 行.
SQL: INSERT INTO `chip_data` (`chip_id`,`temp`,`hum_oil`,`hum`,`time`) VALUES ('lib-big','24','24','38','2017-11-03 11:40:18') [ RunTime:0.0235s ]
SQL: UPDATE `chip_set` SET `last_connect_time`='1509680418' WHERE ( chip_id = "lib-big" and password = "123"  ) [ RunTime:0.0238s ]
INFO: [ app_end ] --START--
INFO: Run Behavior\ShowPageTraceBehavior [ RunTime:0.002240s ]
INFO: [ app_end ] --END-- [ RunTime:0.002598s ]

[ 2017-11-03T12:41:18+08:00 ] 10.97.42.195 /index.php/index/message_post?chip_id=lib-big&chip_pwd=123&data=[{"t":24,"h_d":24,"h_o":38},{"t":24,"h_d":24,"h_o":38},{"t":24,"h_d":24,"h_o":38},{"t":24,"h_d":24,"h_o":38},{"t":24,"h_d":23,"h_o":37},{"t":24,"h_d":22,"h_o":38},{"t":24,"h_d":22,"h_o":38},{"t":24,"h_d":22,"h_o":37},{"t":24,"h_d":21,"h_o":37},{"t":24,"h_d":21,"h_o":37},{"t":24,"h_d":22,"h_o":37},{"t":24,"h_d":22,"h_o":37}]
INFO: [ app_init ] --START--
INFO: Run Behavior\BuildLiteBehavior [ RunTime:0.000033s ]
INFO: [ app_init ] --END-- [ RunTime:0.000595s ]
INFO: [ app_begin ] --START--
INFO: Run Behavior\ReadHtmlCacheBehavior [ RunTime:0.000824s ]
INFO: [ app_begin ] --END-- [ RunTime:0.000977s ]
NOTIC: [8] Use of undefined constant chip_id - assumed 'chip_id' D:\wamp\www\ybplant\Application\index\Controller\IndexController.class.php 第 187 行.
NOTIC: [8] Use of undefined constant chip_pwd - assumed 'chip_pwd' D:\wamp\www\ybplant\Application\index\Controller\IndexController.class.php 第 187 行.
SQL: SHOW COLUMNS FROM `chip_set` [ RunTime:0.0042s ]
SQL: SELECT * FROM `chip_set` WHERE ( chip_id = "lib-big" and password = "123"  )  [ RunTime:0.0005s ]
NOTIC: [8] Use of undefined constant data - assumed 'data' D:\wamp\www\ybplant\Application\index\Controller\IndexController.class.php 第 213 行.
SQL: SHOW COLUMNS FROM `chip_data` [ RunTime:0.0024s ]
NOTIC: [8] Use of undefined constant chip_id - assumed 'chip_id' D:\wamp\www\ybplant\Application\index\Controller\IndexController.class.php 第 220 行.
SQL: INSERT INTO `chip_data` (`chip_id`,`temp`,`hum_oil`,`hum`,`time`) VALUES ('lib-big','24','24','38','2017-11-03 11:46:18') [ RunTime:0.0234s ]
NOTIC: [8] Use of undefined constant chip_id - assumed 'chip_id' D:\wamp\www\ybplant\Application\index\Controller\IndexController.class.php 第 220 行.
SQL: INSERT INTO `chip_data` (`chip_id`,`temp`,`hum_oil`,`hum`,`time`) VALUES ('lib-big','24','24','38','2017-11-03 11:51:18') [ RunTime:0.0250s ]
NOTIC: [8] Use of undefined constant chip_id - assumed 'chip_id' D:\wamp\www\ybplant\Application\index\Controller\IndexController.class.php 第 220 行.
SQL: INSERT INTO `chip_data` (`chip_id`,`temp`,`hum_oil`,`hum`,`time`) VALUES ('lib-big','24','24','38','2017-11-03 11:56:18') [ RunTime:0.0234s ]
NOTIC: [8] Use of undefined constant chip_id - assumed 'chip_id' D:\wamp\www\ybplant\Application\index\Controller\IndexController.class.php 第 220 行.
SQL: INSERT INTO `chip_data` (`chip_id`,`temp`,`hum_oil`,`hum`,`time`) VALUES ('lib-big','24','24','38','2017-11-03 12:01:18') [ RunTime:0.0234s ]
NOTIC: [8] Use of undefined constant chip_id - assumed 'chip_id' D:\wamp\www\ybplant\Application\index\Controller\IndexController.class.php 第 220 行.
SQL: INSERT INTO `chip_data` (`chip_id`,`temp`,`hum_oil`,`hum`,`time`) VALUES ('lib-big','24','23','37','2017-11-03 12:06:18') [ RunTime:0.0221s ]
NOTIC: [8] Use of undefined constant chip_id - assumed 'chip_id' D:\wamp\www\ybplant\Application\index\Controller\IndexController.class.php 第 220 行.
SQL: INSERT INTO `chip_data` (`chip_id`,`temp`,`hum_oil`,`hum`,`time`) VALUES ('lib-big','24','22','38','2017-11-03 12:11:18') [ RunTime:0.0234s ]
NOTIC: [8] Use of undefined constant chip_id - assumed 'chip_id' D:\wamp\www\ybplant\Application\index\Controller\IndexController.class.php 第 220 行.
SQL: INSERT INTO `chip_data` (`chip_id`,`temp`,`hum_oil`,`hum`,`time`) VALUES ('lib-big','24','22','38','2017-11-03 12:16:18') [ RunTime:0.0234s ]
NOTIC: [8] Use of undefined constant chip_id - assumed 'chip_id' D:\wamp\www\ybplant\Application\index\Controller\IndexController.class.php 第 220 行.
SQL: INSERT INTO `chip_data` (`chip_id`,`temp`,`hum_oil`,`hum`,`time`) VALUES ('lib-big','24','22','37','2017-11-03 12:21:18') [ RunTime:0.0234s ]
NOTIC: [8] Use of undefined constant chip_id - assumed 'chip_id' D:\wamp\www\ybplant\Application\index\Controller\IndexController.class.php 第 220 行.
SQL: INSERT INTO `chip_data` (`chip_id`,`temp`,`hum_oil`,`hum`,`time`) VALUES ('lib-big','24','21','37','2017-11-03 12:26:18') [ RunTime:0.0234s ]
NOTIC: [8] Use of undefined constant chip_id - assumed 'chip_id' D:\wamp\www\ybplant\Application\index\Controller\IndexController.class.php 第 220 行.
SQL: INSERT INTO `chip_data` (`chip_id`,`temp`,`hum_oil`,`hum`,`time`) VALUES ('lib-big','24','21','37','2017-11-03 12:31:18') [ RunTime:0.0234s ]
NOTIC: [8] Use of undefined constant chip_id - assumed 'chip_id' D:\wamp\www\ybplant\Application\index\Controller\IndexController.class.php 第 220 行.
SQL: INSERT INTO `chip_data` (`chip_id`,`temp`,`hum_oil`,`hum`,`time`) VALUES ('lib-big','24','22','37','2017-11-03 12:36:18') [ RunTime:0.0235s ]
NOTIC: [8] Use of undefined constant chip_id - assumed 'chip_id' D:\wamp\www\ybplant\Application\index\Controller\IndexController.class.php 第 220 行.
SQL: INSERT INTO `chip_data` (`chip_id`,`temp`,`hum_oil`,`hum`,`time`) VALUES ('lib-big','24','22','37','2017-11-03 12:41:18') [ RunTime:0.0234s ]
SQL: UPDATE `chip_set` SET `last_connect_time`='1509684078' WHERE ( chip_id = "lib-big" and password = "123"  ) [ RunTime:0.0270s ]
INFO: [ app_end ] --START--
INFO: Run Behavior\ShowPageTraceBehavior [ RunTime:0.002315s ]
INFO: [ app_end ] --END-- [ RunTime:0.002679s ]

[ 2017-11-03T13:42:18+08:00 ] 10.97.42.195 /index.php/index/message_post?chip_id=lib-big&chip_pwd=123&data=[{"t":24,"h_d":22,"h_o":37},{"t":24,"h_d":22,"h_o":37},{"t":24,"h_d":22,"h_o":37},{"t":24,"h_d":22,"h_o":37},{"t":24,"h_d":22,"h_o":37},{"t":24,"h_d":21,"h_o":37},{"t":24,"h_d":22,"h_o":36},{"t":24,"h_d":21,"h_o":37},{"t":24,"h_d":22,"h_o":37},{"t":24,"h_d":22,"h_o":36},{"t":24,"h_d":20,"h_o":36},{"t":24,"h_d":21,"h_o":36}]
INFO: [ app_init ] --START--
INFO: Run Behavior\BuildLiteBehavior [ RunTime:0.000031s ]
INFO: [ app_init ] --END-- [ RunTime:0.000572s ]
INFO: [ app_begin ] --START--
INFO: Run Behavior\ReadHtmlCacheBehavior [ RunTime:0.000786s ]
INFO: [ app_begin ] --END-- [ RunTime:0.000936s ]
NOTIC: [8] Use of undefined constant chip_id - assumed 'chip_id' D:\wamp\www\ybplant\Application\index\Controller\IndexController.class.php 第 187 行.
NOTIC: [8] Use of undefined constant chip_pwd - assumed 'chip_pwd' D:\wamp\www\ybplant\Application\index\Controller\IndexController.class.php 第 187 行.
SQL: SHOW COLUMNS FROM `chip_set` [ RunTime:0.0026s ]
SQL: SELECT * FROM `chip_set` WHERE ( chip_id = "lib-big" and password = "123"  )  [ RunTime:0.0003s ]
NOTIC: [8] Use of undefined constant data - assumed 'data' D:\wamp\www\ybplant\Application\index\Controller\IndexController.class.php 第 213 行.
SQL: SHOW COLUMNS FROM `chip_data` [ RunTime:0.0021s ]
NOTIC: [8] Use of undefined constant chip_id - assumed 'chip_id' D:\wamp\www\ybplant\Application\index\Controller\IndexController.class.php 第 220 行.
SQL: INSERT INTO `chip_data` (`chip_id`,`temp`,`hum_oil`,`hum`,`time`) VALUES ('lib-big','24','22','37','2017-11-03 12:47:18') [ RunTime:0.0459s ]
NOTIC: [8] Use of undefined constant chip_id - assumed 'chip_id' D:\wamp\www\ybplant\Application\index\Controller\IndexController.class.php 第 220 行.
SQL: INSERT INTO `chip_data` (`chip_id`,`temp`,`hum_oil`,`hum`,`time`) VALUES ('lib-big','24','22','37','2017-11-03 12:52:18') [ RunTime:0.0298s ]
NOTIC: [8] Use of undefined constant chip_id - assumed 'chip_id' D:\wamp\www\ybplant\Application\index\Controller\IndexController.class.php 第 220 行.
SQL: INSERT INTO `chip_data` (`chip_id`,`temp`,`hum_oil`,`hum`,`time`) VALUES ('lib-big','24','22','37','2017-11-03 12:57:18') [ RunTime:0.0234s ]
NOTIC: [8] Use of undefined constant chip_id - assumed 'chip_id' D:\wamp\www\ybplant\Application\index\Controller\IndexController.class.php 第 220 行.
SQL: INSERT INTO `chip_data` (`chip_id`,`temp`,`hum_oil`,`hum`,`time`) VALUES ('lib-big','24','22','37','2017-11-03 13:02:18') [ RunTime:0.0234s ]
NOTIC: [8] Use of undefined constant chip_id - assumed 'chip_id' D:\wamp\www\ybplant\Application\index\Controller\IndexController.class.php 第 220 行.
SQL: INSERT INTO `chip_data` (`chip_id`,`temp`,`hum_oil`,`hum`,`time`) VALUES ('lib-big','24','22','37','2017-11-03 13:07:18') [ RunTime:0.0253s ]
NOTIC: [8] Use of undefined constant chip_id - assumed 'chip_id' D:\wamp\www\ybplant\Application\index\Controller\IndexController.class.php 第 220 行.
SQL: INSERT INTO `chip_data` (`chip_id`,`temp`,`hum_oil`,`hum`,`time`) VALUES ('lib-big','24','21','37','2017-11-03 13:12:18') [ RunTime:0.0234s ]
NOTIC: [8] Use of undefined constant chip_id - assumed 'chip_id' D:\wamp\www\ybplant\Application\index\Controller\IndexController.class.php 第 220 行.
SQL: INSERT INTO `chip_data` (`chip_id`,`temp`,`hum_oil`,`hum`,`time`) VALUES ('lib-big','24','22','36','2017-11-03 13:17:18') [ RunTime:0.0235s ]
NOTIC: [8] Use of undefined constant chip_id - assumed 'chip_id' D:\wamp\www\ybplant\Application\index\Controller\IndexController.class.php 第 220 行.
SQL: INSERT INTO `chip_data` (`chip_id`,`temp`,`hum_oil`,`hum`,`time`) VALUES ('lib-big','24','21','37','2017-11-03 13:22:18') [ RunTime:0.0234s ]
NOTIC: [8] Use of undefined constant chip_id - assumed 'chip_id' D:\wamp\www\ybplant\Application\index\Controller\IndexController.class.php 第 220 行.
SQL: INSERT INTO `chip_data` (`chip_id`,`temp`,`hum_oil`,`hum`,`time`) VALUES ('lib-big','24','22','37','2017-11-03 13:27:18') [ RunTime:0.0221s ]
NOTIC: [8] Use of undefined constant chip_id - assumed 'chip_id' D:\wamp\www\ybplant\Application\index\Controller\IndexController.class.php 第 220 行.
SQL: INSERT INTO `chip_data` (`chip_id`,`temp`,`hum_oil`,`hum`,`time`) VALUES ('lib-big','24','22','36','2017-11-03 13:32:18') [ RunTime:0.0318s ]
NOTIC: [8] Use of undefined constant chip_id - assumed 'chip_id' D:\wamp\www\ybplant\Application\index\Controller\IndexController.class.php 第 220 行.
SQL: INSERT INTO `chip_data` (`chip_id`,`temp`,`hum_oil`,`hum`,`time`) VALUES ('lib-big','24','20','36','2017-11-03 13:37:18') [ RunTime:0.0235s ]
NOTIC: [8] Use of undefined constant chip_id - assumed 'chip_id' D:\wamp\www\ybplant\Application\index\Controller\IndexController.class.php 第 220 行.
SQL: INSERT INTO `chip_data` (`chip_id`,`temp`,`hum_oil`,`hum`,`time`) VALUES ('lib-big','24','21','36','2017-11-03 13:42:18') [ RunTime:0.0234s ]
SQL: UPDATE `chip_set` SET `last_connect_time`='1509687738' WHERE ( chip_id = "lib-big" and password = "123"  ) [ RunTime:0.0255s ]
INFO: [ app_end ] --START--
INFO: Run Behavior\ShowPageTraceBehavior [ RunTime:0.002263s ]
INFO: [ app_end ] --END-- [ RunTime:0.002651s ]

[ 2017-11-03T15:44:27+08:00 ] 10.97.42.195 /index.php/index/message_post?chip_id=lib-big&chip_pwd=123&data=[{"t":25,"h_d":22,"h_o":36},{"t":25,"h_d":23,"h_o":36},{"t":25,"h_d":22,"h_o":36},{"t":25,"h_d":22,"h_o":35},{"t":25,"h_d":22,"h_o":34},{"t":25,"h_d":23,"h_o":36},{"t":25,"h_d":22,"h_o":34},{"t":25,"h_d":22,"h_o":36},{"t":25,"h_d":22,"h_o":34},{"t":25,"h_d":22,"h_o":34},{"t":25,"h_d":22,"h_o":34},{"t":25,"h_d":22,"h_o":34}]
INFO: [ app_init ] --START--
INFO: Run Behavior\BuildLiteBehavior [ RunTime:0.000031s ]
INFO: [ app_init ] --END-- [ RunTime:0.000566s ]
INFO: [ app_begin ] --START--
INFO: Run Behavior\ReadHtmlCacheBehavior [ RunTime:0.000789s ]
INFO: [ app_begin ] --END-- [ RunTime:0.000940s ]
NOTIC: [8] Use of undefined constant chip_id - assumed 'chip_id' D:\wamp\www\ybplant\Application\index\Controller\IndexController.class.php 第 187 行.
NOTIC: [8] Use of undefined constant chip_pwd - assumed 'chip_pwd' D:\wamp\www\ybplant\Application\index\Controller\IndexController.class.php 第 187 行.
SQL: SHOW COLUMNS FROM `chip_set` [ RunTime:0.0026s ]
SQL: SELECT * FROM `chip_set` WHERE ( chip_id = "lib-big" and password = "123"  )  [ RunTime:0.0003s ]
NOTIC: [8] Use of undefined constant data - assumed 'data' D:\wamp\www\ybplant\Application\index\Controller\IndexController.class.php 第 213 行.
SQL: SHOW COLUMNS FROM `chip_data` [ RunTime:0.0022s ]
NOTIC: [8] Use of undefined constant chip_id - assumed 'chip_id' D:\wamp\www\ybplant\Application\index\Controller\IndexController.class.php 第 220 行.
SQL: INSERT INTO `chip_data` (`chip_id`,`temp`,`hum_oil`,`hum`,`time`) VALUES ('lib-big','25','22','36','2017-11-03 14:49:27') [ RunTime:0.0297s ]
NOTIC: [8] Use of undefined constant chip_id - assumed 'chip_id' D:\wamp\www\ybplant\Application\index\Controller\IndexController.class.php 第 220 行.
SQL: INSERT INTO `chip_data` (`chip_id`,`temp`,`hum_oil`,`hum`,`time`) VALUES ('lib-big','25','23','36','2017-11-03 14:54:27') [ RunTime:0.0245s ]
NOTIC: [8] Use of undefined constant chip_id - assumed 'chip_id' D:\wamp\www\ybplant\Application\index\Controller\IndexController.class.php 第 220 行.
SQL: INSERT INTO `chip_data` (`chip_id`,`temp`,`hum_oil`,`hum`,`time`) VALUES ('lib-big','25','22','36','2017-11-03 14:59:27') [ RunTime:0.0242s ]
NOTIC: [8] Use of undefined constant chip_id - assumed 'chip_id' D:\wamp\www\ybplant\Application\index\Controller\IndexController.class.php 第 220 行.
SQL: INSERT INTO `chip_data` (`chip_id`,`temp`,`hum_oil`,`hum`,`time`) VALUES ('lib-big','25','22','35','2017-11-03 15:04:27') [ RunTime:0.0241s ]
NOTIC: [8] Use of undefined constant chip_id - assumed 'chip_id' D:\wamp\www\ybplant\Application\index\Controller\IndexController.class.php 第 220 行.
SQL: INSERT INTO `chip_data` (`chip_id`,`temp`,`hum_oil`,`hum`,`time`) VALUES ('lib-big','25','22','34','2017-11-03 15:09:27') [ RunTime:0.0242s ]
NOTIC: [8] Use of undefined constant chip_id - assumed 'chip_id' D:\wamp\www\ybplant\Application\index\Controller\IndexController.class.php 第 220 行.
SQL: INSERT INTO `chip_data` (`chip_id`,`temp`,`hum_oil`,`hum`,`time`) VALUES ('lib-big','25','23','36','2017-11-03 15:14:27') [ RunTime:0.0241s ]
NOTIC: [8] Use of undefined constant chip_id - assumed 'chip_id' D:\wamp\www\ybplant\Application\index\Controller\IndexController.class.php 第 220 行.
SQL: INSERT INTO `chip_data` (`chip_id`,`temp`,`hum_oil`,`hum`,`time`) VALUES ('lib-big','25','22','34','2017-11-03 15:19:27') [ RunTime:0.0241s ]
NOTIC: [8] Use of undefined constant chip_id - assumed 'chip_id' D:\wamp\www\ybplant\Application\index\Controller\IndexController.class.php 第 220 行.
SQL: INSERT INTO `chip_data` (`chip_id`,`temp`,`hum_oil`,`hum`,`time`) VALUES ('lib-big','25','22','36','2017-11-03 15:24:27') [ RunTime:0.0243s ]
NOTIC: [8] Use of undefined constant chip_id - assumed 'chip_id' D:\wamp\www\ybplant\Application\index\Controller\IndexController.class.php 第 220 行.
SQL: INSERT INTO `chip_data` (`chip_id`,`temp`,`hum_oil`,`hum`,`time`) VALUES ('lib-big','25','22','34','2017-11-03 15:29:27') [ RunTime:0.0242s ]
NOTIC: [8] Use of undefined constant chip_id - assumed 'chip_id' D:\wamp\www\ybplant\Application\index\Controller\IndexController.class.php 第 220 行.
SQL: INSERT INTO `chip_data` (`chip_id`,`temp`,`hum_oil`,`hum`,`time`) VALUES ('lib-big','25','22','34','2017-11-03 15:34:27') [ RunTime:0.0242s ]
NOTIC: [8] Use of undefined constant chip_id - assumed 'chip_id' D:\wamp\www\ybplant\Application\index\Controller\IndexController.class.php 第 220 行.
SQL: INSERT INTO `chip_data` (`chip_id`,`temp`,`hum_oil`,`hum`,`time`) VALUES ('lib-big','25','22','34','2017-11-03 15:39:27') [ RunTime:0.0241s ]
NOTIC: [8] Use of undefined constant chip_id - assumed 'chip_id' D:\wamp\www\ybplant\Application\index\Controller\IndexController.class.php 第 220 行.
SQL: INSERT INTO `chip_data` (`chip_id`,`temp`,`hum_oil`,`hum`,`time`) VALUES ('lib-big','25','22','34','2017-11-03 15:44:27') [ RunTime:0.0242s ]
SQL: UPDATE `chip_set` SET `last_connect_time`='1509695067' WHERE ( chip_id = "lib-big" and password = "123"  ) [ RunTime:0.0263s ]
INFO: [ app_end ] --START--
INFO: Run Behavior\ShowPageTraceBehavior [ RunTime:0.002272s ]
INFO: [ app_end ] --END-- [ RunTime:0.002663s ]

[ 2017-11-03T18:47:46+08:00 ] 10.97.42.195 /index.php/index/message_post?chip_id=lib-big&chip_pwd=123&data=[{"t":24,"h_d":25,"h_o":33},{"t":23,"h_d":25,"h_o":33},{"t":23,"h_d":24,"h_o":33},{"t":23,"h_d":24,"h_o":33},{"t":23,"h_d":24,"h_o":33},{"t":23,"h_d":24,"h_o":33},{"t":23,"h_d":24,"h_o":33},{"t":23,"h_d":25,"h_o":33},{"t":23,"h_d":25,"h_o":33},{"t":23,"h_d":24,"h_o":32},{"t":23,"h_d":25,"h_o":33},{"t":23,"h_d":24,"h_o":32}]
INFO: [ app_init ] --START--
INFO: Run Behavior\BuildLiteBehavior [ RunTime:0.000031s ]
INFO: [ app_init ] --END-- [ RunTime:0.000568s ]
INFO: [ app_begin ] --START--
INFO: Run Behavior\ReadHtmlCacheBehavior [ RunTime:0.000780s ]
INFO: [ app_begin ] --END-- [ RunTime:0.000927s ]
NOTIC: [8] Use of undefined constant chip_id - assumed 'chip_id' D:\wamp\www\ybplant\Application\index\Controller\IndexController.class.php 第 187 行.
NOTIC: [8] Use of undefined constant chip_pwd - assumed 'chip_pwd' D:\wamp\www\ybplant\Application\index\Controller\IndexController.class.php 第 187 行.
SQL: SHOW COLUMNS FROM `chip_set` [ RunTime:0.0026s ]
SQL: SELECT * FROM `chip_set` WHERE ( chip_id = "lib-big" and password = "123"  )  [ RunTime:0.0003s ]
NOTIC: [8] Use of undefined constant data - assumed 'data' D:\wamp\www\ybplant\Application\index\Controller\IndexController.class.php 第 213 行.
SQL: SHOW COLUMNS FROM `chip_data` [ RunTime:0.0022s ]
NOTIC: [8] Use of undefined constant chip_id - assumed 'chip_id' D:\wamp\www\ybplant\Application\index\Controller\IndexController.class.php 第 220 行.
SQL: INSERT INTO `chip_data` (`chip_id`,`temp`,`hum_oil`,`hum`,`time`) VALUES ('lib-big','24','25','33','2017-11-03 17:52:46') [ RunTime:0.0518s ]
NOTIC: [8] Use of undefined constant chip_id - assumed 'chip_id' D:\wamp\www\ybplant\Application\index\Controller\IndexController.class.php 第 220 行.
SQL: INSERT INTO `chip_data` (`chip_id`,`temp`,`hum_oil`,`hum`,`time`) VALUES ('lib-big','23','25','33','2017-11-03 17:57:46') [ RunTime:0.0241s ]
NOTIC: [8] Use of undefined constant chip_id - assumed 'chip_id' D:\wamp\www\ybplant\Application\index\Controller\IndexController.class.php 第 220 行.
SQL: INSERT INTO `chip_data` (`chip_id`,`temp`,`hum_oil`,`hum`,`time`) VALUES ('lib-big','23','24','33','2017-11-03 18:02:46') [ RunTime:0.0241s ]
NOTIC: [8] Use of undefined constant chip_id - assumed 'chip_id' D:\wamp\www\ybplant\Application\index\Controller\IndexController.class.php 第 220 行.
SQL: INSERT INTO `chip_data` (`chip_id`,`temp`,`hum_oil`,`hum`,`time`) VALUES ('lib-big','23','24','33','2017-11-03 18:07:46') [ RunTime:0.0241s ]
NOTIC: [8] Use of undefined constant chip_id - assumed 'chip_id' D:\wamp\www\ybplant\Application\index\Controller\IndexController.class.php 第 220 行.
SQL: INSERT INTO `chip_data` (`chip_id`,`temp`,`hum_oil`,`hum`,`time`) VALUES ('lib-big','23','24','33','2017-11-03 18:12:46') [ RunTime:0.0241s ]
NOTIC: [8] Use of undefined constant chip_id - assumed 'chip_id' D:\wamp\www\ybplant\Application\index\Controller\IndexController.class.php 第 220 行.
SQL: INSERT INTO `chip_data` (`chip_id`,`temp`,`hum_oil`,`hum`,`time`) VALUES ('lib-big','23','24','33','2017-11-03 18:17:46') [ RunTime:0.0241s ]
NOTIC: [8] Use of undefined constant chip_id - assumed 'chip_id' D:\wamp\www\ybplant\Application\index\Controller\IndexController.class.php 第 220 行.
SQL: INSERT INTO `chip_data` (`chip_id`,`temp`,`hum_oil`,`hum`,`time`) VALUES ('lib-big','23','24','33','2017-11-03 18:22:46') [ RunTime:0.0241s ]
NOTIC: [8] Use of undefined constant chip_id - assumed 'chip_id' D:\wamp\www\ybplant\Application\index\Controller\IndexController.class.php 第 220 行.
SQL: INSERT INTO `chip_data` (`chip_id`,`temp`,`hum_oil`,`hum`,`time`) VALUES ('lib-big','23','25','33','2017-11-03 18:27:46') [ RunTime:0.0241s ]
NOTIC: [8] Use of undefined constant chip_id - assumed 'chip_id' D:\wamp\www\ybplant\Application\index\Controller\IndexController.class.php 第 220 行.
SQL: INSERT INTO `chip_data` (`chip_id`,`temp`,`hum_oil`,`hum`,`time`) VALUES ('lib-big','23','25','33','2017-11-03 18:32:46') [ RunTime:0.0241s ]
NOTIC: [8] Use of undefined constant chip_id - assumed 'chip_id' D:\wamp\www\ybplant\Application\index\Controller\IndexController.class.php 第 220 行.
SQL: INSERT INTO `chip_data` (`chip_id`,`temp`,`hum_oil`,`hum`,`time`) VALUES ('lib-big','23','24','32','2017-11-03 18:37:46') [ RunTime:0.0241s ]
NOTIC: [8] Use of undefined constant chip_id - assumed 'chip_id' D:\wamp\www\ybplant\Application\index\Controller\IndexController.class.php 第 220 行.
SQL: INSERT INTO `chip_data` (`chip_id`,`temp`,`hum_oil`,`hum`,`time`) VALUES ('lib-big','23','25','33','2017-11-03 18:42:46') [ RunTime:0.0240s ]
NOTIC: [8] Use of undefined constant chip_id - assumed 'chip_id' D:\wamp\www\ybplant\Application\index\Controller\IndexController.class.php 第 220 行.
SQL: INSERT INTO `chip_data` (`chip_id`,`temp`,`hum_oil`,`hum`,`time`) VALUES ('lib-big','23','24','32','2017-11-03 18:47:46') [ RunTime:0.0241s ]
SQL: UPDATE `chip_set` SET `last_connect_time`='1509706066' WHERE ( chip_id = "lib-big" and password = "123"  ) [ RunTime:0.0328s ]
INFO: [ app_end ] --START--
INFO: Run Behavior\ShowPageTraceBehavior [ RunTime:0.000596s ]
INFO: [ app_end ] --END-- [ RunTime:0.000686s ]

[ 2017-11-03T19:48:46+08:00 ] 10.97.42.195 /index.php/index/message_post?chip_id=lib-big&chip_pwd=123&data=[{"t":23,"h_d":24,"h_o":32},{"t":23,"h_d":25,"h_o":32},{"t":23,"h_d":25,"h_o":32},{"t":23,"h_d":25,"h_o":32},{"t":23,"h_d":25,"h_o":32},{"t":23,"h_d":24,"h_o":32},{"t":23,"h_d":24,"h_o":32},{"t":23,"h_d":24,"h_o":32},{"t":23,"h_d":24,"h_o":32},{"t":23,"h_d":24,"h_o":32},{"t":23,"h_d":24,"h_o":32},{"t":23,"h_d":25,"h_o":32}]
INFO: [ app_init ] --START--
INFO: Run Behavior\BuildLiteBehavior [ RunTime:0.000076s ]
INFO: [ app_init ] --END-- [ RunTime:0.001422s ]
INFO: [ app_begin ] --START--
INFO: Run Behavior\ReadHtmlCacheBehavior [ RunTime:0.001948s ]
INFO: [ app_begin ] --END-- [ RunTime:0.002312s ]
NOTIC: [8] Use of undefined constant chip_id - assumed 'chip_id' D:\wamp\www\ybplant\Application\index\Controller\IndexController.class.php 第 187 行.
NOTIC: [8] Use of undefined constant chip_pwd - assumed 'chip_pwd' D:\wamp\www\ybplant\Application\index\Controller\IndexController.class.php 第 187 行.
SQL: SHOW COLUMNS FROM `chip_set` [ RunTime:0.0025s ]
SQL: SELECT * FROM `chip_set` WHERE ( chip_id = "lib-big" and password = "123"  )  [ RunTime:0.0003s ]
NOTIC: [8] Use of undefined constant data - assumed 'data' D:\wamp\www\ybplant\Application\index\Controller\IndexController.class.php 第 213 行.
SQL: SHOW COLUMNS FROM `chip_data` [ RunTime:0.0022s ]
NOTIC: [8] Use of undefined constant chip_id - assumed 'chip_id' D:\wamp\www\ybplant\Application\index\Controller\IndexController.class.php 第 220 行.
SQL: INSERT INTO `chip_data` (`chip_id`,`temp`,`hum_oil`,`hum`,`time`) VALUES ('lib-big','23','24','32','2017-11-03 18:53:46') [ RunTime:0.0304s ]
NOTIC: [8] Use of undefined constant chip_id - assumed 'chip_id' D:\wamp\www\ybplant\Application\index\Controller\IndexController.class.php 第 220 行.
SQL: INSERT INTO `chip_data` (`chip_id`,`temp`,`hum_oil`,`hum`,`time`) VALUES ('lib-big','23','25','32','2017-11-03 18:58:46') [ RunTime:0.0260s ]
NOTIC: [8] Use of undefined constant chip_id - assumed 'chip_id' D:\wamp\www\ybplant\Application\index\Controller\IndexController.class.php 第 220 行.
SQL: INSERT INTO `chip_data` (`chip_id`,`temp`,`hum_oil`,`hum`,`time`) VALUES ('lib-big','23','25','32','2017-11-03 19:03:46') [ RunTime:0.0241s ]
NOTIC: [8] Use of undefined constant chip_id - assumed 'chip_id' D:\wamp\www\ybplant\Application\index\Controller\IndexController.class.php 第 220 行.
SQL: INSERT INTO `chip_data` (`chip_id`,`temp`,`hum_oil`,`hum`,`time`) VALUES ('lib-big','23','25','32','2017-11-03 19:08:46') [ RunTime:0.0241s ]
NOTIC: [8] Use of undefined constant chip_id - assumed 'chip_id' D:\wamp\www\ybplant\Application\index\Controller\IndexController.class.php 第 220 行.
SQL: INSERT INTO `chip_data` (`chip_id`,`temp`,`hum_oil`,`hum`,`time`) VALUES ('lib-big','23','25','32','2017-11-03 19:13:46') [ RunTime:0.0241s ]
NOTIC: [8] Use of undefined constant chip_id - assumed 'chip_id' D:\wamp\www\ybplant\Application\index\Controller\IndexController.class.php 第 220 行.
SQL: INSERT INTO `chip_data` (`chip_id`,`temp`,`hum_oil`,`hum`,`time`) VALUES ('lib-big','23','24','32','2017-11-03 19:18:46') [ RunTime:0.0241s ]
NOTIC: [8] Use of undefined constant chip_id - assumed 'chip_id' D:\wamp\www\ybplant\Application\index\Controller\IndexController.class.php 第 220 行.
SQL: INSERT INTO `chip_data` (`chip_id`,`temp`,`hum_oil`,`hum`,`time`) VALUES ('lib-big','23','24','32','2017-11-03 19:23:46') [ RunTime:0.0228s ]
NOTIC: [8] Use of undefined constant chip_id - assumed 'chip_id' D:\wamp\www\ybplant\Application\index\Controller\IndexController.class.php 第 220 行.
SQL: INSERT INTO `chip_data` (`chip_id`,`temp`,`hum_oil`,`hum`,`time`) VALUES ('lib-big','23','24','32','2017-11-03 19:28:46') [ RunTime:0.0241s ]
NOTIC: [8] Use of undefined constant chip_id - assumed 'chip_id' D:\wamp\www\ybplant\Application\index\Controller\IndexController.class.php 第 220 行.
SQL: INSERT INTO `chip_data` (`chip_id`,`temp`,`hum_oil`,`hum`,`time`) VALUES ('lib-big','23','24','32','2017-11-03 19:33:46') [ RunTime:0.0260s ]
NOTIC: [8] Use of undefined constant chip_id - assumed 'chip_id' D:\wamp\www\ybplant\Application\index\Controller\IndexController.class.php 第 220 行.
SQL: INSERT INTO `chip_data` (`chip_id`,`temp`,`hum_oil`,`hum`,`time`) VALUES ('lib-big','23','24','32','2017-11-03 19:38:46') [ RunTime:0.0241s ]
NOTIC: [8] Use of undefined constant chip_id - assumed 'chip_id' D:\wamp\www\ybplant\Application\index\Controller\IndexController.class.php 第 220 行.
SQL: INSERT INTO `chip_data` (`chip_id`,`temp`,`hum_oil`,`hum`,`time`) VALUES ('lib-big','23','24','32','2017-11-03 19:43:46') [ RunTime:0.0241s ]
NOTIC: [8] Use of undefined constant chip_id - assumed 'chip_id' D:\wamp\www\ybplant\Application\index\Controller\IndexController.class.php 第 220 行.
SQL: INSERT INTO `chip_data` (`chip_id`,`temp`,`hum_oil`,`hum`,`time`) VALUES ('lib-big','23','25','32','2017-11-03 19:48:46') [ RunTime:0.0242s ]
SQL: UPDATE `chip_set` SET `last_connect_time`='1509709726' WHERE ( chip_id = "lib-big" and password = "123"  ) [ RunTime:0.0245s ]
INFO: [ app_end ] --START--
INFO: Run Behavior\ShowPageTraceBehavior [ RunTime:0.002236s ]
INFO: [ app_end ] --END-- [ RunTime:0.002600s ]

[ 2017-11-03T20:49:46+08:00 ] 10.97.42.195 /index.php/index/message_post?chip_id=lib-big&chip_pwd=123&data=[{"t":23,"h_d":25,"h_o":32},{"t":23,"h_d":25,"h_o":32},{"t":23,"h_d":26,"h_o":32},{"t":23,"h_d":25,"h_o":32},{"t":23,"h_d":26,"h_o":32},{"t":23,"h_d":26,"h_o":32},{"t":23,"h_d":26,"h_o":31},{"t":23,"h_d":26,"h_o":31},{"t":23,"h_d":26,"h_o":32},{"t":23,"h_d":26,"h_o":31},{"t":23,"h_d":26,"h_o":31},{"t":23,"h_d":26,"h_o":31}]
INFO: [ app_init ] --START--
INFO: Run Behavior\BuildLiteBehavior [ RunTime:0.000031s ]
INFO: [ app_init ] --END-- [ RunTime:0.000566s ]
INFO: [ app_begin ] --START--
INFO: Run Behavior\ReadHtmlCacheBehavior [ RunTime:0.000786s ]
INFO: [ app_begin ] --END-- [ RunTime:0.000935s ]
NOTIC: [8] Use of undefined constant chip_id - assumed 'chip_id' D:\wamp\www\ybplant\Application\index\Controller\IndexController.class.php 第 187 行.
NOTIC: [8] Use of undefined constant chip_pwd - assumed 'chip_pwd' D:\wamp\www\ybplant\Application\index\Controller\IndexController.class.php 第 187 行.
SQL: SHOW COLUMNS FROM `chip_set` [ RunTime:0.0026s ]
SQL: SELECT * FROM `chip_set` WHERE ( chip_id = "lib-big" and password = "123"  )  [ RunTime:0.0004s ]
NOTIC: [8] Use of undefined constant data - assumed 'data' D:\wamp\www\ybplant\Application\index\Controller\IndexController.class.php 第 213 行.
SQL: SHOW COLUMNS FROM `chip_data` [ RunTime:0.0022s ]
NOTIC: [8] Use of undefined constant chip_id - assumed 'chip_id' D:\wamp\www\ybplant\Application\index\Controller\IndexController.class.php 第 220 行.
SQL: INSERT INTO `chip_data` (`chip_id`,`temp`,`hum_oil`,`hum`,`time`) VALUES ('lib-big','23','25','32','2017-11-03 19:54:46') [ RunTime:0.0262s ]
NOTIC: [8] Use of undefined constant chip_id - assumed 'chip_id' D:\wamp\www\ybplant\Application\index\Controller\IndexController.class.php 第 220 行.
SQL: INSERT INTO `chip_data` (`chip_id`,`temp`,`hum_oil`,`hum`,`time`) VALUES ('lib-big','23','25','32','2017-11-03 19:59:46') [ RunTime:0.0257s ]
NOTIC: [8] Use of undefined constant chip_id - assumed 'chip_id' D:\wamp\www\ybplant\Application\index\Controller\IndexController.class.php 第 220 行.
SQL: INSERT INTO `chip_data` (`chip_id`,`temp`,`hum_oil`,`hum`,`time`) VALUES ('lib-big','23','26','32','2017-11-03 20:04:46') [ RunTime:0.0241s ]
NOTIC: [8] Use of undefined constant chip_id - assumed 'chip_id' D:\wamp\www\ybplant\Application\index\Controller\IndexController.class.php 第 220 行.
SQL: INSERT INTO `chip_data` (`chip_id`,`temp`,`hum_oil`,`hum`,`time`) VALUES ('lib-big','23','25','32','2017-11-03 20:09:46') [ RunTime:0.0241s ]
NOTIC: [8] Use of undefined constant chip_id - assumed 'chip_id' D:\wamp\www\ybplant\Application\index\Controller\IndexController.class.php 第 220 行.
SQL: INSERT INTO `chip_data` (`chip_id`,`temp`,`hum_oil`,`hum`,`time`) VALUES ('lib-big','23','26','32','2017-11-03 20:14:46') [ RunTime:0.0228s ]
NOTIC: [8] Use of undefined constant chip_id - assumed 'chip_id' D:\wamp\www\ybplant\Application\index\Controller\IndexController.class.php 第 220 行.
SQL: INSERT INTO `chip_data` (`chip_id`,`temp`,`hum_oil`,`hum`,`time`) VALUES ('lib-big','23','26','32','2017-11-03 20:19:46') [ RunTime:0.0242s ]
NOTIC: [8] Use of undefined constant chip_id - assumed 'chip_id' D:\wamp\www\ybplant\Application\index\Controller\IndexController.class.php 第 220 行.
SQL: INSERT INTO `chip_data` (`chip_id`,`temp`,`hum_oil`,`hum`,`time`) VALUES ('lib-big','23','26','31','2017-11-03 20:24:46') [ RunTime:0.0241s ]
NOTIC: [8] Use of undefined constant chip_id - assumed 'chip_id' D:\wamp\www\ybplant\Application\index\Controller\IndexController.class.php 第 220 行.
SQL: INSERT INTO `chip_data` (`chip_id`,`temp`,`hum_oil`,`hum`,`time`) VALUES ('lib-big','23','26','31','2017-11-03 20:29:46') [ RunTime:0.0241s ]
NOTIC: [8] Use of undefined constant chip_id - assumed 'chip_id' D:\wamp\www\ybplant\Application\index\Controller\IndexController.class.php 第 220 行.
SQL: INSERT INTO `chip_data` (`chip_id`,`temp`,`hum_oil`,`hum`,`time`) VALUES ('lib-big','23','26','32','2017-11-03 20:34:46') [ RunTime:0.0242s ]
NOTIC: [8] Use of undefined constant chip_id - assumed 'chip_id' D:\wamp\www\ybplant\Application\index\Controller\IndexController.class.php 第 220 行.
SQL: INSERT INTO `chip_data` (`chip_id`,`temp`,`hum_oil`,`hum`,`time`) VALUES ('lib-big','23','26','31','2017-11-03 20:39:46') [ RunTime:0.0240s ]
NOTIC: [8] Use of undefined constant chip_id - assumed 'chip_id' D:\wamp\www\ybplant\Application\index\Controller\IndexController.class.php 第 220 行.
SQL: INSERT INTO `chip_data` (`chip_id`,`temp`,`hum_oil`,`hum`,`time`) VALUES ('lib-big','23','26','31','2017-11-03 20:44:46') [ RunTime:0.0242s ]
NOTIC: [8] Use of undefined constant chip_id - assumed 'chip_id' D:\wamp\www\ybplant\Application\index\Controller\IndexController.class.php 第 220 行.
SQL: INSERT INTO `chip_data` (`chip_id`,`temp`,`hum_oil`,`hum`,`time`) VALUES ('lib-big','23','26','31','2017-11-03 20:49:46') [ RunTime:0.0242s ]
SQL: UPDATE `chip_set` SET `last_connect_time`='1509713386' WHERE ( chip_id = "lib-big" and password = "123"  ) [ RunTime:0.0245s ]
INFO: [ app_end ] --START--
INFO: Run Behavior\ShowPageTraceBehavior [ RunTime:0.002228s ]
INFO: [ app_end ] --END-- [ RunTime:0.002589s ]

[ 2017-11-03T21:50:46+08:00 ] 10.97.42.195 /index.php/index/message_post?chip_id=lib-big&chip_pwd=123&data=[{"t":23,"h_d":26,"h_o":31},{"t":23,"h_d":26,"h_o":31},{"t":23,"h_d":26,"h_o":31},{"t":23,"h_d":27,"h_o":31},{"t":23,"h_d":27,"h_o":31},{"t":23,"h_d":27,"h_o":31},{"t":23,"h_d":27,"h_o":31},{"t":23,"h_d":27,"h_o":31},{"t":23,"h_d":27,"h_o":31},{"t":23,"h_d":27,"h_o":31},{"t":23,"h_d":27,"h_o":31},{"t":23,"h_d":27,"h_o":31}]
INFO: [ app_init ] --START--
INFO: Run Behavior\BuildLiteBehavior [ RunTime:0.000037s ]
INFO: [ app_init ] --END-- [ RunTime:0.000672s ]
INFO: [ app_begin ] --START--
INFO: Run Behavior\ReadHtmlCacheBehavior [ RunTime:0.000926s ]
INFO: [ app_begin ] --END-- [ RunTime:0.001095s ]
NOTIC: [8] Use of undefined constant chip_id - assumed 'chip_id' D:\wamp\www\ybplant\Application\index\Controller\IndexController.class.php 第 187 行.
NOTIC: [8] Use of undefined constant chip_pwd - assumed 'chip_pwd' D:\wamp\www\ybplant\Application\index\Controller\IndexController.class.php 第 187 行.
SQL: SHOW COLUMNS FROM `chip_set` [ RunTime:0.0029s ]
SQL: SELECT * FROM `chip_set` WHERE ( chip_id = "lib-big" and password = "123"  )  [ RunTime:0.0003s ]
NOTIC: [8] Use of undefined constant data - assumed 'data' D:\wamp\www\ybplant\Application\index\Controller\IndexController.class.php 第 213 行.
SQL: SHOW COLUMNS FROM `chip_data` [ RunTime:0.0022s ]
NOTIC: [8] Use of undefined constant chip_id - assumed 'chip_id' D:\wamp\www\ybplant\Application\index\Controller\IndexController.class.php 第 220 行.
SQL: INSERT INTO `chip_data` (`chip_id`,`temp`,`hum_oil`,`hum`,`time`) VALUES ('lib-big','23','26','31','2017-11-03 20:55:46') [ RunTime:0.0292s ]
NOTIC: [8] Use of undefined constant chip_id - assumed 'chip_id' D:\wamp\www\ybplant\Application\index\Controller\IndexController.class.php 第 220 行.
SQL: INSERT INTO `chip_data` (`chip_id`,`temp`,`hum_oil`,`hum`,`time`) VALUES ('lib-big','23','26','31','2017-11-03 21:00:46') [ RunTime:0.0259s ]
NOTIC: [8] Use of undefined constant chip_id - assumed 'chip_id' D:\wamp\www\ybplant\Application\index\Controller\IndexController.class.php 第 220 行.
SQL: INSERT INTO `chip_data` (`chip_id`,`temp`,`hum_oil`,`hum`,`time`) VALUES ('lib-big','23','26','31','2017-11-03 21:05:46') [ RunTime:0.0228s ]
NOTIC: [8] Use of undefined constant chip_id - assumed 'chip_id' D:\wamp\www\ybplant\Application\index\Controller\IndexController.class.php 第 220 行.
SQL: INSERT INTO `chip_data` (`chip_id`,`temp`,`hum_oil`,`hum`,`time`) VALUES ('lib-big','23','27','31','2017-11-03 21:10:46') [ RunTime:0.0242s ]
NOTIC: [8] Use of undefined constant chip_id - assumed 'chip_id' D:\wamp\www\ybplant\Application\index\Controller\IndexController.class.php 第 220 行.
SQL: INSERT INTO `chip_data` (`chip_id`,`temp`,`hum_oil`,`hum`,`time`) VALUES ('lib-big','23','27','31','2017-11-03 21:15:46') [ RunTime:0.0261s ]
NOTIC: [8] Use of undefined constant chip_id - assumed 'chip_id' D:\wamp\www\ybplant\Application\index\Controller\IndexController.class.php 第 220 行.
SQL: INSERT INTO `chip_data` (`chip_id`,`temp`,`hum_oil`,`hum`,`time`) VALUES ('lib-big','23','27','31','2017-11-03 21:20:46') [ RunTime:0.0305s ]
NOTIC: [8] Use of undefined constant chip_id - assumed 'chip_id' D:\wamp\www\ybplant\Application\index\Controller\IndexController.class.php 第 220 行.
SQL: INSERT INTO `chip_data` (`chip_id`,`temp`,`hum_oil`,`hum`,`time`) VALUES ('lib-big','23','27','31','2017-11-03 21:25:46') [ RunTime:0.0242s ]
NOTIC: [8] Use of undefined constant chip_id - assumed 'chip_id' D:\wamp\www\ybplant\Application\index\Controller\IndexController.class.php 第 220 行.
SQL: INSERT INTO `chip_data` (`chip_id`,`temp`,`hum_oil`,`hum`,`time`) VALUES ('lib-big','23','27','31','2017-11-03 21:30:46') [ RunTime:0.0241s ]
NOTIC: [8] Use of undefined constant chip_id - assumed 'chip_id' D:\wamp\www\ybplant\Application\index\Controller\IndexController.class.php 第 220 行.
SQL: INSERT INTO `chip_data` (`chip_id`,`temp`,`hum_oil`,`hum`,`time`) VALUES ('lib-big','23','27','31','2017-11-03 21:35:46') [ RunTime:0.0241s ]
NOTIC: [8] Use of undefined constant chip_id - assumed 'chip_id' D:\wamp\www\ybplant\Application\index\Controller\IndexController.class.php 第 220 行.
SQL: INSERT INTO `chip_data` (`chip_id`,`temp`,`hum_oil`,`hum`,`time`) VALUES ('lib-big','23','27','31','2017-11-03 21:40:46') [ RunTime:0.0242s ]
NOTIC: [8] Use of undefined constant chip_id - assumed 'chip_id' D:\wamp\www\ybplant\Application\index\Controller\IndexController.class.php 第 220 行.
SQL: INSERT INTO `chip_data` (`chip_id`,`temp`,`hum_oil`,`hum`,`time`) VALUES ('lib-big','23','27','31','2017-11-03 21:45:46') [ RunTime:0.0241s ]
NOTIC: [8] Use of undefined constant chip_id - assumed 'chip_id' D:\wamp\www\ybplant\Application\index\Controller\IndexController.class.php 第 220 行.
SQL: INSERT INTO `chip_data` (`chip_id`,`temp`,`hum_oil`,`hum`,`time`) VALUES ('lib-big','23','27','31','2017-11-03 21:50:46') [ RunTime:0.0241s ]
SQL: UPDATE `chip_set` SET `last_connect_time`='1509717046' WHERE ( chip_id = "lib-big" and password = "123"  ) [ RunTime:0.0245s ]
INFO: [ app_end ] --START--
INFO: Run Behavior\ShowPageTraceBehavior [ RunTime:0.002275s ]
INFO: [ app_end ] --END-- [ RunTime:0.002639s ]

