[ 2017-10-24T09:33:43+08:00 ] 10.97.40.254 /index.php/index/message?chip_id=lib-big&password=123&temp=24&hum=61&hum_oil=40
INFO: [ app_init ] --START--
INFO: Run Behavior\BuildLiteBehavior [ RunTime:0.000028s ]
INFO: [ app_init ] --END-- [ RunTime:0.000561s ]
INFO: [ app_begin ] --START--
INFO: Run Behavior\ReadHtmlCacheBehavior [ RunTime:0.000764s ]
INFO: [ app_begin ] --END-- [ RunTime:0.000901s ]
NOTIC: [8] Use of undefined constant chip_id - assumed 'chip_id' D:\wamp\www\ybplant\Application\index\Controller\IndexController.class.php 第 125 行.
NOTIC: [8] Use of undefined constant password - assumed 'password' D:\wamp\www\ybplant\Application\index\Controller\IndexController.class.php 第 125 行.
SQL: SHOW COLUMNS FROM `chip_set` [ RunTime:0.0027s ]
SQL: SELECT * FROM `chip_set` WHERE ( chip_id = "lib-big" and password = "123"  )  [ RunTime:0.0003s ]
SQL: SHOW COLUMNS FROM `chip_data` [ RunTime:0.0022s ]
NOTIC: [8] Use of undefined constant chip_id - assumed 'chip_id' D:\wamp\www\ybplant\Application\index\Controller\IndexController.class.php 第 151 行.
NOTIC: [8] Use of undefined constant temp - assumed 'temp' D:\wamp\www\ybplant\Application\index\Controller\IndexController.class.php 第 152 行.
NOTIC: [8] Use of undefined constant hum - assumed 'hum' D:\wamp\www\ybplant\Application\index\Controller\IndexController.class.php 第 153 行.
NOTIC: [8] Use of undefined constant hum_oil - assumed 'hum_oil' D:\wamp\www\ybplant\Application\index\Controller\IndexController.class.php 第 154 行.
SQL: INSERT INTO `chip_data` (`chip_id`,`temp`,`hum`,`hum_oil`,`time`) VALUES ('lib-big','24','61','40','2017-10-24 09:33:43') [ RunTime:0.0290s ]
SQL: UPDATE `chip_set` SET `last_connect_time`='1508808823' WHERE ( chip_id = "lib-big" and password = "123"  ) [ RunTime:0.0253s ]
INFO: [ app_end ] --START--
INFO: Run Behavior\ShowPageTraceBehavior [ RunTime:0.002206s ]
INFO: [ app_end ] --END-- [ RunTime:0.002546s ]

[ 2017-10-24T10:09:27+08:00 ] 10.97.40.254 /index.php/index/message_post?chip_id=lib-big&chip_pwd=123&data=[{"t":23,"h_d":41,"h_o":61},{"t":23,"h_d":41,"h_o":61},{"t":23,"h_d":41,"h_o":61},{"t":24,"h_d":40,"h_o":61},{"t":24,"h_d":41,"h_o":61},{"t":24,"h_d":40,"h_o":61},{"t":24,"h_d":41,"h_o":61},{"t":24,"h_d":40,"h_o":60},{"t":24,"h_d":40,"h_o":60},{"t":24,"h_d":40,"h_o":61},{"t":24,"h_d":40,"h_o":61},{"t":24,"h_d":40,"h_o":60}]
INFO: [ app_init ] --START--
INFO: Run Behavior\BuildLiteBehavior [ RunTime:0.000071s ]
INFO: [ app_init ] --END-- [ RunTime:0.001384s ]
INFO: [ app_begin ] --START--
INFO: Run Behavior\ReadHtmlCacheBehavior [ RunTime:0.000768s ]
INFO: [ app_begin ] --END-- [ RunTime:0.000905s ]
NOTIC: [8] Use of undefined constant chip_id - assumed 'chip_id' D:\wamp\www\ybplant\Application\index\Controller\IndexController.class.php 第 187 行.
NOTIC: [8] Use of undefined constant chip_pwd - assumed 'chip_pwd' D:\wamp\www\ybplant\Application\index\Controller\IndexController.class.php 第 187 行.
SQL: SHOW COLUMNS FROM `chip_set` [ RunTime:0.0027s ]
SQL: SELECT * FROM `chip_set` WHERE ( chip_id = "lib-big" and password = "123"  )  [ RunTime:0.0003s ]
NOTIC: [8] Use of undefined constant data - assumed 'data' D:\wamp\www\ybplant\Application\index\Controller\IndexController.class.php 第 213 行.
SQL: SHOW COLUMNS FROM `chip_data` [ RunTime:0.0022s ]
NOTIC: [8] Use of undefined constant chip_id - assumed 'chip_id' D:\wamp\www\ybplant\Application\index\Controller\IndexController.class.php 第 220 行.
SQL: INSERT INTO `chip_data` (`chip_id`,`temp`,`hum_oil`,`hum`,`time`) VALUES ('lib-big','23','41','61','2017-10-24 09:14:27') [ RunTime:0.0331s ]
NOTIC: [8] Use of undefined constant chip_id - assumed 'chip_id' D:\wamp\www\ybplant\Application\index\Controller\IndexController.class.php 第 220 行.
SQL: INSERT INTO `chip_data` (`chip_id`,`temp`,`hum_oil`,`hum`,`time`) VALUES ('lib-big','23','41','61','2017-10-24 09:19:27') [ RunTime:0.0246s ]
NOTIC: [8] Use of undefined constant chip_id - assumed 'chip_id' D:\wamp\www\ybplant\Application\index\Controller\IndexController.class.php 第 220 行.
SQL: INSERT INTO `chip_data` (`chip_id`,`temp`,`hum_oil`,`hum`,`time`) VALUES ('lib-big','23','41','61','2017-10-24 09:24:27') [ RunTime:0.0234s ]
NOTIC: [8] Use of undefined constant chip_id - assumed 'chip_id' D:\wamp\www\ybplant\Application\index\Controller\IndexController.class.php 第 220 行.
SQL: INSERT INTO `chip_data` (`chip_id`,`temp`,`hum_oil`,`hum`,`time`) VALUES ('lib-big','24','40','61','2017-10-24 09:29:27') [ RunTime:0.0221s ]
NOTIC: [8] Use of undefined constant chip_id - assumed 'chip_id' D:\wamp\www\ybplant\Application\index\Controller\IndexController.class.php 第 220 行.
SQL: INSERT INTO `chip_data` (`chip_id`,`temp`,`hum_oil`,`hum`,`time`) VALUES ('lib-big','24','41','61','2017-10-24 09:34:27') [ RunTime:0.0318s ]
NOTIC: [8] Use of undefined constant chip_id - assumed 'chip_id' D:\wamp\www\ybplant\Application\index\Controller\IndexController.class.php 第 220 行.
SQL: INSERT INTO `chip_data` (`chip_id`,`temp`,`hum_oil`,`hum`,`time`) VALUES ('lib-big','24','40','61','2017-10-24 09:39:27') [ RunTime:0.0234s ]
NOTIC: [8] Use of undefined constant chip_id - assumed 'chip_id' D:\wamp\www\ybplant\Application\index\Controller\IndexController.class.php 第 220 行.
SQL: INSERT INTO `chip_data` (`chip_id`,`temp`,`hum_oil`,`hum`,`time`) VALUES ('lib-big','24','41','61','2017-10-24 09:44:27') [ RunTime:0.0234s ]
NOTIC: [8] Use of undefined constant chip_id - assumed 'chip_id' D:\wamp\www\ybplant\Application\index\Controller\IndexController.class.php 第 220 行.
SQL: INSERT INTO `chip_data` (`chip_id`,`temp`,`hum_oil`,`hum`,`time`) VALUES ('lib-big','24','40','60','2017-10-24 09:49:27') [ RunTime:0.0234s ]
NOTIC: [8] Use of undefined constant chip_id - assumed 'chip_id' D:\wamp\www\ybplant\Application\index\Controller\IndexController.class.php 第 220 行.
SQL: INSERT INTO `chip_data` (`chip_id`,`temp`,`hum_oil`,`hum`,`time`) VALUES ('lib-big','24','40','60','2017-10-24 09:54:27') [ RunTime:0.0318s ]
NOTIC: [8] Use of undefined constant chip_id - assumed 'chip_id' D:\wamp\www\ybplant\Application\index\Controller\IndexController.class.php 第 220 行.
SQL: INSERT INTO `chip_data` (`chip_id`,`temp`,`hum_oil`,`hum`,`time`) VALUES ('lib-big','24','40','61','2017-10-24 09:59:27') [ RunTime:0.0234s ]
NOTIC: [8] Use of undefined constant chip_id - assumed 'chip_id' D:\wamp\www\ybplant\Application\index\Controller\IndexController.class.php 第 220 行.
SQL: INSERT INTO `chip_data` (`chip_id`,`temp`,`hum_oil`,`hum`,`time`) VALUES ('lib-big','24','40','61','2017-10-24 10:04:27') [ RunTime:0.0234s ]
NOTIC: [8] Use of undefined constant chip_id - assumed 'chip_id' D:\wamp\www\ybplant\Application\index\Controller\IndexController.class.php 第 220 行.
SQL: INSERT INTO `chip_data` (`chip_id`,`temp`,`hum_oil`,`hum`,`time`) VALUES ('lib-big','24','40','60','2017-10-24 10:09:27') [ RunTime:0.0234s ]
SQL: UPDATE `chip_set` SET `last_connect_time`='1508810967' WHERE ( chip_id = "lib-big" and password = "123"  ) [ RunTime:0.0225s ]
INFO: [ app_end ] --START--
INFO: Run Behavior\ShowPageTraceBehavior [ RunTime:0.002215s ]
INFO: [ app_end ] --END-- [ RunTime:0.002556s ]

[ 2017-10-24T10:34:17+08:00 ] 10.98.106.33 /
INFO: [ app_init ] --START--
INFO: Run Behavior\BuildLiteBehavior [ RunTime:0.000039s ]
INFO: [ app_init ] --END-- [ RunTime:0.000736s ]
INFO: [ app_begin ] --START--
INFO: Run Behavior\ReadHtmlCacheBehavior [ RunTime:0.000996s ]
INFO: [ app_begin ] --END-- [ RunTime:0.001179s ]
INFO: [ view_parse ] --START--
INFO: [ template_filter ] --START--
INFO: Run Behavior\ContentReplaceBehavior [ RunTime:0.000124s ]
INFO: [ template_filter ] --END-- [ RunTime:0.000205s ]
NOTIC: [8] Use of undefined constant index - assumed 'index' D:\wamp\www\ybplant\Application\Runtime\Cache\index\e27ac99aeaa7b8b624c6a9e6029f59fb.php 第 57 行.
NOTIC: [8] Use of undefined constant isuser - assumed 'isuser' D:\wamp\www\ybplant\Application\Runtime\Cache\index\e27ac99aeaa7b8b624c6a9e6029f59fb.php 第 67 行.
NOTIC: [8] Undefined index: isuser D:\wamp\www\ybplant\Application\Runtime\Cache\index\e27ac99aeaa7b8b624c6a9e6029f59fb.php 第 67 行.
NOTIC: [8] Use of undefined constant isuser - assumed 'isuser' D:\wamp\www\ybplant\Application\Runtime\Cache\index\e27ac99aeaa7b8b624c6a9e6029f59fb.php 第 69 行.
NOTIC: [8] Undefined index: isuser D:\wamp\www\ybplant\Application\Runtime\Cache\index\e27ac99aeaa7b8b624c6a9e6029f59fb.php 第 69 行.
INFO: Run Behavior\ParseTemplateBehavior [ RunTime:0.009379s ]
INFO: [ view_parse ] --END-- [ RunTime:0.009457s ]
INFO: [ view_filter ] --START--
INFO: Run Behavior\WriteHtmlCacheBehavior [ RunTime:0.000247s ]
INFO: [ view_filter ] --END-- [ RunTime:0.000318s ]
INFO: [ app_end ] --START--
INFO: Run Behavior\ShowPageTraceBehavior [ RunTime:0.000427s ]
INFO: [ app_end ] --END-- [ RunTime:0.000495s ]

[ 2017-10-24T10:34:22+08:00 ] 10.98.106.33 /index.php/index/login
INFO: [ app_init ] --START--
INFO: Run Behavior\BuildLiteBehavior [ RunTime:0.000080s ]
INFO: [ app_init ] --END-- [ RunTime:0.001264s ]
INFO: [ app_begin ] --START--
INFO: Run Behavior\ReadHtmlCacheBehavior [ RunTime:0.000629s ]
INFO: [ app_begin ] --END-- [ RunTime:0.000772s ]
INFO: [ view_parse ] --START--
INFO: [ template_filter ] --START--
INFO: Run Behavior\ContentReplaceBehavior [ RunTime:0.000062s ]
INFO: [ template_filter ] --END-- [ RunTime:0.000136s ]
NOTIC: [8] Use of undefined constant index - assumed 'index' D:\wamp\www\ybplant\Application\Runtime\Cache\index\134cf5005d9c7336f57f2569ed83887e.php 第 57 行.
NOTIC: [8] Use of undefined constant isuser - assumed 'isuser' D:\wamp\www\ybplant\Application\Runtime\Cache\index\134cf5005d9c7336f57f2569ed83887e.php 第 67 行.
NOTIC: [8] Undefined index: isuser D:\wamp\www\ybplant\Application\Runtime\Cache\index\134cf5005d9c7336f57f2569ed83887e.php 第 67 行.
NOTIC: [8] Use of undefined constant isuser - assumed 'isuser' D:\wamp\www\ybplant\Application\Runtime\Cache\index\134cf5005d9c7336f57f2569ed83887e.php 第 69 行.
NOTIC: [8] Undefined index: isuser D:\wamp\www\ybplant\Application\Runtime\Cache\index\134cf5005d9c7336f57f2569ed83887e.php 第 69 行.
INFO: Run Behavior\ParseTemplateBehavior [ RunTime:0.006285s ]
INFO: [ view_parse ] --END-- [ RunTime:0.006362s ]
INFO: [ view_filter ] --START--
INFO: Run Behavior\WriteHtmlCacheBehavior [ RunTime:0.000181s ]
INFO: [ view_filter ] --END-- [ RunTime:0.000248s ]
INFO: [ app_end ] --START--
INFO: Run Behavior\ShowPageTraceBehavior [ RunTime:0.000461s ]
INFO: [ app_end ] --END-- [ RunTime:0.000528s ]

[ 2017-10-24T10:34:22+08:00 ] 10.98.106.33 /index.php/index/verify_c.html
INFO: [ app_init ] --START--
INFO: Run Behavior\BuildLiteBehavior [ RunTime:0.000020s ]
INFO: [ app_init ] --END-- [ RunTime:0.000306s ]
INFO: [ app_begin ] --START--
INFO: Run Behavior\ReadHtmlCacheBehavior [ RunTime:0.000355s ]
INFO: [ app_begin ] --END-- [ RunTime:0.000435s ]
INFO: [ app_end ] --START--
INFO: Run Behavior\ShowPageTraceBehavior [ RunTime:0.000407s ]
INFO: [ app_end ] --END-- [ RunTime:0.000498s ]

[ 2017-10-24T10:34:27+08:00 ] 10.98.106.33 /index.php/index/doLogin
INFO: [ app_init ] --START--
INFO: Run Behavior\BuildLiteBehavior [ RunTime:0.000063s ]
INFO: [ app_init ] --END-- [ RunTime:0.001002s ]
INFO: [ app_begin ] --START--
INFO: Run Behavior\ReadHtmlCacheBehavior [ RunTime:0.001246s ]
INFO: [ app_begin ] --END-- [ RunTime:0.001533s ]
NOTIC: [8] Use of undefined constant yanzhengma - assumed 'yanzhengma' D:\wamp\www\ybplant\Application\index\Controller\IndexController.class.php 第 79 行.
NOTIC: [8] Use of undefined constant username - assumed 'username' D:\wamp\www\ybplant\Application\index\Controller\IndexController.class.php 第 82 行.
NOTIC: [8] Use of undefined constant password - assumed 'password' D:\wamp\www\ybplant\Application\index\Controller\IndexController.class.php 第 82 行.
NOTIC: [8] Use of undefined constant username - assumed 'username' D:\wamp\www\ybplant\Application\index\Controller\IndexController.class.php 第 87 行.
NOTIC: [8] Use of undefined constant password - assumed 'password' D:\wamp\www\ybplant\Application\index\Controller\IndexController.class.php 第 88 行.
SQL: SHOW COLUMNS FROM `user` [ RunTime:0.0029s ]
SQL: SELECT * FROM `user` WHERE `username` = 'yibu' AND `password` = '199467' LIMIT 1   [ RunTime:0.0003s ]
NOTIC: [8] Undefined variable: a D:\wamp\www\ybplant\Application\index\Controller\IndexController.class.php 第 99 行.
INFO: [ view_parse ] --START--
INFO: [ template_filter ] --START--
INFO: Run Behavior\ContentReplaceBehavior [ RunTime:0.000064s ]
INFO: [ template_filter ] --END-- [ RunTime:0.000140s ]
NOTIC: [8] Use of undefined constant index - assumed 'index' D:\wamp\www\ybplant\Application\Runtime\Cache\index\e866d82d961820ce3e62a2b25a9479f5.php 第 57 行.
NOTIC: [8] Use of undefined constant isuser - assumed 'isuser' D:\wamp\www\ybplant\Application\Runtime\Cache\index\e866d82d961820ce3e62a2b25a9479f5.php 第 67 行.
NOTIC: [8] Use of undefined constant isuser - assumed 'isuser' D:\wamp\www\ybplant\Application\Runtime\Cache\index\e866d82d961820ce3e62a2b25a9479f5.php 第 69 行.
NOTIC: [8] Use of undefined constant user - assumed 'user' D:\wamp\www\ybplant\Application\Runtime\Cache\index\e866d82d961820ce3e62a2b25a9479f5.php 第 69 行.
NOTIC: [8] Use of undefined constant username - assumed 'username' D:\wamp\www\ybplant\Application\Runtime\Cache\index\e866d82d961820ce3e62a2b25a9479f5.php 第 69 行.
INFO: Run Behavior\ParseTemplateBehavior [ RunTime:0.006465s ]
INFO: [ view_parse ] --END-- [ RunTime:0.006540s ]
INFO: [ view_filter ] --START--
INFO: Run Behavior\WriteHtmlCacheBehavior [ RunTime:0.000182s ]
INFO: [ view_filter ] --END-- [ RunTime:0.000247s ]
INFO: [ app_end ] --START--
INFO: Run Behavior\ShowPageTraceBehavior [ RunTime:0.000374s ]
INFO: [ app_end ] --END-- [ RunTime:0.000441s ]

[ 2017-10-24T11:37:17+08:00 ] 10.98.106.38 /
INFO: [ app_init ] --START--
INFO: Run Behavior\BuildLiteBehavior [ RunTime:0.000061s ]
INFO: [ app_init ] --END-- [ RunTime:0.001111s ]
INFO: [ app_begin ] --START--
INFO: Run Behavior\ReadHtmlCacheBehavior [ RunTime:0.001548s ]
INFO: [ app_begin ] --END-- [ RunTime:0.001851s ]
INFO: [ view_parse ] --START--
INFO: [ template_filter ] --START--
INFO: Run Behavior\ContentReplaceBehavior [ RunTime:0.000171s ]
INFO: [ template_filter ] --END-- [ RunTime:0.000279s ]
NOTIC: [8] Use of undefined constant index - assumed 'index' D:\wamp\www\ybplant\Application\Runtime\Cache\index\e27ac99aeaa7b8b624c6a9e6029f59fb.php 第 57 行.
NOTIC: [8] Use of undefined constant isuser - assumed 'isuser' D:\wamp\www\ybplant\Application\Runtime\Cache\index\e27ac99aeaa7b8b624c6a9e6029f59fb.php 第 67 行.
NOTIC: [8] Undefined index: isuser D:\wamp\www\ybplant\Application\Runtime\Cache\index\e27ac99aeaa7b8b624c6a9e6029f59fb.php 第 67 行.
NOTIC: [8] Use of undefined constant isuser - assumed 'isuser' D:\wamp\www\ybplant\Application\Runtime\Cache\index\e27ac99aeaa7b8b624c6a9e6029f59fb.php 第 69 行.
NOTIC: [8] Undefined index: isuser D:\wamp\www\ybplant\Application\Runtime\Cache\index\e27ac99aeaa7b8b624c6a9e6029f59fb.php 第 69 行.
INFO: Run Behavior\ParseTemplateBehavior [ RunTime:0.013049s ]
INFO: [ view_parse ] --END-- [ RunTime:0.013159s ]
INFO: [ view_filter ] --START--
INFO: Run Behavior\WriteHtmlCacheBehavior [ RunTime:0.000348s ]
INFO: [ view_filter ] --END-- [ RunTime:0.000444s ]
INFO: [ app_end ] --START--
INFO: Run Behavior\ShowPageTraceBehavior [ RunTime:0.000605s ]
INFO: [ app_end ] --END-- [ RunTime:0.000701s ]

[ 2017-10-24T11:37:50+08:00 ] 10.98.106.38 /
INFO: [ app_init ] --START--
INFO: Run Behavior\BuildLiteBehavior [ RunTime:0.000018s ]
INFO: [ app_init ] --END-- [ RunTime:0.000382s ]
INFO: [ app_begin ] --START--
INFO: Run Behavior\ReadHtmlCacheBehavior [ RunTime:0.000436s ]
INFO: [ app_begin ] --END-- [ RunTime:0.000513s ]
INFO: [ view_parse ] --START--
INFO: [ template_filter ] --START--
INFO: Run Behavior\ContentReplaceBehavior [ RunTime:0.000124s ]
INFO: [ template_filter ] --END-- [ RunTime:0.000202s ]
NOTIC: [8] Use of undefined constant index - assumed 'index' D:\wamp\www\ybplant\Application\Runtime\Cache\index\e27ac99aeaa7b8b624c6a9e6029f59fb.php 第 57 行.
NOTIC: [8] Use of undefined constant isuser - assumed 'isuser' D:\wamp\www\ybplant\Application\Runtime\Cache\index\e27ac99aeaa7b8b624c6a9e6029f59fb.php 第 67 行.
NOTIC: [8] Undefined index: isuser D:\wamp\www\ybplant\Application\Runtime\Cache\index\e27ac99aeaa7b8b624c6a9e6029f59fb.php 第 67 行.
NOTIC: [8] Use of undefined constant isuser - assumed 'isuser' D:\wamp\www\ybplant\Application\Runtime\Cache\index\e27ac99aeaa7b8b624c6a9e6029f59fb.php 第 69 行.
NOTIC: [8] Undefined index: isuser D:\wamp\www\ybplant\Application\Runtime\Cache\index\e27ac99aeaa7b8b624c6a9e6029f59fb.php 第 69 行.
INFO: Run Behavior\ParseTemplateBehavior [ RunTime:0.009289s ]
INFO: [ view_parse ] --END-- [ RunTime:0.009367s ]
INFO: [ view_filter ] --START--
INFO: Run Behavior\WriteHtmlCacheBehavior [ RunTime:0.000245s ]
INFO: [ view_filter ] --END-- [ RunTime:0.000314s ]
INFO: [ app_end ] --START--
INFO: Run Behavior\ShowPageTraceBehavior [ RunTime:0.000422s ]
INFO: [ app_end ] --END-- [ RunTime:0.000490s ]

[ 2017-10-24T11:37:57+08:00 ] 10.98.106.38 /index.php/index/login
INFO: [ app_init ] --START--
INFO: Run Behavior\BuildLiteBehavior [ RunTime:0.000030s ]
INFO: [ app_init ] --END-- [ RunTime:0.000507s ]
INFO: [ app_begin ] --START--
INFO: Run Behavior\ReadHtmlCacheBehavior [ RunTime:0.000624s ]
INFO: [ app_begin ] --END-- [ RunTime:0.000768s ]
INFO: [ view_parse ] --START--
INFO: [ template_filter ] --START--
INFO: Run Behavior\ContentReplaceBehavior [ RunTime:0.000063s ]
INFO: [ template_filter ] --END-- [ RunTime:0.000139s ]
NOTIC: [8] Use of undefined constant index - assumed 'index' D:\wamp\www\ybplant\Application\Runtime\Cache\index\134cf5005d9c7336f57f2569ed83887e.php 第 57 行.
NOTIC: [8] Use of undefined constant isuser - assumed 'isuser' D:\wamp\www\ybplant\Application\Runtime\Cache\index\134cf5005d9c7336f57f2569ed83887e.php 第 67 行.
NOTIC: [8] Undefined index: isuser D:\wamp\www\ybplant\Application\Runtime\Cache\index\134cf5005d9c7336f57f2569ed83887e.php 第 67 行.
NOTIC: [8] Use of undefined constant isuser - assumed 'isuser' D:\wamp\www\ybplant\Application\Runtime\Cache\index\134cf5005d9c7336f57f2569ed83887e.php 第 69 行.
NOTIC: [8] Undefined index: isuser D:\wamp\www\ybplant\Application\Runtime\Cache\index\134cf5005d9c7336f57f2569ed83887e.php 第 69 行.
INFO: Run Behavior\ParseTemplateBehavior [ RunTime:0.006395s ]
INFO: [ view_parse ] --END-- [ RunTime:0.006472s ]
INFO: [ view_filter ] --START--
INFO: Run Behavior\WriteHtmlCacheBehavior [ RunTime:0.000183s ]
INFO: [ view_filter ] --END-- [ RunTime:0.000251s ]
INFO: [ app_end ] --START--
INFO: Run Behavior\ShowPageTraceBehavior [ RunTime:0.000428s ]
INFO: [ app_end ] --END-- [ RunTime:0.000497s ]

[ 2017-10-24T11:37:57+08:00 ] 10.98.106.38 /index.php/index/verify_c.html
INFO: [ app_init ] --START--
INFO: Run Behavior\BuildLiteBehavior [ RunTime:0.000016s ]
INFO: [ app_init ] --END-- [ RunTime:0.000275s ]
INFO: [ app_begin ] --START--
INFO: Run Behavior\ReadHtmlCacheBehavior [ RunTime:0.000337s ]
INFO: [ app_begin ] --END-- [ RunTime:0.000414s ]
INFO: [ app_end ] --START--
INFO: Run Behavior\ShowPageTraceBehavior [ RunTime:0.000402s ]
INFO: [ app_end ] --END-- [ RunTime:0.000485s ]

[ 2017-10-24T11:38:06+08:00 ] 10.98.106.38 /index.php/index/doLogin
INFO: [ app_init ] --START--
INFO: Run Behavior\BuildLiteBehavior [ RunTime:0.000031s ]
INFO: [ app_init ] --END-- [ RunTime:0.000503s ]
INFO: [ app_begin ] --START--
INFO: Run Behavior\ReadHtmlCacheBehavior [ RunTime:0.000605s ]
INFO: [ app_begin ] --END-- [ RunTime:0.000749s ]
NOTIC: [8] Use of undefined constant yanzhengma - assumed 'yanzhengma' D:\wamp\www\ybplant\Application\index\Controller\IndexController.class.php 第 79 行.
NOTIC: [8] Use of undefined constant username - assumed 'username' D:\wamp\www\ybplant\Application\index\Controller\IndexController.class.php 第 82 行.
NOTIC: [8] Use of undefined constant password - assumed 'password' D:\wamp\www\ybplant\Application\index\Controller\IndexController.class.php 第 82 行.
NOTIC: [8] Use of undefined constant username - assumed 'username' D:\wamp\www\ybplant\Application\index\Controller\IndexController.class.php 第 87 行.
NOTIC: [8] Use of undefined constant password - assumed 'password' D:\wamp\www\ybplant\Application\index\Controller\IndexController.class.php 第 88 行.
SQL: SHOW COLUMNS FROM `user` [ RunTime:0.0023s ]
SQL: SELECT * FROM `user` WHERE `username` = 'yibu' AND `password` = '199467' LIMIT 1   [ RunTime:0.0002s ]
NOTIC: [8] Undefined variable: a D:\wamp\www\ybplant\Application\index\Controller\IndexController.class.php 第 99 行.
INFO: [ view_parse ] --START--
INFO: [ template_filter ] --START--
INFO: Run Behavior\ContentReplaceBehavior [ RunTime:0.000108s ]
INFO: [ template_filter ] --END-- [ RunTime:0.000248s ]
NOTIC: [8] Use of undefined constant index - assumed 'index' D:\wamp\www\ybplant\Application\Runtime\Cache\index\e866d82d961820ce3e62a2b25a9479f5.php 第 57 行.
NOTIC: [8] Use of undefined constant isuser - assumed 'isuser' D:\wamp\www\ybplant\Application\Runtime\Cache\index\e866d82d961820ce3e62a2b25a9479f5.php 第 67 行.
NOTIC: [8] Use of undefined constant isuser - assumed 'isuser' D:\wamp\www\ybplant\Application\Runtime\Cache\index\e866d82d961820ce3e62a2b25a9479f5.php 第 69 行.
NOTIC: [8] Use of undefined constant user - assumed 'user' D:\wamp\www\ybplant\Application\Runtime\Cache\index\e866d82d961820ce3e62a2b25a9479f5.php 第 69 行.
NOTIC: [8] Use of undefined constant username - assumed 'username' D:\wamp\www\ybplant\Application\Runtime\Cache\index\e866d82d961820ce3e62a2b25a9479f5.php 第 69 行.
INFO: Run Behavior\ParseTemplateBehavior [ RunTime:0.007074s ]
INFO: [ view_parse ] --END-- [ RunTime:0.007154s ]
INFO: [ view_filter ] --START--
INFO: Run Behavior\WriteHtmlCacheBehavior [ RunTime:0.000218s ]
INFO: [ view_filter ] --END-- [ RunTime:0.000287s ]
INFO: [ app_end ] --START--
INFO: Run Behavior\ShowPageTraceBehavior [ RunTime:0.000391s ]
INFO: [ app_end ] --END-- [ RunTime:0.000463s ]

[ 2017-10-24T12:09:15+08:00 ] 10.98.106.33 /
INFO: [ app_init ] --START--
INFO: Run Behavior\BuildLiteBehavior [ RunTime:0.000032s ]
INFO: [ app_init ] --END-- [ RunTime:0.000581s ]
INFO: [ app_begin ] --START--
INFO: Run Behavior\ReadHtmlCacheBehavior [ RunTime:0.000806s ]
INFO: [ app_begin ] --END-- [ RunTime:0.000962s ]
INFO: [ view_parse ] --START--
INFO: [ template_filter ] --START--
INFO: Run Behavior\ContentReplaceBehavior [ RunTime:0.000123s ]
INFO: [ template_filter ] --END-- [ RunTime:0.000200s ]
NOTIC: [8] Use of undefined constant index - assumed 'index' D:\wamp\www\ybplant\Application\Runtime\Cache\index\e27ac99aeaa7b8b624c6a9e6029f59fb.php 第 57 行.
NOTIC: [8] Use of undefined constant isuser - assumed 'isuser' D:\wamp\www\ybplant\Application\Runtime\Cache\index\e27ac99aeaa7b8b624c6a9e6029f59fb.php 第 67 行.
NOTIC: [8] Use of undefined constant isuser - assumed 'isuser' D:\wamp\www\ybplant\Application\Runtime\Cache\index\e27ac99aeaa7b8b624c6a9e6029f59fb.php 第 69 行.
NOTIC: [8] Use of undefined constant user - assumed 'user' D:\wamp\www\ybplant\Application\Runtime\Cache\index\e27ac99aeaa7b8b624c6a9e6029f59fb.php 第 69 行.
NOTIC: [8] Use of undefined constant username - assumed 'username' D:\wamp\www\ybplant\Application\Runtime\Cache\index\e27ac99aeaa7b8b624c6a9e6029f59fb.php 第 69 行.
INFO: Run Behavior\ParseTemplateBehavior [ RunTime:0.009168s ]
INFO: [ view_parse ] --END-- [ RunTime:0.009244s ]
INFO: [ view_filter ] --START--
INFO: Run Behavior\WriteHtmlCacheBehavior [ RunTime:0.000243s ]
INFO: [ view_filter ] --END-- [ RunTime:0.000311s ]
INFO: [ app_end ] --START--
INFO: Run Behavior\ShowPageTraceBehavior [ RunTime:0.000425s ]
INFO: [ app_end ] --END-- [ RunTime:0.000494s ]

[ 2017-10-24T13:12:45+08:00 ] 10.97.40.254 /index.php/index/message_post?chip_id=lib-big&chip_pwd=123&data=[{"t":25,"h_d":35,"h_o":58},{"t":25,"h_d":36,"h_o":58},{"t":26,"h_d":36,"h_o":58},{"t":26,"h_d":37,"h_o":58},{"t":26,"h_d":36,"h_o":58},{"t":26,"h_d":36,"h_o":58},{"t":26,"h_d":36,"h_o":58},{"t":26,"h_d":36,"h_o":58},{"t":26,"h_d":35,"h_o":58},{"t":26,"h_d":36,"h_o":58},{"t":26,"h_d":36,"h_o":58},{"t":26,"h_d":36,"h_o":58}]
INFO: [ app_init ] --START--
INFO: Run Behavior\BuildLiteBehavior [ RunTime:0.000028s ]
INFO: [ app_init ] --END-- [ RunTime:0.000554s ]
INFO: [ app_begin ] --START--
INFO: Run Behavior\ReadHtmlCacheBehavior [ RunTime:0.000768s ]
INFO: [ app_begin ] --END-- [ RunTime:0.000921s ]
NOTIC: [8] Use of undefined constant chip_id - assumed 'chip_id' D:\wamp\www\ybplant\Application\index\Controller\IndexController.class.php 第 187 行.
NOTIC: [8] Use of undefined constant chip_pwd - assumed 'chip_pwd' D:\wamp\www\ybplant\Application\index\Controller\IndexController.class.php 第 187 行.
SQL: SHOW COLUMNS FROM `chip_set` [ RunTime:0.0026s ]
SQL: SELECT * FROM `chip_set` WHERE ( chip_id = "lib-big" and password = "123"  )  [ RunTime:0.0003s ]
NOTIC: [8] Use of undefined constant data - assumed 'data' D:\wamp\www\ybplant\Application\index\Controller\IndexController.class.php 第 213 行.
SQL: SHOW COLUMNS FROM `chip_data` [ RunTime:0.0022s ]
NOTIC: [8] Use of undefined constant chip_id - assumed 'chip_id' D:\wamp\www\ybplant\Application\index\Controller\IndexController.class.php 第 220 行.
SQL: INSERT INTO `chip_data` (`chip_id`,`temp`,`hum_oil`,`hum`,`time`) VALUES ('lib-big','25','35','58','2017-10-24 12:17:45') [ RunTime:0.0291s ]
NOTIC: [8] Use of undefined constant chip_id - assumed 'chip_id' D:\wamp\www\ybplant\Application\index\Controller\IndexController.class.php 第 220 行.
SQL: INSERT INTO `chip_data` (`chip_id`,`temp`,`hum_oil`,`hum`,`time`) VALUES ('lib-big','25','36','58','2017-10-24 12:22:45') [ RunTime:0.0259s ]
NOTIC: [8] Use of undefined constant chip_id - assumed 'chip_id' D:\wamp\www\ybplant\Application\index\Controller\IndexController.class.php 第 220 行.
SQL: INSERT INTO `chip_data` (`chip_id`,`temp`,`hum_oil`,`hum`,`time`) VALUES ('lib-big','26','36','58','2017-10-24 12:27:45') [ RunTime:0.0241s ]
NOTIC: [8] Use of undefined constant chip_id - assumed 'chip_id' D:\wamp\www\ybplant\Application\index\Controller\IndexController.class.php 第 220 行.
SQL: INSERT INTO `chip_data` (`chip_id`,`temp`,`hum_oil`,`hum`,`time`) VALUES ('lib-big','26','37','58','2017-10-24 12:32:45') [ RunTime:0.0241s ]
NOTIC: [8] Use of undefined constant chip_id - assumed 'chip_id' D:\wamp\www\ybplant\Application\index\Controller\IndexController.class.php 第 220 行.
SQL: INSERT INTO `chip_data` (`chip_id`,`temp`,`hum_oil`,`hum`,`time`) VALUES ('lib-big','26','36','58','2017-10-24 12:37:45') [ RunTime:0.0242s ]
NOTIC: [8] Use of undefined constant chip_id - assumed 'chip_id' D:\wamp\www\ybplant\Application\index\Controller\IndexController.class.php 第 220 行.
SQL: INSERT INTO `chip_data` (`chip_id`,`temp`,`hum_oil`,`hum`,`time`) VALUES ('lib-big','26','36','58','2017-10-24 12:42:45') [ RunTime:0.0242s ]
NOTIC: [8] Use of undefined constant chip_id - assumed 'chip_id' D:\wamp\www\ybplant\Application\index\Controller\IndexController.class.php 第 220 行.
SQL: INSERT INTO `chip_data` (`chip_id`,`temp`,`hum_oil`,`hum`,`time`) VALUES ('lib-big','26','36','58','2017-10-24 12:47:45') [ RunTime:0.0325s ]
NOTIC: [8] Use of undefined constant chip_id - assumed 'chip_id' D:\wamp\www\ybplant\Application\index\Controller\IndexController.class.php 第 220 行.
SQL: INSERT INTO `chip_data` (`chip_id`,`temp`,`hum_oil`,`hum`,`time`) VALUES ('lib-big','26','36','58','2017-10-24 12:52:45') [ RunTime:0.0242s ]
NOTIC: [8] Use of undefined constant chip_id - assumed 'chip_id' D:\wamp\www\ybplant\Application\index\Controller\IndexController.class.php 第 220 行.
SQL: INSERT INTO `chip_data` (`chip_id`,`temp`,`hum_oil`,`hum`,`time`) VALUES ('lib-big','26','35','58','2017-10-24 12:57:45') [ RunTime:0.0241s ]
NOTIC: [8] Use of undefined constant chip_id - assumed 'chip_id' D:\wamp\www\ybplant\Application\index\Controller\IndexController.class.php 第 220 行.
SQL: INSERT INTO `chip_data` (`chip_id`,`temp`,`hum_oil`,`hum`,`time`) VALUES ('lib-big','26','36','58','2017-10-24 13:02:45') [ RunTime:0.0241s ]
NOTIC: [8] Use of undefined constant chip_id - assumed 'chip_id' D:\wamp\www\ybplant\Application\index\Controller\IndexController.class.php 第 220 行.
SQL: INSERT INTO `chip_data` (`chip_id`,`temp`,`hum_oil`,`hum`,`time`) VALUES ('lib-big','26','36','58','2017-10-24 13:07:45') [ RunTime:0.0241s ]
NOTIC: [8] Use of undefined constant chip_id - assumed 'chip_id' D:\wamp\www\ybplant\Application\index\Controller\IndexController.class.php 第 220 行.
SQL: INSERT INTO `chip_data` (`chip_id`,`temp`,`hum_oil`,`hum`,`time`) VALUES ('lib-big','26','36','58','2017-10-24 13:12:45') [ RunTime:0.0242s ]
SQL: UPDATE `chip_set` SET `last_connect_time`='1508821965' WHERE ( chip_id = "lib-big" and password = "123"  ) [ RunTime:0.0245s ]
INFO: [ app_end ] --START--
INFO: Run Behavior\ShowPageTraceBehavior [ RunTime:0.002204s ]
INFO: [ app_end ] --END-- [ RunTime:0.002553s ]

[ 2017-10-24T14:13:45+08:00 ] 10.97.40.254 /index.php/index/message_post?chip_id=lib-big&chip_pwd=123&data=[{"t":26,"h_d":36,"h_o":58},{"t":26,"h_d":36,"h_o":57},{"t":26,"h_d":35,"h_o":57},{"t":26,"h_d":36,"h_o":57},{"t":26,"h_d":35,"h_o":57},{"t":26,"h_d":35,"h_o":57},{"t":26,"h_d":35,"h_o":57},{"t":26,"h_d":35,"h_o":57},{"t":26,"h_d":36,"h_o":57},{"t":26,"h_d":35,"h_o":57},{"t":26,"h_d":36,"h_o":57},{"t":27,"h_d":35,"h_o":57}]
INFO: [ app_init ] --START--
INFO: Run Behavior\BuildLiteBehavior [ RunTime:0.000029s ]
INFO: [ app_init ] --END-- [ RunTime:0.000557s ]
INFO: [ app_begin ] --START--
INFO: Run Behavior\ReadHtmlCacheBehavior [ RunTime:0.000772s ]
INFO: [ app_begin ] --END-- [ RunTime:0.000923s ]
NOTIC: [8] Use of undefined constant chip_id - assumed 'chip_id' D:\wamp\www\ybplant\Application\index\Controller\IndexController.class.php 第 187 行.
NOTIC: [8] Use of undefined constant chip_pwd - assumed 'chip_pwd' D:\wamp\www\ybplant\Application\index\Controller\IndexController.class.php 第 187 行.
SQL: SHOW COLUMNS FROM `chip_set` [ RunTime:0.0027s ]
SQL: SELECT * FROM `chip_set` WHERE ( chip_id = "lib-big" and password = "123"  )  [ RunTime:0.0003s ]
NOTIC: [8] Use of undefined constant data - assumed 'data' D:\wamp\www\ybplant\Application\index\Controller\IndexController.class.php 第 213 行.
SQL: SHOW COLUMNS FROM `chip_data` [ RunTime:0.0021s ]
NOTIC: [8] Use of undefined constant chip_id - assumed 'chip_id' D:\wamp\www\ybplant\Application\index\Controller\IndexController.class.php 第 220 行.
SQL: INSERT INTO `chip_data` (`chip_id`,`temp`,`hum_oil`,`hum`,`time`) VALUES ('lib-big','26','36','58','2017-10-24 13:18:45') [ RunTime:0.0245s ]
NOTIC: [8] Use of undefined constant chip_id - assumed 'chip_id' D:\wamp\www\ybplant\Application\index\Controller\IndexController.class.php 第 220 行.
SQL: INSERT INTO `chip_data` (`chip_id`,`temp`,`hum_oil`,`hum`,`time`) VALUES ('lib-big','26','36','57','2017-10-24 13:23:45') [ RunTime:0.0260s ]
NOTIC: [8] Use of undefined constant chip_id - assumed 'chip_id' D:\wamp\www\ybplant\Application\index\Controller\IndexController.class.php 第 220 行.
SQL: INSERT INTO `chip_data` (`chip_id`,`temp`,`hum_oil`,`hum`,`time`) VALUES ('lib-big','26','35','57','2017-10-24 13:28:45') [ RunTime:0.0241s ]
NOTIC: [8] Use of undefined constant chip_id - assumed 'chip_id' D:\wamp\www\ybplant\Application\index\Controller\IndexController.class.php 第 220 行.
SQL: INSERT INTO `chip_data` (`chip_id`,`temp`,`hum_oil`,`hum`,`time`) VALUES ('lib-big','26','36','57','2017-10-24 13:33:45') [ RunTime:0.0353s ]
NOTIC: [8] Use of undefined constant chip_id - assumed 'chip_id' D:\wamp\www\ybplant\Application\index\Controller\IndexController.class.php 第 220 行.
SQL: INSERT INTO `chip_data` (`chip_id`,`temp`,`hum_oil`,`hum`,`time`) VALUES ('lib-big','26','35','57','2017-10-24 13:38:45') [ RunTime:0.0297s ]
NOTIC: [8] Use of undefined constant chip_id - assumed 'chip_id' D:\wamp\www\ybplant\Application\index\Controller\IndexController.class.php 第 220 行.
SQL: INSERT INTO `chip_data` (`chip_id`,`temp`,`hum_oil`,`hum`,`time`) VALUES ('lib-big','26','35','57','2017-10-24 13:43:45') [ RunTime:0.0242s ]
NOTIC: [8] Use of undefined constant chip_id - assumed 'chip_id' D:\wamp\www\ybplant\Application\index\Controller\IndexController.class.php 第 220 行.
SQL: INSERT INTO `chip_data` (`chip_id`,`temp`,`hum_oil`,`hum`,`time`) VALUES ('lib-big','26','35','57','2017-10-24 13:48:45') [ RunTime:0.0241s ]
NOTIC: [8] Use of undefined constant chip_id - assumed 'chip_id' D:\wamp\www\ybplant\Application\index\Controller\IndexController.class.php 第 220 行.
SQL: INSERT INTO `chip_data` (`chip_id`,`temp`,`hum_oil`,`hum`,`time`) VALUES ('lib-big','26','35','57','2017-10-24 13:53:45') [ RunTime:0.0241s ]
NOTIC: [8] Use of undefined constant chip_id - assumed 'chip_id' D:\wamp\www\ybplant\Application\index\Controller\IndexController.class.php 第 220 行.
SQL: INSERT INTO `chip_data` (`chip_id`,`temp`,`hum_oil`,`hum`,`time`) VALUES ('lib-big','26','36','57','2017-10-24 13:58:45') [ RunTime:0.0242s ]
NOTIC: [8] Use of undefined constant chip_id - assumed 'chip_id' D:\wamp\www\ybplant\Application\index\Controller\IndexController.class.php 第 220 行.
SQL: INSERT INTO `chip_data` (`chip_id`,`temp`,`hum_oil`,`hum`,`time`) VALUES ('lib-big','26','35','57','2017-10-24 14:03:45') [ RunTime:0.0258s ]
NOTIC: [8] Use of undefined constant chip_id - assumed 'chip_id' D:\wamp\www\ybplant\Application\index\Controller\IndexController.class.php 第 220 行.
SQL: INSERT INTO `chip_data` (`chip_id`,`temp`,`hum_oil`,`hum`,`time`) VALUES ('lib-big','26','36','57','2017-10-24 14:08:45') [ RunTime:0.0242s ]
NOTIC: [8] Use of undefined constant chip_id - assumed 'chip_id' D:\wamp\www\ybplant\Application\index\Controller\IndexController.class.php 第 220 行.
SQL: INSERT INTO `chip_data` (`chip_id`,`temp`,`hum_oil`,`hum`,`time`) VALUES ('lib-big','27','35','57','2017-10-24 14:13:45') [ RunTime:0.0241s ]
SQL: UPDATE `chip_set` SET `last_connect_time`='1508825625' WHERE ( chip_id = "lib-big" and password = "123"  ) [ RunTime:0.0245s ]
INFO: [ app_end ] --START--
INFO: Run Behavior\ShowPageTraceBehavior [ RunTime:0.002202s ]
INFO: [ app_end ] --END-- [ RunTime:0.002553s ]

[ 2017-10-24T15:14:45+08:00 ] 10.97.40.254 /index.php/index/message_post?chip_id=lib-big&chip_pwd=123&data=[{"t":27,"h_d":35,"h_o":57},{"t":27,"h_d":35,"h_o":57},{"t":27,"h_d":35,"h_o":57},{"t":27,"h_d":35,"h_o":57},{"t":27,"h_d":35,"h_o":57},{"t":27,"h_d":35,"h_o":56},{"t":27,"h_d":35,"h_o":57},{"t":27,"h_d":35,"h_o":56},{"t":27,"h_d":36,"h_o":57},{"t":27,"h_d":36,"h_o":56},{"t":27,"h_d":37,"h_o":56},{"t":27,"h_d":37,"h_o":56}]
INFO: [ app_init ] --START--
INFO: Run Behavior\BuildLiteBehavior [ RunTime:0.000034s ]
INFO: [ app_init ] --END-- [ RunTime:0.000654s ]
INFO: [ app_begin ] --START--
INFO: Run Behavior\ReadHtmlCacheBehavior [ RunTime:0.000901s ]
INFO: [ app_begin ] --END-- [ RunTime:0.001074s ]
NOTIC: [8] Use of undefined constant chip_id - assumed 'chip_id' D:\wamp\www\ybplant\Application\index\Controller\IndexController.class.php 第 187 行.
NOTIC: [8] Use of undefined constant chip_pwd - assumed 'chip_pwd' D:\wamp\www\ybplant\Application\index\Controller\IndexController.class.php 第 187 行.
SQL: SHOW COLUMNS FROM `chip_set` [ RunTime:0.0026s ]
SQL: SELECT * FROM `chip_set` WHERE ( chip_id = "lib-big" and password = "123"  )  [ RunTime:0.0003s ]
NOTIC: [8] Use of undefined constant data - assumed 'data' D:\wamp\www\ybplant\Application\index\Controller\IndexController.class.php 第 213 行.
SQL: SHOW COLUMNS FROM `chip_data` [ RunTime:0.0022s ]
NOTIC: [8] Use of undefined constant chip_id - assumed 'chip_id' D:\wamp\www\ybplant\Application\index\Controller\IndexController.class.php 第 220 行.
SQL: INSERT INTO `chip_data` (`chip_id`,`temp`,`hum_oil`,`hum`,`time`) VALUES ('lib-big','27','35','57','2017-10-24 14:19:45') [ RunTime:0.0408s ]
NOTIC: [8] Use of undefined constant chip_id - assumed 'chip_id' D:\wamp\www\ybplant\Application\index\Controller\IndexController.class.php 第 220 行.
SQL: INSERT INTO `chip_data` (`chip_id`,`temp`,`hum_oil`,`hum`,`time`) VALUES ('lib-big','27','35','57','2017-10-24 14:24:45') [ RunTime:0.0246s ]
NOTIC: [8] Use of undefined constant chip_id - assumed 'chip_id' D:\wamp\www\ybplant\Application\index\Controller\IndexController.class.php 第 220 行.
SQL: INSERT INTO `chip_data` (`chip_id`,`temp`,`hum_oil`,`hum`,`time`) VALUES ('lib-big','27','35','57','2017-10-24 14:29:45') [ RunTime:0.0241s ]
NOTIC: [8] Use of undefined constant chip_id - assumed 'chip_id' D:\wamp\www\ybplant\Application\index\Controller\IndexController.class.php 第 220 行.
SQL: INSERT INTO `chip_data` (`chip_id`,`temp`,`hum_oil`,`hum`,`time`) VALUES ('lib-big','27','35','57','2017-10-24 14:34:45') [ RunTime:0.0242s ]
NOTIC: [8] Use of undefined constant chip_id - assumed 'chip_id' D:\wamp\www\ybplant\Application\index\Controller\IndexController.class.php 第 220 行.
SQL: INSERT INTO `chip_data` (`chip_id`,`temp`,`hum_oil`,`hum`,`time`) VALUES ('lib-big','27','35','57','2017-10-24 14:39:45') [ RunTime:0.0242s ]
NOTIC: [8] Use of undefined constant chip_id - assumed 'chip_id' D:\wamp\www\ybplant\Application\index\Controller\IndexController.class.php 第 220 行.
SQL: INSERT INTO `chip_data` (`chip_id`,`temp`,`hum_oil`,`hum`,`time`) VALUES ('lib-big','27','35','56','2017-10-24 14:44:45') [ RunTime:0.0297s ]
NOTIC: [8] Use of undefined constant chip_id - assumed 'chip_id' D:\wamp\www\ybplant\Application\index\Controller\IndexController.class.php 第 220 行.
SQL: INSERT INTO `chip_data` (`chip_id`,`temp`,`hum_oil`,`hum`,`time`) VALUES ('lib-big','27','35','57','2017-10-24 14:49:45') [ RunTime:0.0269s ]
NOTIC: [8] Use of undefined constant chip_id - assumed 'chip_id' D:\wamp\www\ybplant\Application\index\Controller\IndexController.class.php 第 220 行.
SQL: INSERT INTO `chip_data` (`chip_id`,`temp`,`hum_oil`,`hum`,`time`) VALUES ('lib-big','27','35','56','2017-10-24 14:54:45') [ RunTime:0.0241s ]
NOTIC: [8] Use of undefined constant chip_id - assumed 'chip_id' D:\wamp\www\ybplant\Application\index\Controller\IndexController.class.php 第 220 行.
SQL: INSERT INTO `chip_data` (`chip_id`,`temp`,`hum_oil`,`hum`,`time`) VALUES ('lib-big','27','36','57','2017-10-24 14:59:45') [ RunTime:0.0242s ]
NOTIC: [8] Use of undefined constant chip_id - assumed 'chip_id' D:\wamp\www\ybplant\Application\index\Controller\IndexController.class.php 第 220 行.
SQL: INSERT INTO `chip_data` (`chip_id`,`temp`,`hum_oil`,`hum`,`time`) VALUES ('lib-big','27','36','56','2017-10-24 15:04:45') [ RunTime:0.0306s ]
NOTIC: [8] Use of undefined constant chip_id - assumed 'chip_id' D:\wamp\www\ybplant\Application\index\Controller\IndexController.class.php 第 220 行.
SQL: INSERT INTO `chip_data` (`chip_id`,`temp`,`hum_oil`,`hum`,`time`) VALUES ('lib-big','27','37','56','2017-10-24 15:09:45') [ RunTime:0.0260s ]
NOTIC: [8] Use of undefined constant chip_id - assumed 'chip_id' D:\wamp\www\ybplant\Application\index\Controller\IndexController.class.php 第 220 行.
SQL: INSERT INTO `chip_data` (`chip_id`,`temp`,`hum_oil`,`hum`,`time`) VALUES ('lib-big','27','37','56','2017-10-24 15:14:45') [ RunTime:0.0242s ]
SQL: UPDATE `chip_set` SET `last_connect_time`='1508829285' WHERE ( chip_id = "lib-big" and password = "123"  ) [ RunTime:0.0245s ]
INFO: [ app_end ] --START--
INFO: Run Behavior\ShowPageTraceBehavior [ RunTime:0.002198s ]
INFO: [ app_end ] --END-- [ RunTime:0.002546s ]

[ 2017-10-24T16:15:07+08:00 ] 10.98.112.6 /
INFO: [ app_init ] --START--
INFO: Run Behavior\BuildLiteBehavior [ RunTime:0.000020s ]
INFO: [ app_init ] --END-- [ RunTime:0.000373s ]
INFO: [ app_begin ] --START--
INFO: Run Behavior\ReadHtmlCacheBehavior [ RunTime:0.000444s ]
INFO: [ app_begin ] --END-- [ RunTime:0.000525s ]
INFO: [ view_parse ] --START--
INFO: [ template_filter ] --START--
INFO: Run Behavior\ContentReplaceBehavior [ RunTime:0.000124s ]
INFO: [ template_filter ] --END-- [ RunTime:0.000201s ]
NOTIC: [8] Use of undefined constant index - assumed 'index' D:\wamp\www\ybplant\Application\Runtime\Cache\index\e27ac99aeaa7b8b624c6a9e6029f59fb.php 第 57 行.
NOTIC: [8] Use of undefined constant isuser - assumed 'isuser' D:\wamp\www\ybplant\Application\Runtime\Cache\index\e27ac99aeaa7b8b624c6a9e6029f59fb.php 第 67 行.
NOTIC: [8] Undefined index: isuser D:\wamp\www\ybplant\Application\Runtime\Cache\index\e27ac99aeaa7b8b624c6a9e6029f59fb.php 第 67 行.
NOTIC: [8] Use of undefined constant isuser - assumed 'isuser' D:\wamp\www\ybplant\Application\Runtime\Cache\index\e27ac99aeaa7b8b624c6a9e6029f59fb.php 第 69 行.
NOTIC: [8] Undefined index: isuser D:\wamp\www\ybplant\Application\Runtime\Cache\index\e27ac99aeaa7b8b624c6a9e6029f59fb.php 第 69 行.
INFO: Run Behavior\ParseTemplateBehavior [ RunTime:0.009606s ]
INFO: [ view_parse ] --END-- [ RunTime:0.009686s ]
INFO: [ view_filter ] --START--
INFO: Run Behavior\WriteHtmlCacheBehavior [ RunTime:0.000296s ]
INFO: [ view_filter ] --END-- [ RunTime:0.000394s ]
INFO: [ app_end ] --START--
INFO: Run Behavior\ShowPageTraceBehavior [ RunTime:0.000713s ]
INFO: [ app_end ] --END-- [ RunTime:0.000799s ]

[ 2017-10-24T16:15:11+08:00 ] 10.98.112.6 /index.php/index/login
INFO: [ app_init ] --START--
INFO: Run Behavior\BuildLiteBehavior [ RunTime:0.000032s ]
INFO: [ app_init ] --END-- [ RunTime:0.000516s ]
INFO: [ app_begin ] --START--
INFO: Run Behavior\ReadHtmlCacheBehavior [ RunTime:0.000628s ]
INFO: [ app_begin ] --END-- [ RunTime:0.000769s ]
INFO: [ view_parse ] --START--
INFO: [ template_filter ] --START--
INFO: Run Behavior\ContentReplaceBehavior [ RunTime:0.000068s ]
INFO: [ template_filter ] --END-- [ RunTime:0.000152s ]
NOTIC: [8] Use of undefined constant index - assumed 'index' D:\wamp\www\ybplant\Application\Runtime\Cache\index\134cf5005d9c7336f57f2569ed83887e.php 第 57 行.
NOTIC: [8] Use of undefined constant isuser - assumed 'isuser' D:\wamp\www\ybplant\Application\Runtime\Cache\index\134cf5005d9c7336f57f2569ed83887e.php 第 67 行.
NOTIC: [8] Undefined index: isuser D:\wamp\www\ybplant\Application\Runtime\Cache\index\134cf5005d9c7336f57f2569ed83887e.php 第 67 行.
NOTIC: [8] Use of undefined constant isuser - assumed 'isuser' D:\wamp\www\ybplant\Application\Runtime\Cache\index\134cf5005d9c7336f57f2569ed83887e.php 第 69 行.
NOTIC: [8] Undefined index: isuser D:\wamp\www\ybplant\Application\Runtime\Cache\index\134cf5005d9c7336f57f2569ed83887e.php 第 69 行.
INFO: Run Behavior\ParseTemplateBehavior [ RunTime:0.006903s ]
INFO: [ view_parse ] --END-- [ RunTime:0.007005s ]
INFO: [ view_filter ] --START--
INFO: Run Behavior\WriteHtmlCacheBehavior [ RunTime:0.000201s ]
INFO: [ view_filter ] --END-- [ RunTime:0.000270s ]
INFO: [ app_end ] --START--
INFO: Run Behavior\ShowPageTraceBehavior [ RunTime:0.000434s ]
INFO: [ app_end ] --END-- [ RunTime:0.000502s ]

[ 2017-10-24T16:15:11+08:00 ] 10.98.112.6 /index.php/index/verify_c.html
INFO: [ app_init ] --START--
INFO: Run Behavior\BuildLiteBehavior [ RunTime:0.000020s ]
INFO: [ app_init ] --END-- [ RunTime:0.000424s ]
INFO: [ app_begin ] --START--
INFO: Run Behavior\ReadHtmlCacheBehavior [ RunTime:0.000358s ]
INFO: [ app_begin ] --END-- [ RunTime:0.000438s ]
INFO: [ app_end ] --START--
INFO: Run Behavior\ShowPageTraceBehavior [ RunTime:0.000464s ]
INFO: [ app_end ] --END-- [ RunTime:0.000558s ]

[ 2017-10-24T16:15:18+08:00 ] 10.98.112.6 /index.php/index/doLogin
INFO: [ app_init ] --START--
INFO: Run Behavior\BuildLiteBehavior [ RunTime:0.000025s ]
INFO: [ app_init ] --END-- [ RunTime:0.000407s ]
INFO: [ app_begin ] --START--
INFO: Run Behavior\ReadHtmlCacheBehavior [ RunTime:0.000484s ]
INFO: [ app_begin ] --END-- [ RunTime:0.000598s ]
NOTIC: [8] Use of undefined constant yanzhengma - assumed 'yanzhengma' D:\wamp\www\ybplant\Application\index\Controller\IndexController.class.php 第 79 行.
NOTIC: [8] Use of undefined constant username - assumed 'username' D:\wamp\www\ybplant\Application\index\Controller\IndexController.class.php 第 82 行.
NOTIC: [8] Use of undefined constant password - assumed 'password' D:\wamp\www\ybplant\Application\index\Controller\IndexController.class.php 第 82 行.
NOTIC: [8] Use of undefined constant username - assumed 'username' D:\wamp\www\ybplant\Application\index\Controller\IndexController.class.php 第 87 行.
NOTIC: [8] Use of undefined constant password - assumed 'password' D:\wamp\www\ybplant\Application\index\Controller\IndexController.class.php 第 88 行.
SQL: SHOW COLUMNS FROM `user` [ RunTime:0.0025s ]
SQL: SELECT * FROM `user` WHERE `username` = 'yibu' AND `password` = '199467' LIMIT 1   [ RunTime:0.0002s ]
NOTIC: [8] Undefined variable: a D:\wamp\www\ybplant\Application\index\Controller\IndexController.class.php 第 99 行.
INFO: [ view_parse ] --START--
INFO: [ template_filter ] --START--
INFO: Run Behavior\ContentReplaceBehavior [ RunTime:0.000067s ]
INFO: [ template_filter ] --END-- [ RunTime:0.000146s ]
NOTIC: [8] Use of undefined constant index - assumed 'index' D:\wamp\www\ybplant\Application\Runtime\Cache\index\e866d82d961820ce3e62a2b25a9479f5.php 第 57 行.
NOTIC: [8] Use of undefined constant isuser - assumed 'isuser' D:\wamp\www\ybplant\Application\Runtime\Cache\index\e866d82d961820ce3e62a2b25a9479f5.php 第 67 行.
NOTIC: [8] Use of undefined constant isuser - assumed 'isuser' D:\wamp\www\ybplant\Application\Runtime\Cache\index\e866d82d961820ce3e62a2b25a9479f5.php 第 69 行.
NOTIC: [8] Use of undefined constant user - assumed 'user' D:\wamp\www\ybplant\Application\Runtime\Cache\index\e866d82d961820ce3e62a2b25a9479f5.php 第 69 行.
NOTIC: [8] Use of undefined constant username - assumed 'username' D:\wamp\www\ybplant\Application\Runtime\Cache\index\e866d82d961820ce3e62a2b25a9479f5.php 第 69 行.
INFO: Run Behavior\ParseTemplateBehavior [ RunTime:0.006886s ]
INFO: [ view_parse ] --END-- [ RunTime:0.006964s ]
INFO: [ view_filter ] --START--
INFO: Run Behavior\WriteHtmlCacheBehavior [ RunTime:0.000197s ]
INFO: [ view_filter ] --END-- [ RunTime:0.000264s ]
INFO: [ app_end ] --START--
INFO: Run Behavior\ShowPageTraceBehavior [ RunTime:0.000395s ]
INFO: [ app_end ] --END-- [ RunTime:0.000468s ]

[ 2017-10-24T16:15:45+08:00 ] 10.97.40.254 /index.php/index/message_post?chip_id=lib-big&chip_pwd=123&data=[{"t":27,"h_d":36,"h_o":56},{"t":27,"h_d":35,"h_o":56},{"t":27,"h_d":35,"h_o":56},{"t":27,"h_d":36,"h_o":56},{"t":27,"h_d":36,"h_o":56},{"t":27,"h_d":37,"h_o":56},{"t":27,"h_d":36,"h_o":56},{"t":27,"h_d":37,"h_o":56},{"t":27,"h_d":37,"h_o":56},{"t":27,"h_d":36,"h_o":56},{"t":27,"h_d":37,"h_o":56},{"t":27,"h_d":37,"h_o":55}]
INFO: [ app_init ] --START--
INFO: Run Behavior\BuildLiteBehavior [ RunTime:0.000024s ]
INFO: [ app_init ] --END-- [ RunTime:0.000368s ]
INFO: [ app_begin ] --START--
INFO: Run Behavior\ReadHtmlCacheBehavior [ RunTime:0.000376s ]
INFO: [ app_begin ] --END-- [ RunTime:0.000461s ]
NOTIC: [8] Use of undefined constant chip_id - assumed 'chip_id' D:\wamp\www\ybplant\Application\index\Controller\IndexController.class.php 第 187 行.
NOTIC: [8] Use of undefined constant chip_pwd - assumed 'chip_pwd' D:\wamp\www\ybplant\Application\index\Controller\IndexController.class.php 第 187 行.
SQL: SHOW COLUMNS FROM `chip_set` [ RunTime:0.0028s ]
SQL: SELECT * FROM `chip_set` WHERE ( chip_id = "lib-big" and password = "123"  )  [ RunTime:0.0003s ]
NOTIC: [8] Use of undefined constant data - assumed 'data' D:\wamp\www\ybplant\Application\index\Controller\IndexController.class.php 第 213 行.
SQL: SHOW COLUMNS FROM `chip_data` [ RunTime:0.0021s ]
NOTIC: [8] Use of undefined constant chip_id - assumed 'chip_id' D:\wamp\www\ybplant\Application\index\Controller\IndexController.class.php 第 220 行.
SQL: INSERT INTO `chip_data` (`chip_id`,`temp`,`hum_oil`,`hum`,`time`) VALUES ('lib-big','27','36','56','2017-10-24 15:20:45') [ RunTime:0.0257s ]
NOTIC: [8] Use of undefined constant chip_id - assumed 'chip_id' D:\wamp\www\ybplant\Application\index\Controller\IndexController.class.php 第 220 行.
SQL: INSERT INTO `chip_data` (`chip_id`,`temp`,`hum_oil`,`hum`,`time`) VALUES ('lib-big','27','35','56','2017-10-24 15:25:45') [ RunTime:0.0255s ]
NOTIC: [8] Use of undefined constant chip_id - assumed 'chip_id' D:\wamp\www\ybplant\Application\index\Controller\IndexController.class.php 第 220 行.
SQL: INSERT INTO `chip_data` (`chip_id`,`temp`,`hum_oil`,`hum`,`time`) VALUES ('lib-big','27','35','56','2017-10-24 15:30:45') [ RunTime:0.0254s ]
NOTIC: [8] Use of undefined constant chip_id - assumed 'chip_id' D:\wamp\www\ybplant\Application\index\Controller\IndexController.class.php 第 220 行.
SQL: INSERT INTO `chip_data` (`chip_id`,`temp`,`hum_oil`,`hum`,`time`) VALUES ('lib-big','27','36','56','2017-10-24 15:35:45') [ RunTime:0.0255s ]
NOTIC: [8] Use of undefined constant chip_id - assumed 'chip_id' D:\wamp\www\ybplant\Application\index\Controller\IndexController.class.php 第 220 行.
SQL: INSERT INTO `chip_data` (`chip_id`,`temp`,`hum_oil`,`hum`,`time`) VALUES ('lib-big','27','36','56','2017-10-24 15:40:45') [ RunTime:0.0255s ]
NOTIC: [8] Use of undefined constant chip_id - assumed 'chip_id' D:\wamp\www\ybplant\Application\index\Controller\IndexController.class.php 第 220 行.
SQL: INSERT INTO `chip_data` (`chip_id`,`temp`,`hum_oil`,`hum`,`time`) VALUES ('lib-big','27','37','56','2017-10-24 15:45:45') [ RunTime:0.0255s ]
NOTIC: [8] Use of undefined constant chip_id - assumed 'chip_id' D:\wamp\www\ybplant\Application\index\Controller\IndexController.class.php 第 220 行.
SQL: INSERT INTO `chip_data` (`chip_id`,`temp`,`hum_oil`,`hum`,`time`) VALUES ('lib-big','27','36','56','2017-10-24 15:50:45') [ RunTime:0.0254s ]
NOTIC: [8] Use of undefined constant chip_id - assumed 'chip_id' D:\wamp\www\ybplant\Application\index\Controller\IndexController.class.php 第 220 行.
SQL: INSERT INTO `chip_data` (`chip_id`,`temp`,`hum_oil`,`hum`,`time`) VALUES ('lib-big','27','37','56','2017-10-24 15:55:45') [ RunTime:0.0256s ]
NOTIC: [8] Use of undefined constant chip_id - assumed 'chip_id' D:\wamp\www\ybplant\Application\index\Controller\IndexController.class.php 第 220 行.
SQL: INSERT INTO `chip_data` (`chip_id`,`temp`,`hum_oil`,`hum`,`time`) VALUES ('lib-big','27','37','56','2017-10-24 16:00:45') [ RunTime:0.0339s ]
NOTIC: [8] Use of undefined constant chip_id - assumed 'chip_id' D:\wamp\www\ybplant\Application\index\Controller\IndexController.class.php 第 220 行.
SQL: INSERT INTO `chip_data` (`chip_id`,`temp`,`hum_oil`,`hum`,`time`) VALUES ('lib-big','27','36','56','2017-10-24 16:05:45') [ RunTime:0.0254s ]
NOTIC: [8] Use of undefined constant chip_id - assumed 'chip_id' D:\wamp\www\ybplant\Application\index\Controller\IndexController.class.php 第 220 行.
SQL: INSERT INTO `chip_data` (`chip_id`,`temp`,`hum_oil`,`hum`,`time`) VALUES ('lib-big','27','37','56','2017-10-24 16:10:45') [ RunTime:0.0253s ]
NOTIC: [8] Use of undefined constant chip_id - assumed 'chip_id' D:\wamp\www\ybplant\Application\index\Controller\IndexController.class.php 第 220 行.
SQL: INSERT INTO `chip_data` (`chip_id`,`temp`,`hum_oil`,`hum`,`time`) VALUES ('lib-big','27','37','55','2017-10-24 16:15:45') [ RunTime:0.0255s ]
SQL: UPDATE `chip_set` SET `last_connect_time`='1508832945' WHERE ( chip_id = "lib-big" and password = "123"  ) [ RunTime:0.0256s ]
INFO: [ app_end ] --START--
INFO: Run Behavior\ShowPageTraceBehavior [ RunTime:0.000546s ]
INFO: [ app_end ] --END-- [ RunTime:0.000632s ]

[ 2017-10-24T17:16:45+08:00 ] 10.97.40.254 /index.php/index/message_post?chip_id=lib-big&chip_pwd=123&data=[{"t":27,"h_d":36,"h_o":55},{"t":27,"h_d":37,"h_o":55},{"t":27,"h_d":40,"h_o":55},{"t":26,"h_d":37,"h_o":55},{"t":26,"h_d":38,"h_o":55},{"t":26,"h_d":37,"h_o":55},{"t":26,"h_d":37,"h_o":55},{"t":26,"h_d":38,"h_o":54},{"t":26,"h_d":38,"h_o":54},{"t":26,"h_d":38,"h_o":54},{"t":26,"h_d":39,"h_o":54},{"t":26,"h_d":38,"h_o":54}]
INFO: [ app_init ] --START--
INFO: Run Behavior\BuildLiteBehavior [ RunTime:0.000030s ]
INFO: [ app_init ] --END-- [ RunTime:0.000565s ]
INFO: [ app_begin ] --START--
INFO: Run Behavior\ReadHtmlCacheBehavior [ RunTime:0.000783s ]
INFO: [ app_begin ] --END-- [ RunTime:0.000935s ]
NOTIC: [8] Use of undefined constant chip_id - assumed 'chip_id' D:\wamp\www\ybplant\Application\index\Controller\IndexController.class.php 第 187 行.
NOTIC: [8] Use of undefined constant chip_pwd - assumed 'chip_pwd' D:\wamp\www\ybplant\Application\index\Controller\IndexController.class.php 第 187 行.
SQL: SHOW COLUMNS FROM `chip_set` [ RunTime:0.0040s ]
SQL: SELECT * FROM `chip_set` WHERE ( chip_id = "lib-big" and password = "123"  )  [ RunTime:0.0005s ]
NOTIC: [8] Use of undefined constant data - assumed 'data' D:\wamp\www\ybplant\Application\index\Controller\IndexController.class.php 第 213 行.
SQL: SHOW COLUMNS FROM `chip_data` [ RunTime:0.0035s ]
NOTIC: [8] Use of undefined constant chip_id - assumed 'chip_id' D:\wamp\www\ybplant\Application\index\Controller\IndexController.class.php 第 220 行.
SQL: INSERT INTO `chip_data` (`chip_id`,`temp`,`hum_oil`,`hum`,`time`) VALUES ('lib-big','27','36','55','2017-10-24 16:21:45') [ RunTime:0.0338s ]
NOTIC: [8] Use of undefined constant chip_id - assumed 'chip_id' D:\wamp\www\ybplant\Application\index\Controller\IndexController.class.php 第 220 行.
SQL: INSERT INTO `chip_data` (`chip_id`,`temp`,`hum_oil`,`hum`,`time`) VALUES ('lib-big','27','37','55','2017-10-24 16:26:45') [ RunTime:0.0242s ]
NOTIC: [8] Use of undefined constant chip_id - assumed 'chip_id' D:\wamp\www\ybplant\Application\index\Controller\IndexController.class.php 第 220 行.
SQL: INSERT INTO `chip_data` (`chip_id`,`temp`,`hum_oil`,`hum`,`time`) VALUES ('lib-big','27','40','55','2017-10-24 16:31:45') [ RunTime:0.0240s ]
NOTIC: [8] Use of undefined constant chip_id - assumed 'chip_id' D:\wamp\www\ybplant\Application\index\Controller\IndexController.class.php 第 220 行.
SQL: INSERT INTO `chip_data` (`chip_id`,`temp`,`hum_oil`,`hum`,`time`) VALUES ('lib-big','26','37','55','2017-10-24 16:36:45') [ RunTime:0.0243s ]
NOTIC: [8] Use of undefined constant chip_id - assumed 'chip_id' D:\wamp\www\ybplant\Application\index\Controller\IndexController.class.php 第 220 行.
SQL: INSERT INTO `chip_data` (`chip_id`,`temp`,`hum_oil`,`hum`,`time`) VALUES ('lib-big','26','38','55','2017-10-24 16:41:45') [ RunTime:0.0242s ]
NOTIC: [8] Use of undefined constant chip_id - assumed 'chip_id' D:\wamp\www\ybplant\Application\index\Controller\IndexController.class.php 第 220 行.
SQL: INSERT INTO `chip_data` (`chip_id`,`temp`,`hum_oil`,`hum`,`time`) VALUES ('lib-big','26','37','55','2017-10-24 16:46:45') [ RunTime:0.0242s ]
NOTIC: [8] Use of undefined constant chip_id - assumed 'chip_id' D:\wamp\www\ybplant\Application\index\Controller\IndexController.class.php 第 220 行.
SQL: INSERT INTO `chip_data` (`chip_id`,`temp`,`hum_oil`,`hum`,`time`) VALUES ('lib-big','26','37','55','2017-10-24 16:51:45') [ RunTime:0.0242s ]
NOTIC: [8] Use of undefined constant chip_id - assumed 'chip_id' D:\wamp\www\ybplant\Application\index\Controller\IndexController.class.php 第 220 行.
SQL: INSERT INTO `chip_data` (`chip_id`,`temp`,`hum_oil`,`hum`,`time`) VALUES ('lib-big','26','38','54','2017-10-24 16:56:45') [ RunTime:0.0360s ]
NOTIC: [8] Use of undefined constant chip_id - assumed 'chip_id' D:\wamp\www\ybplant\Application\index\Controller\IndexController.class.php 第 220 行.
SQL: INSERT INTO `chip_data` (`chip_id`,`temp`,`hum_oil`,`hum`,`time`) VALUES ('lib-big','26','38','54','2017-10-24 17:01:45') [ RunTime:0.0289s ]
NOTIC: [8] Use of undefined constant chip_id - assumed 'chip_id' D:\wamp\www\ybplant\Application\index\Controller\IndexController.class.php 第 220 行.
SQL: INSERT INTO `chip_data` (`chip_id`,`temp`,`hum_oil`,`hum`,`time`) VALUES ('lib-big','26','38','54','2017-10-24 17:06:45') [ RunTime:0.0825s ]
NOTIC: [8] Use of undefined constant chip_id - assumed 'chip_id' D:\wamp\www\ybplant\Application\index\Controller\IndexController.class.php 第 220 行.
SQL: INSERT INTO `chip_data` (`chip_id`,`temp`,`hum_oil`,`hum`,`time`) VALUES ('lib-big','26','39','54','2017-10-24 17:11:45') [ RunTime:0.0242s ]
NOTIC: [8] Use of undefined constant chip_id - assumed 'chip_id' D:\wamp\www\ybplant\Application\index\Controller\IndexController.class.php 第 220 行.
SQL: INSERT INTO `chip_data` (`chip_id`,`temp`,`hum_oil`,`hum`,`time`) VALUES ('lib-big','26','38','54','2017-10-24 17:16:45') [ RunTime:0.0241s ]
SQL: UPDATE `chip_set` SET `last_connect_time`='1508836605' WHERE ( chip_id = "lib-big" and password = "123"  ) [ RunTime:0.0245s ]
INFO: [ app_end ] --START--
INFO: Run Behavior\ShowPageTraceBehavior [ RunTime:0.002201s ]
INFO: [ app_end ] --END-- [ RunTime:0.002553s ]

[ 2017-10-24T18:17:45+08:00 ] 10.97.40.254 /index.php/index/message_post?chip_id=lib-big&chip_pwd=123&data=[{"t":26,"h_d":39,"h_o":54},{"t":26,"h_d":39,"h_o":54},{"t":26,"h_d":39,"h_o":54},{"t":25,"h_d":38,"h_o":54},{"t":25,"h_d":38,"h_o":54},{"t":25,"h_d":38,"h_o":54},{"t":25,"h_d":38,"h_o":54},{"t":25,"h_d":39,"h_o":53},{"t":25,"h_d":40,"h_o":53},{"t":25,"h_d":40,"h_o":53},{"t":24,"h_d":41,"h_o":53},{"t":24,"h_d":41,"h_o":53}]
INFO: [ app_init ] --START--
INFO: Run Behavior\BuildLiteBehavior [ RunTime:0.000045s ]
INFO: [ app_init ] --END-- [ RunTime:0.000854s ]
INFO: [ app_begin ] --START--
INFO: Run Behavior\ReadHtmlCacheBehavior [ RunTime:0.001190s ]
INFO: [ app_begin ] --END-- [ RunTime:0.001406s ]
NOTIC: [8] Use of undefined constant chip_id - assumed 'chip_id' D:\wamp\www\ybplant\Application\index\Controller\IndexController.class.php 第 187 行.
NOTIC: [8] Use of undefined constant chip_pwd - assumed 'chip_pwd' D:\wamp\www\ybplant\Application\index\Controller\IndexController.class.php 第 187 行.
SQL: SHOW COLUMNS FROM `chip_set` [ RunTime:0.0042s ]
SQL: SELECT * FROM `chip_set` WHERE ( chip_id = "lib-big" and password = "123"  )  [ RunTime:0.0006s ]
NOTIC: [8] Use of undefined constant data - assumed 'data' D:\wamp\www\ybplant\Application\index\Controller\IndexController.class.php 第 213 行.
SQL: SHOW COLUMNS FROM `chip_data` [ RunTime:0.0024s ]
NOTIC: [8] Use of undefined constant chip_id - assumed 'chip_id' D:\wamp\www\ybplant\Application\index\Controller\IndexController.class.php 第 220 行.
SQL: INSERT INTO `chip_data` (`chip_id`,`temp`,`hum_oil`,`hum`,`time`) VALUES ('lib-big','26','39','54','2017-10-24 17:22:45') [ RunTime:0.0425s ]
NOTIC: [8] Use of undefined constant chip_id - assumed 'chip_id' D:\wamp\www\ybplant\Application\index\Controller\IndexController.class.php 第 220 行.
SQL: INSERT INTO `chip_data` (`chip_id`,`temp`,`hum_oil`,`hum`,`time`) VALUES ('lib-big','26','39','54','2017-10-24 17:27:45') [ RunTime:0.0241s ]
NOTIC: [8] Use of undefined constant chip_id - assumed 'chip_id' D:\wamp\www\ybplant\Application\index\Controller\IndexController.class.php 第 220 行.
SQL: INSERT INTO `chip_data` (`chip_id`,`temp`,`hum_oil`,`hum`,`time`) VALUES ('lib-big','26','39','54','2017-10-24 17:32:45') [ RunTime:0.0241s ]
NOTIC: [8] Use of undefined constant chip_id - assumed 'chip_id' D:\wamp\www\ybplant\Application\index\Controller\IndexController.class.php 第 220 行.
SQL: INSERT INTO `chip_data` (`chip_id`,`temp`,`hum_oil`,`hum`,`time`) VALUES ('lib-big','25','38','54','2017-10-24 17:37:45') [ RunTime:0.0241s ]
NOTIC: [8] Use of undefined constant chip_id - assumed 'chip_id' D:\wamp\www\ybplant\Application\index\Controller\IndexController.class.php 第 220 行.
SQL: INSERT INTO `chip_data` (`chip_id`,`temp`,`hum_oil`,`hum`,`time`) VALUES ('lib-big','25','38','54','2017-10-24 17:42:45') [ RunTime:0.0241s ]
NOTIC: [8] Use of undefined constant chip_id - assumed 'chip_id' D:\wamp\www\ybplant\Application\index\Controller\IndexController.class.php 第 220 行.
SQL: INSERT INTO `chip_data` (`chip_id`,`temp`,`hum_oil`,`hum`,`time`) VALUES ('lib-big','25','38','54','2017-10-24 17:47:45') [ RunTime:0.0244s ]
NOTIC: [8] Use of undefined constant chip_id - assumed 'chip_id' D:\wamp\www\ybplant\Application\index\Controller\IndexController.class.php 第 220 行.
SQL: INSERT INTO `chip_data` (`chip_id`,`temp`,`hum_oil`,`hum`,`time`) VALUES ('lib-big','25','38','54','2017-10-24 17:52:45') [ RunTime:0.0248s ]
NOTIC: [8] Use of undefined constant chip_id - assumed 'chip_id' D:\wamp\www\ybplant\Application\index\Controller\IndexController.class.php 第 220 行.
SQL: INSERT INTO `chip_data` (`chip_id`,`temp`,`hum_oil`,`hum`,`time`) VALUES ('lib-big','25','39','53','2017-10-24 17:57:45') [ RunTime:0.0259s ]
NOTIC: [8] Use of undefined constant chip_id - assumed 'chip_id' D:\wamp\www\ybplant\Application\index\Controller\IndexController.class.php 第 220 行.
SQL: INSERT INTO `chip_data` (`chip_id`,`temp`,`hum_oil`,`hum`,`time`) VALUES ('lib-big','25','40','53','2017-10-24 18:02:45') [ RunTime:0.0389s ]
NOTIC: [8] Use of undefined constant chip_id - assumed 'chip_id' D:\wamp\www\ybplant\Application\index\Controller\IndexController.class.php 第 220 行.
SQL: INSERT INTO `chip_data` (`chip_id`,`temp`,`hum_oil`,`hum`,`time`) VALUES ('lib-big','25','40','53','2017-10-24 18:07:45') [ RunTime:0.0251s ]
NOTIC: [8] Use of undefined constant chip_id - assumed 'chip_id' D:\wamp\www\ybplant\Application\index\Controller\IndexController.class.php 第 220 行.
SQL: INSERT INTO `chip_data` (`chip_id`,`temp`,`hum_oil`,`hum`,`time`) VALUES ('lib-big','24','41','53','2017-10-24 18:12:45') [ RunTime:0.0252s ]
NOTIC: [8] Use of undefined constant chip_id - assumed 'chip_id' D:\wamp\www\ybplant\Application\index\Controller\IndexController.class.php 第 220 行.
SQL: INSERT INTO `chip_data` (`chip_id`,`temp`,`hum_oil`,`hum`,`time`) VALUES ('lib-big','24','41','53','2017-10-24 18:17:45') [ RunTime:0.0257s ]
SQL: UPDATE `chip_set` SET `last_connect_time`='1508840265' WHERE ( chip_id = "lib-big" and password = "123"  ) [ RunTime:0.0245s ]
INFO: [ app_end ] --START--
INFO: Run Behavior\ShowPageTraceBehavior [ RunTime:0.002195s ]
INFO: [ app_end ] --END-- [ RunTime:0.002528s ]

[ 2017-10-24T19:15:17+08:00 ] 10.97.41.41 /
INFO: [ app_init ] --START--
INFO: Run Behavior\BuildLiteBehavior [ RunTime:0.000035s ]
INFO: [ app_init ] --END-- [ RunTime:0.000647s ]
INFO: [ app_begin ] --START--
INFO: Run Behavior\ReadHtmlCacheBehavior [ RunTime:0.000898s ]
INFO: [ app_begin ] --END-- [ RunTime:0.001072s ]
INFO: [ view_parse ] --START--
INFO: [ template_filter ] --START--
INFO: Run Behavior\ContentReplaceBehavior [ RunTime:0.000132s ]
INFO: [ template_filter ] --END-- [ RunTime:0.000243s ]
NOTIC: [8] Use of undefined constant index - assumed 'index' D:\wamp\www\ybplant\Application\Runtime\Cache\index\e27ac99aeaa7b8b624c6a9e6029f59fb.php 第 57 行.
NOTIC: [8] Use of undefined constant isuser - assumed 'isuser' D:\wamp\www\ybplant\Application\Runtime\Cache\index\e27ac99aeaa7b8b624c6a9e6029f59fb.php 第 67 行.
NOTIC: [8] Use of undefined constant isuser - assumed 'isuser' D:\wamp\www\ybplant\Application\Runtime\Cache\index\e27ac99aeaa7b8b624c6a9e6029f59fb.php 第 69 行.
NOTIC: [8] Use of undefined constant user - assumed 'user' D:\wamp\www\ybplant\Application\Runtime\Cache\index\e27ac99aeaa7b8b624c6a9e6029f59fb.php 第 69 行.
NOTIC: [8] Use of undefined constant username - assumed 'username' D:\wamp\www\ybplant\Application\Runtime\Cache\index\e27ac99aeaa7b8b624c6a9e6029f59fb.php 第 69 行.
INFO: Run Behavior\ParseTemplateBehavior [ RunTime:0.009638s ]
INFO: [ view_parse ] --END-- [ RunTime:0.009717s ]
INFO: [ view_filter ] --START--
INFO: Run Behavior\WriteHtmlCacheBehavior [ RunTime:0.000243s ]
INFO: [ view_filter ] --END-- [ RunTime:0.000310s ]
INFO: [ app_end ] --START--
INFO: Run Behavior\ShowPageTraceBehavior [ RunTime:0.000489s ]
INFO: [ app_end ] --END-- [ RunTime:0.000559s ]

[ 2017-10-24T19:18:45+08:00 ] 10.97.40.254 /index.php/index/message_post?chip_id=lib-big&chip_pwd=123&data=[{"t":24,"h_d":41,"h_o":53},{"t":24,"h_d":41,"h_o":53},{"t":24,"h_d":41,"h_o":53},{"t":24,"h_d":41,"h_o":53},{"t":24,"h_d":41,"h_o":53},{"t":24,"h_d":41,"h_o":53},{"t":24,"h_d":41,"h_o":52},{"t":24,"h_d":41,"h_o":53},{"t":24,"h_d":41,"h_o":52},{"t":24,"h_d":41,"h_o":52},{"t":24,"h_d":42,"h_o":52},{"t":24,"h_d":41,"h_o":52}]
INFO: [ app_init ] --START--
INFO: Run Behavior\BuildLiteBehavior [ RunTime:0.000024s ]
INFO: [ app_init ] --END-- [ RunTime:0.000436s ]
INFO: [ app_begin ] --START--
INFO: Run Behavior\ReadHtmlCacheBehavior [ RunTime:0.000596s ]
INFO: [ app_begin ] --END-- [ RunTime:0.000708s ]
NOTIC: [8] Use of undefined constant chip_id - assumed 'chip_id' D:\wamp\www\ybplant\Application\index\Controller\IndexController.class.php 第 187 行.
NOTIC: [8] Use of undefined constant chip_pwd - assumed 'chip_pwd' D:\wamp\www\ybplant\Application\index\Controller\IndexController.class.php 第 187 行.
SQL: SHOW COLUMNS FROM `chip_set` [ RunTime:0.0027s ]
SQL: SELECT * FROM `chip_set` WHERE ( chip_id = "lib-big" and password = "123"  )  [ RunTime:0.0003s ]
NOTIC: [8] Use of undefined constant data - assumed 'data' D:\wamp\www\ybplant\Application\index\Controller\IndexController.class.php 第 213 行.
SQL: SHOW COLUMNS FROM `chip_data` [ RunTime:0.0021s ]
NOTIC: [8] Use of undefined constant chip_id - assumed 'chip_id' D:\wamp\www\ybplant\Application\index\Controller\IndexController.class.php 第 220 行.
SQL: INSERT INTO `chip_data` (`chip_id`,`temp`,`hum_oil`,`hum`,`time`) VALUES ('lib-big','24','41','53','2017-10-24 18:23:45') [ RunTime:0.0322s ]
NOTIC: [8] Use of undefined constant chip_id - assumed 'chip_id' D:\wamp\www\ybplant\Application\index\Controller\IndexController.class.php 第 220 行.
SQL: INSERT INTO `chip_data` (`chip_id`,`temp`,`hum_oil`,`hum`,`time`) VALUES ('lib-big','24','41','53','2017-10-24 18:28:45') [ RunTime:0.0259s ]
NOTIC: [8] Use of undefined constant chip_id - assumed 'chip_id' D:\wamp\www\ybplant\Application\index\Controller\IndexController.class.php 第 220 行.
SQL: INSERT INTO `chip_data` (`chip_id`,`temp`,`hum_oil`,`hum`,`time`) VALUES ('lib-big','24','41','53','2017-10-24 18:33:45') [ RunTime:0.0240s ]
NOTIC: [8] Use of undefined constant chip_id - assumed 'chip_id' D:\wamp\www\ybplant\Application\index\Controller\IndexController.class.php 第 220 行.
SQL: INSERT INTO `chip_data` (`chip_id`,`temp`,`hum_oil`,`hum`,`time`) VALUES ('lib-big','24','41','53','2017-10-24 18:38:45') [ RunTime:0.0240s ]
NOTIC: [8] Use of undefined constant chip_id - assumed 'chip_id' D:\wamp\www\ybplant\Application\index\Controller\IndexController.class.php 第 220 行.
SQL: INSERT INTO `chip_data` (`chip_id`,`temp`,`hum_oil`,`hum`,`time`) VALUES ('lib-big','24','41','53','2017-10-24 18:43:45') [ RunTime:0.0243s ]
NOTIC: [8] Use of undefined constant chip_id - assumed 'chip_id' D:\wamp\www\ybplant\Application\index\Controller\IndexController.class.php 第 220 行.
SQL: INSERT INTO `chip_data` (`chip_id`,`temp`,`hum_oil`,`hum`,`time`) VALUES ('lib-big','24','41','53','2017-10-24 18:48:45') [ RunTime:0.0241s ]
NOTIC: [8] Use of undefined constant chip_id - assumed 'chip_id' D:\wamp\www\ybplant\Application\index\Controller\IndexController.class.php 第 220 行.
SQL: INSERT INTO `chip_data` (`chip_id`,`temp`,`hum_oil`,`hum`,`time`) VALUES ('lib-big','24','41','52','2017-10-24 18:53:45') [ RunTime:0.0242s ]
NOTIC: [8] Use of undefined constant chip_id - assumed 'chip_id' D:\wamp\www\ybplant\Application\index\Controller\IndexController.class.php 第 220 行.
SQL: INSERT INTO `chip_data` (`chip_id`,`temp`,`hum_oil`,`hum`,`time`) VALUES ('lib-big','24','41','53','2017-10-24 18:58:45') [ RunTime:0.0241s ]
NOTIC: [8] Use of undefined constant chip_id - assumed 'chip_id' D:\wamp\www\ybplant\Application\index\Controller\IndexController.class.php 第 220 行.
SQL: INSERT INTO `chip_data` (`chip_id`,`temp`,`hum_oil`,`hum`,`time`) VALUES ('lib-big','24','41','52','2017-10-24 19:03:45') [ RunTime:0.0241s ]
NOTIC: [8] Use of undefined constant chip_id - assumed 'chip_id' D:\wamp\www\ybplant\Application\index\Controller\IndexController.class.php 第 220 行.
SQL: INSERT INTO `chip_data` (`chip_id`,`temp`,`hum_oil`,`hum`,`time`) VALUES ('lib-big','24','41','52','2017-10-24 19:08:45') [ RunTime:0.0242s ]
NOTIC: [8] Use of undefined constant chip_id - assumed 'chip_id' D:\wamp\www\ybplant\Application\index\Controller\IndexController.class.php 第 220 行.
SQL: INSERT INTO `chip_data` (`chip_id`,`temp`,`hum_oil`,`hum`,`time`) VALUES ('lib-big','24','42','52','2017-10-24 19:13:45') [ RunTime:0.0258s ]
NOTIC: [8] Use of undefined constant chip_id - assumed 'chip_id' D:\wamp\www\ybplant\Application\index\Controller\IndexController.class.php 第 220 行.
SQL: INSERT INTO `chip_data` (`chip_id`,`temp`,`hum_oil`,`hum`,`time`) VALUES ('lib-big','24','41','52','2017-10-24 19:18:45') [ RunTime:0.0308s ]
SQL: UPDATE `chip_set` SET `last_connect_time`='1508843925' WHERE ( chip_id = "lib-big" and password = "123"  ) [ RunTime:0.0245s ]
INFO: [ app_end ] --START--
INFO: Run Behavior\ShowPageTraceBehavior [ RunTime:0.002223s ]
INFO: [ app_end ] --END-- [ RunTime:0.002592s ]

[ 2017-10-24T20:19:45+08:00 ] 10.97.40.254 /index.php/index/message_post?chip_id=lib-big&chip_pwd=123&data=[{"t":24,"h_d":42,"h_o":52},{"t":24,"h_d":42,"h_o":52},{"t":24,"h_d":42,"h_o":52},{"t":24,"h_d":42,"h_o":52},{"t":24,"h_d":42,"h_o":52},{"t":24,"h_d":42,"h_o":52},{"t":24,"h_d":42,"h_o":52},{"t":24,"h_d":42,"h_o":52},{"t":24,"h_d":42,"h_o":52},{"t":24,"h_d":42,"h_o":52},{"t":24,"h_d":42,"h_o":52},{"t":24,"h_d":42,"h_o":52}]
INFO: [ app_init ] --START--
INFO: Run Behavior\BuildLiteBehavior [ RunTime:0.000030s ]
INFO: [ app_init ] --END-- [ RunTime:0.000558s ]
INFO: [ app_begin ] --START--
INFO: Run Behavior\ReadHtmlCacheBehavior [ RunTime:0.000766s ]
INFO: [ app_begin ] --END-- [ RunTime:0.000911s ]
NOTIC: [8] Use of undefined constant chip_id - assumed 'chip_id' D:\wamp\www\ybplant\Application\index\Controller\IndexController.class.php 第 187 行.
NOTIC: [8] Use of undefined constant chip_pwd - assumed 'chip_pwd' D:\wamp\www\ybplant\Application\index\Controller\IndexController.class.php 第 187 行.
SQL: SHOW COLUMNS FROM `chip_set` [ RunTime:0.0026s ]
SQL: SELECT * FROM `chip_set` WHERE ( chip_id = "lib-big" and password = "123"  )  [ RunTime:0.0003s ]
NOTIC: [8] Use of undefined constant data - assumed 'data' D:\wamp\www\ybplant\Application\index\Controller\IndexController.class.php 第 213 行.
SQL: SHOW COLUMNS FROM `chip_data` [ RunTime:0.0022s ]
NOTIC: [8] Use of undefined constant chip_id - assumed 'chip_id' D:\wamp\www\ybplant\Application\index\Controller\IndexController.class.php 第 220 行.
SQL: INSERT INTO `chip_data` (`chip_id`,`temp`,`hum_oil`,`hum`,`time`) VALUES ('lib-big','24','42','52','2017-10-24 19:24:45') [ RunTime:0.0267s ]
NOTIC: [8] Use of undefined constant chip_id - assumed 'chip_id' D:\wamp\www\ybplant\Application\index\Controller\IndexController.class.php 第 220 行.
SQL: INSERT INTO `chip_data` (`chip_id`,`temp`,`hum_oil`,`hum`,`time`) VALUES ('lib-big','24','42','52','2017-10-24 19:29:45') [ RunTime:0.0250s ]
NOTIC: [8] Use of undefined constant chip_id - assumed 'chip_id' D:\wamp\www\ybplant\Application\index\Controller\IndexController.class.php 第 220 行.
SQL: INSERT INTO `chip_data` (`chip_id`,`temp`,`hum_oil`,`hum`,`time`) VALUES ('lib-big','24','42','52','2017-10-24 19:34:45') [ RunTime:0.0234s ]
NOTIC: [8] Use of undefined constant chip_id - assumed 'chip_id' D:\wamp\www\ybplant\Application\index\Controller\IndexController.class.php 第 220 行.
SQL: INSERT INTO `chip_data` (`chip_id`,`temp`,`hum_oil`,`hum`,`time`) VALUES ('lib-big','24','42','52','2017-10-24 19:39:45') [ RunTime:0.0234s ]
NOTIC: [8] Use of undefined constant chip_id - assumed 'chip_id' D:\wamp\www\ybplant\Application\index\Controller\IndexController.class.php 第 220 行.
SQL: INSERT INTO `chip_data` (`chip_id`,`temp`,`hum_oil`,`hum`,`time`) VALUES ('lib-big','24','42','52','2017-10-24 19:44:45') [ RunTime:0.0234s ]
NOTIC: [8] Use of undefined constant chip_id - assumed 'chip_id' D:\wamp\www\ybplant\Application\index\Controller\IndexController.class.php 第 220 行.
SQL: INSERT INTO `chip_data` (`chip_id`,`temp`,`hum_oil`,`hum`,`time`) VALUES ('lib-big','24','42','52','2017-10-24 19:49:45') [ RunTime:0.0234s ]
NOTIC: [8] Use of undefined constant chip_id - assumed 'chip_id' D:\wamp\www\ybplant\Application\index\Controller\IndexController.class.php 第 220 行.
SQL: INSERT INTO `chip_data` (`chip_id`,`temp`,`hum_oil`,`hum`,`time`) VALUES ('lib-big','24','42','52','2017-10-24 19:54:45') [ RunTime:0.0234s ]
NOTIC: [8] Use of undefined constant chip_id - assumed 'chip_id' D:\wamp\www\ybplant\Application\index\Controller\IndexController.class.php 第 220 行.
SQL: INSERT INTO `chip_data` (`chip_id`,`temp`,`hum_oil`,`hum`,`time`) VALUES ('lib-big','24','42','52','2017-10-24 19:59:45') [ RunTime:0.0221s ]
NOTIC: [8] Use of undefined constant chip_id - assumed 'chip_id' D:\wamp\www\ybplant\Application\index\Controller\IndexController.class.php 第 220 行.
SQL: INSERT INTO `chip_data` (`chip_id`,`temp`,`hum_oil`,`hum`,`time`) VALUES ('lib-big','24','42','52','2017-10-24 20:04:45') [ RunTime:0.0233s ]
NOTIC: [8] Use of undefined constant chip_id - assumed 'chip_id' D:\wamp\www\ybplant\Application\index\Controller\IndexController.class.php 第 220 行.
SQL: INSERT INTO `chip_data` (`chip_id`,`temp`,`hum_oil`,`hum`,`time`) VALUES ('lib-big','24','42','52','2017-10-24 20:09:45') [ RunTime:0.0235s ]
NOTIC: [8] Use of undefined constant chip_id - assumed 'chip_id' D:\wamp\www\ybplant\Application\index\Controller\IndexController.class.php 第 220 行.
SQL: INSERT INTO `chip_data` (`chip_id`,`temp`,`hum_oil`,`hum`,`time`) VALUES ('lib-big','24','42','52','2017-10-24 20:14:45') [ RunTime:0.0234s ]
NOTIC: [8] Use of undefined constant chip_id - assumed 'chip_id' D:\wamp\www\ybplant\Application\index\Controller\IndexController.class.php 第 220 行.
SQL: INSERT INTO `chip_data` (`chip_id`,`temp`,`hum_oil`,`hum`,`time`) VALUES ('lib-big','24','42','52','2017-10-24 20:19:45') [ RunTime:0.0233s ]
SQL: UPDATE `chip_set` SET `last_connect_time`='1508847585' WHERE ( chip_id = "lib-big" and password = "123"  ) [ RunTime:0.0322s ]
INFO: [ app_end ] --START--
INFO: Run Behavior\ShowPageTraceBehavior [ RunTime:0.002202s ]
INFO: [ app_end ] --END-- [ RunTime:0.002549s ]

[ 2017-10-24T21:20:45+08:00 ] 10.97.40.254 /index.php/index/message_post?chip_id=lib-big&chip_pwd=123&data=[{"t":24,"h_d":42,"h_o":52},{"t":24,"h_d":42,"h_o":51},{"t":24,"h_d":42,"h_o":52},{"t":24,"h_d":42,"h_o":52},{"t":24,"h_d":42,"h_o":51},{"t":24,"h_d":42,"h_o":51},{"t":24,"h_d":42,"h_o":51},{"t":24,"h_d":42,"h_o":51},{"t":24,"h_d":42,"h_o":51},{"t":24,"h_d":42,"h_o":51},{"t":24,"h_d":42,"h_o":51},{"t":24,"h_d":43,"h_o":51}]
INFO: [ app_init ] --START--
INFO: Run Behavior\BuildLiteBehavior [ RunTime:0.000033s ]
INFO: [ app_init ] --END-- [ RunTime:0.000602s ]
INFO: [ app_begin ] --START--
INFO: Run Behavior\ReadHtmlCacheBehavior [ RunTime:0.000819s ]
INFO: [ app_begin ] --END-- [ RunTime:0.000972s ]
NOTIC: [8] Use of undefined constant chip_id - assumed 'chip_id' D:\wamp\www\ybplant\Application\index\Controller\IndexController.class.php 第 187 行.
NOTIC: [8] Use of undefined constant chip_pwd - assumed 'chip_pwd' D:\wamp\www\ybplant\Application\index\Controller\IndexController.class.php 第 187 行.
SQL: SHOW COLUMNS FROM `chip_set` [ RunTime:0.0026s ]
SQL: SELECT * FROM `chip_set` WHERE ( chip_id = "lib-big" and password = "123"  )  [ RunTime:0.0004s ]
NOTIC: [8] Use of undefined constant data - assumed 'data' D:\wamp\www\ybplant\Application\index\Controller\IndexController.class.php 第 213 行.
SQL: SHOW COLUMNS FROM `chip_data` [ RunTime:0.0023s ]
NOTIC: [8] Use of undefined constant chip_id - assumed 'chip_id' D:\wamp\www\ybplant\Application\index\Controller\IndexController.class.php 第 220 行.
SQL: INSERT INTO `chip_data` (`chip_id`,`temp`,`hum_oil`,`hum`,`time`) VALUES ('lib-big','24','42','52','2017-10-24 20:25:45') [ RunTime:0.0259s ]
NOTIC: [8] Use of undefined constant chip_id - assumed 'chip_id' D:\wamp\www\ybplant\Application\index\Controller\IndexController.class.php 第 220 行.
SQL: INSERT INTO `chip_data` (`chip_id`,`temp`,`hum_oil`,`hum`,`time`) VALUES ('lib-big','24','42','51','2017-10-24 20:30:45') [ RunTime:0.0239s ]
NOTIC: [8] Use of undefined constant chip_id - assumed 'chip_id' D:\wamp\www\ybplant\Application\index\Controller\IndexController.class.php 第 220 行.
SQL: INSERT INTO `chip_data` (`chip_id`,`temp`,`hum_oil`,`hum`,`time`) VALUES ('lib-big','24','42','52','2017-10-24 20:35:45') [ RunTime:0.0234s ]
NOTIC: [8] Use of undefined constant chip_id - assumed 'chip_id' D:\wamp\www\ybplant\Application\index\Controller\IndexController.class.php 第 220 行.
SQL: INSERT INTO `chip_data` (`chip_id`,`temp`,`hum_oil`,`hum`,`time`) VALUES ('lib-big','24','42','52','2017-10-24 20:40:45') [ RunTime:0.0234s ]
NOTIC: [8] Use of undefined constant chip_id - assumed 'chip_id' D:\wamp\www\ybplant\Application\index\Controller\IndexController.class.php 第 220 行.
SQL: INSERT INTO `chip_data` (`chip_id`,`temp`,`hum_oil`,`hum`,`time`) VALUES ('lib-big','24','42','51','2017-10-24 20:45:45') [ RunTime:0.0234s ]
NOTIC: [8] Use of undefined constant chip_id - assumed 'chip_id' D:\wamp\www\ybplant\Application\index\Controller\IndexController.class.php 第 220 行.
SQL: INSERT INTO `chip_data` (`chip_id`,`temp`,`hum_oil`,`hum`,`time`) VALUES ('lib-big','24','42','51','2017-10-24 20:50:45') [ RunTime:0.0233s ]
NOTIC: [8] Use of undefined constant chip_id - assumed 'chip_id' D:\wamp\www\ybplant\Application\index\Controller\IndexController.class.php 第 220 行.
SQL: INSERT INTO `chip_data` (`chip_id`,`temp`,`hum_oil`,`hum`,`time`) VALUES ('lib-big','24','42','51','2017-10-24 20:55:45') [ RunTime:0.0238s ]
NOTIC: [8] Use of undefined constant chip_id - assumed 'chip_id' D:\wamp\www\ybplant\Application\index\Controller\IndexController.class.php 第 220 行.
SQL: INSERT INTO `chip_data` (`chip_id`,`temp`,`hum_oil`,`hum`,`time`) VALUES ('lib-big','24','42','51','2017-10-24 21:00:45') [ RunTime:0.0234s ]
NOTIC: [8] Use of undefined constant chip_id - assumed 'chip_id' D:\wamp\www\ybplant\Application\index\Controller\IndexController.class.php 第 220 行.
SQL: INSERT INTO `chip_data` (`chip_id`,`temp`,`hum_oil`,`hum`,`time`) VALUES ('lib-big','24','42','51','2017-10-24 21:05:45') [ RunTime:0.0234s ]
NOTIC: [8] Use of undefined constant chip_id - assumed 'chip_id' D:\wamp\www\ybplant\Application\index\Controller\IndexController.class.php 第 220 行.
SQL: INSERT INTO `chip_data` (`chip_id`,`temp`,`hum_oil`,`hum`,`time`) VALUES ('lib-big','24','42','51','2017-10-24 21:10:45') [ RunTime:0.0234s ]
NOTIC: [8] Use of undefined constant chip_id - assumed 'chip_id' D:\wamp\www\ybplant\Application\index\Controller\IndexController.class.php 第 220 行.
SQL: INSERT INTO `chip_data` (`chip_id`,`temp`,`hum_oil`,`hum`,`time`) VALUES ('lib-big','24','42','51','2017-10-24 21:15:45') [ RunTime:0.0221s ]
NOTIC: [8] Use of undefined constant chip_id - assumed 'chip_id' D:\wamp\www\ybplant\Application\index\Controller\IndexController.class.php 第 220 行.
SQL: INSERT INTO `chip_data` (`chip_id`,`temp`,`hum_oil`,`hum`,`time`) VALUES ('lib-big','24','43','51','2017-10-24 21:20:45') [ RunTime:0.0233s ]
SQL: UPDATE `chip_set` SET `last_connect_time`='1508851245' WHERE ( chip_id = "lib-big" and password = "123"  ) [ RunTime:0.0238s ]
INFO: [ app_end ] --START--
INFO: Run Behavior\ShowPageTraceBehavior [ RunTime:0.002196s ]
INFO: [ app_end ] --END-- [ RunTime:0.002544s ]

[ 2017-10-24T21:57:08+08:00 ] 10.98.92.181 /
INFO: [ app_init ] --START--
INFO: Run Behavior\BuildLiteBehavior [ RunTime:0.000060s ]
INFO: [ app_init ] --END-- [ RunTime:0.001103s ]
INFO: [ app_begin ] --START--
INFO: Run Behavior\ReadHtmlCacheBehavior [ RunTime:0.000596s ]
INFO: [ app_begin ] --END-- [ RunTime:0.000713s ]
INFO: [ view_parse ] --START--
INFO: [ template_filter ] --START--
INFO: Run Behavior\ContentReplaceBehavior [ RunTime:0.000172s ]
INFO: [ template_filter ] --END-- [ RunTime:0.000283s ]
NOTIC: [8] Use of undefined constant index - assumed 'index' D:\wamp\www\ybplant\Application\Runtime\Cache\index\e27ac99aeaa7b8b624c6a9e6029f59fb.php 第 57 行.
NOTIC: [8] Use of undefined constant isuser - assumed 'isuser' D:\wamp\www\ybplant\Application\Runtime\Cache\index\e27ac99aeaa7b8b624c6a9e6029f59fb.php 第 67 行.
NOTIC: [8] Undefined index: isuser D:\wamp\www\ybplant\Application\Runtime\Cache\index\e27ac99aeaa7b8b624c6a9e6029f59fb.php 第 67 行.
NOTIC: [8] Use of undefined constant isuser - assumed 'isuser' D:\wamp\www\ybplant\Application\Runtime\Cache\index\e27ac99aeaa7b8b624c6a9e6029f59fb.php 第 69 行.
NOTIC: [8] Undefined index: isuser D:\wamp\www\ybplant\Application\Runtime\Cache\index\e27ac99aeaa7b8b624c6a9e6029f59fb.php 第 69 行.
INFO: Run Behavior\ParseTemplateBehavior [ RunTime:0.013071s ]
INFO: [ view_parse ] --END-- [ RunTime:0.013183s ]
INFO: [ view_filter ] --START--
INFO: Run Behavior\WriteHtmlCacheBehavior [ RunTime:0.000345s ]
INFO: [ view_filter ] --END-- [ RunTime:0.000462s ]
INFO: [ app_end ] --START--
INFO: Run Behavior\ShowPageTraceBehavior [ RunTime:0.000478s ]
INFO: [ app_end ] --END-- [ RunTime:0.000554s ]

[ 2017-10-24T22:03:35+08:00 ] 10.98.92.181 /
INFO: [ app_init ] --START--
INFO: Run Behavior\BuildLiteBehavior [ RunTime:0.000050s ]
INFO: [ app_init ] --END-- [ RunTime:0.000931s ]
INFO: [ app_begin ] --START--
INFO: Run Behavior\ReadHtmlCacheBehavior [ RunTime:0.001256s ]
INFO: [ app_begin ] --END-- [ RunTime:0.001481s ]
INFO: [ view_parse ] --START--
INFO: [ template_filter ] --START--
INFO: Run Behavior\ContentReplaceBehavior [ RunTime:0.000145s ]
INFO: [ template_filter ] --END-- [ RunTime:0.000239s ]
NOTIC: [8] Use of undefined constant index - assumed 'index' D:\wamp\www\ybplant\Application\Runtime\Cache\index\e27ac99aeaa7b8b624c6a9e6029f59fb.php 第 57 行.
NOTIC: [8] Use of undefined constant isuser - assumed 'isuser' D:\wamp\www\ybplant\Application\Runtime\Cache\index\e27ac99aeaa7b8b624c6a9e6029f59fb.php 第 67 行.
NOTIC: [8] Undefined index: isuser D:\wamp\www\ybplant\Application\Runtime\Cache\index\e27ac99aeaa7b8b624c6a9e6029f59fb.php 第 67 行.
NOTIC: [8] Use of undefined constant isuser - assumed 'isuser' D:\wamp\www\ybplant\Application\Runtime\Cache\index\e27ac99aeaa7b8b624c6a9e6029f59fb.php 第 69 行.
NOTIC: [8] Undefined index: isuser D:\wamp\www\ybplant\Application\Runtime\Cache\index\e27ac99aeaa7b8b624c6a9e6029f59fb.php 第 69 行.
INFO: Run Behavior\ParseTemplateBehavior [ RunTime:0.011070s ]
INFO: [ view_parse ] --END-- [ RunTime:0.011162s ]
INFO: [ view_filter ] --START--
INFO: Run Behavior\WriteHtmlCacheBehavior [ RunTime:0.000297s ]
INFO: [ view_filter ] --END-- [ RunTime:0.000379s ]
INFO: [ app_end ] --START--
INFO: Run Behavior\ShowPageTraceBehavior [ RunTime:0.000510s ]
INFO: [ app_end ] --END-- [ RunTime:0.000591s ]

[ 2017-10-24T22:04:33+08:00 ] 10.98.92.181 /index.php/index/login.html
INFO: [ app_init ] --START--
INFO: Run Behavior\BuildLiteBehavior [ RunTime:0.000027s ]
INFO: [ app_init ] --END-- [ RunTime:0.000548s ]
INFO: [ app_begin ] --START--
INFO: Run Behavior\ReadHtmlCacheBehavior [ RunTime:0.000767s ]
INFO: [ app_begin ] --END-- [ RunTime:0.000906s ]
INFO: [ view_parse ] --START--
INFO: [ template_filter ] --START--
INFO: Run Behavior\ContentReplaceBehavior [ RunTime:0.000062s ]
INFO: [ template_filter ] --END-- [ RunTime:0.000132s ]
NOTIC: [8] Use of undefined constant index - assumed 'index' D:\wamp\www\ybplant\Application\Runtime\Cache\index\134cf5005d9c7336f57f2569ed83887e.php 第 57 行.
NOTIC: [8] Use of undefined constant isuser - assumed 'isuser' D:\wamp\www\ybplant\Application\Runtime\Cache\index\134cf5005d9c7336f57f2569ed83887e.php 第 67 行.
NOTIC: [8] Undefined index: isuser D:\wamp\www\ybplant\Application\Runtime\Cache\index\134cf5005d9c7336f57f2569ed83887e.php 第 67 行.
NOTIC: [8] Use of undefined constant isuser - assumed 'isuser' D:\wamp\www\ybplant\Application\Runtime\Cache\index\134cf5005d9c7336f57f2569ed83887e.php 第 69 行.
NOTIC: [8] Undefined index: isuser D:\wamp\www\ybplant\Application\Runtime\Cache\index\134cf5005d9c7336f57f2569ed83887e.php 第 69 行.
INFO: Run Behavior\ParseTemplateBehavior [ RunTime:0.010438s ]
INFO: [ view_parse ] --END-- [ RunTime:0.010512s ]
INFO: [ view_filter ] --START--
INFO: Run Behavior\WriteHtmlCacheBehavior [ RunTime:0.000240s ]
INFO: [ view_filter ] --END-- [ RunTime:0.000304s ]
INFO: [ app_end ] --START--
INFO: Run Behavior\ShowPageTraceBehavior [ RunTime:0.000423s ]
INFO: [ app_end ] --END-- [ RunTime:0.000524s ]

[ 2017-10-24T22:04:33+08:00 ] 10.98.92.181 /index.php/index/verify_c.html
INFO: [ app_init ] --START--
INFO: Run Behavior\BuildLiteBehavior [ RunTime:0.000015s ]
INFO: [ app_init ] --END-- [ RunTime:0.000320s ]
INFO: [ app_begin ] --START--
INFO: Run Behavior\ReadHtmlCacheBehavior [ RunTime:0.000369s ]
INFO: [ app_begin ] --END-- [ RunTime:0.000444s ]
INFO: [ app_end ] --START--
INFO: Run Behavior\ShowPageTraceBehavior [ RunTime:0.000375s ]
INFO: [ app_end ] --END-- [ RunTime:0.000459s ]

[ 2017-10-24T22:04:41+08:00 ] 10.98.92.181 /index.php/index/doLogin
INFO: [ app_init ] --START--
INFO: Run Behavior\BuildLiteBehavior [ RunTime:0.000029s ]
INFO: [ app_init ] --END-- [ RunTime:0.000487s ]
INFO: [ app_begin ] --START--
INFO: Run Behavior\ReadHtmlCacheBehavior [ RunTime:0.000606s ]
INFO: [ app_begin ] --END-- [ RunTime:0.000747s ]
NOTIC: [8] Use of undefined constant yanzhengma - assumed 'yanzhengma' D:\wamp\www\ybplant\Application\index\Controller\IndexController.class.php 第 79 行.
NOTIC: [8] Use of undefined constant username - assumed 'username' D:\wamp\www\ybplant\Application\index\Controller\IndexController.class.php 第 82 行.
NOTIC: [8] Use of undefined constant password - assumed 'password' D:\wamp\www\ybplant\Application\index\Controller\IndexController.class.php 第 82 行.
NOTIC: [8] Use of undefined constant username - assumed 'username' D:\wamp\www\ybplant\Application\index\Controller\IndexController.class.php 第 87 行.
NOTIC: [8] Use of undefined constant password - assumed 'password' D:\wamp\www\ybplant\Application\index\Controller\IndexController.class.php 第 88 行.
SQL: SHOW COLUMNS FROM `user` [ RunTime:0.0025s ]
SQL: SELECT * FROM `user` WHERE `username` = 'he' AND `password` = '123' LIMIT 1   [ RunTime:0.0003s ]
INFO: [ view_parse ] --START--
INFO: [ template_filter ] --START--
INFO: Run Behavior\ContentReplaceBehavior [ RunTime:0.000063s ]
INFO: [ template_filter ] --END-- [ RunTime:0.000135s ]
NOTIC: [8] Use of undefined constant index - assumed 'index' D:\wamp\www\ybplant\Application\Runtime\Cache\index\e866d82d961820ce3e62a2b25a9479f5.php 第 57 行.
NOTIC: [8] Use of undefined constant isuser - assumed 'isuser' D:\wamp\www\ybplant\Application\Runtime\Cache\index\e866d82d961820ce3e62a2b25a9479f5.php 第 67 行.
NOTIC: [8] Undefined index: isuser D:\wamp\www\ybplant\Application\Runtime\Cache\index\e866d82d961820ce3e62a2b25a9479f5.php 第 67 行.
NOTIC: [8] Use of undefined constant isuser - assumed 'isuser' D:\wamp\www\ybplant\Application\Runtime\Cache\index\e866d82d961820ce3e62a2b25a9479f5.php 第 69 行.
NOTIC: [8] Undefined index: isuser D:\wamp\www\ybplant\Application\Runtime\Cache\index\e866d82d961820ce3e62a2b25a9479f5.php 第 69 行.
INFO: Run Behavior\ParseTemplateBehavior [ RunTime:0.006830s ]
INFO: [ view_parse ] --END-- [ RunTime:0.006904s ]
INFO: [ view_filter ] --START--
INFO: Run Behavior\WriteHtmlCacheBehavior [ RunTime:0.000178s ]
INFO: [ view_filter ] --END-- [ RunTime:0.000241s ]

[ 2017-10-24T22:05:36+08:00 ] 10.98.92.181 /index.php/index/doLogin
INFO: [ app_init ] --START--
INFO: Run Behavior\BuildLiteBehavior [ RunTime:0.000032s ]
INFO: [ app_init ] --END-- [ RunTime:0.000590s ]
INFO: [ app_begin ] --START--
INFO: Run Behavior\ReadHtmlCacheBehavior [ RunTime:0.000793s ]
INFO: [ app_begin ] --END-- [ RunTime:0.000940s ]
NOTIC: [8] Use of undefined constant yanzhengma - assumed 'yanzhengma' D:\wamp\www\ybplant\Application\index\Controller\IndexController.class.php 第 79 行.
INFO: [ view_parse ] --START--
INFO: [ template_filter ] --START--
INFO: Run Behavior\ContentReplaceBehavior [ RunTime:0.000079s ]
INFO: [ template_filter ] --END-- [ RunTime:0.000190s ]
NOTIC: [8] Use of undefined constant index - assumed 'index' D:\wamp\www\ybplant\Application\Runtime\Cache\index\e866d82d961820ce3e62a2b25a9479f5.php 第 57 行.
NOTIC: [8] Use of undefined constant isuser - assumed 'isuser' D:\wamp\www\ybplant\Application\Runtime\Cache\index\e866d82d961820ce3e62a2b25a9479f5.php 第 67 行.
NOTIC: [8] Undefined index: isuser D:\wamp\www\ybplant\Application\Runtime\Cache\index\e866d82d961820ce3e62a2b25a9479f5.php 第 67 行.
NOTIC: [8] Use of undefined constant isuser - assumed 'isuser' D:\wamp\www\ybplant\Application\Runtime\Cache\index\e866d82d961820ce3e62a2b25a9479f5.php 第 69 行.
NOTIC: [8] Undefined index: isuser D:\wamp\www\ybplant\Application\Runtime\Cache\index\e866d82d961820ce3e62a2b25a9479f5.php 第 69 行.
INFO: Run Behavior\ParseTemplateBehavior [ RunTime:0.007843s ]
INFO: [ view_parse ] --END-- [ RunTime:0.007916s ]
INFO: [ view_filter ] --START--
INFO: Run Behavior\WriteHtmlCacheBehavior [ RunTime:0.000262s ]
INFO: [ view_filter ] --END-- [ RunTime:0.000328s ]

[ 2017-10-24T22:05:56+08:00 ] 10.98.92.181 /index.php/index/verify_c.html?0.74731441814081
INFO: [ app_init ] --START--
INFO: Run Behavior\BuildLiteBehavior [ RunTime:0.000058s ]
INFO: [ app_init ] --END-- [ RunTime:0.001096s ]
INFO: [ app_begin ] --START--
INFO: Run Behavior\ReadHtmlCacheBehavior [ RunTime:0.001508s ]
INFO: [ app_begin ] --END-- [ RunTime:0.001779s ]
INFO: [ app_end ] --START--
INFO: Run Behavior\ShowPageTraceBehavior [ RunTime:0.000620s ]
INFO: [ app_end ] --END-- [ RunTime:0.000738s ]

[ 2017-10-24T22:05:59+08:00 ] 10.98.92.181 /index.php/index/verify_c.html?0.8843061072980269
INFO: [ app_init ] --START--
INFO: Run Behavior\BuildLiteBehavior [ RunTime:0.000029s ]
INFO: [ app_init ] --END-- [ RunTime:0.000503s ]
INFO: [ app_begin ] --START--
INFO: Run Behavior\ReadHtmlCacheBehavior [ RunTime:0.000624s ]
INFO: [ app_begin ] --END-- [ RunTime:0.000756s ]
INFO: [ app_end ] --START--
INFO: Run Behavior\ShowPageTraceBehavior [ RunTime:0.000445s ]
INFO: [ app_end ] --END-- [ RunTime:0.000543s ]

[ 2017-10-24T22:06:03+08:00 ] 10.98.92.181 /index.php/index/doLogin
INFO: [ app_init ] --START--
INFO: Run Behavior\BuildLiteBehavior [ RunTime:0.000072s ]
INFO: [ app_init ] --END-- [ RunTime:0.001232s ]
INFO: [ app_begin ] --START--
INFO: Run Behavior\ReadHtmlCacheBehavior [ RunTime:0.000603s ]
INFO: [ app_begin ] --END-- [ RunTime:0.000738s ]
NOTIC: [8] Use of undefined constant yanzhengma - assumed 'yanzhengma' D:\wamp\www\ybplant\Application\index\Controller\IndexController.class.php 第 79 行.
NOTIC: [8] Use of undefined constant username - assumed 'username' D:\wamp\www\ybplant\Application\index\Controller\IndexController.class.php 第 82 行.
NOTIC: [8] Use of undefined constant password - assumed 'password' D:\wamp\www\ybplant\Application\index\Controller\IndexController.class.php 第 82 行.
NOTIC: [8] Use of undefined constant username - assumed 'username' D:\wamp\www\ybplant\Application\index\Controller\IndexController.class.php 第 87 行.
NOTIC: [8] Use of undefined constant password - assumed 'password' D:\wamp\www\ybplant\Application\index\Controller\IndexController.class.php 第 88 行.
SQL: SHOW COLUMNS FROM `user` [ RunTime:0.0024s ]
SQL: SELECT * FROM `user` WHERE `username` = 'yibu' AND `password` = '199467' LIMIT 1   [ RunTime:0.0003s ]
NOTIC: [8] Undefined variable: a D:\wamp\www\ybplant\Application\index\Controller\IndexController.class.php 第 99 行.
INFO: [ view_parse ] --START--
INFO: [ template_filter ] --START--
INFO: Run Behavior\ContentReplaceBehavior [ RunTime:0.000065s ]
INFO: [ template_filter ] --END-- [ RunTime:0.000142s ]
NOTIC: [8] Use of undefined constant index - assumed 'index' D:\wamp\www\ybplant\Application\Runtime\Cache\index\e866d82d961820ce3e62a2b25a9479f5.php 第 57 行.
NOTIC: [8] Use of undefined constant isuser - assumed 'isuser' D:\wamp\www\ybplant\Application\Runtime\Cache\index\e866d82d961820ce3e62a2b25a9479f5.php 第 67 行.
NOTIC: [8] Use of undefined constant isuser - assumed 'isuser' D:\wamp\www\ybplant\Application\Runtime\Cache\index\e866d82d961820ce3e62a2b25a9479f5.php 第 69 行.
NOTIC: [8] Use of undefined constant user - assumed 'user' D:\wamp\www\ybplant\Application\Runtime\Cache\index\e866d82d961820ce3e62a2b25a9479f5.php 第 69 行.
NOTIC: [8] Use of undefined constant username - assumed 'username' D:\wamp\www\ybplant\Application\Runtime\Cache\index\e866d82d961820ce3e62a2b25a9479f5.php 第 69 行.
INFO: Run Behavior\ParseTemplateBehavior [ RunTime:0.006955s ]
INFO: [ view_parse ] --END-- [ RunTime:0.007029s ]
INFO: [ view_filter ] --START--
INFO: Run Behavior\WriteHtmlCacheBehavior [ RunTime:0.000262s ]
INFO: [ view_filter ] --END-- [ RunTime:0.000328s ]
INFO: [ app_end ] --START--
INFO: Run Behavior\ShowPageTraceBehavior [ RunTime:0.000373s ]
INFO: [ app_end ] --END-- [ RunTime:0.000441s ]

