[ 2017-11-08T08:34:59+08:00 ] 10.97.42.255 /index.php/index/message_post?chip_id=lib-big&chip_pwd=123&data=[{"t":22,"h_d":29,"h_o":22},{"t":23,"h_d":28,"h_o":22},{"t":23,"h_d":27,"h_o":22},{"t":23,"h_d":27,"h_o":22},{"t":23,"h_d":27,"h_o":22},{"t":23,"h_d":26,"h_o":21},{"t":23,"h_d":26,"h_o":21},{"t":23,"h_d":26,"h_o":21},{"t":23,"h_d":25,"h_o":21},{"t":23,"h_d":25,"h_o":21},{"t":23,"h_d":25,"h_o":21},{"t":23,"h_d":25,"h_o":21}]
INFO: [ app_init ] --START--
INFO: Run Behavior\BuildLiteBehavior [ RunTime:0.000028s ]
INFO: [ app_init ] --END-- [ RunTime:0.000542s ]
INFO: [ app_begin ] --START--
INFO: Run Behavior\ReadHtmlCacheBehavior [ RunTime:0.000764s ]
INFO: [ app_begin ] --END-- [ RunTime:0.000910s ]
NOTIC: [8] Use of undefined constant chip_id - assumed 'chip_id' D:\wamp\www\ybplant\Application\index\Controller\IndexController.class.php 第 187 行.
NOTIC: [8] Use of undefined constant chip_pwd - assumed 'chip_pwd' D:\wamp\www\ybplant\Application\index\Controller\IndexController.class.php 第 187 行.
SQL: SHOW COLUMNS FROM `chip_set` [ RunTime:0.0026s ]
SQL: SELECT * FROM `chip_set` WHERE ( chip_id = "lib-big" and password = "123"  )  [ RunTime:0.0004s ]
NOTIC: [8] Use of undefined constant data - assumed 'data' D:\wamp\www\ybplant\Application\index\Controller\IndexController.class.php 第 213 行.
SQL: SHOW COLUMNS FROM `chip_data` [ RunTime:0.0022s ]
NOTIC: [8] Use of undefined constant chip_id - assumed 'chip_id' D:\wamp\www\ybplant\Application\index\Controller\IndexController.class.php 第 220 行.
SQL: INSERT INTO `chip_data` (`chip_id`,`temp`,`hum_oil`,`hum`,`time`) VALUES ('lib-big','22','29','22','2017-11-08 07:39:59') [ RunTime:0.0324s ]
NOTIC: [8] Use of undefined constant chip_id - assumed 'chip_id' D:\wamp\www\ybplant\Application\index\Controller\IndexController.class.php 第 220 行.
SQL: INSERT INTO `chip_data` (`chip_id`,`temp`,`hum_oil`,`hum`,`time`) VALUES ('lib-big','23','28','22','2017-11-08 07:44:59') [ RunTime:0.0257s ]
NOTIC: [8] Use of undefined constant chip_id - assumed 'chip_id' D:\wamp\www\ybplant\Application\index\Controller\IndexController.class.php 第 220 行.
SQL: INSERT INTO `chip_data` (`chip_id`,`temp`,`hum_oil`,`hum`,`time`) VALUES ('lib-big','23','27','22','2017-11-08 07:49:59') [ RunTime:0.0242s ]
NOTIC: [8] Use of undefined constant chip_id - assumed 'chip_id' D:\wamp\www\ybplant\Application\index\Controller\IndexController.class.php 第 220 行.
SQL: INSERT INTO `chip_data` (`chip_id`,`temp`,`hum_oil`,`hum`,`time`) VALUES ('lib-big','23','27','22','2017-11-08 07:54:59') [ RunTime:0.0242s ]
NOTIC: [8] Use of undefined constant chip_id - assumed 'chip_id' D:\wamp\www\ybplant\Application\index\Controller\IndexController.class.php 第 220 行.
SQL: INSERT INTO `chip_data` (`chip_id`,`temp`,`hum_oil`,`hum`,`time`) VALUES ('lib-big','23','27','22','2017-11-08 07:59:59') [ RunTime:0.0243s ]
NOTIC: [8] Use of undefined constant chip_id - assumed 'chip_id' D:\wamp\www\ybplant\Application\index\Controller\IndexController.class.php 第 220 行.
SQL: INSERT INTO `chip_data` (`chip_id`,`temp`,`hum_oil`,`hum`,`time`) VALUES ('lib-big','23','26','21','2017-11-08 08:04:59') [ RunTime:0.0242s ]
NOTIC: [8] Use of undefined constant chip_id - assumed 'chip_id' D:\wamp\www\ybplant\Application\index\Controller\IndexController.class.php 第 220 行.
SQL: INSERT INTO `chip_data` (`chip_id`,`temp`,`hum_oil`,`hum`,`time`) VALUES ('lib-big','23','26','21','2017-11-08 08:09:59') [ RunTime:0.0242s ]
NOTIC: [8] Use of undefined constant chip_id - assumed 'chip_id' D:\wamp\www\ybplant\Application\index\Controller\IndexController.class.php 第 220 行.
SQL: INSERT INTO `chip_data` (`chip_id`,`temp`,`hum_oil`,`hum`,`time`) VALUES ('lib-big','23','26','21','2017-11-08 08:14:59') [ RunTime:0.0326s ]
NOTIC: [8] Use of undefined constant chip_id - assumed 'chip_id' D:\wamp\www\ybplant\Application\index\Controller\IndexController.class.php 第 220 行.
SQL: INSERT INTO `chip_data` (`chip_id`,`temp`,`hum_oil`,`hum`,`time`) VALUES ('lib-big','23','25','21','2017-11-08 08:19:59') [ RunTime:0.0243s ]
NOTIC: [8] Use of undefined constant chip_id - assumed 'chip_id' D:\wamp\www\ybplant\Application\index\Controller\IndexController.class.php 第 220 行.
SQL: INSERT INTO `chip_data` (`chip_id`,`temp`,`hum_oil`,`hum`,`time`) VALUES ('lib-big','23','25','21','2017-11-08 08:24:59') [ RunTime:0.0242s ]
NOTIC: [8] Use of undefined constant chip_id - assumed 'chip_id' D:\wamp\www\ybplant\Application\index\Controller\IndexController.class.php 第 220 行.
SQL: INSERT INTO `chip_data` (`chip_id`,`temp`,`hum_oil`,`hum`,`time`) VALUES ('lib-big','23','25','21','2017-11-08 08:29:59') [ RunTime:0.0260s ]
NOTIC: [8] Use of undefined constant chip_id - assumed 'chip_id' D:\wamp\www\ybplant\Application\index\Controller\IndexController.class.php 第 220 行.
SQL: INSERT INTO `chip_data` (`chip_id`,`temp`,`hum_oil`,`hum`,`time`) VALUES ('lib-big','23','25','21','2017-11-08 08:34:59') [ RunTime:0.0263s ]
SQL: UPDATE `chip_set` SET `last_connect_time`='1510101299' WHERE ( chip_id = "lib-big" and password = "123"  ) [ RunTime:0.0309s ]
INFO: [ app_end ] --START--
INFO: Run Behavior\ShowPageTraceBehavior [ RunTime:0.002151s ]
INFO: [ app_end ] --END-- [ RunTime:0.002475s ]

[ 2017-11-08T09:00:57+08:00 ] 10.98.106.55 /
INFO: [ app_init ] --START--
INFO: Run Behavior\BuildLiteBehavior [ RunTime:0.000027s ]
INFO: [ app_init ] --END-- [ RunTime:0.000556s ]
INFO: [ app_begin ] --START--
INFO: Run Behavior\ReadHtmlCacheBehavior [ RunTime:0.000761s ]
INFO: [ app_begin ] --END-- [ RunTime:0.000911s ]
INFO: [ view_parse ] --START--
INFO: [ template_filter ] --START--
INFO: Run Behavior\ContentReplaceBehavior [ RunTime:0.000122s ]
INFO: [ template_filter ] --END-- [ RunTime:0.000201s ]
NOTIC: [8] Use of undefined constant index - assumed 'index' D:\wamp\www\ybplant\Application\Runtime\Cache\index\e27ac99aeaa7b8b624c6a9e6029f59fb.php 第 57 行.
NOTIC: [8] Use of undefined constant isuser - assumed 'isuser' D:\wamp\www\ybplant\Application\Runtime\Cache\index\e27ac99aeaa7b8b624c6a9e6029f59fb.php 第 67 行.
NOTIC: [8] Undefined index: isuser D:\wamp\www\ybplant\Application\Runtime\Cache\index\e27ac99aeaa7b8b624c6a9e6029f59fb.php 第 67 行.
NOTIC: [8] Use of undefined constant isuser - assumed 'isuser' D:\wamp\www\ybplant\Application\Runtime\Cache\index\e27ac99aeaa7b8b624c6a9e6029f59fb.php 第 69 行.
NOTIC: [8] Undefined index: isuser D:\wamp\www\ybplant\Application\Runtime\Cache\index\e27ac99aeaa7b8b624c6a9e6029f59fb.php 第 69 行.
INFO: Run Behavior\ParseTemplateBehavior [ RunTime:0.013096s ]
INFO: [ view_parse ] --END-- [ RunTime:0.013168s ]
INFO: [ view_filter ] --START--
INFO: Run Behavior\WriteHtmlCacheBehavior [ RunTime:0.000280s ]
INFO: [ view_filter ] --END-- [ RunTime:0.000345s ]
INFO: [ app_end ] --START--
INFO: Run Behavior\ShowPageTraceBehavior [ RunTime:0.000465s ]
INFO: [ app_end ] --END-- [ RunTime:0.000534s ]

[ 2017-11-08T09:35:59+08:00 ] 10.97.42.255 /index.php/index/message_post?chip_id=lib-big&chip_pwd=123&data=[{"t":23,"h_d":25,"h_o":21},{"t":23,"h_d":25,"h_o":21},{"t":24,"h_d":25,"h_o":21},{"t":24,"h_d":24,"h_o":21},{"t":24,"h_d":24,"h_o":21},{"t":24,"h_d":24,"h_o":21},{"t":24,"h_d":24,"h_o":21},{"t":24,"h_d":24,"h_o":21},{"t":24,"h_d":24,"h_o":21},{"t":24,"h_d":24,"h_o":20},{"t":24,"h_d":24,"h_o":20},{"t":24,"h_d":24,"h_o":20}]
INFO: [ app_init ] --START--
INFO: Run Behavior\BuildLiteBehavior [ RunTime:0.000030s ]
INFO: [ app_init ] --END-- [ RunTime:0.000594s ]
INFO: [ app_begin ] --START--
INFO: Run Behavior\ReadHtmlCacheBehavior [ RunTime:0.000801s ]
INFO: [ app_begin ] --END-- [ RunTime:0.000963s ]
NOTIC: [8] Use of undefined constant chip_id - assumed 'chip_id' D:\wamp\www\ybplant\Application\index\Controller\IndexController.class.php 第 187 行.
NOTIC: [8] Use of undefined constant chip_pwd - assumed 'chip_pwd' D:\wamp\www\ybplant\Application\index\Controller\IndexController.class.php 第 187 行.
SQL: SHOW COLUMNS FROM `chip_set` [ RunTime:0.0025s ]
SQL: SELECT * FROM `chip_set` WHERE ( chip_id = "lib-big" and password = "123"  )  [ RunTime:0.0003s ]
NOTIC: [8] Use of undefined constant data - assumed 'data' D:\wamp\www\ybplant\Application\index\Controller\IndexController.class.php 第 213 行.
SQL: SHOW COLUMNS FROM `chip_data` [ RunTime:0.0021s ]
NOTIC: [8] Use of undefined constant chip_id - assumed 'chip_id' D:\wamp\www\ybplant\Application\index\Controller\IndexController.class.php 第 220 行.
SQL: INSERT INTO `chip_data` (`chip_id`,`temp`,`hum_oil`,`hum`,`time`) VALUES ('lib-big','23','25','21','2017-11-08 08:40:59') [ RunTime:0.0342s ]
NOTIC: [8] Use of undefined constant chip_id - assumed 'chip_id' D:\wamp\www\ybplant\Application\index\Controller\IndexController.class.php 第 220 行.
SQL: INSERT INTO `chip_data` (`chip_id`,`temp`,`hum_oil`,`hum`,`time`) VALUES ('lib-big','23','25','21','2017-11-08 08:45:59') [ RunTime:0.0258s ]
NOTIC: [8] Use of undefined constant chip_id - assumed 'chip_id' D:\wamp\www\ybplant\Application\index\Controller\IndexController.class.php 第 220 行.
SQL: INSERT INTO `chip_data` (`chip_id`,`temp`,`hum_oil`,`hum`,`time`) VALUES ('lib-big','24','25','21','2017-11-08 08:50:59') [ RunTime:0.0228s ]
NOTIC: [8] Use of undefined constant chip_id - assumed 'chip_id' D:\wamp\www\ybplant\Application\index\Controller\IndexController.class.php 第 220 行.
SQL: INSERT INTO `chip_data` (`chip_id`,`temp`,`hum_oil`,`hum`,`time`) VALUES ('lib-big','24','24','21','2017-11-08 08:55:59') [ RunTime:0.0241s ]
NOTIC: [8] Use of undefined constant chip_id - assumed 'chip_id' D:\wamp\www\ybplant\Application\index\Controller\IndexController.class.php 第 220 行.
SQL: INSERT INTO `chip_data` (`chip_id`,`temp`,`hum_oil`,`hum`,`time`) VALUES ('lib-big','24','24','21','2017-11-08 09:00:59') [ RunTime:0.0241s ]
NOTIC: [8] Use of undefined constant chip_id - assumed 'chip_id' D:\wamp\www\ybplant\Application\index\Controller\IndexController.class.php 第 220 行.
SQL: INSERT INTO `chip_data` (`chip_id`,`temp`,`hum_oil`,`hum`,`time`) VALUES ('lib-big','24','24','21','2017-11-08 09:05:59') [ RunTime:0.0241s ]
NOTIC: [8] Use of undefined constant chip_id - assumed 'chip_id' D:\wamp\www\ybplant\Application\index\Controller\IndexController.class.php 第 220 行.
SQL: INSERT INTO `chip_data` (`chip_id`,`temp`,`hum_oil`,`hum`,`time`) VALUES ('lib-big','24','24','21','2017-11-08 09:10:59') [ RunTime:0.0241s ]
NOTIC: [8] Use of undefined constant chip_id - assumed 'chip_id' D:\wamp\www\ybplant\Application\index\Controller\IndexController.class.php 第 220 行.
SQL: INSERT INTO `chip_data` (`chip_id`,`temp`,`hum_oil`,`hum`,`time`) VALUES ('lib-big','24','24','21','2017-11-08 09:15:59') [ RunTime:0.0241s ]
NOTIC: [8] Use of undefined constant chip_id - assumed 'chip_id' D:\wamp\www\ybplant\Application\index\Controller\IndexController.class.php 第 220 行.
SQL: INSERT INTO `chip_data` (`chip_id`,`temp`,`hum_oil`,`hum`,`time`) VALUES ('lib-big','24','24','21','2017-11-08 09:20:59') [ RunTime:0.0241s ]
NOTIC: [8] Use of undefined constant chip_id - assumed 'chip_id' D:\wamp\www\ybplant\Application\index\Controller\IndexController.class.php 第 220 行.
SQL: INSERT INTO `chip_data` (`chip_id`,`temp`,`hum_oil`,`hum`,`time`) VALUES ('lib-big','24','24','20','2017-11-08 09:25:59') [ RunTime:0.0241s ]
NOTIC: [8] Use of undefined constant chip_id - assumed 'chip_id' D:\wamp\www\ybplant\Application\index\Controller\IndexController.class.php 第 220 行.
SQL: INSERT INTO `chip_data` (`chip_id`,`temp`,`hum_oil`,`hum`,`time`) VALUES ('lib-big','24','24','20','2017-11-08 09:30:59') [ RunTime:0.0241s ]
NOTIC: [8] Use of undefined constant chip_id - assumed 'chip_id' D:\wamp\www\ybplant\Application\index\Controller\IndexController.class.php 第 220 行.
SQL: INSERT INTO `chip_data` (`chip_id`,`temp`,`hum_oil`,`hum`,`time`) VALUES ('lib-big','24','24','20','2017-11-08 09:35:59') [ RunTime:0.0241s ]
SQL: UPDATE `chip_set` SET `last_connect_time`='1510104959' WHERE ( chip_id = "lib-big" and password = "123"  ) [ RunTime:0.0245s ]
INFO: [ app_end ] --START--
INFO: Run Behavior\ShowPageTraceBehavior [ RunTime:0.002196s ]
INFO: [ app_end ] --END-- [ RunTime:0.002551s ]

[ 2017-11-08T11:38:09+08:00 ] 10.97.42.255 /index.php/index/message_post?chip_id=lib-big&chip_pwd=123&data=[{"t":24,"h_d":24,"h_o":19},{"t":24,"h_d":24,"h_o":19},{"t":24,"h_d":24,"h_o":19},{"t":24,"h_d":24,"h_o":18},{"t":24,"h_d":24,"h_o":19},{"t":24,"h_d":24,"h_o":18},{"t":24,"h_d":24,"h_o":18},{"t":25,"h_d":24,"h_o":18},{"t":25,"h_d":24,"h_o":18},{"t":25,"h_d":24,"h_o":18},{"t":25,"h_d":24,"h_o":18},{"t":25,"h_d":24,"h_o":18}]
INFO: [ app_init ] --START--
INFO: Run Behavior\BuildLiteBehavior [ RunTime:0.000033s ]
INFO: [ app_init ] --END-- [ RunTime:0.000654s ]
INFO: [ app_begin ] --START--
INFO: Run Behavior\ReadHtmlCacheBehavior [ RunTime:0.000895s ]
INFO: [ app_begin ] --END-- [ RunTime:0.001067s ]
NOTIC: [8] Use of undefined constant chip_id - assumed 'chip_id' D:\wamp\www\ybplant\Application\index\Controller\IndexController.class.php 第 187 行.
NOTIC: [8] Use of undefined constant chip_pwd - assumed 'chip_pwd' D:\wamp\www\ybplant\Application\index\Controller\IndexController.class.php 第 187 行.
SQL: SHOW COLUMNS FROM `chip_set` [ RunTime:0.0026s ]
SQL: SELECT * FROM `chip_set` WHERE ( chip_id = "lib-big" and password = "123"  )  [ RunTime:0.0003s ]
NOTIC: [8] Use of undefined constant data - assumed 'data' D:\wamp\www\ybplant\Application\index\Controller\IndexController.class.php 第 213 行.
SQL: SHOW COLUMNS FROM `chip_data` [ RunTime:0.0022s ]
NOTIC: [8] Use of undefined constant chip_id - assumed 'chip_id' D:\wamp\www\ybplant\Application\index\Controller\IndexController.class.php 第 220 行.
SQL: INSERT INTO `chip_data` (`chip_id`,`temp`,`hum_oil`,`hum`,`time`) VALUES ('lib-big','24','24','19','2017-11-08 10:43:08') [ RunTime:0.0348s ]
NOTIC: [8] Use of undefined constant chip_id - assumed 'chip_id' D:\wamp\www\ybplant\Application\index\Controller\IndexController.class.php 第 220 行.
SQL: INSERT INTO `chip_data` (`chip_id`,`temp`,`hum_oil`,`hum`,`time`) VALUES ('lib-big','24','24','19','2017-11-08 10:48:08') [ RunTime:0.0259s ]
NOTIC: [8] Use of undefined constant chip_id - assumed 'chip_id' D:\wamp\www\ybplant\Application\index\Controller\IndexController.class.php 第 220 行.
SQL: INSERT INTO `chip_data` (`chip_id`,`temp`,`hum_oil`,`hum`,`time`) VALUES ('lib-big','24','24','19','2017-11-08 10:53:08') [ RunTime:0.0241s ]
NOTIC: [8] Use of undefined constant chip_id - assumed 'chip_id' D:\wamp\www\ybplant\Application\index\Controller\IndexController.class.php 第 220 行.
SQL: INSERT INTO `chip_data` (`chip_id`,`temp`,`hum_oil`,`hum`,`time`) VALUES ('lib-big','24','24','18','2017-11-08 10:58:08') [ RunTime:0.0241s ]
NOTIC: [8] Use of undefined constant chip_id - assumed 'chip_id' D:\wamp\www\ybplant\Application\index\Controller\IndexController.class.php 第 220 行.
SQL: INSERT INTO `chip_data` (`chip_id`,`temp`,`hum_oil`,`hum`,`time`) VALUES ('lib-big','24','24','19','2017-11-08 11:03:08') [ RunTime:0.0241s ]
NOTIC: [8] Use of undefined constant chip_id - assumed 'chip_id' D:\wamp\www\ybplant\Application\index\Controller\IndexController.class.php 第 220 行.
SQL: INSERT INTO `chip_data` (`chip_id`,`temp`,`hum_oil`,`hum`,`time`) VALUES ('lib-big','24','24','18','2017-11-08 11:08:09') [ RunTime:0.0241s ]
NOTIC: [8] Use of undefined constant chip_id - assumed 'chip_id' D:\wamp\www\ybplant\Application\index\Controller\IndexController.class.php 第 220 行.
SQL: INSERT INTO `chip_data` (`chip_id`,`temp`,`hum_oil`,`hum`,`time`) VALUES ('lib-big','24','24','18','2017-11-08 11:13:09') [ RunTime:0.0241s ]
NOTIC: [8] Use of undefined constant chip_id - assumed 'chip_id' D:\wamp\www\ybplant\Application\index\Controller\IndexController.class.php 第 220 行.
SQL: INSERT INTO `chip_data` (`chip_id`,`temp`,`hum_oil`,`hum`,`time`) VALUES ('lib-big','25','24','18','2017-11-08 11:18:09') [ RunTime:0.0241s ]
NOTIC: [8] Use of undefined constant chip_id - assumed 'chip_id' D:\wamp\www\ybplant\Application\index\Controller\IndexController.class.php 第 220 行.
SQL: INSERT INTO `chip_data` (`chip_id`,`temp`,`hum_oil`,`hum`,`time`) VALUES ('lib-big','25','24','18','2017-11-08 11:23:09') [ RunTime:0.0241s ]
NOTIC: [8] Use of undefined constant chip_id - assumed 'chip_id' D:\wamp\www\ybplant\Application\index\Controller\IndexController.class.php 第 220 行.
SQL: INSERT INTO `chip_data` (`chip_id`,`temp`,`hum_oil`,`hum`,`time`) VALUES ('lib-big','25','24','18','2017-11-08 11:28:09') [ RunTime:0.0241s ]
NOTIC: [8] Use of undefined constant chip_id - assumed 'chip_id' D:\wamp\www\ybplant\Application\index\Controller\IndexController.class.php 第 220 行.
SQL: INSERT INTO `chip_data` (`chip_id`,`temp`,`hum_oil`,`hum`,`time`) VALUES ('lib-big','25','24','18','2017-11-08 11:33:09') [ RunTime:0.0241s ]
NOTIC: [8] Use of undefined constant chip_id - assumed 'chip_id' D:\wamp\www\ybplant\Application\index\Controller\IndexController.class.php 第 220 行.
SQL: INSERT INTO `chip_data` (`chip_id`,`temp`,`hum_oil`,`hum`,`time`) VALUES ('lib-big','25','24','18','2017-11-08 11:38:09') [ RunTime:0.0241s ]
SQL: UPDATE `chip_set` SET `last_connect_time`='1510112289' WHERE ( chip_id = "lib-big" and password = "123"  ) [ RunTime:0.0245s ]
INFO: [ app_end ] --START--
INFO: Run Behavior\ShowPageTraceBehavior [ RunTime:0.002209s ]
INFO: [ app_end ] --END-- [ RunTime:0.002565s ]

[ 2017-11-08T12:39:09+08:00 ] 10.97.42.255 /index.php/index/message_post?chip_id=lib-big&chip_pwd=123&data=[{"t":25,"h_d":24,"h_o":18},{"t":25,"h_d":24,"h_o":18},{"t":25,"h_d":24,"h_o":18},{"t":25,"h_d":24,"h_o":19},{"t":25,"h_d":24,"h_o":18},{"t":25,"h_d":23,"h_o":18},{"t":25,"h_d":23,"h_o":18},{"t":25,"h_d":23,"h_o":18},{"t":25,"h_d":23,"h_o":18},{"t":25,"h_d":23,"h_o":18},{"t":25,"h_d":22,"h_o":18},{"t":25,"h_d":22,"h_o":18}]
INFO: [ app_init ] --START--
INFO: Run Behavior\BuildLiteBehavior [ RunTime:0.000028s ]
INFO: [ app_init ] --END-- [ RunTime:0.000561s ]
INFO: [ app_begin ] --START--
INFO: Run Behavior\ReadHtmlCacheBehavior [ RunTime:0.000760s ]
INFO: [ app_begin ] --END-- [ RunTime:0.000905s ]
NOTIC: [8] Use of undefined constant chip_id - assumed 'chip_id' D:\wamp\www\ybplant\Application\index\Controller\IndexController.class.php 第 187 行.
NOTIC: [8] Use of undefined constant chip_pwd - assumed 'chip_pwd' D:\wamp\www\ybplant\Application\index\Controller\IndexController.class.php 第 187 行.
SQL: SHOW COLUMNS FROM `chip_set` [ RunTime:0.0025s ]
SQL: SELECT * FROM `chip_set` WHERE ( chip_id = "lib-big" and password = "123"  )  [ RunTime:0.0003s ]
NOTIC: [8] Use of undefined constant data - assumed 'data' D:\wamp\www\ybplant\Application\index\Controller\IndexController.class.php 第 213 行.
SQL: SHOW COLUMNS FROM `chip_data` [ RunTime:0.0022s ]
NOTIC: [8] Use of undefined constant chip_id - assumed 'chip_id' D:\wamp\www\ybplant\Application\index\Controller\IndexController.class.php 第 220 行.
SQL: INSERT INTO `chip_data` (`chip_id`,`temp`,`hum_oil`,`hum`,`time`) VALUES ('lib-big','25','24','18','2017-11-08 11:44:08') [ RunTime:0.0412s ]
NOTIC: [8] Use of undefined constant chip_id - assumed 'chip_id' D:\wamp\www\ybplant\Application\index\Controller\IndexController.class.php 第 220 行.
SQL: INSERT INTO `chip_data` (`chip_id`,`temp`,`hum_oil`,`hum`,`time`) VALUES ('lib-big','25','24','18','2017-11-08 11:49:08') [ RunTime:0.0260s ]
NOTIC: [8] Use of undefined constant chip_id - assumed 'chip_id' D:\wamp\www\ybplant\Application\index\Controller\IndexController.class.php 第 220 行.
SQL: INSERT INTO `chip_data` (`chip_id`,`temp`,`hum_oil`,`hum`,`time`) VALUES ('lib-big','25','24','18','2017-11-08 11:54:08') [ RunTime:0.0241s ]
NOTIC: [8] Use of undefined constant chip_id - assumed 'chip_id' D:\wamp\www\ybplant\Application\index\Controller\IndexController.class.php 第 220 行.
SQL: INSERT INTO `chip_data` (`chip_id`,`temp`,`hum_oil`,`hum`,`time`) VALUES ('lib-big','25','24','19','2017-11-08 11:59:08') [ RunTime:0.0241s ]
NOTIC: [8] Use of undefined constant chip_id - assumed 'chip_id' D:\wamp\www\ybplant\Application\index\Controller\IndexController.class.php 第 220 行.
SQL: INSERT INTO `chip_data` (`chip_id`,`temp`,`hum_oil`,`hum`,`time`) VALUES ('lib-big','25','24','18','2017-11-08 12:04:08') [ RunTime:0.0241s ]
NOTIC: [8] Use of undefined constant chip_id - assumed 'chip_id' D:\wamp\www\ybplant\Application\index\Controller\IndexController.class.php 第 220 行.
SQL: INSERT INTO `chip_data` (`chip_id`,`temp`,`hum_oil`,`hum`,`time`) VALUES ('lib-big','25','23','18','2017-11-08 12:09:09') [ RunTime:0.0241s ]
NOTIC: [8] Use of undefined constant chip_id - assumed 'chip_id' D:\wamp\www\ybplant\Application\index\Controller\IndexController.class.php 第 220 行.
SQL: INSERT INTO `chip_data` (`chip_id`,`temp`,`hum_oil`,`hum`,`time`) VALUES ('lib-big','25','23','18','2017-11-08 12:14:09') [ RunTime:0.0241s ]
NOTIC: [8] Use of undefined constant chip_id - assumed 'chip_id' D:\wamp\www\ybplant\Application\index\Controller\IndexController.class.php 第 220 行.
SQL: INSERT INTO `chip_data` (`chip_id`,`temp`,`hum_oil`,`hum`,`time`) VALUES ('lib-big','25','23','18','2017-11-08 12:19:09') [ RunTime:0.0228s ]
NOTIC: [8] Use of undefined constant chip_id - assumed 'chip_id' D:\wamp\www\ybplant\Application\index\Controller\IndexController.class.php 第 220 行.
SQL: INSERT INTO `chip_data` (`chip_id`,`temp`,`hum_oil`,`hum`,`time`) VALUES ('lib-big','25','23','18','2017-11-08 12:24:09') [ RunTime:0.0324s ]
NOTIC: [8] Use of undefined constant chip_id - assumed 'chip_id' D:\wamp\www\ybplant\Application\index\Controller\IndexController.class.php 第 220 行.
SQL: INSERT INTO `chip_data` (`chip_id`,`temp`,`hum_oil`,`hum`,`time`) VALUES ('lib-big','25','23','18','2017-11-08 12:29:09') [ RunTime:0.0241s ]
NOTIC: [8] Use of undefined constant chip_id - assumed 'chip_id' D:\wamp\www\ybplant\Application\index\Controller\IndexController.class.php 第 220 行.
SQL: INSERT INTO `chip_data` (`chip_id`,`temp`,`hum_oil`,`hum`,`time`) VALUES ('lib-big','25','22','18','2017-11-08 12:34:09') [ RunTime:0.0241s ]
NOTIC: [8] Use of undefined constant chip_id - assumed 'chip_id' D:\wamp\www\ybplant\Application\index\Controller\IndexController.class.php 第 220 行.
SQL: INSERT INTO `chip_data` (`chip_id`,`temp`,`hum_oil`,`hum`,`time`) VALUES ('lib-big','25','22','18','2017-11-08 12:39:09') [ RunTime:0.0241s ]
SQL: UPDATE `chip_set` SET `last_connect_time`='1510115949' WHERE ( chip_id = "lib-big" and password = "123"  ) [ RunTime:0.0245s ]
INFO: [ app_end ] --START--
INFO: Run Behavior\ShowPageTraceBehavior [ RunTime:0.002209s ]
INFO: [ app_end ] --END-- [ RunTime:0.002564s ]

[ 2017-11-08T13:40:09+08:00 ] 10.97.42.255 /index.php/index/message_post?chip_id=lib-big&chip_pwd=123&data=[{"t":25,"h_d":23,"h_o":18},{"t":25,"h_d":23,"h_o":18},{"t":25,"h_d":23,"h_o":18},{"t":25,"h_d":23,"h_o":18},{"t":25,"h_d":23,"h_o":18},{"t":25,"h_d":22,"h_o":18},{"t":25,"h_d":23,"h_o":18},{"t":25,"h_d":23,"h_o":18},{"t":25,"h_d":22,"h_o":18},{"t":25,"h_d":22,"h_o":18},{"t":25,"h_d":23,"h_o":18},{"t":26,"h_d":23,"h_o":18}]
INFO: [ app_init ] --START--
INFO: Run Behavior\BuildLiteBehavior [ RunTime:0.000028s ]
INFO: [ app_init ] --END-- [ RunTime:0.000563s ]
INFO: [ app_begin ] --START--
INFO: Run Behavior\ReadHtmlCacheBehavior [ RunTime:0.000762s ]
INFO: [ app_begin ] --END-- [ RunTime:0.000909s ]
NOTIC: [8] Use of undefined constant chip_id - assumed 'chip_id' D:\wamp\www\ybplant\Application\index\Controller\IndexController.class.php 第 187 行.
NOTIC: [8] Use of undefined constant chip_pwd - assumed 'chip_pwd' D:\wamp\www\ybplant\Application\index\Controller\IndexController.class.php 第 187 行.
SQL: SHOW COLUMNS FROM `chip_set` [ RunTime:0.0026s ]
SQL: SELECT * FROM `chip_set` WHERE ( chip_id = "lib-big" and password = "123"  )  [ RunTime:0.0003s ]
NOTIC: [8] Use of undefined constant data - assumed 'data' D:\wamp\www\ybplant\Application\index\Controller\IndexController.class.php 第 213 行.
SQL: SHOW COLUMNS FROM `chip_data` [ RunTime:0.0022s ]
NOTIC: [8] Use of undefined constant chip_id - assumed 'chip_id' D:\wamp\www\ybplant\Application\index\Controller\IndexController.class.php 第 220 行.
SQL: INSERT INTO `chip_data` (`chip_id`,`temp`,`hum_oil`,`hum`,`time`) VALUES ('lib-big','25','23','18','2017-11-08 12:45:08') [ RunTime:0.0445s ]
NOTIC: [8] Use of undefined constant chip_id - assumed 'chip_id' D:\wamp\www\ybplant\Application\index\Controller\IndexController.class.php 第 220 行.
SQL: INSERT INTO `chip_data` (`chip_id`,`temp`,`hum_oil`,`hum`,`time`) VALUES ('lib-big','25','23','18','2017-11-08 12:50:08') [ RunTime:0.0260s ]
NOTIC: [8] Use of undefined constant chip_id - assumed 'chip_id' D:\wamp\www\ybplant\Application\index\Controller\IndexController.class.php 第 220 行.
SQL: INSERT INTO `chip_data` (`chip_id`,`temp`,`hum_oil`,`hum`,`time`) VALUES ('lib-big','25','23','18','2017-11-08 12:55:08') [ RunTime:0.0241s ]
NOTIC: [8] Use of undefined constant chip_id - assumed 'chip_id' D:\wamp\www\ybplant\Application\index\Controller\IndexController.class.php 第 220 行.
SQL: INSERT INTO `chip_data` (`chip_id`,`temp`,`hum_oil`,`hum`,`time`) VALUES ('lib-big','25','23','18','2017-11-08 13:00:08') [ RunTime:0.0241s ]
NOTIC: [8] Use of undefined constant chip_id - assumed 'chip_id' D:\wamp\www\ybplant\Application\index\Controller\IndexController.class.php 第 220 行.
SQL: INSERT INTO `chip_data` (`chip_id`,`temp`,`hum_oil`,`hum`,`time`) VALUES ('lib-big','25','23','18','2017-11-08 13:05:08') [ RunTime:0.0241s ]
NOTIC: [8] Use of undefined constant chip_id - assumed 'chip_id' D:\wamp\www\ybplant\Application\index\Controller\IndexController.class.php 第 220 行.
SQL: INSERT INTO `chip_data` (`chip_id`,`temp`,`hum_oil`,`hum`,`time`) VALUES ('lib-big','25','22','18','2017-11-08 13:10:09') [ RunTime:0.0240s ]
NOTIC: [8] Use of undefined constant chip_id - assumed 'chip_id' D:\wamp\www\ybplant\Application\index\Controller\IndexController.class.php 第 220 行.
SQL: INSERT INTO `chip_data` (`chip_id`,`temp`,`hum_oil`,`hum`,`time`) VALUES ('lib-big','25','23','18','2017-11-08 13:15:09') [ RunTime:0.0242s ]
NOTIC: [8] Use of undefined constant chip_id - assumed 'chip_id' D:\wamp\www\ybplant\Application\index\Controller\IndexController.class.php 第 220 行.
SQL: INSERT INTO `chip_data` (`chip_id`,`temp`,`hum_oil`,`hum`,`time`) VALUES ('lib-big','25','23','18','2017-11-08 13:20:09') [ RunTime:0.0241s ]
NOTIC: [8] Use of undefined constant chip_id - assumed 'chip_id' D:\wamp\www\ybplant\Application\index\Controller\IndexController.class.php 第 220 行.
SQL: INSERT INTO `chip_data` (`chip_id`,`temp`,`hum_oil`,`hum`,`time`) VALUES ('lib-big','25','22','18','2017-11-08 13:25:09') [ RunTime:0.0240s ]
NOTIC: [8] Use of undefined constant chip_id - assumed 'chip_id' D:\wamp\www\ybplant\Application\index\Controller\IndexController.class.php 第 220 行.
SQL: INSERT INTO `chip_data` (`chip_id`,`temp`,`hum_oil`,`hum`,`time`) VALUES ('lib-big','25','22','18','2017-11-08 13:30:09') [ RunTime:0.0241s ]
NOTIC: [8] Use of undefined constant chip_id - assumed 'chip_id' D:\wamp\www\ybplant\Application\index\Controller\IndexController.class.php 第 220 行.
SQL: INSERT INTO `chip_data` (`chip_id`,`temp`,`hum_oil`,`hum`,`time`) VALUES ('lib-big','25','23','18','2017-11-08 13:35:09') [ RunTime:0.0241s ]
NOTIC: [8] Use of undefined constant chip_id - assumed 'chip_id' D:\wamp\www\ybplant\Application\index\Controller\IndexController.class.php 第 220 行.
SQL: INSERT INTO `chip_data` (`chip_id`,`temp`,`hum_oil`,`hum`,`time`) VALUES ('lib-big','26','23','18','2017-11-08 13:40:09') [ RunTime:0.0258s ]
SQL: UPDATE `chip_set` SET `last_connect_time`='1510119609' WHERE ( chip_id = "lib-big" and password = "123"  ) [ RunTime:0.0245s ]
INFO: [ app_end ] --START--
INFO: Run Behavior\ShowPageTraceBehavior [ RunTime:0.002190s ]
INFO: [ app_end ] --END-- [ RunTime:0.002545s ]

[ 2017-11-08T14:41:09+08:00 ] 10.97.42.255 /index.php/index/message_post?chip_id=lib-big&chip_pwd=123&data=[{"t":26,"h_d":24,"h_o":18},{"t":26,"h_d":23,"h_o":18},{"t":26,"h_d":24,"h_o":18},{"t":25,"h_d":23,"h_o":18},{"t":26,"h_d":24,"h_o":18},{"t":26,"h_d":24,"h_o":18},{"t":26,"h_d":24,"h_o":17},{"t":26,"h_d":24,"h_o":17},{"t":26,"h_d":24,"h_o":18},{"t":26,"h_d":24,"h_o":18},{"t":26,"h_d":24,"h_o":17},{"t":25,"h_d":23,"h_o":18}]
INFO: [ app_init ] --START--
INFO: Run Behavior\BuildLiteBehavior [ RunTime:0.000029s ]
INFO: [ app_init ] --END-- [ RunTime:0.000558s ]
INFO: [ app_begin ] --START--
INFO: Run Behavior\ReadHtmlCacheBehavior [ RunTime:0.000766s ]
INFO: [ app_begin ] --END-- [ RunTime:0.000916s ]
NOTIC: [8] Use of undefined constant chip_id - assumed 'chip_id' D:\wamp\www\ybplant\Application\index\Controller\IndexController.class.php 第 187 行.
NOTIC: [8] Use of undefined constant chip_pwd - assumed 'chip_pwd' D:\wamp\www\ybplant\Application\index\Controller\IndexController.class.php 第 187 行.
SQL: SHOW COLUMNS FROM `chip_set` [ RunTime:0.0026s ]
SQL: SELECT * FROM `chip_set` WHERE ( chip_id = "lib-big" and password = "123"  )  [ RunTime:0.0003s ]
NOTIC: [8] Use of undefined constant data - assumed 'data' D:\wamp\www\ybplant\Application\index\Controller\IndexController.class.php 第 213 行.
SQL: SHOW COLUMNS FROM `chip_data` [ RunTime:0.0022s ]
NOTIC: [8] Use of undefined constant chip_id - assumed 'chip_id' D:\wamp\www\ybplant\Application\index\Controller\IndexController.class.php 第 220 行.
SQL: INSERT INTO `chip_data` (`chip_id`,`temp`,`hum_oil`,`hum`,`time`) VALUES ('lib-big','26','24','18','2017-11-08 13:46:08') [ RunTime:0.0447s ]
NOTIC: [8] Use of undefined constant chip_id - assumed 'chip_id' D:\wamp\www\ybplant\Application\index\Controller\IndexController.class.php 第 220 行.
SQL: INSERT INTO `chip_data` (`chip_id`,`temp`,`hum_oil`,`hum`,`time`) VALUES ('lib-big','26','23','18','2017-11-08 13:51:08') [ RunTime:0.0241s ]
NOTIC: [8] Use of undefined constant chip_id - assumed 'chip_id' D:\wamp\www\ybplant\Application\index\Controller\IndexController.class.php 第 220 行.
SQL: INSERT INTO `chip_data` (`chip_id`,`temp`,`hum_oil`,`hum`,`time`) VALUES ('lib-big','26','24','18','2017-11-08 13:56:08') [ RunTime:0.0240s ]
NOTIC: [8] Use of undefined constant chip_id - assumed 'chip_id' D:\wamp\www\ybplant\Application\index\Controller\IndexController.class.php 第 220 行.
SQL: INSERT INTO `chip_data` (`chip_id`,`temp`,`hum_oil`,`hum`,`time`) VALUES ('lib-big','25','23','18','2017-11-08 14:01:08') [ RunTime:0.0325s ]
NOTIC: [8] Use of undefined constant chip_id - assumed 'chip_id' D:\wamp\www\ybplant\Application\index\Controller\IndexController.class.php 第 220 行.
SQL: INSERT INTO `chip_data` (`chip_id`,`temp`,`hum_oil`,`hum`,`time`) VALUES ('lib-big','26','24','18','2017-11-08 14:06:08') [ RunTime:0.0241s ]
NOTIC: [8] Use of undefined constant chip_id - assumed 'chip_id' D:\wamp\www\ybplant\Application\index\Controller\IndexController.class.php 第 220 行.
SQL: INSERT INTO `chip_data` (`chip_id`,`temp`,`hum_oil`,`hum`,`time`) VALUES ('lib-big','26','24','18','2017-11-08 14:11:08') [ RunTime:0.0241s ]
NOTIC: [8] Use of undefined constant chip_id - assumed 'chip_id' D:\wamp\www\ybplant\Application\index\Controller\IndexController.class.php 第 220 行.
SQL: INSERT INTO `chip_data` (`chip_id`,`temp`,`hum_oil`,`hum`,`time`) VALUES ('lib-big','26','24','17','2017-11-08 14:16:09') [ RunTime:0.0241s ]
NOTIC: [8] Use of undefined constant chip_id - assumed 'chip_id' D:\wamp\www\ybplant\Application\index\Controller\IndexController.class.php 第 220 行.
SQL: INSERT INTO `chip_data` (`chip_id`,`temp`,`hum_oil`,`hum`,`time`) VALUES ('lib-big','26','24','17','2017-11-08 14:21:09') [ RunTime:0.0241s ]
NOTIC: [8] Use of undefined constant chip_id - assumed 'chip_id' D:\wamp\www\ybplant\Application\index\Controller\IndexController.class.php 第 220 行.
SQL: INSERT INTO `chip_data` (`chip_id`,`temp`,`hum_oil`,`hum`,`time`) VALUES ('lib-big','26','24','18','2017-11-08 14:26:09') [ RunTime:0.0241s ]
NOTIC: [8] Use of undefined constant chip_id - assumed 'chip_id' D:\wamp\www\ybplant\Application\index\Controller\IndexController.class.php 第 220 行.
SQL: INSERT INTO `chip_data` (`chip_id`,`temp`,`hum_oil`,`hum`,`time`) VALUES ('lib-big','26','24','18','2017-11-08 14:31:09') [ RunTime:0.0241s ]
NOTIC: [8] Use of undefined constant chip_id - assumed 'chip_id' D:\wamp\www\ybplant\Application\index\Controller\IndexController.class.php 第 220 行.
SQL: INSERT INTO `chip_data` (`chip_id`,`temp`,`hum_oil`,`hum`,`time`) VALUES ('lib-big','26','24','17','2017-11-08 14:36:09') [ RunTime:0.0241s ]
NOTIC: [8] Use of undefined constant chip_id - assumed 'chip_id' D:\wamp\www\ybplant\Application\index\Controller\IndexController.class.php 第 220 行.
SQL: INSERT INTO `chip_data` (`chip_id`,`temp`,`hum_oil`,`hum`,`time`) VALUES ('lib-big','25','23','18','2017-11-08 14:41:09') [ RunTime:0.0241s ]
SQL: UPDATE `chip_set` SET `last_connect_time`='1510123269' WHERE ( chip_id = "lib-big" and password = "123"  ) [ RunTime:0.0245s ]
INFO: [ app_end ] --START--
INFO: Run Behavior\ShowPageTraceBehavior [ RunTime:0.002198s ]
INFO: [ app_end ] --END-- [ RunTime:0.002551s ]

[ 2017-11-08T15:42:09+08:00 ] 10.97.42.255 /index.php/index/message_post?chip_id=lib-big&chip_pwd=123&data=[{"t":26,"h_d":25,"h_o":18},{"t":26,"h_d":25,"h_o":17},{"t":26,"h_d":25,"h_o":17},{"t":26,"h_d":24,"h_o":17},{"t":25,"h_d":24,"h_o":17},{"t":25,"h_d":23,"h_o":17},{"t":25,"h_d":23,"h_o":18},{"t":25,"h_d":23,"h_o":17},{"t":25,"h_d":24,"h_o":17},{"t":25,"h_d":23,"h_o":17},{"t":25,"h_d":23,"h_o":17},{"t":25,"h_d":23,"h_o":17}]
INFO: [ app_init ] --START--
INFO: Run Behavior\BuildLiteBehavior [ RunTime:0.000038s ]
INFO: [ app_init ] --END-- [ RunTime:0.000748s ]
INFO: [ app_begin ] --START--
INFO: Run Behavior\ReadHtmlCacheBehavior [ RunTime:0.001017s ]
INFO: [ app_begin ] --END-- [ RunTime:0.001214s ]
NOTIC: [8] Use of undefined constant chip_id - assumed 'chip_id' D:\wamp\www\ybplant\Application\index\Controller\IndexController.class.php 第 187 行.
NOTIC: [8] Use of undefined constant chip_pwd - assumed 'chip_pwd' D:\wamp\www\ybplant\Application\index\Controller\IndexController.class.php 第 187 行.
SQL: SHOW COLUMNS FROM `chip_set` [ RunTime:0.0025s ]
SQL: SELECT * FROM `chip_set` WHERE ( chip_id = "lib-big" and password = "123"  )  [ RunTime:0.0003s ]
NOTIC: [8] Use of undefined constant data - assumed 'data' D:\wamp\www\ybplant\Application\index\Controller\IndexController.class.php 第 213 行.
SQL: SHOW COLUMNS FROM `chip_data` [ RunTime:0.0023s ]
NOTIC: [8] Use of undefined constant chip_id - assumed 'chip_id' D:\wamp\www\ybplant\Application\index\Controller\IndexController.class.php 第 220 行.
SQL: INSERT INTO `chip_data` (`chip_id`,`temp`,`hum_oil`,`hum`,`time`) VALUES ('lib-big','26','25','18','2017-11-08 14:47:08') [ RunTime:0.0408s ]
NOTIC: [8] Use of undefined constant chip_id - assumed 'chip_id' D:\wamp\www\ybplant\Application\index\Controller\IndexController.class.php 第 220 行.
SQL: INSERT INTO `chip_data` (`chip_id`,`temp`,`hum_oil`,`hum`,`time`) VALUES ('lib-big','26','25','17','2017-11-08 14:52:08') [ RunTime:0.0241s ]
NOTIC: [8] Use of undefined constant chip_id - assumed 'chip_id' D:\wamp\www\ybplant\Application\index\Controller\IndexController.class.php 第 220 行.
SQL: INSERT INTO `chip_data` (`chip_id`,`temp`,`hum_oil`,`hum`,`time`) VALUES ('lib-big','26','25','17','2017-11-08 14:57:08') [ RunTime:0.0241s ]
NOTIC: [8] Use of undefined constant chip_id - assumed 'chip_id' D:\wamp\www\ybplant\Application\index\Controller\IndexController.class.php 第 220 行.
SQL: INSERT INTO `chip_data` (`chip_id`,`temp`,`hum_oil`,`hum`,`time`) VALUES ('lib-big','26','24','17','2017-11-08 15:02:08') [ RunTime:0.0241s ]
NOTIC: [8] Use of undefined constant chip_id - assumed 'chip_id' D:\wamp\www\ybplant\Application\index\Controller\IndexController.class.php 第 220 行.
SQL: INSERT INTO `chip_data` (`chip_id`,`temp`,`hum_oil`,`hum`,`time`) VALUES ('lib-big','25','24','17','2017-11-08 15:07:08') [ RunTime:0.0241s ]
NOTIC: [8] Use of undefined constant chip_id - assumed 'chip_id' D:\wamp\www\ybplant\Application\index\Controller\IndexController.class.php 第 220 行.
SQL: INSERT INTO `chip_data` (`chip_id`,`temp`,`hum_oil`,`hum`,`time`) VALUES ('lib-big','25','23','17','2017-11-08 15:12:08') [ RunTime:0.0241s ]
NOTIC: [8] Use of undefined constant chip_id - assumed 'chip_id' D:\wamp\www\ybplant\Application\index\Controller\IndexController.class.php 第 220 行.
SQL: INSERT INTO `chip_data` (`chip_id`,`temp`,`hum_oil`,`hum`,`time`) VALUES ('lib-big','25','23','18','2017-11-08 15:17:08') [ RunTime:0.0228s ]
NOTIC: [8] Use of undefined constant chip_id - assumed 'chip_id' D:\wamp\www\ybplant\Application\index\Controller\IndexController.class.php 第 220 行.
SQL: INSERT INTO `chip_data` (`chip_id`,`temp`,`hum_oil`,`hum`,`time`) VALUES ('lib-big','25','23','17','2017-11-08 15:22:09') [ RunTime:0.0241s ]
NOTIC: [8] Use of undefined constant chip_id - assumed 'chip_id' D:\wamp\www\ybplant\Application\index\Controller\IndexController.class.php 第 220 行.
SQL: INSERT INTO `chip_data` (`chip_id`,`temp`,`hum_oil`,`hum`,`time`) VALUES ('lib-big','25','24','17','2017-11-08 15:27:09') [ RunTime:0.0241s ]
NOTIC: [8] Use of undefined constant chip_id - assumed 'chip_id' D:\wamp\www\ybplant\Application\index\Controller\IndexController.class.php 第 220 行.
SQL: INSERT INTO `chip_data` (`chip_id`,`temp`,`hum_oil`,`hum`,`time`) VALUES ('lib-big','25','23','17','2017-11-08 15:32:09') [ RunTime:0.0241s ]
NOTIC: [8] Use of undefined constant chip_id - assumed 'chip_id' D:\wamp\www\ybplant\Application\index\Controller\IndexController.class.php 第 220 行.
SQL: INSERT INTO `chip_data` (`chip_id`,`temp`,`hum_oil`,`hum`,`time`) VALUES ('lib-big','25','23','17','2017-11-08 15:37:09') [ RunTime:0.0241s ]
NOTIC: [8] Use of undefined constant chip_id - assumed 'chip_id' D:\wamp\www\ybplant\Application\index\Controller\IndexController.class.php 第 220 行.
SQL: INSERT INTO `chip_data` (`chip_id`,`temp`,`hum_oil`,`hum`,`time`) VALUES ('lib-big','25','23','17','2017-11-08 15:42:09') [ RunTime:0.0241s ]
SQL: UPDATE `chip_set` SET `last_connect_time`='1510126929' WHERE ( chip_id = "lib-big" and password = "123"  ) [ RunTime:0.0245s ]
INFO: [ app_end ] --START--
INFO: Run Behavior\ShowPageTraceBehavior [ RunTime:0.002194s ]
INFO: [ app_end ] --END-- [ RunTime:0.002547s ]

[ 2017-11-08T16:43:09+08:00 ] 10.97.42.255 /index.php/index/message_post?chip_id=lib-big&chip_pwd=123&data=[{"t":25,"h_d":23,"h_o":17},{"t":25,"h_d":24,"h_o":17},{"t":25,"h_d":23,"h_o":17},{"t":25,"h_d":24,"h_o":17},{"t":25,"h_d":24,"h_o":17},{"t":25,"h_d":24,"h_o":17},{"t":25,"h_d":24,"h_o":17},{"t":25,"h_d":24,"h_o":17},{"t":25,"h_d":24,"h_o":17},{"t":25,"h_d":24,"h_o":17},{"t":25,"h_d":24,"h_o":17},{"t":25,"h_d":24,"h_o":17}]
INFO: [ app_init ] --START--
INFO: Run Behavior\BuildLiteBehavior [ RunTime:0.000070s ]
INFO: [ app_init ] --END-- [ RunTime:0.001380s ]
INFO: [ app_begin ] --START--
INFO: Run Behavior\ReadHtmlCacheBehavior [ RunTime:0.000753s ]
INFO: [ app_begin ] --END-- [ RunTime:0.000898s ]
NOTIC: [8] Use of undefined constant chip_id - assumed 'chip_id' D:\wamp\www\ybplant\Application\index\Controller\IndexController.class.php 第 187 行.
NOTIC: [8] Use of undefined constant chip_pwd - assumed 'chip_pwd' D:\wamp\www\ybplant\Application\index\Controller\IndexController.class.php 第 187 行.
SQL: SHOW COLUMNS FROM `chip_set` [ RunTime:0.0025s ]
SQL: SELECT * FROM `chip_set` WHERE ( chip_id = "lib-big" and password = "123"  )  [ RunTime:0.0003s ]
NOTIC: [8] Use of undefined constant data - assumed 'data' D:\wamp\www\ybplant\Application\index\Controller\IndexController.class.php 第 213 行.
SQL: SHOW COLUMNS FROM `chip_data` [ RunTime:0.0023s ]
NOTIC: [8] Use of undefined constant chip_id - assumed 'chip_id' D:\wamp\www\ybplant\Application\index\Controller\IndexController.class.php 第 220 行.
SQL: INSERT INTO `chip_data` (`chip_id`,`temp`,`hum_oil`,`hum`,`time`) VALUES ('lib-big','25','23','17','2017-11-08 15:48:08') [ RunTime:0.0458s ]
NOTIC: [8] Use of undefined constant chip_id - assumed 'chip_id' D:\wamp\www\ybplant\Application\index\Controller\IndexController.class.php 第 220 行.
SQL: INSERT INTO `chip_data` (`chip_id`,`temp`,`hum_oil`,`hum`,`time`) VALUES ('lib-big','25','24','17','2017-11-08 15:53:08') [ RunTime:0.0240s ]
NOTIC: [8] Use of undefined constant chip_id - assumed 'chip_id' D:\wamp\www\ybplant\Application\index\Controller\IndexController.class.php 第 220 行.
SQL: INSERT INTO `chip_data` (`chip_id`,`temp`,`hum_oil`,`hum`,`time`) VALUES ('lib-big','25','23','17','2017-11-08 15:58:08') [ RunTime:0.0254s ]
NOTIC: [8] Use of undefined constant chip_id - assumed 'chip_id' D:\wamp\www\ybplant\Application\index\Controller\IndexController.class.php 第 220 行.
SQL: INSERT INTO `chip_data` (`chip_id`,`temp`,`hum_oil`,`hum`,`time`) VALUES ('lib-big','25','24','17','2017-11-08 16:03:08') [ RunTime:0.0241s ]
NOTIC: [8] Use of undefined constant chip_id - assumed 'chip_id' D:\wamp\www\ybplant\Application\index\Controller\IndexController.class.php 第 220 行.
SQL: INSERT INTO `chip_data` (`chip_id`,`temp`,`hum_oil`,`hum`,`time`) VALUES ('lib-big','25','24','17','2017-11-08 16:08:08') [ RunTime:0.0241s ]
NOTIC: [8] Use of undefined constant chip_id - assumed 'chip_id' D:\wamp\www\ybplant\Application\index\Controller\IndexController.class.php 第 220 行.
SQL: INSERT INTO `chip_data` (`chip_id`,`temp`,`hum_oil`,`hum`,`time`) VALUES ('lib-big','25','24','17','2017-11-08 16:13:08') [ RunTime:0.0241s ]
NOTIC: [8] Use of undefined constant chip_id - assumed 'chip_id' D:\wamp\www\ybplant\Application\index\Controller\IndexController.class.php 第 220 行.
SQL: INSERT INTO `chip_data` (`chip_id`,`temp`,`hum_oil`,`hum`,`time`) VALUES ('lib-big','25','24','17','2017-11-08 16:18:08') [ RunTime:0.0241s ]
NOTIC: [8] Use of undefined constant chip_id - assumed 'chip_id' D:\wamp\www\ybplant\Application\index\Controller\IndexController.class.php 第 220 行.
SQL: INSERT INTO `chip_data` (`chip_id`,`temp`,`hum_oil`,`hum`,`time`) VALUES ('lib-big','25','24','17','2017-11-08 16:23:08') [ RunTime:0.0241s ]
NOTIC: [8] Use of undefined constant chip_id - assumed 'chip_id' D:\wamp\www\ybplant\Application\index\Controller\IndexController.class.php 第 220 行.
SQL: INSERT INTO `chip_data` (`chip_id`,`temp`,`hum_oil`,`hum`,`time`) VALUES ('lib-big','25','24','17','2017-11-08 16:28:09') [ RunTime:0.0241s ]
NOTIC: [8] Use of undefined constant chip_id - assumed 'chip_id' D:\wamp\www\ybplant\Application\index\Controller\IndexController.class.php 第 220 行.
SQL: INSERT INTO `chip_data` (`chip_id`,`temp`,`hum_oil`,`hum`,`time`) VALUES ('lib-big','25','24','17','2017-11-08 16:33:09') [ RunTime:0.0241s ]
NOTIC: [8] Use of undefined constant chip_id - assumed 'chip_id' D:\wamp\www\ybplant\Application\index\Controller\IndexController.class.php 第 220 行.
SQL: INSERT INTO `chip_data` (`chip_id`,`temp`,`hum_oil`,`hum`,`time`) VALUES ('lib-big','25','24','17','2017-11-08 16:38:09') [ RunTime:0.0241s ]
NOTIC: [8] Use of undefined constant chip_id - assumed 'chip_id' D:\wamp\www\ybplant\Application\index\Controller\IndexController.class.php 第 220 行.
SQL: INSERT INTO `chip_data` (`chip_id`,`temp`,`hum_oil`,`hum`,`time`) VALUES ('lib-big','25','24','17','2017-11-08 16:43:09') [ RunTime:0.0241s ]
SQL: UPDATE `chip_set` SET `last_connect_time`='1510130589' WHERE ( chip_id = "lib-big" and password = "123"  ) [ RunTime:0.0245s ]
INFO: [ app_end ] --START--
INFO: Run Behavior\ShowPageTraceBehavior [ RunTime:0.002234s ]
INFO: [ app_end ] --END-- [ RunTime:0.002589s ]

[ 2017-11-08T17:44:09+08:00 ] 10.97.42.255 /index.php/index/message_post?chip_id=lib-big&chip_pwd=123&data=[{"t":25,"h_d":24,"h_o":17},{"t":25,"h_d":25,"h_o":17},{"t":25,"h_d":25,"h_o":17},{"t":25,"h_d":25,"h_o":17},{"t":25,"h_d":25,"h_o":17},{"t":25,"h_d":25,"h_o":17},{"t":25,"h_d":25,"h_o":17},{"t":25,"h_d":26,"h_o":17},{"t":25,"h_d":26,"h_o":17},{"t":25,"h_d":26,"h_o":17},{"t":25,"h_d":26,"h_o":17},{"t":25,"h_d":27,"h_o":17}]
INFO: [ app_init ] --START--
INFO: Run Behavior\BuildLiteBehavior [ RunTime:0.000031s ]
INFO: [ app_init ] --END-- [ RunTime:0.000608s ]
INFO: [ app_begin ] --START--
INFO: Run Behavior\ReadHtmlCacheBehavior [ RunTime:0.000812s ]
INFO: [ app_begin ] --END-- [ RunTime:0.000978s ]
NOTIC: [8] Use of undefined constant chip_id - assumed 'chip_id' D:\wamp\www\ybplant\Application\index\Controller\IndexController.class.php 第 187 行.
NOTIC: [8] Use of undefined constant chip_pwd - assumed 'chip_pwd' D:\wamp\www\ybplant\Application\index\Controller\IndexController.class.php 第 187 行.
SQL: SHOW COLUMNS FROM `chip_set` [ RunTime:0.0026s ]
SQL: SELECT * FROM `chip_set` WHERE ( chip_id = "lib-big" and password = "123"  )  [ RunTime:0.0003s ]
NOTIC: [8] Use of undefined constant data - assumed 'data' D:\wamp\www\ybplant\Application\index\Controller\IndexController.class.php 第 213 行.
SQL: SHOW COLUMNS FROM `chip_data` [ RunTime:0.0022s ]
NOTIC: [8] Use of undefined constant chip_id - assumed 'chip_id' D:\wamp\www\ybplant\Application\index\Controller\IndexController.class.php 第 220 行.
SQL: INSERT INTO `chip_data` (`chip_id`,`temp`,`hum_oil`,`hum`,`time`) VALUES ('lib-big','25','24','17','2017-11-08 16:49:08') [ RunTime:0.0426s ]
NOTIC: [8] Use of undefined constant chip_id - assumed 'chip_id' D:\wamp\www\ybplant\Application\index\Controller\IndexController.class.php 第 220 行.
SQL: INSERT INTO `chip_data` (`chip_id`,`temp`,`hum_oil`,`hum`,`time`) VALUES ('lib-big','25','25','17','2017-11-08 16:54:08') [ RunTime:0.0237s ]
NOTIC: [8] Use of undefined constant chip_id - assumed 'chip_id' D:\wamp\www\ybplant\Application\index\Controller\IndexController.class.php 第 220 行.
SQL: INSERT INTO `chip_data` (`chip_id`,`temp`,`hum_oil`,`hum`,`time`) VALUES ('lib-big','25','25','17','2017-11-08 16:59:08') [ RunTime:0.0234s ]
NOTIC: [8] Use of undefined constant chip_id - assumed 'chip_id' D:\wamp\www\ybplant\Application\index\Controller\IndexController.class.php 第 220 行.
SQL: INSERT INTO `chip_data` (`chip_id`,`temp`,`hum_oil`,`hum`,`time`) VALUES ('lib-big','25','25','17','2017-11-08 17:04:08') [ RunTime:0.0220s ]
NOTIC: [8] Use of undefined constant chip_id - assumed 'chip_id' D:\wamp\www\ybplant\Application\index\Controller\IndexController.class.php 第 220 行.
SQL: INSERT INTO `chip_data` (`chip_id`,`temp`,`hum_oil`,`hum`,`time`) VALUES ('lib-big','25','25','17','2017-11-08 17:09:08') [ RunTime:0.0234s ]
NOTIC: [8] Use of undefined constant chip_id - assumed 'chip_id' D:\wamp\www\ybplant\Application\index\Controller\IndexController.class.php 第 220 行.
SQL: INSERT INTO `chip_data` (`chip_id`,`temp`,`hum_oil`,`hum`,`time`) VALUES ('lib-big','25','25','17','2017-11-08 17:14:08') [ RunTime:0.0234s ]
NOTIC: [8] Use of undefined constant chip_id - assumed 'chip_id' D:\wamp\www\ybplant\Application\index\Controller\IndexController.class.php 第 220 行.
SQL: INSERT INTO `chip_data` (`chip_id`,`temp`,`hum_oil`,`hum`,`time`) VALUES ('lib-big','25','25','17','2017-11-08 17:19:08') [ RunTime:0.0234s ]
NOTIC: [8] Use of undefined constant chip_id - assumed 'chip_id' D:\wamp\www\ybplant\Application\index\Controller\IndexController.class.php 第 220 行.
SQL: INSERT INTO `chip_data` (`chip_id`,`temp`,`hum_oil`,`hum`,`time`) VALUES ('lib-big','25','26','17','2017-11-08 17:24:08') [ RunTime:0.0234s ]
NOTIC: [8] Use of undefined constant chip_id - assumed 'chip_id' D:\wamp\www\ybplant\Application\index\Controller\IndexController.class.php 第 220 行.
SQL: INSERT INTO `chip_data` (`chip_id`,`temp`,`hum_oil`,`hum`,`time`) VALUES ('lib-big','25','26','17','2017-11-08 17:29:08') [ RunTime:0.0234s ]
NOTIC: [8] Use of undefined constant chip_id - assumed 'chip_id' D:\wamp\www\ybplant\Application\index\Controller\IndexController.class.php 第 220 行.
SQL: INSERT INTO `chip_data` (`chip_id`,`temp`,`hum_oil`,`hum`,`time`) VALUES ('lib-big','25','26','17','2017-11-08 17:34:09') [ RunTime:0.0234s ]
NOTIC: [8] Use of undefined constant chip_id - assumed 'chip_id' D:\wamp\www\ybplant\Application\index\Controller\IndexController.class.php 第 220 行.
SQL: INSERT INTO `chip_data` (`chip_id`,`temp`,`hum_oil`,`hum`,`time`) VALUES ('lib-big','25','26','17','2017-11-08 17:39:09') [ RunTime:0.0234s ]
NOTIC: [8] Use of undefined constant chip_id - assumed 'chip_id' D:\wamp\www\ybplant\Application\index\Controller\IndexController.class.php 第 220 行.
SQL: INSERT INTO `chip_data` (`chip_id`,`temp`,`hum_oil`,`hum`,`time`) VALUES ('lib-big','25','27','17','2017-11-08 17:44:09') [ RunTime:0.0234s ]
SQL: UPDATE `chip_set` SET `last_connect_time`='1510134249' WHERE ( chip_id = "lib-big" and password = "123"  ) [ RunTime:0.0225s ]
INFO: [ app_end ] --START--
INFO: Run Behavior\ShowPageTraceBehavior [ RunTime:0.002195s ]
INFO: [ app_end ] --END-- [ RunTime:0.002548s ]

[ 2017-11-08T18:45:09+08:00 ] 10.97.42.255 /index.php/index/message_post?chip_id=lib-big&chip_pwd=123&data=[{"t":24,"h_d":27,"h_o":16},{"t":24,"h_d":28,"h_o":17},{"t":24,"h_d":28,"h_o":17},{"t":24,"h_d":28,"h_o":17},{"t":24,"h_d":28,"h_o":17},{"t":24,"h_d":28,"h_o":17},{"t":24,"h_d":28,"h_o":16},{"t":24,"h_d":28,"h_o":17},{"t":24,"h_d":28,"h_o":17},{"t":24,"h_d":28,"h_o":17},{"t":24,"h_d":28,"h_o":17},{"t":24,"h_d":28,"h_o":17}]
INFO: [ app_init ] --START--
INFO: Run Behavior\BuildLiteBehavior [ RunTime:0.000020s ]
INFO: [ app_init ] --END-- [ RunTime:0.000385s ]
INFO: [ app_begin ] --START--
INFO: Run Behavior\ReadHtmlCacheBehavior [ RunTime:0.000530s ]
INFO: [ app_begin ] --END-- [ RunTime:0.000632s ]
NOTIC: [8] Use of undefined constant chip_id - assumed 'chip_id' D:\wamp\www\ybplant\Application\index\Controller\IndexController.class.php 第 187 行.
NOTIC: [8] Use of undefined constant chip_pwd - assumed 'chip_pwd' D:\wamp\www\ybplant\Application\index\Controller\IndexController.class.php 第 187 行.
SQL: SHOW COLUMNS FROM `chip_set` [ RunTime:0.0027s ]
SQL: SELECT * FROM `chip_set` WHERE ( chip_id = "lib-big" and password = "123"  )  [ RunTime:0.0003s ]
NOTIC: [8] Use of undefined constant data - assumed 'data' D:\wamp\www\ybplant\Application\index\Controller\IndexController.class.php 第 213 行.
SQL: SHOW COLUMNS FROM `chip_data` [ RunTime:0.0023s ]
NOTIC: [8] Use of undefined constant chip_id - assumed 'chip_id' D:\wamp\www\ybplant\Application\index\Controller\IndexController.class.php 第 220 行.
SQL: INSERT INTO `chip_data` (`chip_id`,`temp`,`hum_oil`,`hum`,`time`) VALUES ('lib-big','24','27','16','2017-11-08 17:50:08') [ RunTime:0.0482s ]
NOTIC: [8] Use of undefined constant chip_id - assumed 'chip_id' D:\wamp\www\ybplant\Application\index\Controller\IndexController.class.php 第 220 行.
SQL: INSERT INTO `chip_data` (`chip_id`,`temp`,`hum_oil`,`hum`,`time`) VALUES ('lib-big','24','28','17','2017-11-08 17:55:08') [ RunTime:0.0236s ]
NOTIC: [8] Use of undefined constant chip_id - assumed 'chip_id' D:\wamp\www\ybplant\Application\index\Controller\IndexController.class.php 第 220 行.
SQL: INSERT INTO `chip_data` (`chip_id`,`temp`,`hum_oil`,`hum`,`time`) VALUES ('lib-big','24','28','17','2017-11-08 18:00:08') [ RunTime:0.0234s ]
NOTIC: [8] Use of undefined constant chip_id - assumed 'chip_id' D:\wamp\www\ybplant\Application\index\Controller\IndexController.class.php 第 220 行.
SQL: INSERT INTO `chip_data` (`chip_id`,`temp`,`hum_oil`,`hum`,`time`) VALUES ('lib-big','24','28','17','2017-11-08 18:05:08') [ RunTime:0.0234s ]
NOTIC: [8] Use of undefined constant chip_id - assumed 'chip_id' D:\wamp\www\ybplant\Application\index\Controller\IndexController.class.php 第 220 行.
SQL: INSERT INTO `chip_data` (`chip_id`,`temp`,`hum_oil`,`hum`,`time`) VALUES ('lib-big','24','28','17','2017-11-08 18:10:08') [ RunTime:0.0234s ]
NOTIC: [8] Use of undefined constant chip_id - assumed 'chip_id' D:\wamp\www\ybplant\Application\index\Controller\IndexController.class.php 第 220 行.
SQL: INSERT INTO `chip_data` (`chip_id`,`temp`,`hum_oil`,`hum`,`time`) VALUES ('lib-big','24','28','17','2017-11-08 18:15:08') [ RunTime:0.0234s ]
NOTIC: [8] Use of undefined constant chip_id - assumed 'chip_id' D:\wamp\www\ybplant\Application\index\Controller\IndexController.class.php 第 220 行.
SQL: INSERT INTO `chip_data` (`chip_id`,`temp`,`hum_oil`,`hum`,`time`) VALUES ('lib-big','24','28','16','2017-11-08 18:20:08') [ RunTime:0.0234s ]
NOTIC: [8] Use of undefined constant chip_id - assumed 'chip_id' D:\wamp\www\ybplant\Application\index\Controller\IndexController.class.php 第 220 行.
SQL: INSERT INTO `chip_data` (`chip_id`,`temp`,`hum_oil`,`hum`,`time`) VALUES ('lib-big','24','28','17','2017-11-08 18:25:08') [ RunTime:0.0234s ]
NOTIC: [8] Use of undefined constant chip_id - assumed 'chip_id' D:\wamp\www\ybplant\Application\index\Controller\IndexController.class.php 第 220 行.
SQL: INSERT INTO `chip_data` (`chip_id`,`temp`,`hum_oil`,`hum`,`time`) VALUES ('lib-big','24','28','17','2017-11-08 18:30:08') [ RunTime:0.0235s ]
NOTIC: [8] Use of undefined constant chip_id - assumed 'chip_id' D:\wamp\www\ybplant\Application\index\Controller\IndexController.class.php 第 220 行.
SQL: INSERT INTO `chip_data` (`chip_id`,`temp`,`hum_oil`,`hum`,`time`) VALUES ('lib-big','24','28','17','2017-11-08 18:35:08') [ RunTime:0.0234s ]
NOTIC: [8] Use of undefined constant chip_id - assumed 'chip_id' D:\wamp\www\ybplant\Application\index\Controller\IndexController.class.php 第 220 行.
SQL: INSERT INTO `chip_data` (`chip_id`,`temp`,`hum_oil`,`hum`,`time`) VALUES ('lib-big','24','28','17','2017-11-08 18:40:09') [ RunTime:0.0221s ]
NOTIC: [8] Use of undefined constant chip_id - assumed 'chip_id' D:\wamp\www\ybplant\Application\index\Controller\IndexController.class.php 第 220 行.
SQL: INSERT INTO `chip_data` (`chip_id`,`temp`,`hum_oil`,`hum`,`time`) VALUES ('lib-big','24','28','17','2017-11-08 18:45:09') [ RunTime:0.0234s ]
SQL: UPDATE `chip_set` SET `last_connect_time`='1510137909' WHERE ( chip_id = "lib-big" and password = "123"  ) [ RunTime:0.0238s ]
INFO: [ app_end ] --START--
INFO: Run Behavior\ShowPageTraceBehavior [ RunTime:0.002204s ]
INFO: [ app_end ] --END-- [ RunTime:0.002557s ]

[ 2017-11-08T19:46:09+08:00 ] 10.97.42.255 /index.php/index/message_post?chip_id=lib-big&chip_pwd=123&data=[{"t":24,"h_d":29,"h_o":17},{"t":24,"h_d":29,"h_o":16},{"t":24,"h_d":29,"h_o":16},{"t":24,"h_d":29,"h_o":16},{"t":24,"h_d":29,"h_o":16},{"t":24,"h_d":29,"h_o":16},{"t":24,"h_d":29,"h_o":16},{"t":24,"h_d":29,"h_o":16},{"t":24,"h_d":29,"h_o":16},{"t":24,"h_d":29,"h_o":16},{"t":24,"h_d":29,"h_o":16},{"t":24,"h_d":29,"h_o":16}]
INFO: [ app_init ] --START--
INFO: Run Behavior\BuildLiteBehavior [ RunTime:0.000043s ]
INFO: [ app_init ] --END-- [ RunTime:0.000847s ]
INFO: [ app_begin ] --START--
INFO: Run Behavior\ReadHtmlCacheBehavior [ RunTime:0.001169s ]
INFO: [ app_begin ] --END-- [ RunTime:0.001394s ]
NOTIC: [8] Use of undefined constant chip_id - assumed 'chip_id' D:\wamp\www\ybplant\Application\index\Controller\IndexController.class.php 第 187 行.
NOTIC: [8] Use of undefined constant chip_pwd - assumed 'chip_pwd' D:\wamp\www\ybplant\Application\index\Controller\IndexController.class.php 第 187 行.
SQL: SHOW COLUMNS FROM `chip_set` [ RunTime:0.0025s ]
SQL: SELECT * FROM `chip_set` WHERE ( chip_id = "lib-big" and password = "123"  )  [ RunTime:0.0003s ]
NOTIC: [8] Use of undefined constant data - assumed 'data' D:\wamp\www\ybplant\Application\index\Controller\IndexController.class.php 第 213 行.
SQL: SHOW COLUMNS FROM `chip_data` [ RunTime:0.0022s ]
NOTIC: [8] Use of undefined constant chip_id - assumed 'chip_id' D:\wamp\www\ybplant\Application\index\Controller\IndexController.class.php 第 220 行.
SQL: INSERT INTO `chip_data` (`chip_id`,`temp`,`hum_oil`,`hum`,`time`) VALUES ('lib-big','24','29','17','2017-11-08 18:51:08') [ RunTime:0.0399s ]
NOTIC: [8] Use of undefined constant chip_id - assumed 'chip_id' D:\wamp\www\ybplant\Application\index\Controller\IndexController.class.php 第 220 行.
SQL: INSERT INTO `chip_data` (`chip_id`,`temp`,`hum_oil`,`hum`,`time`) VALUES ('lib-big','24','29','16','2017-11-08 18:56:08') [ RunTime:0.0238s ]
NOTIC: [8] Use of undefined constant chip_id - assumed 'chip_id' D:\wamp\www\ybplant\Application\index\Controller\IndexController.class.php 第 220 行.
SQL: INSERT INTO `chip_data` (`chip_id`,`temp`,`hum_oil`,`hum`,`time`) VALUES ('lib-big','24','29','16','2017-11-08 19:01:08') [ RunTime:0.0234s ]
NOTIC: [8] Use of undefined constant chip_id - assumed 'chip_id' D:\wamp\www\ybplant\Application\index\Controller\IndexController.class.php 第 220 行.
SQL: INSERT INTO `chip_data` (`chip_id`,`temp`,`hum_oil`,`hum`,`time`) VALUES ('lib-big','24','29','16','2017-11-08 19:06:08') [ RunTime:0.0234s ]
NOTIC: [8] Use of undefined constant chip_id - assumed 'chip_id' D:\wamp\www\ybplant\Application\index\Controller\IndexController.class.php 第 220 行.
SQL: INSERT INTO `chip_data` (`chip_id`,`temp`,`hum_oil`,`hum`,`time`) VALUES ('lib-big','24','29','16','2017-11-08 19:11:08') [ RunTime:0.0234s ]
NOTIC: [8] Use of undefined constant chip_id - assumed 'chip_id' D:\wamp\www\ybplant\Application\index\Controller\IndexController.class.php 第 220 行.
SQL: INSERT INTO `chip_data` (`chip_id`,`temp`,`hum_oil`,`hum`,`time`) VALUES ('lib-big','24','29','16','2017-11-08 19:16:08') [ RunTime:0.0234s ]
NOTIC: [8] Use of undefined constant chip_id - assumed 'chip_id' D:\wamp\www\ybplant\Application\index\Controller\IndexController.class.php 第 220 行.
SQL: INSERT INTO `chip_data` (`chip_id`,`temp`,`hum_oil`,`hum`,`time`) VALUES ('lib-big','24','29','16','2017-11-08 19:21:08') [ RunTime:0.0251s ]
NOTIC: [8] Use of undefined constant chip_id - assumed 'chip_id' D:\wamp\www\ybplant\Application\index\Controller\IndexController.class.php 第 220 行.
SQL: INSERT INTO `chip_data` (`chip_id`,`temp`,`hum_oil`,`hum`,`time`) VALUES ('lib-big','24','29','16','2017-11-08 19:26:08') [ RunTime:0.0234s ]
NOTIC: [8] Use of undefined constant chip_id - assumed 'chip_id' D:\wamp\www\ybplant\Application\index\Controller\IndexController.class.php 第 220 行.
SQL: INSERT INTO `chip_data` (`chip_id`,`temp`,`hum_oil`,`hum`,`time`) VALUES ('lib-big','24','29','16','2017-11-08 19:31:08') [ RunTime:0.0234s ]
NOTIC: [8] Use of undefined constant chip_id - assumed 'chip_id' D:\wamp\www\ybplant\Application\index\Controller\IndexController.class.php 第 220 行.
SQL: INSERT INTO `chip_data` (`chip_id`,`temp`,`hum_oil`,`hum`,`time`) VALUES ('lib-big','24','29','16','2017-11-08 19:36:08') [ RunTime:0.0221s ]
NOTIC: [8] Use of undefined constant chip_id - assumed 'chip_id' D:\wamp\www\ybplant\Application\index\Controller\IndexController.class.php 第 220 行.
SQL: INSERT INTO `chip_data` (`chip_id`,`temp`,`hum_oil`,`hum`,`time`) VALUES ('lib-big','24','29','16','2017-11-08 19:41:08') [ RunTime:0.0234s ]
NOTIC: [8] Use of undefined constant chip_id - assumed 'chip_id' D:\wamp\www\ybplant\Application\index\Controller\IndexController.class.php 第 220 行.
SQL: INSERT INTO `chip_data` (`chip_id`,`temp`,`hum_oil`,`hum`,`time`) VALUES ('lib-big','24','29','16','2017-11-08 19:46:09') [ RunTime:0.0233s ]
SQL: UPDATE `chip_set` SET `last_connect_time`='1510141569' WHERE ( chip_id = "lib-big" and password = "123"  ) [ RunTime:0.0236s ]
INFO: [ app_end ] --START--
INFO: Run Behavior\ShowPageTraceBehavior [ RunTime:0.001183s ]
INFO: [ app_end ] --END-- [ RunTime:0.001372s ]

[ 2017-11-08T21:48:18+08:00 ] 10.97.42.255 /index.php/index/message_post?chip_id=lib-big&chip_pwd=123&data=[{"t":24,"h_d":28,"h_o":16},{"t":24,"h_d":28,"h_o":16},{"t":24,"h_d":28,"h_o":16},{"t":24,"h_d":28,"h_o":16},{"t":24,"h_d":28,"h_o":16},{"t":24,"h_d":28,"h_o":16},{"t":24,"h_d":29,"h_o":16},{"t":24,"h_d":28,"h_o":16},{"t":24,"h_d":29,"h_o":16},{"t":24,"h_d":28,"h_o":16},{"t":24,"h_d":29,"h_o":16},{"t":24,"h_d":29,"h_o":16}]
INFO: [ app_init ] --START--
INFO: Run Behavior\BuildLiteBehavior [ RunTime:0.000028s ]
INFO: [ app_init ] --END-- [ RunTime:0.000555s ]
INFO: [ app_begin ] --START--
INFO: Run Behavior\ReadHtmlCacheBehavior [ RunTime:0.000764s ]
INFO: [ app_begin ] --END-- [ RunTime:0.000912s ]
NOTIC: [8] Use of undefined constant chip_id - assumed 'chip_id' D:\wamp\www\ybplant\Application\index\Controller\IndexController.class.php 第 187 行.
NOTIC: [8] Use of undefined constant chip_pwd - assumed 'chip_pwd' D:\wamp\www\ybplant\Application\index\Controller\IndexController.class.php 第 187 行.
SQL: SHOW COLUMNS FROM `chip_set` [ RunTime:0.0026s ]
SQL: SELECT * FROM `chip_set` WHERE ( chip_id = "lib-big" and password = "123"  )  [ RunTime:0.0003s ]
NOTIC: [8] Use of undefined constant data - assumed 'data' D:\wamp\www\ybplant\Application\index\Controller\IndexController.class.php 第 213 行.
SQL: SHOW COLUMNS FROM `chip_data` [ RunTime:0.0023s ]
NOTIC: [8] Use of undefined constant chip_id - assumed 'chip_id' D:\wamp\www\ybplant\Application\index\Controller\IndexController.class.php 第 220 行.
SQL: INSERT INTO `chip_data` (`chip_id`,`temp`,`hum_oil`,`hum`,`time`) VALUES ('lib-big','24','28','16','2017-11-08 20:53:17') [ RunTime:0.0294s ]
NOTIC: [8] Use of undefined constant chip_id - assumed 'chip_id' D:\wamp\www\ybplant\Application\index\Controller\IndexController.class.php 第 220 行.
SQL: INSERT INTO `chip_data` (`chip_id`,`temp`,`hum_oil`,`hum`,`time`) VALUES ('lib-big','24','28','16','2017-11-08 20:58:17') [ RunTime:0.0239s ]
NOTIC: [8] Use of undefined constant chip_id - assumed 'chip_id' D:\wamp\www\ybplant\Application\index\Controller\IndexController.class.php 第 220 行.
SQL: INSERT INTO `chip_data` (`chip_id`,`temp`,`hum_oil`,`hum`,`time`) VALUES ('lib-big','24','28','16','2017-11-08 21:03:17') [ RunTime:0.0234s ]
NOTIC: [8] Use of undefined constant chip_id - assumed 'chip_id' D:\wamp\www\ybplant\Application\index\Controller\IndexController.class.php 第 220 行.
SQL: INSERT INTO `chip_data` (`chip_id`,`temp`,`hum_oil`,`hum`,`time`) VALUES ('lib-big','24','28','16','2017-11-08 21:08:17') [ RunTime:0.0234s ]
NOTIC: [8] Use of undefined constant chip_id - assumed 'chip_id' D:\wamp\www\ybplant\Application\index\Controller\IndexController.class.php 第 220 行.
SQL: INSERT INTO `chip_data` (`chip_id`,`temp`,`hum_oil`,`hum`,`time`) VALUES ('lib-big','24','28','16','2017-11-08 21:13:17') [ RunTime:0.0234s ]
NOTIC: [8] Use of undefined constant chip_id - assumed 'chip_id' D:\wamp\www\ybplant\Application\index\Controller\IndexController.class.php 第 220 行.
SQL: INSERT INTO `chip_data` (`chip_id`,`temp`,`hum_oil`,`hum`,`time`) VALUES ('lib-big','24','28','16','2017-11-08 21:18:17') [ RunTime:0.0234s ]
NOTIC: [8] Use of undefined constant chip_id - assumed 'chip_id' D:\wamp\www\ybplant\Application\index\Controller\IndexController.class.php 第 220 行.
SQL: INSERT INTO `chip_data` (`chip_id`,`temp`,`hum_oil`,`hum`,`time`) VALUES ('lib-big','24','29','16','2017-11-08 21:23:17') [ RunTime:0.0234s ]
NOTIC: [8] Use of undefined constant chip_id - assumed 'chip_id' D:\wamp\www\ybplant\Application\index\Controller\IndexController.class.php 第 220 行.
SQL: INSERT INTO `chip_data` (`chip_id`,`temp`,`hum_oil`,`hum`,`time`) VALUES ('lib-big','24','28','16','2017-11-08 21:28:17') [ RunTime:0.0234s ]
NOTIC: [8] Use of undefined constant chip_id - assumed 'chip_id' D:\wamp\www\ybplant\Application\index\Controller\IndexController.class.php 第 220 行.
SQL: INSERT INTO `chip_data` (`chip_id`,`temp`,`hum_oil`,`hum`,`time`) VALUES ('lib-big','24','29','16','2017-11-08 21:33:17') [ RunTime:0.0234s ]
NOTIC: [8] Use of undefined constant chip_id - assumed 'chip_id' D:\wamp\www\ybplant\Application\index\Controller\IndexController.class.php 第 220 行.
SQL: INSERT INTO `chip_data` (`chip_id`,`temp`,`hum_oil`,`hum`,`time`) VALUES ('lib-big','24','28','16','2017-11-08 21:38:18') [ RunTime:0.0234s ]
NOTIC: [8] Use of undefined constant chip_id - assumed 'chip_id' D:\wamp\www\ybplant\Application\index\Controller\IndexController.class.php 第 220 行.
SQL: INSERT INTO `chip_data` (`chip_id`,`temp`,`hum_oil`,`hum`,`time`) VALUES ('lib-big','24','29','16','2017-11-08 21:43:18') [ RunTime:0.0221s ]
NOTIC: [8] Use of undefined constant chip_id - assumed 'chip_id' D:\wamp\www\ybplant\Application\index\Controller\IndexController.class.php 第 220 行.
SQL: INSERT INTO `chip_data` (`chip_id`,`temp`,`hum_oil`,`hum`,`time`) VALUES ('lib-big','24','29','16','2017-11-08 21:48:18') [ RunTime:0.0235s ]
SQL: UPDATE `chip_set` SET `last_connect_time`='1510148898' WHERE ( chip_id = "lib-big" and password = "123"  ) [ RunTime:0.0239s ]
INFO: [ app_end ] --START--
INFO: Run Behavior\ShowPageTraceBehavior [ RunTime:0.002192s ]
INFO: [ app_end ] --END-- [ RunTime:0.002548s ]

