[ 2017-10-25T08:26:06+08:00 ] 10.97.94.46 /
INFO: [ app_init ] --START--
INFO: Run Behavior\BuildLiteBehavior [ RunTime:0.000027s ]
INFO: [ app_init ] --END-- [ RunTime:0.000522s ]
INFO: [ app_begin ] --START--
INFO: Run Behavior\ReadHtmlCacheBehavior [ RunTime:0.000701s ]
INFO: [ app_begin ] --END-- [ RunTime:0.000830s ]
INFO: [ view_parse ] --START--
INFO: [ template_filter ] --START--
INFO: Run Behavior\ContentReplaceBehavior [ RunTime:0.000158s ]
INFO: [ template_filter ] --END-- [ RunTime:0.000246s ]
NOTIC: [8] Use of undefined constant index - assumed 'index' D:\wamp\www\ybplant\Application\Runtime\Cache\index\e27ac99aeaa7b8b624c6a9e6029f59fb.php 第 57 行.
NOTIC: [8] Use of undefined constant isuser - assumed 'isuser' D:\wamp\www\ybplant\Application\Runtime\Cache\index\e27ac99aeaa7b8b624c6a9e6029f59fb.php 第 67 行.
NOTIC: [8] Undefined index: isuser D:\wamp\www\ybplant\Application\Runtime\Cache\index\e27ac99aeaa7b8b624c6a9e6029f59fb.php 第 67 行.
NOTIC: [8] Use of undefined constant isuser - assumed 'isuser' D:\wamp\www\ybplant\Application\Runtime\Cache\index\e27ac99aeaa7b8b624c6a9e6029f59fb.php 第 69 行.
NOTIC: [8] Undefined index: isuser D:\wamp\www\ybplant\Application\Runtime\Cache\index\e27ac99aeaa7b8b624c6a9e6029f59fb.php 第 69 行.
INFO: Run Behavior\ParseTemplateBehavior [ RunTime:0.009912s ]
INFO: [ view_parse ] --END-- [ RunTime:0.009994s ]
INFO: [ view_filter ] --START--
INFO: Run Behavior\WriteHtmlCacheBehavior [ RunTime:0.000272s ]
INFO: [ view_filter ] --END-- [ RunTime:0.000344s ]
INFO: [ app_end ] --START--
INFO: Run Behavior\ShowPageTraceBehavior [ RunTime:0.000427s ]
INFO: [ app_end ] --END-- [ RunTime:0.000495s ]

[ 2017-10-25T08:26:10+08:00 ] 10.97.94.46 /index.php/index/login
INFO: [ app_init ] --START--
INFO: Run Behavior\BuildLiteBehavior [ RunTime:0.000059s ]
INFO: [ app_init ] --END-- [ RunTime:0.001017s ]
INFO: [ app_begin ] --START--
INFO: Run Behavior\ReadHtmlCacheBehavior [ RunTime:0.001224s ]
INFO: [ app_begin ] --END-- [ RunTime:0.001487s ]
INFO: [ view_parse ] --START--
INFO: [ template_filter ] --START--
INFO: Run Behavior\ContentReplaceBehavior [ RunTime:0.000088s ]
INFO: [ template_filter ] --END-- [ RunTime:0.000192s ]
NOTIC: [8] Use of undefined constant index - assumed 'index' D:\wamp\www\ybplant\Application\Runtime\Cache\index\134cf5005d9c7336f57f2569ed83887e.php 第 57 行.
NOTIC: [8] Use of undefined constant isuser - assumed 'isuser' D:\wamp\www\ybplant\Application\Runtime\Cache\index\134cf5005d9c7336f57f2569ed83887e.php 第 67 行.
NOTIC: [8] Undefined index: isuser D:\wamp\www\ybplant\Application\Runtime\Cache\index\134cf5005d9c7336f57f2569ed83887e.php 第 67 行.
NOTIC: [8] Use of undefined constant isuser - assumed 'isuser' D:\wamp\www\ybplant\Application\Runtime\Cache\index\134cf5005d9c7336f57f2569ed83887e.php 第 69 行.
NOTIC: [8] Undefined index: isuser D:\wamp\www\ybplant\Application\Runtime\Cache\index\134cf5005d9c7336f57f2569ed83887e.php 第 69 行.
INFO: Run Behavior\ParseTemplateBehavior [ RunTime:0.008909s ]
INFO: [ view_parse ] --END-- [ RunTime:0.009022s ]
INFO: [ view_filter ] --START--
INFO: Run Behavior\WriteHtmlCacheBehavior [ RunTime:0.000262s ]
INFO: [ view_filter ] --END-- [ RunTime:0.000362s ]
INFO: [ app_end ] --START--
INFO: Run Behavior\ShowPageTraceBehavior [ RunTime:0.000517s ]
INFO: [ app_end ] --END-- [ RunTime:0.000615s ]

[ 2017-10-25T08:26:10+08:00 ] 10.97.94.46 /index.php/index/verify_c.html
INFO: [ app_init ] --START--
INFO: Run Behavior\BuildLiteBehavior [ RunTime:0.000030s ]
INFO: [ app_init ] --END-- [ RunTime:0.000506s ]
INFO: [ app_begin ] --START--
INFO: Run Behavior\ReadHtmlCacheBehavior [ RunTime:0.000616s ]
INFO: [ app_begin ] --END-- [ RunTime:0.000748s ]
INFO: [ app_end ] --START--
INFO: Run Behavior\ShowPageTraceBehavior [ RunTime:0.000408s ]
INFO: [ app_end ] --END-- [ RunTime:0.000493s ]

[ 2017-10-25T08:26:18+08:00 ] 10.97.94.46 /index.php/index/doLogin
INFO: [ app_init ] --START--
INFO: Run Behavior\BuildLiteBehavior [ RunTime:0.000029s ]
INFO: [ app_init ] --END-- [ RunTime:0.000552s ]
INFO: [ app_begin ] --START--
INFO: Run Behavior\ReadHtmlCacheBehavior [ RunTime:0.000745s ]
INFO: [ app_begin ] --END-- [ RunTime:0.000892s ]
NOTIC: [8] Use of undefined constant yanzhengma - assumed 'yanzhengma' D:\wamp\www\ybplant\Application\index\Controller\IndexController.class.php 第 79 行.
NOTIC: [8] Use of undefined constant username - assumed 'username' D:\wamp\www\ybplant\Application\index\Controller\IndexController.class.php 第 82 行.
NOTIC: [8] Use of undefined constant password - assumed 'password' D:\wamp\www\ybplant\Application\index\Controller\IndexController.class.php 第 82 行.
NOTIC: [8] Use of undefined constant username - assumed 'username' D:\wamp\www\ybplant\Application\index\Controller\IndexController.class.php 第 87 行.
NOTIC: [8] Use of undefined constant password - assumed 'password' D:\wamp\www\ybplant\Application\index\Controller\IndexController.class.php 第 88 行.
SQL: SHOW COLUMNS FROM `user` [ RunTime:0.0024s ]
SQL: SELECT * FROM `user` WHERE `username` = 'yibu' AND `password` = '199467' LIMIT 1   [ RunTime:0.0002s ]
NOTIC: [8] Undefined variable: a D:\wamp\www\ybplant\Application\index\Controller\IndexController.class.php 第 99 行.
INFO: [ view_parse ] --START--
INFO: [ template_filter ] --START--
INFO: Run Behavior\ContentReplaceBehavior [ RunTime:0.000066s ]
INFO: [ template_filter ] --END-- [ RunTime:0.000142s ]
NOTIC: [8] Use of undefined constant index - assumed 'index' D:\wamp\www\ybplant\Application\Runtime\Cache\index\e866d82d961820ce3e62a2b25a9479f5.php 第 57 行.
NOTIC: [8] Use of undefined constant isuser - assumed 'isuser' D:\wamp\www\ybplant\Application\Runtime\Cache\index\e866d82d961820ce3e62a2b25a9479f5.php 第 67 行.
NOTIC: [8] Use of undefined constant isuser - assumed 'isuser' D:\wamp\www\ybplant\Application\Runtime\Cache\index\e866d82d961820ce3e62a2b25a9479f5.php 第 69 行.
NOTIC: [8] Use of undefined constant user - assumed 'user' D:\wamp\www\ybplant\Application\Runtime\Cache\index\e866d82d961820ce3e62a2b25a9479f5.php 第 69 行.
NOTIC: [8] Use of undefined constant username - assumed 'username' D:\wamp\www\ybplant\Application\Runtime\Cache\index\e866d82d961820ce3e62a2b25a9479f5.php 第 69 行.
INFO: Run Behavior\ParseTemplateBehavior [ RunTime:0.006975s ]
INFO: [ view_parse ] --END-- [ RunTime:0.007059s ]
INFO: [ view_filter ] --START--
INFO: Run Behavior\WriteHtmlCacheBehavior [ RunTime:0.000250s ]
INFO: [ view_filter ] --END-- [ RunTime:0.000318s ]
INFO: [ app_end ] --START--
INFO: Run Behavior\ShowPageTraceBehavior [ RunTime:0.000481s ]
INFO: [ app_end ] --END-- [ RunTime:0.000592s ]

[ 2017-10-25T08:34:46+08:00 ] 10.97.43.179 /index.php/index/message_post?chip_id=lib-big&chip_pwd=123&data=[{"t":22,"h_d":47,"h_o":60},{"t":23,"h_d":45,"h_o":60},{"t":23,"h_d":44,"h_o":60},{"t":23,"h_d":44,"h_o":60},{"t":23,"h_d":44,"h_o":60},{"t":23,"h_d":44,"h_o":60},{"t":23,"h_d":43,"h_o":60},{"t":23,"h_d":43,"h_o":60},{"t":23,"h_d":43,"h_o":59},{"t":23,"h_d":43,"h_o":59},{"t":23,"h_d":43,"h_o":59},{"t":23,"h_d":43,"h_o":59}]
INFO: [ app_init ] --START--
INFO: Run Behavior\BuildLiteBehavior [ RunTime:0.000048s ]
INFO: [ app_init ] --END-- [ RunTime:0.000955s ]
INFO: [ app_begin ] --START--
INFO: Run Behavior\ReadHtmlCacheBehavior [ RunTime:0.001289s ]
INFO: [ app_begin ] --END-- [ RunTime:0.001534s ]
NOTIC: [8] Use of undefined constant chip_id - assumed 'chip_id' D:\wamp\www\ybplant\Application\index\Controller\IndexController.class.php 第 187 行.
NOTIC: [8] Use of undefined constant chip_pwd - assumed 'chip_pwd' D:\wamp\www\ybplant\Application\index\Controller\IndexController.class.php 第 187 行.
SQL: SHOW COLUMNS FROM `chip_set` [ RunTime:0.0026s ]
SQL: SELECT * FROM `chip_set` WHERE ( chip_id = "lib-big" and password = "123"  )  [ RunTime:0.0003s ]
NOTIC: [8] Use of undefined constant data - assumed 'data' D:\wamp\www\ybplant\Application\index\Controller\IndexController.class.php 第 213 行.
SQL: SHOW COLUMNS FROM `chip_data` [ RunTime:0.0021s ]
NOTIC: [8] Use of undefined constant chip_id - assumed 'chip_id' D:\wamp\www\ybplant\Application\index\Controller\IndexController.class.php 第 220 行.
SQL: INSERT INTO `chip_data` (`chip_id`,`temp`,`hum_oil`,`hum`,`time`) VALUES ('lib-big','22','47','60','2017-10-25 07:39:46') [ RunTime:0.0398s ]
NOTIC: [8] Use of undefined constant chip_id - assumed 'chip_id' D:\wamp\www\ybplant\Application\index\Controller\IndexController.class.php 第 220 行.
SQL: INSERT INTO `chip_data` (`chip_id`,`temp`,`hum_oil`,`hum`,`time`) VALUES ('lib-big','23','45','60','2017-10-25 07:44:46') [ RunTime:0.0237s ]
NOTIC: [8] Use of undefined constant chip_id - assumed 'chip_id' D:\wamp\www\ybplant\Application\index\Controller\IndexController.class.php 第 220 行.
SQL: INSERT INTO `chip_data` (`chip_id`,`temp`,`hum_oil`,`hum`,`time`) VALUES ('lib-big','23','44','60','2017-10-25 07:49:46') [ RunTime:0.0234s ]
NOTIC: [8] Use of undefined constant chip_id - assumed 'chip_id' D:\wamp\www\ybplant\Application\index\Controller\IndexController.class.php 第 220 行.
SQL: INSERT INTO `chip_data` (`chip_id`,`temp`,`hum_oil`,`hum`,`time`) VALUES ('lib-big','23','44','60','2017-10-25 07:54:46') [ RunTime:0.0317s ]
NOTIC: [8] Use of undefined constant chip_id - assumed 'chip_id' D:\wamp\www\ybplant\Application\index\Controller\IndexController.class.php 第 220 行.
SQL: INSERT INTO `chip_data` (`chip_id`,`temp`,`hum_oil`,`hum`,`time`) VALUES ('lib-big','23','44','60','2017-10-25 07:59:46') [ RunTime:0.0235s ]
NOTIC: [8] Use of undefined constant chip_id - assumed 'chip_id' D:\wamp\www\ybplant\Application\index\Controller\IndexController.class.php 第 220 行.
SQL: INSERT INTO `chip_data` (`chip_id`,`temp`,`hum_oil`,`hum`,`time`) VALUES ('lib-big','23','44','60','2017-10-25 08:04:46') [ RunTime:0.0221s ]
NOTIC: [8] Use of undefined constant chip_id - assumed 'chip_id' D:\wamp\www\ybplant\Application\index\Controller\IndexController.class.php 第 220 行.
SQL: INSERT INTO `chip_data` (`chip_id`,`temp`,`hum_oil`,`hum`,`time`) VALUES ('lib-big','23','43','60','2017-10-25 08:09:46') [ RunTime:0.0234s ]
NOTIC: [8] Use of undefined constant chip_id - assumed 'chip_id' D:\wamp\www\ybplant\Application\index\Controller\IndexController.class.php 第 220 行.
SQL: INSERT INTO `chip_data` (`chip_id`,`temp`,`hum_oil`,`hum`,`time`) VALUES ('lib-big','23','43','60','2017-10-25 08:14:46') [ RunTime:0.0234s ]
NOTIC: [8] Use of undefined constant chip_id - assumed 'chip_id' D:\wamp\www\ybplant\Application\index\Controller\IndexController.class.php 第 220 行.
SQL: INSERT INTO `chip_data` (`chip_id`,`temp`,`hum_oil`,`hum`,`time`) VALUES ('lib-big','23','43','59','2017-10-25 08:19:46') [ RunTime:0.0235s ]
NOTIC: [8] Use of undefined constant chip_id - assumed 'chip_id' D:\wamp\www\ybplant\Application\index\Controller\IndexController.class.php 第 220 行.
SQL: INSERT INTO `chip_data` (`chip_id`,`temp`,`hum_oil`,`hum`,`time`) VALUES ('lib-big','23','43','59','2017-10-25 08:24:46') [ RunTime:0.0297s ]
NOTIC: [8] Use of undefined constant chip_id - assumed 'chip_id' D:\wamp\www\ybplant\Application\index\Controller\IndexController.class.php 第 220 行.
SQL: INSERT INTO `chip_data` (`chip_id`,`temp`,`hum_oil`,`hum`,`time`) VALUES ('lib-big','23','43','59','2017-10-25 08:29:46') [ RunTime:0.0255s ]
NOTIC: [8] Use of undefined constant chip_id - assumed 'chip_id' D:\wamp\www\ybplant\Application\index\Controller\IndexController.class.php 第 220 行.
SQL: INSERT INTO `chip_data` (`chip_id`,`temp`,`hum_oil`,`hum`,`time`) VALUES ('lib-big','23','43','59','2017-10-25 08:34:46') [ RunTime:0.0234s ]
SQL: UPDATE `chip_set` SET `last_connect_time`='1508891686' WHERE ( chip_id = "lib-big" and password = "123"  ) [ RunTime:0.0238s ]
INFO: [ app_end ] --START--
INFO: Run Behavior\ShowPageTraceBehavior [ RunTime:0.002197s ]
INFO: [ app_end ] --END-- [ RunTime:0.002524s ]

[ 2017-10-25T09:35:46+08:00 ] 10.97.43.179 /index.php/index/message_post?chip_id=lib-big&chip_pwd=123&data=[{"t":23,"h_d":43,"h_o":59},{"t":23,"h_d":43,"h_o":59},{"t":24,"h_d":43,"h_o":59},{"t":24,"h_d":42,"h_o":58},{"t":24,"h_d":42,"h_o":58},{"t":24,"h_d":42,"h_o":58},{"t":24,"h_d":42,"h_o":58},{"t":24,"h_d":42,"h_o":58},{"t":24,"h_d":42,"h_o":58},{"t":24,"h_d":42,"h_o":58},{"t":24,"h_d":42,"h_o":58},{"t":24,"h_d":41,"h_o":58}]
INFO: [ app_init ] --START--
INFO: Run Behavior\BuildLiteBehavior [ RunTime:0.000056s ]
INFO: [ app_init ] --END-- [ RunTime:0.001092s ]
INFO: [ app_begin ] --START--
INFO: Run Behavior\ReadHtmlCacheBehavior [ RunTime:0.000585s ]
INFO: [ app_begin ] --END-- [ RunTime:0.000695s ]
NOTIC: [8] Use of undefined constant chip_id - assumed 'chip_id' D:\wamp\www\ybplant\Application\index\Controller\IndexController.class.php 第 187 行.
NOTIC: [8] Use of undefined constant chip_pwd - assumed 'chip_pwd' D:\wamp\www\ybplant\Application\index\Controller\IndexController.class.php 第 187 行.
SQL: SHOW COLUMNS FROM `chip_set` [ RunTime:0.0027s ]
SQL: SELECT * FROM `chip_set` WHERE ( chip_id = "lib-big" and password = "123"  )  [ RunTime:0.0003s ]
NOTIC: [8] Use of undefined constant data - assumed 'data' D:\wamp\www\ybplant\Application\index\Controller\IndexController.class.php 第 213 行.
SQL: SHOW COLUMNS FROM `chip_data` [ RunTime:0.0021s ]
NOTIC: [8] Use of undefined constant chip_id - assumed 'chip_id' D:\wamp\www\ybplant\Application\index\Controller\IndexController.class.php 第 220 行.
SQL: INSERT INTO `chip_data` (`chip_id`,`temp`,`hum_oil`,`hum`,`time`) VALUES ('lib-big','23','43','59','2017-10-25 08:40:46') [ RunTime:0.0519s ]
NOTIC: [8] Use of undefined constant chip_id - assumed 'chip_id' D:\wamp\www\ybplant\Application\index\Controller\IndexController.class.php 第 220 行.
SQL: INSERT INTO `chip_data` (`chip_id`,`temp`,`hum_oil`,`hum`,`time`) VALUES ('lib-big','23','43','59','2017-10-25 08:45:46') [ RunTime:0.0232s ]
NOTIC: [8] Use of undefined constant chip_id - assumed 'chip_id' D:\wamp\www\ybplant\Application\index\Controller\IndexController.class.php 第 220 行.
SQL: INSERT INTO `chip_data` (`chip_id`,`temp`,`hum_oil`,`hum`,`time`) VALUES ('lib-big','24','43','59','2017-10-25 08:50:46') [ RunTime:0.0236s ]
NOTIC: [8] Use of undefined constant chip_id - assumed 'chip_id' D:\wamp\www\ybplant\Application\index\Controller\IndexController.class.php 第 220 行.
SQL: INSERT INTO `chip_data` (`chip_id`,`temp`,`hum_oil`,`hum`,`time`) VALUES ('lib-big','24','42','58','2017-10-25 08:55:46') [ RunTime:0.0236s ]
NOTIC: [8] Use of undefined constant chip_id - assumed 'chip_id' D:\wamp\www\ybplant\Application\index\Controller\IndexController.class.php 第 220 行.
SQL: INSERT INTO `chip_data` (`chip_id`,`temp`,`hum_oil`,`hum`,`time`) VALUES ('lib-big','24','42','58','2017-10-25 09:00:46') [ RunTime:0.0434s ]
NOTIC: [8] Use of undefined constant chip_id - assumed 'chip_id' D:\wamp\www\ybplant\Application\index\Controller\IndexController.class.php 第 220 行.
SQL: INSERT INTO `chip_data` (`chip_id`,`temp`,`hum_oil`,`hum`,`time`) VALUES ('lib-big','24','42','58','2017-10-25 09:05:46') [ RunTime:0.0287s ]
NOTIC: [8] Use of undefined constant chip_id - assumed 'chip_id' D:\wamp\www\ybplant\Application\index\Controller\IndexController.class.php 第 220 行.
SQL: INSERT INTO `chip_data` (`chip_id`,`temp`,`hum_oil`,`hum`,`time`) VALUES ('lib-big','24','42','58','2017-10-25 09:10:46') [ RunTime:0.0236s ]
NOTIC: [8] Use of undefined constant chip_id - assumed 'chip_id' D:\wamp\www\ybplant\Application\index\Controller\IndexController.class.php 第 220 行.
SQL: INSERT INTO `chip_data` (`chip_id`,`temp`,`hum_oil`,`hum`,`time`) VALUES ('lib-big','24','42','58','2017-10-25 09:15:46') [ RunTime:0.0235s ]
NOTIC: [8] Use of undefined constant chip_id - assumed 'chip_id' D:\wamp\www\ybplant\Application\index\Controller\IndexController.class.php 第 220 行.
SQL: INSERT INTO `chip_data` (`chip_id`,`temp`,`hum_oil`,`hum`,`time`) VALUES ('lib-big','24','42','58','2017-10-25 09:20:46') [ RunTime:0.0223s ]
NOTIC: [8] Use of undefined constant chip_id - assumed 'chip_id' D:\wamp\www\ybplant\Application\index\Controller\IndexController.class.php 第 220 行.
SQL: INSERT INTO `chip_data` (`chip_id`,`temp`,`hum_oil`,`hum`,`time`) VALUES ('lib-big','24','42','58','2017-10-25 09:25:46') [ RunTime:0.0254s ]
NOTIC: [8] Use of undefined constant chip_id - assumed 'chip_id' D:\wamp\www\ybplant\Application\index\Controller\IndexController.class.php 第 220 行.
SQL: INSERT INTO `chip_data` (`chip_id`,`temp`,`hum_oil`,`hum`,`time`) VALUES ('lib-big','24','42','58','2017-10-25 09:30:46') [ RunTime:0.0236s ]
NOTIC: [8] Use of undefined constant chip_id - assumed 'chip_id' D:\wamp\www\ybplant\Application\index\Controller\IndexController.class.php 第 220 行.
SQL: INSERT INTO `chip_data` (`chip_id`,`temp`,`hum_oil`,`hum`,`time`) VALUES ('lib-big','24','41','58','2017-10-25 09:35:46') [ RunTime:0.0236s ]
SQL: UPDATE `chip_set` SET `last_connect_time`='1508895346' WHERE ( chip_id = "lib-big" and password = "123"  ) [ RunTime:0.0239s ]
INFO: [ app_end ] --START--
INFO: Run Behavior\ShowPageTraceBehavior [ RunTime:0.002182s ]
INFO: [ app_end ] --END-- [ RunTime:0.002507s ]

[ 2017-10-25T10:36:46+08:00 ] 10.97.43.179 /index.php/index/message_post?chip_id=lib-big&chip_pwd=123&data=[{"t":24,"h_d":41,"h_o":58},{"t":24,"h_d":41,"h_o":57},{"t":24,"h_d":41,"h_o":57},{"t":24,"h_d":41,"h_o":57},{"t":24,"h_d":41,"h_o":57},{"t":24,"h_d":41,"h_o":57},{"t":24,"h_d":41,"h_o":57},{"t":25,"h_d":40,"h_o":57},{"t":25,"h_d":40,"h_o":57},{"t":25,"h_d":41,"h_o":57},{"t":25,"h_d":41,"h_o":57},{"t":25,"h_d":41,"h_o":57}]
INFO: [ app_init ] --START--
INFO: Run Behavior\BuildLiteBehavior [ RunTime:0.000069s ]
INFO: [ app_init ] --END-- [ RunTime:0.001363s ]
INFO: [ app_begin ] --START--
INFO: Run Behavior\ReadHtmlCacheBehavior [ RunTime:0.000771s ]
INFO: [ app_begin ] --END-- [ RunTime:0.000917s ]
NOTIC: [8] Use of undefined constant chip_id - assumed 'chip_id' D:\wamp\www\ybplant\Application\index\Controller\IndexController.class.php 第 187 行.
NOTIC: [8] Use of undefined constant chip_pwd - assumed 'chip_pwd' D:\wamp\www\ybplant\Application\index\Controller\IndexController.class.php 第 187 行.
SQL: SHOW COLUMNS FROM `chip_set` [ RunTime:0.0027s ]
SQL: SELECT * FROM `chip_set` WHERE ( chip_id = "lib-big" and password = "123"  )  [ RunTime:0.0003s ]
NOTIC: [8] Use of undefined constant data - assumed 'data' D:\wamp\www\ybplant\Application\index\Controller\IndexController.class.php 第 213 行.
SQL: SHOW COLUMNS FROM `chip_data` [ RunTime:0.0022s ]
NOTIC: [8] Use of undefined constant chip_id - assumed 'chip_id' D:\wamp\www\ybplant\Application\index\Controller\IndexController.class.php 第 220 行.
SQL: INSERT INTO `chip_data` (`chip_id`,`temp`,`hum_oil`,`hum`,`time`) VALUES ('lib-big','24','41','58','2017-10-25 09:41:46') [ RunTime:0.0222s ]
NOTIC: [8] Use of undefined constant chip_id - assumed 'chip_id' D:\wamp\www\ybplant\Application\index\Controller\IndexController.class.php 第 220 行.
SQL: INSERT INTO `chip_data` (`chip_id`,`temp`,`hum_oil`,`hum`,`time`) VALUES ('lib-big','24','41','57','2017-10-25 09:46:46') [ RunTime:0.0250s ]
NOTIC: [8] Use of undefined constant chip_id - assumed 'chip_id' D:\wamp\www\ybplant\Application\index\Controller\IndexController.class.php 第 220 行.
SQL: INSERT INTO `chip_data` (`chip_id`,`temp`,`hum_oil`,`hum`,`time`) VALUES ('lib-big','24','41','57','2017-10-25 09:51:46') [ RunTime:0.0236s ]
NOTIC: [8] Use of undefined constant chip_id - assumed 'chip_id' D:\wamp\www\ybplant\Application\index\Controller\IndexController.class.php 第 220 行.
SQL: INSERT INTO `chip_data` (`chip_id`,`temp`,`hum_oil`,`hum`,`time`) VALUES ('lib-big','24','41','57','2017-10-25 09:56:46') [ RunTime:0.0252s ]
NOTIC: [8] Use of undefined constant chip_id - assumed 'chip_id' D:\wamp\www\ybplant\Application\index\Controller\IndexController.class.php 第 220 行.
SQL: INSERT INTO `chip_data` (`chip_id`,`temp`,`hum_oil`,`hum`,`time`) VALUES ('lib-big','24','41','57','2017-10-25 10:01:46') [ RunTime:0.0237s ]
NOTIC: [8] Use of undefined constant chip_id - assumed 'chip_id' D:\wamp\www\ybplant\Application\index\Controller\IndexController.class.php 第 220 行.
SQL: INSERT INTO `chip_data` (`chip_id`,`temp`,`hum_oil`,`hum`,`time`) VALUES ('lib-big','24','41','57','2017-10-25 10:06:46') [ RunTime:0.0235s ]
NOTIC: [8] Use of undefined constant chip_id - assumed 'chip_id' D:\wamp\www\ybplant\Application\index\Controller\IndexController.class.php 第 220 行.
SQL: INSERT INTO `chip_data` (`chip_id`,`temp`,`hum_oil`,`hum`,`time`) VALUES ('lib-big','24','41','57','2017-10-25 10:11:46') [ RunTime:0.0252s ]
NOTIC: [8] Use of undefined constant chip_id - assumed 'chip_id' D:\wamp\www\ybplant\Application\index\Controller\IndexController.class.php 第 220 行.
SQL: INSERT INTO `chip_data` (`chip_id`,`temp`,`hum_oil`,`hum`,`time`) VALUES ('lib-big','25','40','57','2017-10-25 10:16:46') [ RunTime:0.0290s ]
NOTIC: [8] Use of undefined constant chip_id - assumed 'chip_id' D:\wamp\www\ybplant\Application\index\Controller\IndexController.class.php 第 220 行.
SQL: INSERT INTO `chip_data` (`chip_id`,`temp`,`hum_oil`,`hum`,`time`) VALUES ('lib-big','25','40','57','2017-10-25 10:21:46') [ RunTime:0.0235s ]
NOTIC: [8] Use of undefined constant chip_id - assumed 'chip_id' D:\wamp\www\ybplant\Application\index\Controller\IndexController.class.php 第 220 行.
SQL: INSERT INTO `chip_data` (`chip_id`,`temp`,`hum_oil`,`hum`,`time`) VALUES ('lib-big','25','41','57','2017-10-25 10:26:46') [ RunTime:0.0237s ]
NOTIC: [8] Use of undefined constant chip_id - assumed 'chip_id' D:\wamp\www\ybplant\Application\index\Controller\IndexController.class.php 第 220 行.
SQL: INSERT INTO `chip_data` (`chip_id`,`temp`,`hum_oil`,`hum`,`time`) VALUES ('lib-big','25','41','57','2017-10-25 10:31:46') [ RunTime:0.0235s ]
NOTIC: [8] Use of undefined constant chip_id - assumed 'chip_id' D:\wamp\www\ybplant\Application\index\Controller\IndexController.class.php 第 220 行.
SQL: INSERT INTO `chip_data` (`chip_id`,`temp`,`hum_oil`,`hum`,`time`) VALUES ('lib-big','25','41','57','2017-10-25 10:36:46') [ RunTime:0.0236s ]
SQL: UPDATE `chip_set` SET `last_connect_time`='1508899006' WHERE ( chip_id = "lib-big" and password = "123"  ) [ RunTime:0.0239s ]
INFO: [ app_end ] --START--
INFO: Run Behavior\ShowPageTraceBehavior [ RunTime:0.002178s ]
INFO: [ app_end ] --END-- [ RunTime:0.002505s ]

[ 2017-10-25T11:37:46+08:00 ] 10.97.43.179 /index.php/index/message_post?chip_id=lib-big&chip_pwd=123&data=[{"t":25,"h_d":41,"h_o":57},{"t":25,"h_d":41,"h_o":56},{"t":25,"h_d":41,"h_o":56},{"t":25,"h_d":41,"h_o":56},{"t":25,"h_d":41,"h_o":56},{"t":25,"h_d":41,"h_o":56},{"t":25,"h_d":41,"h_o":56},{"t":25,"h_d":41,"h_o":56},{"t":25,"h_d":41,"h_o":56},{"t":25,"h_d":40,"h_o":55},{"t":25,"h_d":40,"h_o":55},{"t":25,"h_d":39,"h_o":55}]
INFO: [ app_init ] --START--
INFO: Run Behavior\BuildLiteBehavior [ RunTime:0.000028s ]
INFO: [ app_init ] --END-- [ RunTime:0.000550s ]
INFO: [ app_begin ] --START--
INFO: Run Behavior\ReadHtmlCacheBehavior [ RunTime:0.000759s ]
INFO: [ app_begin ] --END-- [ RunTime:0.000900s ]
NOTIC: [8] Use of undefined constant chip_id - assumed 'chip_id' D:\wamp\www\ybplant\Application\index\Controller\IndexController.class.php 第 187 行.
NOTIC: [8] Use of undefined constant chip_pwd - assumed 'chip_pwd' D:\wamp\www\ybplant\Application\index\Controller\IndexController.class.php 第 187 行.
SQL: SHOW COLUMNS FROM `chip_set` [ RunTime:0.0027s ]
SQL: SELECT * FROM `chip_set` WHERE ( chip_id = "lib-big" and password = "123"  )  [ RunTime:0.0003s ]
NOTIC: [8] Use of undefined constant data - assumed 'data' D:\wamp\www\ybplant\Application\index\Controller\IndexController.class.php 第 213 行.
SQL: SHOW COLUMNS FROM `chip_data` [ RunTime:0.0021s ]
NOTIC: [8] Use of undefined constant chip_id - assumed 'chip_id' D:\wamp\www\ybplant\Application\index\Controller\IndexController.class.php 第 220 行.
SQL: INSERT INTO `chip_data` (`chip_id`,`temp`,`hum_oil`,`hum`,`time`) VALUES ('lib-big','25','41','57','2017-10-25 10:42:46') [ RunTime:0.0295s ]
NOTIC: [8] Use of undefined constant chip_id - assumed 'chip_id' D:\wamp\www\ybplant\Application\index\Controller\IndexController.class.php 第 220 行.
SQL: INSERT INTO `chip_data` (`chip_id`,`temp`,`hum_oil`,`hum`,`time`) VALUES ('lib-big','25','41','56','2017-10-25 10:47:46') [ RunTime:0.0260s ]
NOTIC: [8] Use of undefined constant chip_id - assumed 'chip_id' D:\wamp\www\ybplant\Application\index\Controller\IndexController.class.php 第 220 行.
SQL: INSERT INTO `chip_data` (`chip_id`,`temp`,`hum_oil`,`hum`,`time`) VALUES ('lib-big','25','41','56','2017-10-25 10:52:46') [ RunTime:0.0242s ]
NOTIC: [8] Use of undefined constant chip_id - assumed 'chip_id' D:\wamp\www\ybplant\Application\index\Controller\IndexController.class.php 第 220 行.
SQL: INSERT INTO `chip_data` (`chip_id`,`temp`,`hum_oil`,`hum`,`time`) VALUES ('lib-big','25','41','56','2017-10-25 10:57:46') [ RunTime:0.0243s ]
NOTIC: [8] Use of undefined constant chip_id - assumed 'chip_id' D:\wamp\www\ybplant\Application\index\Controller\IndexController.class.php 第 220 行.
SQL: INSERT INTO `chip_data` (`chip_id`,`temp`,`hum_oil`,`hum`,`time`) VALUES ('lib-big','25','41','56','2017-10-25 11:02:46') [ RunTime:0.0242s ]
NOTIC: [8] Use of undefined constant chip_id - assumed 'chip_id' D:\wamp\www\ybplant\Application\index\Controller\IndexController.class.php 第 220 行.
SQL: INSERT INTO `chip_data` (`chip_id`,`temp`,`hum_oil`,`hum`,`time`) VALUES ('lib-big','25','41','56','2017-10-25 11:07:46') [ RunTime:0.0244s ]
NOTIC: [8] Use of undefined constant chip_id - assumed 'chip_id' D:\wamp\www\ybplant\Application\index\Controller\IndexController.class.php 第 220 行.
SQL: INSERT INTO `chip_data` (`chip_id`,`temp`,`hum_oil`,`hum`,`time`) VALUES ('lib-big','25','41','56','2017-10-25 11:12:46') [ RunTime:0.0243s ]
NOTIC: [8] Use of undefined constant chip_id - assumed 'chip_id' D:\wamp\www\ybplant\Application\index\Controller\IndexController.class.php 第 220 行.
SQL: INSERT INTO `chip_data` (`chip_id`,`temp`,`hum_oil`,`hum`,`time`) VALUES ('lib-big','25','41','56','2017-10-25 11:17:46') [ RunTime:0.0326s ]
NOTIC: [8] Use of undefined constant chip_id - assumed 'chip_id' D:\wamp\www\ybplant\Application\index\Controller\IndexController.class.php 第 220 行.
SQL: INSERT INTO `chip_data` (`chip_id`,`temp`,`hum_oil`,`hum`,`time`) VALUES ('lib-big','25','41','56','2017-10-25 11:22:46') [ RunTime:0.0243s ]
NOTIC: [8] Use of undefined constant chip_id - assumed 'chip_id' D:\wamp\www\ybplant\Application\index\Controller\IndexController.class.php 第 220 行.
SQL: INSERT INTO `chip_data` (`chip_id`,`temp`,`hum_oil`,`hum`,`time`) VALUES ('lib-big','25','40','55','2017-10-25 11:27:46') [ RunTime:0.0242s ]
NOTIC: [8] Use of undefined constant chip_id - assumed 'chip_id' D:\wamp\www\ybplant\Application\index\Controller\IndexController.class.php 第 220 行.
SQL: INSERT INTO `chip_data` (`chip_id`,`temp`,`hum_oil`,`hum`,`time`) VALUES ('lib-big','25','40','55','2017-10-25 11:32:46') [ RunTime:0.0242s ]
NOTIC: [8] Use of undefined constant chip_id - assumed 'chip_id' D:\wamp\www\ybplant\Application\index\Controller\IndexController.class.php 第 220 行.
SQL: INSERT INTO `chip_data` (`chip_id`,`temp`,`hum_oil`,`hum`,`time`) VALUES ('lib-big','25','39','55','2017-10-25 11:37:46') [ RunTime:0.0242s ]
SQL: UPDATE `chip_set` SET `last_connect_time`='1508902666' WHERE ( chip_id = "lib-big" and password = "123"  ) [ RunTime:0.0254s ]
INFO: [ app_end ] --START--
INFO: Run Behavior\ShowPageTraceBehavior [ RunTime:0.000590s ]
INFO: [ app_end ] --END-- [ RunTime:0.000676s ]

[ 2017-10-25T13:07:28+08:00 ] 10.97.43.179 /index.php/index/message_post?chip_id=lib-big&chip_pwd=123&data=[{"t":25,"h_d":40,"h_o":54},{"t":26,"h_d":39,"h_o":54},{"t":26,"h_d":38,"h_o":53},{"t":26,"h_d":38,"h_o":53},{"t":26,"h_d":37,"h_o":53},{"t":26,"h_d":38,"h_o":53},{"t":26,"h_d":38,"h_o":53},{"t":26,"h_d":38,"h_o":53},{"t":26,"h_d":38,"h_o":53},{"t":26,"h_d":38,"h_o":52},{"t":26,"h_d":38,"h_o":52},{"t":26,"h_d":38,"h_o":52}]
INFO: [ app_init ] --START--
INFO: Run Behavior\BuildLiteBehavior [ RunTime:0.000028s ]
INFO: [ app_init ] --END-- [ RunTime:0.000552s ]
INFO: [ app_begin ] --START--
INFO: Run Behavior\ReadHtmlCacheBehavior [ RunTime:0.000771s ]
INFO: [ app_begin ] --END-- [ RunTime:0.000915s ]
NOTIC: [8] Use of undefined constant chip_id - assumed 'chip_id' D:\wamp\www\ybplant\Application\index\Controller\IndexController.class.php 第 187 行.
NOTIC: [8] Use of undefined constant chip_pwd - assumed 'chip_pwd' D:\wamp\www\ybplant\Application\index\Controller\IndexController.class.php 第 187 行.
SQL: SHOW COLUMNS FROM `chip_set` [ RunTime:0.0040s ]
SQL: SELECT * FROM `chip_set` WHERE ( chip_id = "lib-big" and password = "123"  )  [ RunTime:0.0005s ]
NOTIC: [8] Use of undefined constant data - assumed 'data' D:\wamp\www\ybplant\Application\index\Controller\IndexController.class.php 第 213 行.
SQL: SHOW COLUMNS FROM `chip_data` [ RunTime:0.0035s ]
NOTIC: [8] Use of undefined constant chip_id - assumed 'chip_id' D:\wamp\www\ybplant\Application\index\Controller\IndexController.class.php 第 220 行.
SQL: INSERT INTO `chip_data` (`chip_id`,`temp`,`hum_oil`,`hum`,`time`) VALUES ('lib-big','25','40','54','2017-10-25 12:12:28') [ RunTime:0.0270s ]
NOTIC: [8] Use of undefined constant chip_id - assumed 'chip_id' D:\wamp\www\ybplant\Application\index\Controller\IndexController.class.php 第 220 行.
SQL: INSERT INTO `chip_data` (`chip_id`,`temp`,`hum_oil`,`hum`,`time`) VALUES ('lib-big','26','39','54','2017-10-25 12:17:28') [ RunTime:0.0254s ]
NOTIC: [8] Use of undefined constant chip_id - assumed 'chip_id' D:\wamp\www\ybplant\Application\index\Controller\IndexController.class.php 第 220 行.
SQL: INSERT INTO `chip_data` (`chip_id`,`temp`,`hum_oil`,`hum`,`time`) VALUES ('lib-big','26','38','53','2017-10-25 12:22:28') [ RunTime:0.0243s ]
NOTIC: [8] Use of undefined constant chip_id - assumed 'chip_id' D:\wamp\www\ybplant\Application\index\Controller\IndexController.class.php 第 220 行.
SQL: INSERT INTO `chip_data` (`chip_id`,`temp`,`hum_oil`,`hum`,`time`) VALUES ('lib-big','26','38','53','2017-10-25 12:27:28') [ RunTime:0.0243s ]
NOTIC: [8] Use of undefined constant chip_id - assumed 'chip_id' D:\wamp\www\ybplant\Application\index\Controller\IndexController.class.php 第 220 行.
SQL: INSERT INTO `chip_data` (`chip_id`,`temp`,`hum_oil`,`hum`,`time`) VALUES ('lib-big','26','37','53','2017-10-25 12:32:28') [ RunTime:0.0243s ]
NOTIC: [8] Use of undefined constant chip_id - assumed 'chip_id' D:\wamp\www\ybplant\Application\index\Controller\IndexController.class.php 第 220 行.
SQL: INSERT INTO `chip_data` (`chip_id`,`temp`,`hum_oil`,`hum`,`time`) VALUES ('lib-big','26','38','53','2017-10-25 12:37:28') [ RunTime:0.0243s ]
NOTIC: [8] Use of undefined constant chip_id - assumed 'chip_id' D:\wamp\www\ybplant\Application\index\Controller\IndexController.class.php 第 220 行.
SQL: INSERT INTO `chip_data` (`chip_id`,`temp`,`hum_oil`,`hum`,`time`) VALUES ('lib-big','26','38','53','2017-10-25 12:42:28') [ RunTime:0.0243s ]
NOTIC: [8] Use of undefined constant chip_id - assumed 'chip_id' D:\wamp\www\ybplant\Application\index\Controller\IndexController.class.php 第 220 行.
SQL: INSERT INTO `chip_data` (`chip_id`,`temp`,`hum_oil`,`hum`,`time`) VALUES ('lib-big','26','38','53','2017-10-25 12:47:28') [ RunTime:0.0243s ]
NOTIC: [8] Use of undefined constant chip_id - assumed 'chip_id' D:\wamp\www\ybplant\Application\index\Controller\IndexController.class.php 第 220 行.
SQL: INSERT INTO `chip_data` (`chip_id`,`temp`,`hum_oil`,`hum`,`time`) VALUES ('lib-big','26','38','53','2017-10-25 12:52:28') [ RunTime:0.0242s ]
NOTIC: [8] Use of undefined constant chip_id - assumed 'chip_id' D:\wamp\www\ybplant\Application\index\Controller\IndexController.class.php 第 220 行.
SQL: INSERT INTO `chip_data` (`chip_id`,`temp`,`hum_oil`,`hum`,`time`) VALUES ('lib-big','26','38','52','2017-10-25 12:57:28') [ RunTime:0.0244s ]
NOTIC: [8] Use of undefined constant chip_id - assumed 'chip_id' D:\wamp\www\ybplant\Application\index\Controller\IndexController.class.php 第 220 行.
SQL: INSERT INTO `chip_data` (`chip_id`,`temp`,`hum_oil`,`hum`,`time`) VALUES ('lib-big','26','38','52','2017-10-25 13:02:28') [ RunTime:0.0243s ]
NOTIC: [8] Use of undefined constant chip_id - assumed 'chip_id' D:\wamp\www\ybplant\Application\index\Controller\IndexController.class.php 第 220 行.
SQL: INSERT INTO `chip_data` (`chip_id`,`temp`,`hum_oil`,`hum`,`time`) VALUES ('lib-big','26','38','52','2017-10-25 13:07:28') [ RunTime:0.0243s ]
SQL: UPDATE `chip_set` SET `last_connect_time`='1508908048' WHERE ( chip_id = "lib-big" and password = "123"  ) [ RunTime:0.0246s ]
INFO: [ app_end ] --START--
INFO: Run Behavior\ShowPageTraceBehavior [ RunTime:0.002172s ]
INFO: [ app_end ] --END-- [ RunTime:0.002498s ]

[ 2017-10-25T14:08:28+08:00 ] 10.97.43.179 /index.php/index/message_post?chip_id=lib-big&chip_pwd=123&data=[{"t":26,"h_d":38,"h_o":52},{"t":26,"h_d":38,"h_o":52},{"t":26,"h_d":38,"h_o":52},{"t":26,"h_d":38,"h_o":52},{"t":26,"h_d":38,"h_o":52},{"t":26,"h_d":38,"h_o":52},{"t":26,"h_d":38,"h_o":51},{"t":26,"h_d":38,"h_o":51},{"t":26,"h_d":39,"h_o":51},{"t":26,"h_d":39,"h_o":51},{"t":26,"h_d":39,"h_o":51},{"t":26,"h_d":40,"h_o":51}]
INFO: [ app_init ] --START--
INFO: Run Behavior\BuildLiteBehavior [ RunTime:0.000028s ]
INFO: [ app_init ] --END-- [ RunTime:0.000551s ]
INFO: [ app_begin ] --START--
INFO: Run Behavior\ReadHtmlCacheBehavior [ RunTime:0.000770s ]
INFO: [ app_begin ] --END-- [ RunTime:0.000913s ]
NOTIC: [8] Use of undefined constant chip_id - assumed 'chip_id' D:\wamp\www\ybplant\Application\index\Controller\IndexController.class.php 第 187 行.
NOTIC: [8] Use of undefined constant chip_pwd - assumed 'chip_pwd' D:\wamp\www\ybplant\Application\index\Controller\IndexController.class.php 第 187 行.
SQL: SHOW COLUMNS FROM `chip_set` [ RunTime:0.0040s ]
SQL: SELECT * FROM `chip_set` WHERE ( chip_id = "lib-big" and password = "123"  )  [ RunTime:0.0005s ]
NOTIC: [8] Use of undefined constant data - assumed 'data' D:\wamp\www\ybplant\Application\index\Controller\IndexController.class.php 第 213 行.
SQL: SHOW COLUMNS FROM `chip_data` [ RunTime:0.0036s ]
NOTIC: [8] Use of undefined constant chip_id - assumed 'chip_id' D:\wamp\www\ybplant\Application\index\Controller\IndexController.class.php 第 220 行.
SQL: INSERT INTO `chip_data` (`chip_id`,`temp`,`hum_oil`,`hum`,`time`) VALUES ('lib-big','26','38','52','2017-10-25 13:13:28') [ RunTime:0.0473s ]
NOTIC: [8] Use of undefined constant chip_id - assumed 'chip_id' D:\wamp\www\ybplant\Application\index\Controller\IndexController.class.php 第 220 行.
SQL: INSERT INTO `chip_data` (`chip_id`,`temp`,`hum_oil`,`hum`,`time`) VALUES ('lib-big','26','38','52','2017-10-25 13:18:28') [ RunTime:0.0243s ]
NOTIC: [8] Use of undefined constant chip_id - assumed 'chip_id' D:\wamp\www\ybplant\Application\index\Controller\IndexController.class.php 第 220 行.
SQL: INSERT INTO `chip_data` (`chip_id`,`temp`,`hum_oil`,`hum`,`time`) VALUES ('lib-big','26','38','52','2017-10-25 13:23:28') [ RunTime:0.0243s ]
NOTIC: [8] Use of undefined constant chip_id - assumed 'chip_id' D:\wamp\www\ybplant\Application\index\Controller\IndexController.class.php 第 220 行.
SQL: INSERT INTO `chip_data` (`chip_id`,`temp`,`hum_oil`,`hum`,`time`) VALUES ('lib-big','26','38','52','2017-10-25 13:28:28') [ RunTime:0.0243s ]
NOTIC: [8] Use of undefined constant chip_id - assumed 'chip_id' D:\wamp\www\ybplant\Application\index\Controller\IndexController.class.php 第 220 行.
SQL: INSERT INTO `chip_data` (`chip_id`,`temp`,`hum_oil`,`hum`,`time`) VALUES ('lib-big','26','38','52','2017-10-25 13:33:28') [ RunTime:0.0243s ]
NOTIC: [8] Use of undefined constant chip_id - assumed 'chip_id' D:\wamp\www\ybplant\Application\index\Controller\IndexController.class.php 第 220 行.
SQL: INSERT INTO `chip_data` (`chip_id`,`temp`,`hum_oil`,`hum`,`time`) VALUES ('lib-big','26','38','52','2017-10-25 13:38:28') [ RunTime:0.0242s ]
NOTIC: [8] Use of undefined constant chip_id - assumed 'chip_id' D:\wamp\www\ybplant\Application\index\Controller\IndexController.class.php 第 220 行.
SQL: INSERT INTO `chip_data` (`chip_id`,`temp`,`hum_oil`,`hum`,`time`) VALUES ('lib-big','26','38','51','2017-10-25 13:43:28') [ RunTime:0.0243s ]
NOTIC: [8] Use of undefined constant chip_id - assumed 'chip_id' D:\wamp\www\ybplant\Application\index\Controller\IndexController.class.php 第 220 行.
SQL: INSERT INTO `chip_data` (`chip_id`,`temp`,`hum_oil`,`hum`,`time`) VALUES ('lib-big','26','38','51','2017-10-25 13:48:28') [ RunTime:0.0243s ]
NOTIC: [8] Use of undefined constant chip_id - assumed 'chip_id' D:\wamp\www\ybplant\Application\index\Controller\IndexController.class.php 第 220 行.
SQL: INSERT INTO `chip_data` (`chip_id`,`temp`,`hum_oil`,`hum`,`time`) VALUES ('lib-big','26','39','51','2017-10-25 13:53:28') [ RunTime:0.0243s ]
NOTIC: [8] Use of undefined constant chip_id - assumed 'chip_id' D:\wamp\www\ybplant\Application\index\Controller\IndexController.class.php 第 220 行.
SQL: INSERT INTO `chip_data` (`chip_id`,`temp`,`hum_oil`,`hum`,`time`) VALUES ('lib-big','26','39','51','2017-10-25 13:58:28') [ RunTime:0.0243s ]
NOTIC: [8] Use of undefined constant chip_id - assumed 'chip_id' D:\wamp\www\ybplant\Application\index\Controller\IndexController.class.php 第 220 行.
SQL: INSERT INTO `chip_data` (`chip_id`,`temp`,`hum_oil`,`hum`,`time`) VALUES ('lib-big','26','39','51','2017-10-25 14:03:28') [ RunTime:0.0243s ]
NOTIC: [8] Use of undefined constant chip_id - assumed 'chip_id' D:\wamp\www\ybplant\Application\index\Controller\IndexController.class.php 第 220 行.
SQL: INSERT INTO `chip_data` (`chip_id`,`temp`,`hum_oil`,`hum`,`time`) VALUES ('lib-big','26','40','51','2017-10-25 14:08:28') [ RunTime:0.0243s ]
SQL: UPDATE `chip_set` SET `last_connect_time`='1508911708' WHERE ( chip_id = "lib-big" and password = "123"  ) [ RunTime:0.0271s ]
INFO: [ app_end ] --START--
INFO: Run Behavior\ShowPageTraceBehavior [ RunTime:0.002176s ]
INFO: [ app_end ] --END-- [ RunTime:0.002502s ]

[ 2017-10-25T14:45:02+08:00 ] 127.0.0.1 /
INFO: [ app_init ] --START--
INFO: Run Behavior\BuildLiteBehavior [ RunTime:0.000019s ]
INFO: [ app_init ] --END-- [ RunTime:0.000352s ]
INFO: [ app_begin ] --START--
INFO: Run Behavior\ReadHtmlCacheBehavior [ RunTime:0.000459s ]
INFO: [ app_begin ] --END-- [ RunTime:0.000543s ]
INFO: [ view_parse ] --START--
INFO: [ template_filter ] --START--
INFO: Run Behavior\ContentReplaceBehavior [ RunTime:0.000151s ]
INFO: [ template_filter ] --END-- [ RunTime:0.000239s ]
NOTIC: [8] Use of undefined constant index - assumed 'index' D:\wamp\www\ybplant\Application\Runtime\Cache\index\e27ac99aeaa7b8b624c6a9e6029f59fb.php 第 57 行.
NOTIC: [8] Use of undefined constant isuser - assumed 'isuser' D:\wamp\www\ybplant\Application\Runtime\Cache\index\e27ac99aeaa7b8b624c6a9e6029f59fb.php 第 67 行.
NOTIC: [8] Undefined index: isuser D:\wamp\www\ybplant\Application\Runtime\Cache\index\e27ac99aeaa7b8b624c6a9e6029f59fb.php 第 67 行.
NOTIC: [8] Use of undefined constant isuser - assumed 'isuser' D:\wamp\www\ybplant\Application\Runtime\Cache\index\e27ac99aeaa7b8b624c6a9e6029f59fb.php 第 69 行.
NOTIC: [8] Undefined index: isuser D:\wamp\www\ybplant\Application\Runtime\Cache\index\e27ac99aeaa7b8b624c6a9e6029f59fb.php 第 69 行.
INFO: Run Behavior\ParseTemplateBehavior [ RunTime:0.009755s ]
INFO: [ view_parse ] --END-- [ RunTime:0.009829s ]
INFO: [ view_filter ] --START--
INFO: Run Behavior\WriteHtmlCacheBehavior [ RunTime:0.000289s ]
INFO: [ view_filter ] --END-- [ RunTime:0.000354s ]
INFO: [ app_end ] --START--
INFO: Run Behavior\ShowPageTraceBehavior [ RunTime:0.000433s ]
INFO: [ app_end ] --END-- [ RunTime:0.000501s ]

[ 2017-10-25T14:45:05+08:00 ] 127.0.0.1 /index.php/index/login
INFO: [ app_init ] --START--
INFO: Run Behavior\BuildLiteBehavior [ RunTime:0.000032s ]
INFO: [ app_init ] --END-- [ RunTime:0.000526s ]
INFO: [ app_begin ] --START--
INFO: Run Behavior\ReadHtmlCacheBehavior [ RunTime:0.000663s ]
INFO: [ app_begin ] --END-- [ RunTime:0.000804s ]
INFO: [ view_parse ] --START--
INFO: [ template_filter ] --START--
INFO: Run Behavior\ContentReplaceBehavior [ RunTime:0.000080s ]
INFO: [ template_filter ] --END-- [ RunTime:0.000177s ]
NOTIC: [8] Use of undefined constant index - assumed 'index' D:\wamp\www\ybplant\Application\Runtime\Cache\index\134cf5005d9c7336f57f2569ed83887e.php 第 57 行.
NOTIC: [8] Use of undefined constant isuser - assumed 'isuser' D:\wamp\www\ybplant\Application\Runtime\Cache\index\134cf5005d9c7336f57f2569ed83887e.php 第 67 行.
NOTIC: [8] Undefined index: isuser D:\wamp\www\ybplant\Application\Runtime\Cache\index\134cf5005d9c7336f57f2569ed83887e.php 第 67 行.
NOTIC: [8] Use of undefined constant isuser - assumed 'isuser' D:\wamp\www\ybplant\Application\Runtime\Cache\index\134cf5005d9c7336f57f2569ed83887e.php 第 69 行.
NOTIC: [8] Undefined index: isuser D:\wamp\www\ybplant\Application\Runtime\Cache\index\134cf5005d9c7336f57f2569ed83887e.php 第 69 行.
INFO: Run Behavior\ParseTemplateBehavior [ RunTime:0.007410s ]
INFO: [ view_parse ] --END-- [ RunTime:0.007489s ]
INFO: [ view_filter ] --START--
INFO: Run Behavior\WriteHtmlCacheBehavior [ RunTime:0.000199s ]
INFO: [ view_filter ] --END-- [ RunTime:0.000263s ]
INFO: [ app_end ] --START--
INFO: Run Behavior\ShowPageTraceBehavior [ RunTime:0.000510s ]
INFO: [ app_end ] --END-- [ RunTime:0.000619s ]

[ 2017-10-25T14:45:05+08:00 ] 127.0.0.1 /index.php/index/verify_c.html
INFO: [ app_init ] --START--
INFO: Run Behavior\BuildLiteBehavior [ RunTime:0.000027s ]
INFO: [ app_init ] --END-- [ RunTime:0.000312s ]
INFO: [ app_begin ] --START--
INFO: Run Behavior\ReadHtmlCacheBehavior [ RunTime:0.000375s ]
INFO: [ app_begin ] --END-- [ RunTime:0.000451s ]
INFO: [ app_end ] --START--
INFO: Run Behavior\ShowPageTraceBehavior [ RunTime:0.000482s ]
INFO: [ app_end ] --END-- [ RunTime:0.000604s ]

[ 2017-10-25T14:45:41+08:00 ] 127.0.0.1 /index.php/index/doLogin
INFO: [ app_init ] --START--
INFO: Run Behavior\BuildLiteBehavior [ RunTime:0.000035s ]
INFO: [ app_init ] --END-- [ RunTime:0.000604s ]
INFO: [ app_begin ] --START--
INFO: Run Behavior\ReadHtmlCacheBehavior [ RunTime:0.000729s ]
INFO: [ app_begin ] --END-- [ RunTime:0.000891s ]
NOTIC: [8] Use of undefined constant yanzhengma - assumed 'yanzhengma' D:\wamp\www\ybplant\Application\index\Controller\IndexController.class.php 第 79 行.
INFO: [ view_parse ] --START--
INFO: [ template_filter ] --START--
INFO: Run Behavior\ContentReplaceBehavior [ RunTime:0.000064s ]
INFO: [ template_filter ] --END-- [ RunTime:0.000145s ]
NOTIC: [8] Use of undefined constant index - assumed 'index' D:\wamp\www\ybplant\Application\Runtime\Cache\index\e866d82d961820ce3e62a2b25a9479f5.php 第 57 行.
NOTIC: [8] Use of undefined constant isuser - assumed 'isuser' D:\wamp\www\ybplant\Application\Runtime\Cache\index\e866d82d961820ce3e62a2b25a9479f5.php 第 67 行.
NOTIC: [8] Undefined index: isuser D:\wamp\www\ybplant\Application\Runtime\Cache\index\e866d82d961820ce3e62a2b25a9479f5.php 第 67 行.
NOTIC: [8] Use of undefined constant isuser - assumed 'isuser' D:\wamp\www\ybplant\Application\Runtime\Cache\index\e866d82d961820ce3e62a2b25a9479f5.php 第 69 行.
NOTIC: [8] Undefined index: isuser D:\wamp\www\ybplant\Application\Runtime\Cache\index\e866d82d961820ce3e62a2b25a9479f5.php 第 69 行.
INFO: Run Behavior\ParseTemplateBehavior [ RunTime:0.006672s ]
INFO: [ view_parse ] --END-- [ RunTime:0.006744s ]
INFO: [ view_filter ] --START--
INFO: Run Behavior\WriteHtmlCacheBehavior [ RunTime:0.000186s ]
INFO: [ view_filter ] --END-- [ RunTime:0.000251s ]

[ 2017-10-25T14:45:43+08:00 ] 127.0.0.1 /index.php/index/login
INFO: [ app_init ] --START--
INFO: Run Behavior\BuildLiteBehavior [ RunTime:0.000034s ]
INFO: [ app_init ] --END-- [ RunTime:0.000582s ]
INFO: [ app_begin ] --START--
INFO: Run Behavior\ReadHtmlCacheBehavior [ RunTime:0.000734s ]
INFO: [ app_begin ] --END-- [ RunTime:0.000892s ]
INFO: [ view_parse ] --START--
INFO: [ template_filter ] --START--
INFO: Run Behavior\ContentReplaceBehavior [ RunTime:0.000064s ]
INFO: [ template_filter ] --END-- [ RunTime:0.000144s ]
NOTIC: [8] Use of undefined constant index - assumed 'index' D:\wamp\www\ybplant\Application\Runtime\Cache\index\134cf5005d9c7336f57f2569ed83887e.php 第 57 行.
NOTIC: [8] Use of undefined constant isuser - assumed 'isuser' D:\wamp\www\ybplant\Application\Runtime\Cache\index\134cf5005d9c7336f57f2569ed83887e.php 第 67 行.
NOTIC: [8] Undefined index: isuser D:\wamp\www\ybplant\Application\Runtime\Cache\index\134cf5005d9c7336f57f2569ed83887e.php 第 67 行.
NOTIC: [8] Use of undefined constant isuser - assumed 'isuser' D:\wamp\www\ybplant\Application\Runtime\Cache\index\134cf5005d9c7336f57f2569ed83887e.php 第 69 行.
NOTIC: [8] Undefined index: isuser D:\wamp\www\ybplant\Application\Runtime\Cache\index\134cf5005d9c7336f57f2569ed83887e.php 第 69 行.
INFO: Run Behavior\ParseTemplateBehavior [ RunTime:0.006824s ]
INFO: [ view_parse ] --END-- [ RunTime:0.006899s ]
INFO: [ view_filter ] --START--
INFO: Run Behavior\WriteHtmlCacheBehavior [ RunTime:0.000189s ]
INFO: [ view_filter ] --END-- [ RunTime:0.000253s ]
INFO: [ app_end ] --START--
INFO: Run Behavior\ShowPageTraceBehavior [ RunTime:0.000394s ]
INFO: [ app_end ] --END-- [ RunTime:0.000462s ]

[ 2017-10-25T14:45:43+08:00 ] 127.0.0.1 /index.php/index/verify_c.html
INFO: [ app_init ] --START--
INFO: Run Behavior\BuildLiteBehavior [ RunTime:0.000018s ]
INFO: [ app_init ] --END-- [ RunTime:0.000285s ]
INFO: [ app_begin ] --START--
INFO: Run Behavior\ReadHtmlCacheBehavior [ RunTime:0.000353s ]
INFO: [ app_begin ] --END-- [ RunTime:0.000427s ]
INFO: [ app_end ] --START--
INFO: Run Behavior\ShowPageTraceBehavior [ RunTime:0.001007s ]
INFO: [ app_end ] --END-- [ RunTime:0.001185s ]

[ 2017-10-25T14:45:51+08:00 ] 127.0.0.1 /index.php/index/doLogin
INFO: [ app_init ] --START--
INFO: Run Behavior\BuildLiteBehavior [ RunTime:0.000031s ]
INFO: [ app_init ] --END-- [ RunTime:0.000535s ]
INFO: [ app_begin ] --START--
INFO: Run Behavior\ReadHtmlCacheBehavior [ RunTime:0.000634s ]
INFO: [ app_begin ] --END-- [ RunTime:0.000773s ]
NOTIC: [8] Use of undefined constant yanzhengma - assumed 'yanzhengma' D:\wamp\www\ybplant\Application\index\Controller\IndexController.class.php 第 79 行.
NOTIC: [8] Use of undefined constant username - assumed 'username' D:\wamp\www\ybplant\Application\index\Controller\IndexController.class.php 第 82 行.
NOTIC: [8] Use of undefined constant password - assumed 'password' D:\wamp\www\ybplant\Application\index\Controller\IndexController.class.php 第 82 行.
NOTIC: [8] Use of undefined constant username - assumed 'username' D:\wamp\www\ybplant\Application\index\Controller\IndexController.class.php 第 87 行.
NOTIC: [8] Use of undefined constant password - assumed 'password' D:\wamp\www\ybplant\Application\index\Controller\IndexController.class.php 第 88 行.
SQL: SHOW COLUMNS FROM `user` [ RunTime:0.0025s ]
SQL: SELECT * FROM `user` WHERE `username` = 'yibu' AND `password` = '199467' LIMIT 1   [ RunTime:0.0002s ]
NOTIC: [8] Undefined variable: a D:\wamp\www\ybplant\Application\index\Controller\IndexController.class.php 第 99 行.
INFO: [ view_parse ] --START--
INFO: [ template_filter ] --START--
INFO: Run Behavior\ContentReplaceBehavior [ RunTime:0.000067s ]
INFO: [ template_filter ] --END-- [ RunTime:0.000146s ]
NOTIC: [8] Use of undefined constant index - assumed 'index' D:\wamp\www\ybplant\Application\Runtime\Cache\index\e866d82d961820ce3e62a2b25a9479f5.php 第 57 行.
NOTIC: [8] Use of undefined constant isuser - assumed 'isuser' D:\wamp\www\ybplant\Application\Runtime\Cache\index\e866d82d961820ce3e62a2b25a9479f5.php 第 67 行.
NOTIC: [8] Use of undefined constant isuser - assumed 'isuser' D:\wamp\www\ybplant\Application\Runtime\Cache\index\e866d82d961820ce3e62a2b25a9479f5.php 第 69 行.
NOTIC: [8] Use of undefined constant user - assumed 'user' D:\wamp\www\ybplant\Application\Runtime\Cache\index\e866d82d961820ce3e62a2b25a9479f5.php 第 69 行.
NOTIC: [8] Use of undefined constant username - assumed 'username' D:\wamp\www\ybplant\Application\Runtime\Cache\index\e866d82d961820ce3e62a2b25a9479f5.php 第 69 行.
INFO: Run Behavior\ParseTemplateBehavior [ RunTime:0.006850s ]
INFO: [ view_parse ] --END-- [ RunTime:0.006924s ]
INFO: [ view_filter ] --START--
INFO: Run Behavior\WriteHtmlCacheBehavior [ RunTime:0.000202s ]
INFO: [ view_filter ] --END-- [ RunTime:0.000269s ]
INFO: [ app_end ] --START--
INFO: Run Behavior\ShowPageTraceBehavior [ RunTime:0.000490s ]
INFO: [ app_end ] --END-- [ RunTime:0.000567s ]

[ 2017-10-25T15:09:30+08:00 ] 10.97.43.179 /index.php/index/message_post?chip_id=lib-big&chip_pwd=123&data=[{"t":26,"h_d":40,"h_o":51},{"t":26,"h_d":40,"h_o":51},{"t":25,"h_d":39,"h_o":50},{"t":26,"h_d":40,"h_o":51},{"t":25,"h_d":39,"h_o":49},{"t":25,"h_d":39,"h_o":49},{"t":25,"h_d":40,"h_o":49},{"t":25,"h_d":40,"h_o":49},{"t":25,"h_d":40,"h_o":48},{"t":25,"h_d":41,"h_o":49},{"t":25,"h_d":41,"h_o":48},{"t":25,"h_d":42,"h_o":48}]
INFO: [ app_init ] --START--
INFO: Run Behavior\BuildLiteBehavior [ RunTime:0.000028s ]
INFO: [ app_init ] --END-- [ RunTime:0.000550s ]
INFO: [ app_begin ] --START--
INFO: Run Behavior\ReadHtmlCacheBehavior [ RunTime:0.000758s ]
INFO: [ app_begin ] --END-- [ RunTime:0.000891s ]
NOTIC: [8] Use of undefined constant chip_id - assumed 'chip_id' D:\wamp\www\ybplant\Application\index\Controller\IndexController.class.php 第 187 行.
NOTIC: [8] Use of undefined constant chip_pwd - assumed 'chip_pwd' D:\wamp\www\ybplant\Application\index\Controller\IndexController.class.php 第 187 行.
SQL: SHOW COLUMNS FROM `chip_set` [ RunTime:0.0026s ]
SQL: SELECT * FROM `chip_set` WHERE ( chip_id = "lib-big" and password = "123"  )  [ RunTime:0.0003s ]
NOTIC: [8] Use of undefined constant data - assumed 'data' D:\wamp\www\ybplant\Application\index\Controller\IndexController.class.php 第 213 行.
SQL: SHOW COLUMNS FROM `chip_data` [ RunTime:0.0360s ]
NOTIC: [8] Use of undefined constant chip_id - assumed 'chip_id' D:\wamp\www\ybplant\Application\index\Controller\IndexController.class.php 第 220 行.
SQL: INSERT INTO `chip_data` (`chip_id`,`temp`,`hum_oil`,`hum`,`time`) VALUES ('lib-big','26','40','51','2017-10-25 14:14:29') [ RunTime:0.0406s ]
NOTIC: [8] Use of undefined constant chip_id - assumed 'chip_id' D:\wamp\www\ybplant\Application\index\Controller\IndexController.class.php 第 220 行.
SQL: INSERT INTO `chip_data` (`chip_id`,`temp`,`hum_oil`,`hum`,`time`) VALUES ('lib-big','26','40','51','2017-10-25 14:19:29') [ RunTime:0.0228s ]
NOTIC: [8] Use of undefined constant chip_id - assumed 'chip_id' D:\wamp\www\ybplant\Application\index\Controller\IndexController.class.php 第 220 行.
SQL: INSERT INTO `chip_data` (`chip_id`,`temp`,`hum_oil`,`hum`,`time`) VALUES ('lib-big','25','39','50','2017-10-25 14:24:29') [ RunTime:0.0326s ]
NOTIC: [8] Use of undefined constant chip_id - assumed 'chip_id' D:\wamp\www\ybplant\Application\index\Controller\IndexController.class.php 第 220 行.
SQL: INSERT INTO `chip_data` (`chip_id`,`temp`,`hum_oil`,`hum`,`time`) VALUES ('lib-big','26','40','51','2017-10-25 14:29:29') [ RunTime:0.0243s ]
NOTIC: [8] Use of undefined constant chip_id - assumed 'chip_id' D:\wamp\www\ybplant\Application\index\Controller\IndexController.class.php 第 220 行.
SQL: INSERT INTO `chip_data` (`chip_id`,`temp`,`hum_oil`,`hum`,`time`) VALUES ('lib-big','25','39','49','2017-10-25 14:34:29') [ RunTime:0.0243s ]
NOTIC: [8] Use of undefined constant chip_id - assumed 'chip_id' D:\wamp\www\ybplant\Application\index\Controller\IndexController.class.php 第 220 行.
SQL: INSERT INTO `chip_data` (`chip_id`,`temp`,`hum_oil`,`hum`,`time`) VALUES ('lib-big','25','39','49','2017-10-25 14:39:29') [ RunTime:0.0242s ]
NOTIC: [8] Use of undefined constant chip_id - assumed 'chip_id' D:\wamp\www\ybplant\Application\index\Controller\IndexController.class.php 第 220 行.
SQL: INSERT INTO `chip_data` (`chip_id`,`temp`,`hum_oil`,`hum`,`time`) VALUES ('lib-big','25','40','49','2017-10-25 14:44:29') [ RunTime:0.0243s ]
NOTIC: [8] Use of undefined constant chip_id - assumed 'chip_id' D:\wamp\www\ybplant\Application\index\Controller\IndexController.class.php 第 220 行.
SQL: INSERT INTO `chip_data` (`chip_id`,`temp`,`hum_oil`,`hum`,`time`) VALUES ('lib-big','25','40','49','2017-10-25 14:49:29') [ RunTime:0.0243s ]
NOTIC: [8] Use of undefined constant chip_id - assumed 'chip_id' D:\wamp\www\ybplant\Application\index\Controller\IndexController.class.php 第 220 行.
SQL: INSERT INTO `chip_data` (`chip_id`,`temp`,`hum_oil`,`hum`,`time`) VALUES ('lib-big','25','40','48','2017-10-25 14:54:29') [ RunTime:0.0266s ]
NOTIC: [8] Use of undefined constant chip_id - assumed 'chip_id' D:\wamp\www\ybplant\Application\index\Controller\IndexController.class.php 第 220 行.
SQL: INSERT INTO `chip_data` (`chip_id`,`temp`,`hum_oil`,`hum`,`time`) VALUES ('lib-big','25','41','49','2017-10-25 14:59:29') [ RunTime:0.0301s ]
NOTIC: [8] Use of undefined constant chip_id - assumed 'chip_id' D:\wamp\www\ybplant\Application\index\Controller\IndexController.class.php 第 220 行.
SQL: INSERT INTO `chip_data` (`chip_id`,`temp`,`hum_oil`,`hum`,`time`) VALUES ('lib-big','25','41','48','2017-10-25 15:04:30') [ RunTime:0.0243s ]
NOTIC: [8] Use of undefined constant chip_id - assumed 'chip_id' D:\wamp\www\ybplant\Application\index\Controller\IndexController.class.php 第 220 行.
SQL: INSERT INTO `chip_data` (`chip_id`,`temp`,`hum_oil`,`hum`,`time`) VALUES ('lib-big','25','42','48','2017-10-25 15:09:30') [ RunTime:0.0252s ]
SQL: UPDATE `chip_set` SET `last_connect_time`='1508915370' WHERE ( chip_id = "lib-big" and password = "123"  ) [ RunTime:0.0671s ]
INFO: [ app_end ] --START--
INFO: Run Behavior\ShowPageTraceBehavior [ RunTime:0.002191s ]
INFO: [ app_end ] --END-- [ RunTime:0.002517s ]

[ 2017-10-25T16:10:29+08:00 ] 10.97.43.179 /index.php/index/message_post?chip_id=lib-big&chip_pwd=123&data=[{"t":25,"h_d":42,"h_o":48},{"t":25,"h_d":42,"h_o":48},{"t":25,"h_d":42,"h_o":48},{"t":25,"h_d":42,"h_o":48},{"t":25,"h_d":42,"h_o":48},{"t":24,"h_d":42,"h_o":48},{"t":24,"h_d":43,"h_o":48},{"t":25,"h_d":42,"h_o":48},{"t":24,"h_d":42,"h_o":47},{"t":24,"h_d":43,"h_o":47},{"t":24,"h_d":43,"h_o":47},{"t":24,"h_d":43,"h_o":47}]
INFO: [ app_init ] --START--
INFO: Run Behavior\BuildLiteBehavior [ RunTime:0.000032s ]
INFO: [ app_init ] --END-- [ RunTime:0.000638s ]
INFO: [ app_begin ] --START--
INFO: Run Behavior\ReadHtmlCacheBehavior [ RunTime:0.000889s ]
INFO: [ app_begin ] --END-- [ RunTime:0.001045s ]
NOTIC: [8] Use of undefined constant chip_id - assumed 'chip_id' D:\wamp\www\ybplant\Application\index\Controller\IndexController.class.php 第 187 行.
NOTIC: [8] Use of undefined constant chip_pwd - assumed 'chip_pwd' D:\wamp\www\ybplant\Application\index\Controller\IndexController.class.php 第 187 行.
SQL: SHOW COLUMNS FROM `chip_set` [ RunTime:0.0026s ]
SQL: SELECT * FROM `chip_set` WHERE ( chip_id = "lib-big" and password = "123"  )  [ RunTime:0.0003s ]
NOTIC: [8] Use of undefined constant data - assumed 'data' D:\wamp\www\ybplant\Application\index\Controller\IndexController.class.php 第 213 行.
SQL: SHOW COLUMNS FROM `chip_data` [ RunTime:0.0023s ]
NOTIC: [8] Use of undefined constant chip_id - assumed 'chip_id' D:\wamp\www\ybplant\Application\index\Controller\IndexController.class.php 第 220 行.
SQL: INSERT INTO `chip_data` (`chip_id`,`temp`,`hum_oil`,`hum`,`time`) VALUES ('lib-big','25','42','48','2017-10-25 15:15:29') [ RunTime:0.0268s ]
NOTIC: [8] Use of undefined constant chip_id - assumed 'chip_id' D:\wamp\www\ybplant\Application\index\Controller\IndexController.class.php 第 220 行.
SQL: INSERT INTO `chip_data` (`chip_id`,`temp`,`hum_oil`,`hum`,`time`) VALUES ('lib-big','25','42','48','2017-10-25 15:20:29') [ RunTime:0.0258s ]
NOTIC: [8] Use of undefined constant chip_id - assumed 'chip_id' D:\wamp\www\ybplant\Application\index\Controller\IndexController.class.php 第 220 行.
SQL: INSERT INTO `chip_data` (`chip_id`,`temp`,`hum_oil`,`hum`,`time`) VALUES ('lib-big','25','42','48','2017-10-25 15:25:29') [ RunTime:0.0246s ]
NOTIC: [8] Use of undefined constant chip_id - assumed 'chip_id' D:\wamp\www\ybplant\Application\index\Controller\IndexController.class.php 第 220 行.
SQL: INSERT INTO `chip_data` (`chip_id`,`temp`,`hum_oil`,`hum`,`time`) VALUES ('lib-big','25','42','48','2017-10-25 15:30:29') [ RunTime:0.0829s ]
NOTIC: [8] Use of undefined constant chip_id - assumed 'chip_id' D:\wamp\www\ybplant\Application\index\Controller\IndexController.class.php 第 220 行.
SQL: INSERT INTO `chip_data` (`chip_id`,`temp`,`hum_oil`,`hum`,`time`) VALUES ('lib-big','25','42','48','2017-10-25 15:35:29') [ RunTime:0.0432s ]
NOTIC: [8] Use of undefined constant chip_id - assumed 'chip_id' D:\wamp\www\ybplant\Application\index\Controller\IndexController.class.php 第 220 行.
SQL: INSERT INTO `chip_data` (`chip_id`,`temp`,`hum_oil`,`hum`,`time`) VALUES ('lib-big','24','42','48','2017-10-25 15:40:29') [ RunTime:0.0242s ]
NOTIC: [8] Use of undefined constant chip_id - assumed 'chip_id' D:\wamp\www\ybplant\Application\index\Controller\IndexController.class.php 第 220 行.
SQL: INSERT INTO `chip_data` (`chip_id`,`temp`,`hum_oil`,`hum`,`time`) VALUES ('lib-big','24','43','48','2017-10-25 15:45:29') [ RunTime:0.0243s ]
NOTIC: [8] Use of undefined constant chip_id - assumed 'chip_id' D:\wamp\www\ybplant\Application\index\Controller\IndexController.class.php 第 220 行.
SQL: INSERT INTO `chip_data` (`chip_id`,`temp`,`hum_oil`,`hum`,`time`) VALUES ('lib-big','25','42','48','2017-10-25 15:50:29') [ RunTime:0.0243s ]
NOTIC: [8] Use of undefined constant chip_id - assumed 'chip_id' D:\wamp\www\ybplant\Application\index\Controller\IndexController.class.php 第 220 行.
SQL: INSERT INTO `chip_data` (`chip_id`,`temp`,`hum_oil`,`hum`,`time`) VALUES ('lib-big','24','42','47','2017-10-25 15:55:29') [ RunTime:0.0362s ]
NOTIC: [8] Use of undefined constant chip_id - assumed 'chip_id' D:\wamp\www\ybplant\Application\index\Controller\IndexController.class.php 第 220 行.
SQL: INSERT INTO `chip_data` (`chip_id`,`temp`,`hum_oil`,`hum`,`time`) VALUES ('lib-big','24','43','47','2017-10-25 16:00:29') [ RunTime:0.0290s ]
NOTIC: [8] Use of undefined constant chip_id - assumed 'chip_id' D:\wamp\www\ybplant\Application\index\Controller\IndexController.class.php 第 220 行.
SQL: INSERT INTO `chip_data` (`chip_id`,`temp`,`hum_oil`,`hum`,`time`) VALUES ('lib-big','24','43','47','2017-10-25 16:05:29') [ RunTime:0.0243s ]
NOTIC: [8] Use of undefined constant chip_id - assumed 'chip_id' D:\wamp\www\ybplant\Application\index\Controller\IndexController.class.php 第 220 行.
SQL: INSERT INTO `chip_data` (`chip_id`,`temp`,`hum_oil`,`hum`,`time`) VALUES ('lib-big','24','43','47','2017-10-25 16:10:29') [ RunTime:0.0243s ]
SQL: UPDATE `chip_set` SET `last_connect_time`='1508919029' WHERE ( chip_id = "lib-big" and password = "123"  ) [ RunTime:0.0246s ]
INFO: [ app_end ] --START--
INFO: Run Behavior\ShowPageTraceBehavior [ RunTime:0.002169s ]
INFO: [ app_end ] --END-- [ RunTime:0.002493s ]

